#
# A fatal error has been detected by the Java Runtime Environment:
#
#  EXCEPTION_ACCESS_VIOLATION (0xc0000005) at pc=0x00007ff847672745, pid=10492, tid=12948
#
# JRE version: OpenJDK Runtime Environment (11.0.2+9) (build 11.0.2+9)
# Java VM: OpenJDK 64-Bit Server VM (11.0.2+9, mixed mode, tiered, compressed oops, g1 gc, windows-amd64)
# Problematic frame:
# C  [librdi_common.dll+0x192745]
#
# No core dump will be written. Minidumps are not enabled by default on client versions of Windows
#
# If you would like to submit a bug report, please visit:
#   http://bugreport.java.com/bugreport/crash.jsp
# The crash happened outside the Java Virtual Machine in native code.
# See problematic frame for where to report the bug.
#

---------------  S U M M A R Y ------------

Command Line: -Dsun.java2d.pmoffscreen=false -Dhttps.protocols=TLSv1,TLSv1.1,TLSv1.2 -Dsun.java2d.xrender=false -Dsun.java2d.d3d=false -Dsun.awt.nopixfmt=true -Dsun.java2d.dpiaware=true -Dsun.java2d.uiScale.enabled=false -Xverify:none -Dswing.aatext=true -XX:-UsePerfData -Djdk.map.althashing.threshold=512 -XX:StringTableSize=4072 --add-opens=java.base/java.nio=ALL-UNNAMED --add-opens=java.desktop/sun.swing=ALL-UNNAMED --add-opens=java.desktop/javax.swing=ALL-UNNAMED --add-opens=java.desktop/javax.swing.tree=ALL-UNNAMED --add-opens=java.desktop/javax.swing.plaf.basic=ALL-UNNAMED --add-opens=java.desktop/javax.swing.plaf.synth=ALL-UNNAMED --add-opens=java.desktop/com.sun.awt=ALL-UNNAMED -XX:NewSize=60m -XX:MaxNewSize=60m -Xms128m -Xmx3072m -Xss5m 

Host: Intel(R) Core(TM) i7-7700HQ CPU @ 2.80GHz, 8 cores, 15G,  Windows 10 , 64 bit Build 19041 (10.0.19041.1023)
Time: Fri Jul 23 22:45:55 2021 Central Daylight Time elapsed time: 53876 seconds (0d 14h 57m 56s)

---------------  T H R E A D  ---------------

Current thread (0x000001e75d88c000):  JavaThread "AWT-EventQueue-0" [_thread_in_native, id=12948, stack(0x000000bf0e100000,0x000000bf0e600000)]

Stack: [0x000000bf0e100000,0x000000bf0e600000],  sp=0x000000bf0e5fb010,  free space=5100k
Native frames: (J=compiled Java code, j=interpreted, Vv=VM code, C=native code)
C  [librdi_common.dll+0x192745]
C  [librdi_common.dll+0x187998]
C  [librdi_common.dll+0x15073d]
C  0x00007ff82e383750
C  0x00007ff82e407ebd
C  0x00007ff82e4100ab
C  0x00007ff82e3e159a
C  0x00007ff82e41ea98
C  0x000001e74a5c322d

Java frames: (J=compiled Java code, j=interpreted, Vv=VM code)
J 18483  ui.views.waveform.waveformi.WVExecutive_getTooltipTextDelayed(J)Ljava/lang/String; (0 bytes) @ 0x000001e74a5c3191 [0x000001e74a5c3140+0x0000000000000051]
J 21864 c2 ui.views.waveform.b.a.mouseMoved(Ljava/awt/event/MouseEvent;)V (32 bytes) @ 0x000001e74b1441c0 [0x000001e74b144020+0x00000000000001a0]
J 18709 c2 java.awt.AWTEventMulticaster.mouseMoved(Ljava/awt/event/MouseEvent;)V java.desktop@11.0.2 (27 bytes) @ 0x000001e74a7d4af4 [0x000001e74a7d4a40+0x00000000000000b4]
J 18709 c2 java.awt.AWTEventMulticaster.mouseMoved(Ljava/awt/event/MouseEvent;)V java.desktop@11.0.2 (27 bytes) @ 0x000001e74a7d4ab4 [0x000001e74a7d4a40+0x0000000000000074]
J 21853 c2 ui.frmwork.b.j.processMouseMotionEvent(Ljava/awt/event/MouseEvent;)V (131 bytes) @ 0x000001e74b12cd80 [0x000001e74b12ca60+0x0000000000000320]
J 23711 c2 java.awt.Container.processEvent(Ljava/awt/AWTEvent;)V java.desktop@11.0.2 (22 bytes) @ 0x000001e74a6513c4 [0x000001e74a651240+0x0000000000000184]
J 24300 c1 java.awt.Component.dispatchEventImpl(Ljava/awt/AWTEvent;)V java.desktop@11.0.2 (777 bytes) @ 0x000001e744aefc6c [0x000001e744aebaa0+0x00000000000041cc]
J 23096 c2 java.awt.Container.dispatchEventImpl(Ljava/awt/AWTEvent;)V java.desktop@11.0.2 (129 bytes) @ 0x000001e74a325518 [0x000001e74a3254c0+0x0000000000000058]
J 22572 c2 java.awt.LightweightDispatcher.retargetMouseEvent(Ljava/awt/Component;ILjava/awt/event/MouseEvent;)V java.desktop@11.0.2 (372 bytes) @ 0x000001e74b274164 [0x000001e74b273bc0+0x00000000000005a4]
J 21792 c2 java.awt.LightweightDispatcher.processMouseEvent(Ljava/awt/event/MouseEvent;)Z java.desktop@11.0.2 (265 bytes) @ 0x000001e74b116dc4 [0x000001e74b1167c0+0x0000000000000604]
J 23096 c2 java.awt.Container.dispatchEventImpl(Ljava/awt/AWTEvent;)V java.desktop@11.0.2 (129 bytes) @ 0x000001e74a325944 [0x000001e74a3254c0+0x0000000000000484]
J 20146 c2 java.awt.Window.dispatchEventImpl(Ljava/awt/AWTEvent;)V java.desktop@11.0.2 (23 bytes) @ 0x000001e74aeafb0c [0x000001e74aeafac0+0x000000000000004c]
J 14245 c2 java.awt.EventQueue$4.run()Ljava/lang/Object; java.desktop@11.0.2 (5 bytes) @ 0x000001e74a8cd1ac [0x000001e74a8cd060+0x000000000000014c]
v  ~StubRoutines::call_stub
J 3698  java.security.AccessController.doPrivileged(Ljava/security/PrivilegedAction;Ljava/security/AccessControlContext;)Ljava/lang/Object; java.base@11.0.2 (0 bytes) @ 0x000001e749f41536 [0x000001e749f414c0+0x0000000000000076]
J 18628 c2 java.awt.EventQueue$5.run()Ljava/lang/Object; java.desktop@11.0.2 (5 bytes) @ 0x000001e74a776cf4 [0x000001e74a776a80+0x0000000000000274]
v  ~StubRoutines::call_stub
J 3698  java.security.AccessController.doPrivileged(Ljava/security/PrivilegedAction;Ljava/security/AccessControlContext;)Ljava/lang/Object; java.base@11.0.2 (0 bytes) @ 0x000001e749f41536 [0x000001e749f414c0+0x0000000000000076]
J 14196 c2 java.awt.EventQueue.dispatchEvent(Ljava/awt/AWTEvent;)V java.desktop@11.0.2 (80 bytes) @ 0x000001e74a8be168 [0x000001e74a8bddc0+0x00000000000003a8]
J 22649 c2 ui.frmwork.a.d.dispatchEvent(Ljava/awt/AWTEvent;)V (42 bytes) @ 0x000001e74b299314 [0x000001e74b2992a0+0x0000000000000074]
J 19194% c2 java.awt.EventDispatchThread.pumpEventsForFilter(ILjava/awt/Conditional;Ljava/awt/EventFilter;)V java.desktop@11.0.2 (47 bytes) @ 0x000001e74aa4a784 [0x000001e74aa4a5c0+0x00000000000001c4]
j  java.awt.EventDispatchThread.pumpEventsForHierarchy(ILjava/awt/Conditional;Ljava/awt/Component;)V+11 java.desktop@11.0.2
j  java.awt.EventDispatchThread.pumpEvents(ILjava/awt/Conditional;)V+4 java.desktop@11.0.2
j  java.awt.EventDispatchThread.pumpEvents(Ljava/awt/Conditional;)V+3 java.desktop@11.0.2
j  java.awt.EventDispatchThread.run()V+9 java.desktop@11.0.2
v  ~StubRoutines::call_stub

siginfo: EXCEPTION_ACCESS_VIOLATION (0xc0000005), reading address 0xffffffffffffffff


Register to memory mapping:

RIP=0x00007ff847672745 librdi_common.dll
RAX=0x000001e72ffcfb01 points into unknown readable memory: 6f 75 6c 64 6e 27 74
RBX=0x900539e7d926cfbe is an unknown value
RCX=0x000001e72ffcfb70 points into unknown readable memory: c0 6f 00 30 e7 01 00 00
RDX=0x900539e7d926cfbe is an unknown value
RSP=0x000000bf0e5fb010 is pointing into the stack for thread: 0x000001e75d88c000
RBP=0x000000bf0e5fb140 is pointing into the stack for thread: 0x000001e75d88c000
RSI=0x000001e762c4d1a0 points into unknown readable memory: b8 e1 5c 2e f8 7f 00 00
RDI=0x000000bf0e5fb3d8 is pointing into the stack for thread: 0x000001e75d88c000
R8 =0x000000bf0e5fb258 is pointing into the stack for thread: 0x000001e75d88c000
R9 =0x0 is NULL
R10=0x00007ff8998b0000 VCRUNTIME140.dll
R11=0x8000000000000401 is an unknown value
R12=0x0 is NULL
R13=0x000000bf0e5fb258 is pointing into the stack for thread: 0x000001e75d88c000
R14=0x000001e72e533c10 points into unknown readable memory: 40 ee 57 2e e7 01 00 00
R15=0x900539e7d926cfbe is an unknown value


Registers:
RAX=0x000001e72ffcfb01, RBX=0x900539e7d926cfbe, RCX=0x000001e72ffcfb70, RDX=0x900539e7d926cfbe
RSP=0x000000bf0e5fb010, RBP=0x000000bf0e5fb140, RSI=0x000001e762c4d1a0, RDI=0x000000bf0e5fb3d8
R8 =0x000000bf0e5fb258, R9 =0x0000000000000000, R10=0x00007ff8998b0000, R11=0x8000000000000401
R12=0x0000000000000000, R13=0x000000bf0e5fb258, R14=0x000001e72e533c10, R15=0x900539e7d926cfbe
RIP=0x00007ff847672745, EFLAGS=0x0000000000010202

Top of Stack: (sp=0x000000bf0e5fb010)
0x000000bf0e5fb010:   00000000000000a8 00007ff800000000
0x000000bf0e5fb020:   000000bf0e5fb2a0 900539e7d926cfbe
0x000000bf0e5fb030:   900539e7d926cfbe 00007ff847667998
0x000000bf0e5fb040:   0000000000000000 0000000000000000
0x000000bf0e5fb050:   0000000000000000 000001e75cb97468
0x000000bf0e5fb060:   0000000000000000 00007ff8b5f7fde6
0x000000bf0e5fb070:   0000000000000000 0000000000000018
0x000000bf0e5fb080:   000000bf0e5fb1cb 000001e75cb97418
0x000000bf0e5fb090:   00007ff848592e20 00007ff899832cf7
0x000000bf0e5fb0a0:   0000000000000000 00007ff82e3a3712
0x000000bf0e5fb0b0:   0000000000000000 fffffffffffffffe
0x000000bf0e5fb0c0:   0000000000000000 00007ff899832f5f
0x000000bf0e5fb0d0:   000051aae2d18e01 00007ff899832e98
0x000000bf0e5fb0e0:   000001e75be3d000 000001e75cb973d0
0x000000bf0e5fb0f0:   000001e75cb973d0 00007ff8476d24ce
0x000000bf0e5fb100:   000001e75cb97468 00007ff8476d1908 

Instructions: (pc=0x00007ff847672745)
0x00007ff847672725:   20 48 8b d9 e8 b2 cc 04 00 48 8b c8 48 8b d3 e8
0x00007ff847672735:   27 0f 05 00 84 c0 75 08 33 c0 48 83 c4 20 5b c3
0x00007ff847672745:   48 8b 4b 50 48 85 c9 74 0a 48 83 c4 20 5b e9 28
0x00007ff847672755:   e9 04 00 48 8b d3 48 8d 0d 66 6a 8f 00 e8 f9 c7 


Stack slot to memory mapping:
stack at sp + 0 slots: 0x00000000000000a8 is an unknown value
stack at sp + 1 slots: 0x00007ff800000000 is an unknown value
stack at sp + 2 slots: 0x000000bf0e5fb2a0 is pointing into the stack for thread: 0x000001e75d88c000
stack at sp + 3 slots: 0x900539e7d926cfbe is an unknown value
stack at sp + 4 slots: 0x900539e7d926cfbe is an unknown value
stack at sp + 5 slots: 0x00007ff847667998 librdi_common.dll
stack at sp + 6 slots: 0x0 is NULL
stack at sp + 7 slots: 0x0 is NULL


---------------  P R O C E S S  ---------------

Threads class SMR info:
_java_thread_list=0x000001e76c3f8840, length=39, elements={
0x000001e76928f800, 0x000001e767036000, 0x000001e766377000, 0x000001e76991c000,
0x000001e769974800, 0x000001e769975800, 0x000001e739006000, 0x000001e733fea000,
0x000001e738703000, 0x000001e73853a000, 0x000001e75968f800, 0x000001e7596db800,
0x000001e759ee5800, 0x000001e739bd2800, 0x000001e75d88c000, 0x000001e75da92800,
0x000001e759609800, 0x000001e75ded2000, 0x000001e75dc39000, 0x000001e75dc3a800,
0x000001e76094f800, 0x000001e760956000, 0x000001e760950800, 0x000001e760953000,
0x000001e760951000, 0x000001e760957800, 0x000001e760952000, 0x000001e760959800,
0x000001e760953800, 0x000001e760958800, 0x000001e76095a000, 0x000001e76095b000,
0x000001e76095c000, 0x000001e75dc39800, 0x000001e762640800, 0x000001e762645000,
0x000001e762643000, 0x000001e762641000, 0x000001e762642000
}

Java Threads: ( => current thread )
  0x000001e76928f800 JavaThread "main" [_thread_blocked, id=4576, stack(0x000000bf08300000,0x000000bf08400000)]
  0x000001e767036000 JavaThread "Reference Handler" daemon [_thread_blocked, id=9948, stack(0x000000bf0a100000,0x000000bf0a600000)]
  0x000001e766377000 JavaThread "Finalizer" daemon [_thread_blocked, id=1776, stack(0x000000bf0a600000,0x000000bf0ab00000)]
  0x000001e76991c000 JavaThread "Signal Dispatcher" daemon [_thread_blocked, id=19888, stack(0x000000bf0ab00000,0x000000bf0b000000)]
  0x000001e769974800 JavaThread "Attach Listener" daemon [_thread_blocked, id=19876, stack(0x000000bf0b000000,0x000000bf0b500000)]
  0x000001e769975800 JavaThread "C2 CompilerThread0" daemon [_thread_blocked, id=10716, stack(0x000000bf0b500000,0x000000bf0b600000)]
  0x000001e739006000 JavaThread "C1 CompilerThread0" daemon [_thread_blocked, id=13044, stack(0x000000bf0b600000,0x000000bf0b700000)]
  0x000001e733fea000 JavaThread "Sweeper thread" daemon [_thread_blocked, id=14672, stack(0x000000bf0b700000,0x000000bf0bc00000)]
  0x000001e738703000 JavaThread "Common-Cleaner" daemon [_thread_blocked, id=10608, stack(0x000000bf0bd00000,0x000000bf0c200000)]
  0x000001e73853a000 JavaThread "Service Thread" daemon [_thread_blocked, id=19008, stack(0x000000bf0c200000,0x000000bf0c700000)]
  0x000001e75968f800 JavaThread "Java2D Disposer" daemon [_thread_blocked, id=17924, stack(0x000000bf0c800000,0x000000bf0cd00000)]
  0x000001e7596db800 JavaThread "AWT-Windows" daemon [_thread_in_native, id=14872, stack(0x000000bf0d200000,0x000000bf0d700000)]
  0x000001e759ee5800 JavaThread "TimerQueue" daemon [_thread_blocked, id=14624, stack(0x000000bf0cd00000,0x000000bf0d200000)]
  0x000001e739bd2800 JavaThread "AWT-Shutdown" [_thread_blocked, id=13208, stack(0x000000bf0dc00000,0x000000bf0e100000)]
=>0x000001e75d88c000 JavaThread "AWT-EventQueue-0" [_thread_in_native, id=12948, stack(0x000000bf0e100000,0x000000bf0e600000)]
  0x000001e75da92800 JavaThread "Thread-1" [_thread_in_native, id=9536, stack(0x000000bf08400000,0x000000bf09800000)]
  0x000001e759609800 JavaThread "Process Messages Thread" [_thread_blocked, id=1184, stack(0x000000bf0eb00000,0x000000bf0f000000)]
  0x000001e75ded2000 JavaThread "Batik CleanerThread" daemon [_thread_blocked, id=14512, stack(0x000000bf0f800000,0x000000bf0fd00000)]
  0x000001e75dc39000 JavaThread "SyntheticaCleanerThread" daemon [_thread_blocked, id=3920, stack(0x000000bf10200000,0x000000bf10700000)]
  0x000001e75dc3a800 JavaThread "SyntheticaAnimation 50" daemon [_thread_blocked, id=7320, stack(0x000000bf11100000,0x000000bf11600000)]
  0x000001e76094f800 JavaThread "SyntheticaAnimation 25" daemon [_thread_blocked, id=7516, stack(0x000000bf0fd00000,0x000000bf10200000)]
  0x000001e760956000 JavaThread "SyntheticaAnimation 70" daemon [_thread_blocked, id=16460, stack(0x000000bf10c00000,0x000000bf11100000)]
  0x000001e760950800 JavaThread "Refresh Filesets Swing Worker Thread" [_thread_blocked, id=11036, stack(0x000000bf11600000,0x000000bf11b00000)]
  0x000001e760953000 JavaThread "hw_ila_monitor" [_thread_blocked, id=6720, stack(0x000000bf11b00000,0x000000bf12000000)]
  0x000001e760951000 JavaThread "pool-2-thread-1" [_thread_blocked, id=13504, stack(0x000000bf12500000,0x000000bf12a00000)]
  0x000001e760957800 JavaThread "pool-3-thread-1" [_thread_blocked, id=13936, stack(0x000000bf12a00000,0x000000bf12f00000)]
  0x000001e760952000 JavaThread "pool-4-thread-1" [_thread_blocked, id=10916, stack(0x000000bf12f00000,0x000000bf13400000)]
  0x000001e760959800 JavaThread "pool-5-thread-1" [_thread_blocked, id=6712, stack(0x000000bf13400000,0x000000bf13900000)]
  0x000001e760953800 JavaThread "pool-6-thread-1" [_thread_blocked, id=5436, stack(0x000000bf13900000,0x000000bf13e00000)]
  0x000001e760958800 JavaThread "pool-7-thread-1" [_thread_blocked, id=14664, stack(0x000000bf13e00000,0x000000bf14300000)]
  0x000001e76095a000 JavaThread "pool-8-thread-1" [_thread_blocked, id=16428, stack(0x000000bf14300000,0x000000bf14800000)]
  0x000001e76095b000 JavaThread "pool-9-thread-1" [_thread_blocked, id=16152, stack(0x000000bf14800000,0x000000bf14d00000)]
  0x000001e76095c000 JavaThread "pool-10-thread-1" [_thread_blocked, id=12296, stack(0x000000bf14d00000,0x000000bf15200000)]
  0x000001e75dc39800 JavaThread "Update Runs Swing Worker Thread" [_thread_blocked, id=20292, stack(0x000000bf15c00000,0x000000bf16100000)]
  0x000001e762640800 JavaThread "SyntheticaAnimation 50" daemon [_thread_blocked, id=8016, stack(0x000000bf15200000,0x000000bf15700000)]
  0x000001e762645000 JavaThread "SyntheticaAnimation 50" daemon [_thread_blocked, id=18448, stack(0x000000bf12000000,0x000000bf12500000)]
  0x000001e762643000 JavaThread "Image Animator 3" daemon [_thread_blocked, id=18240, stack(0x000000bf15700000,0x000000bf15c00000)]
  0x000001e762641000 JavaThread "Relaunch Simulation Thread" [_thread_blocked, id=14692, stack(0x000000bf10700000,0x000000bf10c00000)]
  0x000001e762642000 JavaThread "Image Fetcher 0" daemon [_thread_blocked, id=1100, stack(0x000000bf16100000,0x000000bf16600000)]

Other Threads:
  0x000001e767035800 VMThread "VM Thread" [stack: 0x000000bf0a000000,0x000000bf0a100000] [id=14860]
  0x000001e769852800 WatcherThread [stack: 0x000000bf0c700000,0x000000bf0c800000] [id=6216]
  0x000001e730f56000 GCTaskThread "GC Thread#0" [stack: 0x000000bf09b00000,0x000000bf09c00000] [id=11296]
  0x000001e75ddd3800 GCTaskThread "GC Thread#1" [stack: 0x000000bf0f000000,0x000000bf0f100000] [id=17420]
  0x000001e75ddd4000 GCTaskThread "GC Thread#2" [stack: 0x000000bf0f100000,0x000000bf0f200000] [id=11124]
  0x000001e75ddd5000 GCTaskThread "GC Thread#3" [stack: 0x000000bf0f200000,0x000000bf0f300000] [id=6760]
  0x000001e75ddd5800 GCTaskThread "GC Thread#4" [stack: 0x000000bf0f300000,0x000000bf0f400000] [id=16476]
  0x000001e75ddd6800 GCTaskThread "GC Thread#5" [stack: 0x000000bf0f400000,0x000000bf0f500000] [id=16120]
  0x000001e75ddd7000 GCTaskThread "GC Thread#6" [stack: 0x000000bf0f500000,0x000000bf0f600000] [id=8760]
  0x000001e75ddd7800 GCTaskThread "GC Thread#7" [stack: 0x000000bf0f600000,0x000000bf0f700000] [id=4944]
  0x000001e7397a3800 ConcurrentGCThread "G1 Main Marker" [stack: 0x000000bf09c00000,0x000000bf09d00000] [id=15008]
  0x000001e7698b8000 ConcurrentGCThread "G1 Conc#0" [stack: 0x000000bf09d00000,0x000000bf09e00000] [id=10748]
  0x000001e75da90800 ConcurrentGCThread "G1 Conc#1" [stack: 0x000000bf0e700000,0x000000bf0e800000] [id=19148]
  0x000001e766d31800 ConcurrentGCThread "G1 Refine#0" [stack: 0x000000bf09e00000,0x000000bf09f00000] [id=20028]
  0x000001e759f14800 ConcurrentGCThread "G1 Refine#1" [stack: 0x000000bf0f700000,0x000000bf0f800000] [id=16796]
  0x000001e739993800 ConcurrentGCThread "G1 Young RemSet Sampling" [stack: 0x000000bf09f00000,0x000000bf0a000000] [id=16432]

Threads with active compile tasks:

VM state:not at safepoint (normal execution)

VM Mutex/Monitor currently owned by a thread: None

Heap address: 0x0000000740000000, size: 3072 MB, Compressed Oops mode: Zero based, Oop shift amount: 3
Narrow klass base: 0x0000000800000000, Narrow klass shift: 0
Compressed class space size: 1073741824 Address: 0x0000000800000000

Heap:
 garbage-first heap   total 254976K, used 171198K [0x0000000740000000, 0x0000000800000000)
  region size 1024K, 42 young (43008K), 2 survivors (2048K)
 Metaspace       used 95840K, capacity 97028K, committed 100380K, reserved 1136640K
  class space    used 12519K, capacity 13018K, committed 14284K, reserved 1048576K
Heap Regions: E=young(eden), S=young(survivor), O=old, HS=humongous(starts), HC=humongous(continues), CS=collection set, F=free, A=archive, TAMS=top-at-mark-start (previous, next)
|   0|0x0000000740000000, 0x0000000740100000, 0x0000000740100000|100%|HS|  |TAMS 0x0000000740100000, 0x0000000740000000| Complete 
|   1|0x0000000740100000, 0x0000000740200000, 0x0000000740200000|100%|HC|  |TAMS 0x0000000740200000, 0x0000000740100000| Complete 
|   2|0x0000000740200000, 0x0000000740300000, 0x0000000740300000|100%|HS|  |TAMS 0x0000000740300000, 0x0000000740200000| Complete 
|   3|0x0000000740300000, 0x00000007403ffff8, 0x0000000740400000| 99%| O|  |TAMS 0x00000007403ffff8, 0x0000000740300000| Untracked 
|   4|0x0000000740400000, 0x00000007404fffe0, 0x0000000740500000| 99%| O|  |TAMS 0x00000007404fffe0, 0x0000000740400000| Untracked 
|   5|0x0000000740500000, 0x00000007405fffd0, 0x0000000740600000| 99%| O|  |TAMS 0x00000007405fffd0, 0x0000000740500000| Untracked 
|   6|0x0000000740600000, 0x00000007406ffff0, 0x0000000740700000| 99%| O|  |TAMS 0x00000007406ffff0, 0x0000000740600000| Untracked 
|   7|0x0000000740700000, 0x00000007407fffd8, 0x0000000740800000| 99%| O|  |TAMS 0x00000007407fffd8, 0x0000000740700000| Untracked 
|   8|0x0000000740800000, 0x00000007408fffd0, 0x0000000740900000| 99%| O|  |TAMS 0x00000007408fffd0, 0x0000000740800000| Untracked 
|   9|0x0000000740900000, 0x00000007409ffd40, 0x0000000740a00000| 99%| O|  |TAMS 0x00000007409ffd40, 0x0000000740900000| Untracked 
|  10|0x0000000740a00000, 0x0000000740affff8, 0x0000000740b00000| 99%| O|  |TAMS 0x0000000740affff8, 0x0000000740a00000| Untracked 
|  11|0x0000000740b00000, 0x0000000740bfffd0, 0x0000000740c00000| 99%| O|  |TAMS 0x0000000740bfffd0, 0x0000000740b00000| Untracked 
|  12|0x0000000740c00000, 0x0000000740cfff48, 0x0000000740d00000| 99%| O|  |TAMS 0x0000000740cfff48, 0x0000000740c00000| Untracked 
|  13|0x0000000740d00000, 0x0000000740e00000, 0x0000000740e00000|100%| O|  |TAMS 0x0000000740e00000, 0x0000000740d00000| Untracked 
|  14|0x0000000740e00000, 0x0000000740effff8, 0x0000000740f00000| 99%| O|  |TAMS 0x0000000740effff8, 0x0000000740e00000| Untracked 
|  15|0x0000000740f00000, 0x0000000741000000, 0x0000000741000000|100%| O|  |TAMS 0x0000000741000000, 0x0000000740f00000| Untracked 
|  16|0x0000000741000000, 0x00000007410ffff8, 0x0000000741100000| 99%| O|  |TAMS 0x00000007410ffff8, 0x0000000741000000| Untracked 
|  17|0x0000000741100000, 0x0000000741200000, 0x0000000741200000|100%| O|  |TAMS 0x0000000741200000, 0x0000000741100000| Untracked 
|  18|0x0000000741200000, 0x00000007412fffd0, 0x0000000741300000| 99%| O|  |TAMS 0x00000007412fffd0, 0x0000000741200000| Untracked 
|  19|0x0000000741300000, 0x00000007413ffff8, 0x0000000741400000| 99%| O|  |TAMS 0x00000007413ffff8, 0x0000000741300000| Untracked 
|  20|0x0000000741400000, 0x00000007414ffff8, 0x0000000741500000| 99%| O|  |TAMS 0x00000007414ffff8, 0x0000000741400000| Untracked 
|  21|0x0000000741500000, 0x0000000741600000, 0x0000000741600000|100%|HS|  |TAMS 0x0000000741600000, 0x0000000741500000| Complete 
|  22|0x0000000741600000, 0x0000000741700000, 0x0000000741700000|100%|HC|  |TAMS 0x0000000741700000, 0x0000000741600000| Complete 
|  23|0x0000000741700000, 0x00000007417fffb8, 0x0000000741800000| 99%| O|  |TAMS 0x00000007417fffb8, 0x0000000741700000| Untracked 
|  24|0x0000000741800000, 0x00000007418ffff0, 0x0000000741900000| 99%| O|  |TAMS 0x00000007418ffff0, 0x0000000741800000| Untracked 
|  25|0x0000000741900000, 0x00000007419ffff0, 0x0000000741a00000| 99%| O|  |TAMS 0x00000007419ffff0, 0x0000000741900000| Untracked 
|  26|0x0000000741a00000, 0x0000000741b00000, 0x0000000741b00000|100%| O|  |TAMS 0x0000000741b00000, 0x0000000741a00000| Untracked 
|  27|0x0000000741b00000, 0x0000000741bfffe8, 0x0000000741c00000| 99%| O|  |TAMS 0x0000000741bfffe8, 0x0000000741b00000| Untracked 
|  28|0x0000000741c00000, 0x0000000741cffff0, 0x0000000741d00000| 99%| O|  |TAMS 0x0000000741cffff0, 0x0000000741c00000| Untracked 
|  29|0x0000000741d00000, 0x0000000741dffff0, 0x0000000741e00000| 99%| O|  |TAMS 0x0000000741dffff0, 0x0000000741d00000| Untracked 
|  30|0x0000000741e00000, 0x0000000741efffe8, 0x0000000741f00000| 99%| O|  |TAMS 0x0000000741efffe8, 0x0000000741e00000| Untracked 
|  31|0x0000000741f00000, 0x0000000742000000, 0x0000000742000000|100%| O|  |TAMS 0x0000000742000000, 0x0000000741f00000| Untracked 
|  32|0x0000000742000000, 0x00000007420ffff8, 0x0000000742100000| 99%| O|  |TAMS 0x00000007420ffff8, 0x0000000742000000| Untracked 
|  33|0x0000000742100000, 0x00000007421ffff8, 0x0000000742200000| 99%| O|  |TAMS 0x00000007421ffff8, 0x0000000742100000| Untracked 
|  34|0x0000000742200000, 0x00000007422fffd8, 0x0000000742300000| 99%| O|  |TAMS 0x00000007422fffd8, 0x0000000742200000| Untracked 
|  35|0x0000000742300000, 0x00000007423ffff8, 0x0000000742400000| 99%| O|  |TAMS 0x00000007423ffff8, 0x0000000742300000| Untracked 
|  36|0x0000000742400000, 0x0000000742500000, 0x0000000742500000|100%| O|  |TAMS 0x0000000742500000, 0x0000000742400000| Untracked 
|  37|0x0000000742500000, 0x00000007425ffff8, 0x0000000742600000| 99%| O|  |TAMS 0x00000007425ffff8, 0x0000000742500000| Untracked 
|  38|0x0000000742600000, 0x00000007426fff88, 0x0000000742700000| 99%| O|  |TAMS 0x00000007426fff88, 0x0000000742600000| Untracked 
|  39|0x0000000742700000, 0x00000007427ffff0, 0x0000000742800000| 99%| O|  |TAMS 0x00000007427ffff0, 0x0000000742700000| Untracked 
|  40|0x0000000742800000, 0x0000000742900000, 0x0000000742900000|100%| O|  |TAMS 0x0000000742900000, 0x0000000742800000| Untracked 
|  41|0x0000000742900000, 0x00000007429ffff8, 0x0000000742a00000| 99%| O|  |TAMS 0x00000007429ffff8, 0x0000000742900000| Untracked 
|  42|0x0000000742a00000, 0x0000000742b00000, 0x0000000742b00000|100%| O|  |TAMS 0x0000000742b00000, 0x0000000742a00000| Untracked 
|  43|0x0000000742b00000, 0x0000000742bffff8, 0x0000000742c00000| 99%| O|  |TAMS 0x0000000742bffff8, 0x0000000742b00000| Untracked 
|  44|0x0000000742c00000, 0x0000000742d00000, 0x0000000742d00000|100%| O|  |TAMS 0x0000000742d00000, 0x0000000742c00000| Untracked 
|  45|0x0000000742d00000, 0x0000000742e00000, 0x0000000742e00000|100%| O|  |TAMS 0x0000000742e00000, 0x0000000742d00000| Untracked 
|  46|0x0000000742e00000, 0x0000000742f00000, 0x0000000742f00000|100%| O|  |TAMS 0x0000000742f00000, 0x0000000742e00000| Untracked 
|  47|0x0000000742f00000, 0x0000000742fffff0, 0x0000000743000000| 99%| O|  |TAMS 0x0000000742fffff0, 0x0000000742f00000| Untracked 
|  48|0x0000000743000000, 0x00000007430ffff8, 0x0000000743100000| 99%| O|  |TAMS 0x00000007430ffff8, 0x0000000743000000| Untracked 
|  49|0x0000000743100000, 0x00000007431fe8f0, 0x0000000743200000| 99%| O|  |TAMS 0x00000007431fe8f0, 0x0000000743100000| Untracked 
|  50|0x0000000743200000, 0x00000007432fe6d0, 0x0000000743300000| 99%| O|  |TAMS 0x00000007432fe6d0, 0x0000000743200000| Untracked 
|  51|0x0000000743300000, 0x0000000743400000, 0x0000000743400000|100%| O|  |TAMS 0x0000000743400000, 0x0000000743300000| Untracked 
|  52|0x0000000743400000, 0x00000007434ffff0, 0x0000000743500000| 99%| O|  |TAMS 0x00000007434ffff0, 0x0000000743400000| Untracked 
|  53|0x0000000743500000, 0x00000007435e5720, 0x0000000743600000| 89%| O|  |TAMS 0x00000007435e5720, 0x0000000743500000| Untracked 
|  54|0x0000000743600000, 0x00000007436fffc8, 0x0000000743700000| 99%| O|  |TAMS 0x00000007436fffc8, 0x0000000743600000| Untracked 
|  55|0x0000000743700000, 0x0000000743800000, 0x0000000743800000|100%| O|  |TAMS 0x0000000743800000, 0x0000000743700000| Untracked 
|  56|0x0000000743800000, 0x00000007438ff950, 0x0000000743900000| 99%| O|  |TAMS 0x00000007438ff950, 0x0000000743800000| Untracked 
|  57|0x0000000743900000, 0x00000007439ffff8, 0x0000000743a00000| 99%| O|  |TAMS 0x00000007439ffff8, 0x0000000743900000| Untracked 
|  58|0x0000000743a00000, 0x0000000743b00000, 0x0000000743b00000|100%| O|  |TAMS 0x0000000743b00000, 0x0000000743a00000| Untracked 
|  59|0x0000000743b00000, 0x0000000743bffff0, 0x0000000743c00000| 99%| O|  |TAMS 0x0000000743bffff0, 0x0000000743b00000| Untracked 
|  60|0x0000000743c00000, 0x0000000743cffe88, 0x0000000743d00000| 99%| O|  |TAMS 0x0000000743cffe88, 0x0000000743c00000| Untracked 
|  61|0x0000000743d00000, 0x0000000743dfffe8, 0x0000000743e00000| 99%| O|  |TAMS 0x0000000743dfffe8, 0x0000000743d00000| Untracked 
|  62|0x0000000743e00000, 0x0000000743effff8, 0x0000000743f00000| 99%| O|  |TAMS 0x0000000743effff8, 0x0000000743e00000| Untracked 
|  63|0x0000000743f00000, 0x0000000743fffca0, 0x0000000744000000| 99%| O|  |TAMS 0x0000000743fffca0, 0x0000000743f00000| Untracked 
|  64|0x0000000744000000, 0x00000007440ffff8, 0x0000000744100000| 99%| O|  |TAMS 0x00000007440ffff8, 0x0000000744000000| Untracked 
|  65|0x0000000744100000, 0x00000007441c60e8, 0x0000000744200000| 77%| O|  |TAMS 0x00000007441c60e8, 0x0000000744100000| Untracked 
|  66|0x0000000744200000, 0x00000007442b15b8, 0x0000000744300000| 69%| O|  |TAMS 0x00000007442b15b8, 0x0000000744200000| Untracked 
|  67|0x0000000744300000, 0x00000007443ffff8, 0x0000000744400000| 99%| O|  |TAMS 0x00000007443ffff8, 0x0000000744300000| Untracked 
|  68|0x0000000744400000, 0x0000000744446068, 0x0000000744500000| 27%| O|  |TAMS 0x0000000744446068, 0x0000000744400000| Untracked 
|  69|0x0000000744500000, 0x0000000744506c00, 0x0000000744600000|  2%| O|  |TAMS 0x0000000744502a00, 0x0000000744500000| Untracked 
|  70|0x0000000744600000, 0x0000000744600000, 0x0000000744700000|  0%| F|  |TAMS 0x0000000744600000, 0x0000000744600000| Untracked 
|  71|0x0000000744700000, 0x0000000744700000, 0x0000000744800000|  0%| F|  |TAMS 0x0000000744700000, 0x0000000744700000| Untracked 
|  72|0x0000000744800000, 0x0000000744800000, 0x0000000744900000|  0%| F|  |TAMS 0x0000000744800000, 0x0000000744800000| Untracked 
|  73|0x0000000744900000, 0x0000000744900000, 0x0000000744a00000|  0%| F|  |TAMS 0x0000000744900000, 0x0000000744900000| Untracked 
|  74|0x0000000744a00000, 0x0000000744a00000, 0x0000000744b00000|  0%| F|  |TAMS 0x0000000744a00000, 0x0000000744a00000| Untracked 
|  75|0x0000000744b00000, 0x0000000744b00000, 0x0000000744c00000|  0%| F|  |TAMS 0x0000000744b00000, 0x0000000744b00000| Untracked 
|  76|0x0000000744c00000, 0x0000000744c00000, 0x0000000744d00000|  0%| F|  |TAMS 0x0000000744c00000, 0x0000000744c00000| Untracked 
|  77|0x0000000744d00000, 0x0000000744d00000, 0x0000000744e00000|  0%| F|  |TAMS 0x0000000744d00000, 0x0000000744d00000| Untracked 
|  78|0x0000000744e00000, 0x0000000744e00000, 0x0000000744f00000|  0%| F|  |TAMS 0x0000000744e00000, 0x0000000744e00000| Untracked 
|  79|0x0000000744f00000, 0x0000000745000000, 0x0000000745000000|100%|HS|  |TAMS 0x0000000745000000, 0x0000000744f00000| Complete 
|  80|0x0000000745000000, 0x0000000745022ce8, 0x0000000745100000| 13%| O|  |TAMS 0x0000000745022ce8, 0x0000000745000000| Untracked 
|  81|0x0000000745100000, 0x000000074519e9c8, 0x0000000745200000| 61%| O|  |TAMS 0x000000074519e9c8, 0x0000000745100000| Untracked 
|  82|0x0000000745200000, 0x0000000745200000, 0x0000000745300000|  0%| F|  |TAMS 0x0000000745200000, 0x0000000745200000| Untracked 
|  83|0x0000000745300000, 0x0000000745300000, 0x0000000745400000|  0%| F|  |TAMS 0x0000000745300000, 0x0000000745300000| Untracked 
|  84|0x0000000745400000, 0x0000000745417da8, 0x0000000745500000|  9%| O|  |TAMS 0x0000000745417da8, 0x0000000745400000| Untracked 
|  85|0x0000000745500000, 0x0000000745500000, 0x0000000745600000|  0%| F|  |TAMS 0x0000000745500000, 0x0000000745500000| Untracked 
|  86|0x0000000745600000, 0x0000000745600000, 0x0000000745700000|  0%| F|  |TAMS 0x0000000745600000, 0x0000000745600000| Untracked 
|  87|0x0000000745700000, 0x0000000745700000, 0x0000000745800000|  0%| F|  |TAMS 0x0000000745700000, 0x0000000745700000| Untracked 
|  88|0x0000000745800000, 0x0000000745800000, 0x0000000745900000|  0%| F|  |TAMS 0x0000000745800000, 0x0000000745800000| Untracked 
|  89|0x0000000745900000, 0x0000000745900000, 0x0000000745a00000|  0%| F|  |TAMS 0x0000000745900000, 0x0000000745900000| Untracked 
|  90|0x0000000745a00000, 0x0000000745b00000, 0x0000000745b00000|100%|HS|  |TAMS 0x0000000745b00000, 0x0000000745a00000| Complete 
|  91|0x0000000745b00000, 0x0000000745b00000, 0x0000000745c00000|  0%| F|  |TAMS 0x0000000745b00000, 0x0000000745b00000| Untracked 
|  92|0x0000000745c00000, 0x0000000745c00000, 0x0000000745d00000|  0%| F|  |TAMS 0x0000000745c00000, 0x0000000745c00000| Untracked 
|  93|0x0000000745d00000, 0x0000000745e00000, 0x0000000745e00000|100%|HS|  |TAMS 0x0000000745e00000, 0x0000000745d00000| Complete 
|  94|0x0000000745e00000, 0x0000000745e00000, 0x0000000745f00000|  0%| F|  |TAMS 0x0000000745e00000, 0x0000000745e00000| Untracked 
|  95|0x0000000745f00000, 0x0000000746000000, 0x0000000746000000|100%|HS|  |TAMS 0x0000000746000000, 0x0000000745f00000| Complete 
|  96|0x0000000746000000, 0x0000000746100000, 0x0000000746100000|100%|HC|  |TAMS 0x0000000746100000, 0x0000000746000000| Complete 
|  97|0x0000000746100000, 0x0000000746200000, 0x0000000746200000|100%|HC|  |TAMS 0x0000000746200000, 0x0000000746100000| Complete 
|  98|0x0000000746200000, 0x0000000746300000, 0x0000000746300000|100%|HC|  |TAMS 0x0000000746300000, 0x0000000746200000| Complete 
|  99|0x0000000746300000, 0x0000000746400000, 0x0000000746400000|100%|HC|  |TAMS 0x0000000746400000, 0x0000000746300000| Complete 
| 100|0x0000000746400000, 0x0000000746500000, 0x0000000746500000|100%|HC|  |TAMS 0x0000000746500000, 0x0000000746400000| Complete 
| 101|0x0000000746500000, 0x0000000746600000, 0x0000000746600000|100%|HC|  |TAMS 0x0000000746600000, 0x0000000746500000| Complete 
| 102|0x0000000746600000, 0x0000000746700000, 0x0000000746700000|100%|HC|  |TAMS 0x0000000746700000, 0x0000000746600000| Complete 
| 103|0x0000000746700000, 0x0000000746800000, 0x0000000746800000|100%|HC|  |TAMS 0x0000000746800000, 0x0000000746700000| Complete 
| 104|0x0000000746800000, 0x0000000746900000, 0x0000000746900000|100%|HC|  |TAMS 0x0000000746900000, 0x0000000746800000| Complete 
| 105|0x0000000746900000, 0x0000000746a00000, 0x0000000746a00000|100%|HC|  |TAMS 0x0000000746a00000, 0x0000000746900000| Complete 
| 106|0x0000000746a00000, 0x0000000746b00000, 0x0000000746b00000|100%|HC|  |TAMS 0x0000000746b00000, 0x0000000746a00000| Complete 
| 107|0x0000000746b00000, 0x0000000746c00000, 0x0000000746c00000|100%|HC|  |TAMS 0x0000000746c00000, 0x0000000746b00000| Complete 
| 108|0x0000000746c00000, 0x0000000746d00000, 0x0000000746d00000|100%|HC|  |TAMS 0x0000000746d00000, 0x0000000746c00000| Complete 
| 109|0x0000000746d00000, 0x0000000746e00000, 0x0000000746e00000|100%|HC|  |TAMS 0x0000000746e00000, 0x0000000746d00000| Complete 
| 110|0x0000000746e00000, 0x0000000746f00000, 0x0000000746f00000|100%|HC|  |TAMS 0x0000000746f00000, 0x0000000746e00000| Complete 
| 111|0x0000000746f00000, 0x0000000747000000, 0x0000000747000000|100%|HC|  |TAMS 0x0000000747000000, 0x0000000746f00000| Complete 
| 112|0x0000000747000000, 0x0000000747100000, 0x0000000747100000|100%|HC|  |TAMS 0x0000000747100000, 0x0000000747000000| Complete 
| 113|0x0000000747100000, 0x0000000747200000, 0x0000000747200000|100%|HC|  |TAMS 0x0000000747200000, 0x0000000747100000| Complete 
| 114|0x0000000747200000, 0x0000000747300000, 0x0000000747300000|100%|HC|  |TAMS 0x0000000747300000, 0x0000000747200000| Complete 
| 115|0x0000000747300000, 0x0000000747400000, 0x0000000747400000|100%|HC|  |TAMS 0x0000000747400000, 0x0000000747300000| Complete 
| 116|0x0000000747400000, 0x0000000747500000, 0x0000000747500000|100%|HC|  |TAMS 0x0000000747500000, 0x0000000747400000| Complete 
| 117|0x0000000747500000, 0x0000000747600000, 0x0000000747600000|100%|HC|  |TAMS 0x0000000747600000, 0x0000000747500000| Complete 
| 118|0x0000000747600000, 0x0000000747700000, 0x0000000747700000|100%|HC|  |TAMS 0x0000000747700000, 0x0000000747600000| Complete 
| 119|0x0000000747700000, 0x0000000747800000, 0x0000000747800000|100%|HC|  |TAMS 0x0000000747800000, 0x0000000747700000| Complete 
| 120|0x0000000747800000, 0x0000000747900000, 0x0000000747900000|100%|HC|  |TAMS 0x0000000747900000, 0x0000000747800000| Complete 
| 121|0x0000000747900000, 0x0000000747a00000, 0x0000000747a00000|100%|HC|  |TAMS 0x0000000747a00000, 0x0000000747900000| Complete 
| 122|0x0000000747a00000, 0x0000000747b00000, 0x0000000747b00000|100%|HC|  |TAMS 0x0000000747b00000, 0x0000000747a00000| Complete 
| 123|0x0000000747b00000, 0x0000000747c00000, 0x0000000747c00000|100%|HC|  |TAMS 0x0000000747c00000, 0x0000000747b00000| Complete 
| 124|0x0000000747c00000, 0x0000000747d00000, 0x0000000747d00000|100%|HC|  |TAMS 0x0000000747d00000, 0x0000000747c00000| Complete 
| 125|0x0000000747d00000, 0x0000000747e00000, 0x0000000747e00000|100%|HC|  |TAMS 0x0000000747e00000, 0x0000000747d00000| Complete 
| 126|0x0000000747e00000, 0x0000000747f00000, 0x0000000747f00000|100%|HS|  |TAMS 0x0000000747f00000, 0x0000000747e00000| Complete 
| 127|0x0000000747f00000, 0x0000000748000000, 0x0000000748000000|100%|HC|  |TAMS 0x0000000748000000, 0x0000000747f00000| Complete 
| 128|0x0000000748000000, 0x0000000748100000, 0x0000000748100000|100%|HC|  |TAMS 0x0000000748100000, 0x0000000748000000| Complete 
| 129|0x0000000748100000, 0x0000000748200000, 0x0000000748200000|100%|HC|  |TAMS 0x0000000748200000, 0x0000000748100000| Complete 
| 130|0x0000000748200000, 0x0000000748300000, 0x0000000748300000|100%|HC|  |TAMS 0x0000000748300000, 0x0000000748200000| Complete 
| 131|0x0000000748300000, 0x0000000748400000, 0x0000000748400000|100%|HC|  |TAMS 0x0000000748400000, 0x0000000748300000| Complete 
| 132|0x0000000748400000, 0x0000000748500000, 0x0000000748500000|100%|HC|  |TAMS 0x0000000748500000, 0x0000000748400000| Complete 
| 133|0x0000000748500000, 0x0000000748600000, 0x0000000748600000|100%|HC|  |TAMS 0x0000000748600000, 0x0000000748500000| Complete 
| 134|0x0000000748600000, 0x0000000748700000, 0x0000000748700000|100%|HC|  |TAMS 0x0000000748700000, 0x0000000748600000| Complete 
| 135|0x0000000748700000, 0x0000000748800000, 0x0000000748800000|100%|HC|  |TAMS 0x0000000748800000, 0x0000000748700000| Complete 
| 136|0x0000000748800000, 0x0000000748900000, 0x0000000748900000|100%|HC|  |TAMS 0x0000000748900000, 0x0000000748800000| Complete 
| 137|0x0000000748900000, 0x0000000748a00000, 0x0000000748a00000|100%|HC|  |TAMS 0x0000000748a00000, 0x0000000748900000| Complete 
| 138|0x0000000748a00000, 0x0000000748b00000, 0x0000000748b00000|100%|HS|  |TAMS 0x0000000748a00000, 0x0000000748a00000| Complete 
| 139|0x0000000748b00000, 0x0000000748c00000, 0x0000000748c00000|100%|HC|  |TAMS 0x0000000748b00000, 0x0000000748b00000| Complete 
| 140|0x0000000748c00000, 0x0000000748d00000, 0x0000000748d00000|100%|HC|  |TAMS 0x0000000748c00000, 0x0000000748c00000| Complete 
| 141|0x0000000748d00000, 0x0000000748e00000, 0x0000000748e00000|100%|HC|  |TAMS 0x0000000748d00000, 0x0000000748d00000| Complete 
| 142|0x0000000748e00000, 0x0000000748f00000, 0x0000000748f00000|100%|HC|  |TAMS 0x0000000748e00000, 0x0000000748e00000| Complete 
| 143|0x0000000748f00000, 0x0000000749000000, 0x0000000749000000|100%|HC|  |TAMS 0x0000000748f00000, 0x0000000748f00000| Complete 
| 144|0x0000000749000000, 0x0000000749100000, 0x0000000749100000|100%|HC|  |TAMS 0x0000000749000000, 0x0000000749000000| Complete 
| 145|0x0000000749100000, 0x0000000749200000, 0x0000000749200000|100%|HC|  |TAMS 0x0000000749100000, 0x0000000749100000| Complete 
| 146|0x0000000749200000, 0x0000000749300000, 0x0000000749300000|100%|HC|  |TAMS 0x0000000749200000, 0x0000000749200000| Complete 
| 147|0x0000000749300000, 0x0000000749400000, 0x0000000749400000|100%|HC|  |TAMS 0x0000000749300000, 0x0000000749300000| Complete 
| 148|0x0000000749400000, 0x0000000749500000, 0x0000000749500000|100%|HC|  |TAMS 0x0000000749400000, 0x0000000749400000| Complete 
| 149|0x0000000749500000, 0x0000000749600000, 0x0000000749600000|100%|HC|  |TAMS 0x0000000749500000, 0x0000000749500000| Complete 
| 150|0x0000000749600000, 0x0000000749600000, 0x0000000749700000|  0%| F|  |TAMS 0x0000000749600000, 0x0000000749600000| Untracked 
| 151|0x0000000749700000, 0x0000000749700000, 0x0000000749800000|  0%| F|  |TAMS 0x0000000749700000, 0x0000000749700000| Untracked 
| 152|0x0000000749800000, 0x0000000749800000, 0x0000000749900000|  0%| F|  |TAMS 0x0000000749800000, 0x0000000749800000| Untracked 
| 153|0x0000000749900000, 0x0000000749900000, 0x0000000749a00000|  0%| F|  |TAMS 0x0000000749900000, 0x0000000749900000| Untracked 
| 154|0x0000000749a00000, 0x0000000749a00000, 0x0000000749b00000|  0%| F|  |TAMS 0x0000000749a00000, 0x0000000749a00000| Untracked 
| 155|0x0000000749b00000, 0x0000000749b00000, 0x0000000749c00000|  0%| F|  |TAMS 0x0000000749b00000, 0x0000000749b00000| Untracked 
| 156|0x0000000749c00000, 0x0000000749c00000, 0x0000000749d00000|  0%| F|  |TAMS 0x0000000749c00000, 0x0000000749c00000| Untracked 
| 157|0x0000000749d00000, 0x0000000749d00000, 0x0000000749e00000|  0%| F|  |TAMS 0x0000000749d00000, 0x0000000749d00000| Untracked 
| 158|0x0000000749e00000, 0x0000000749e00000, 0x0000000749f00000|  0%| F|  |TAMS 0x0000000749e00000, 0x0000000749e00000| Untracked 
| 159|0x0000000749f00000, 0x0000000749f00000, 0x000000074a000000|  0%| F|  |TAMS 0x0000000749f00000, 0x0000000749f00000| Untracked 
| 160|0x000000074a000000, 0x000000074a000000, 0x000000074a100000|  0%| F|  |TAMS 0x000000074a000000, 0x000000074a000000| Untracked 
| 161|0x000000074a100000, 0x000000074a100000, 0x000000074a200000|  0%| F|  |TAMS 0x000000074a100000, 0x000000074a100000| Untracked 
| 162|0x000000074a200000, 0x000000074a200000, 0x000000074a300000|  0%| F|  |TAMS 0x000000074a200000, 0x000000074a200000| Untracked 
| 163|0x000000074a300000, 0x000000074a300000, 0x000000074a400000|  0%| F|  |TAMS 0x000000074a300000, 0x000000074a300000| Untracked 
| 164|0x000000074a400000, 0x000000074a400000, 0x000000074a500000|  0%| F|  |TAMS 0x000000074a400000, 0x000000074a400000| Untracked 
| 165|0x000000074a500000, 0x000000074a500000, 0x000000074a600000|  0%| F|  |TAMS 0x000000074a500000, 0x000000074a500000| Untracked 
| 166|0x000000074a600000, 0x000000074a600000, 0x000000074a700000|  0%| F|  |TAMS 0x000000074a600000, 0x000000074a600000| Untracked 
| 167|0x000000074a700000, 0x000000074a700000, 0x000000074a800000|  0%| F|  |TAMS 0x000000074a700000, 0x000000074a700000| Untracked 
| 168|0x000000074a800000, 0x000000074a800000, 0x000000074a900000|  0%| F|  |TAMS 0x000000074a800000, 0x000000074a800000| Untracked 
| 169|0x000000074a900000, 0x000000074a900000, 0x000000074aa00000|  0%| F|  |TAMS 0x000000074a900000, 0x000000074a900000| Untracked 
| 170|0x000000074aa00000, 0x000000074aa00000, 0x000000074ab00000|  0%| F|  |TAMS 0x000000074aa00000, 0x000000074aa00000| Untracked 
| 171|0x000000074ab00000, 0x000000074ab00000, 0x000000074ac00000|  0%| F|  |TAMS 0x000000074ab00000, 0x000000074ab00000| Untracked 
| 172|0x000000074ac00000, 0x000000074ac00000, 0x000000074ad00000|  0%| F|  |TAMS 0x000000074ac00000, 0x000000074ac00000| Untracked 
| 173|0x000000074ad00000, 0x000000074ad00000, 0x000000074ae00000|  0%| F|  |TAMS 0x000000074ad00000, 0x000000074ad00000| Untracked 
| 174|0x000000074ae00000, 0x000000074ae00000, 0x000000074af00000|  0%| F|  |TAMS 0x000000074ae00000, 0x000000074ae00000| Untracked 
| 175|0x000000074af00000, 0x000000074af00000, 0x000000074b000000|  0%| F|  |TAMS 0x000000074af00000, 0x000000074af00000| Untracked 
| 176|0x000000074b000000, 0x000000074b000000, 0x000000074b100000|  0%| F|  |TAMS 0x000000074b000000, 0x000000074b000000| Untracked 
| 177|0x000000074b100000, 0x000000074b100000, 0x000000074b200000|  0%| F|  |TAMS 0x000000074b100000, 0x000000074b100000| Untracked 
| 178|0x000000074b200000, 0x000000074b200000, 0x000000074b300000|  0%| F|  |TAMS 0x000000074b200000, 0x000000074b200000| Untracked 
| 179|0x000000074b300000, 0x000000074b300000, 0x000000074b400000|  0%| F|  |TAMS 0x000000074b300000, 0x000000074b300000| Untracked 
| 180|0x000000074b400000, 0x000000074b400000, 0x000000074b500000|  0%| F|  |TAMS 0x000000074b400000, 0x000000074b400000| Untracked 
| 181|0x000000074b500000, 0x000000074b500000, 0x000000074b600000|  0%| F|  |TAMS 0x000000074b500000, 0x000000074b500000| Untracked 
| 182|0x000000074b600000, 0x000000074b600000, 0x000000074b700000|  0%| F|  |TAMS 0x000000074b600000, 0x000000074b600000| Untracked 
| 183|0x000000074b700000, 0x000000074b700000, 0x000000074b800000|  0%| F|  |TAMS 0x000000074b700000, 0x000000074b700000| Untracked 
| 184|0x000000074b800000, 0x000000074b800000, 0x000000074b900000|  0%| F|  |TAMS 0x000000074b800000, 0x000000074b800000| Untracked 
| 185|0x000000074b900000, 0x000000074b900000, 0x000000074ba00000|  0%| F|  |TAMS 0x000000074b900000, 0x000000074b900000| Untracked 
| 186|0x000000074ba00000, 0x000000074ba00000, 0x000000074bb00000|  0%| F|  |TAMS 0x000000074ba00000, 0x000000074ba00000| Untracked 
| 187|0x000000074bb00000, 0x000000074bbb0fd8, 0x000000074bc00000| 69%| S|CS|TAMS 0x000000074bb00000, 0x000000074bb00000| Complete 
| 188|0x000000074bc00000, 0x000000074bd00000, 0x000000074bd00000|100%| S|CS|TAMS 0x000000074bc00000, 0x000000074bc00000| Complete 
| 189|0x000000074bd00000, 0x000000074bd00000, 0x000000074be00000|  0%| F|  |TAMS 0x000000074bd00000, 0x000000074bd00000| Untracked 
| 190|0x000000074be00000, 0x000000074be00000, 0x000000074bf00000|  0%| F|  |TAMS 0x000000074be00000, 0x000000074be00000| Untracked 
| 191|0x000000074bf00000, 0x000000074bf00000, 0x000000074c000000|  0%| F|  |TAMS 0x000000074bf00000, 0x000000074bf00000| Untracked 
| 192|0x000000074c000000, 0x000000074c000000, 0x000000074c100000|  0%| F|  |TAMS 0x000000074c000000, 0x000000074c000000| Untracked 
| 193|0x000000074c100000, 0x000000074c100000, 0x000000074c200000|  0%| F|  |TAMS 0x000000074c100000, 0x000000074c100000| Untracked 
| 194|0x000000074c200000, 0x000000074c200000, 0x000000074c300000|  0%| F|  |TAMS 0x000000074c200000, 0x000000074c200000| Untracked 
| 195|0x000000074c300000, 0x000000074c300000, 0x000000074c400000|  0%| F|  |TAMS 0x000000074c300000, 0x000000074c300000| Untracked 
| 196|0x000000074c400000, 0x000000074c400000, 0x000000074c500000|  0%| F|  |TAMS 0x000000074c400000, 0x000000074c400000| Untracked 
| 197|0x000000074c500000, 0x000000074c500000, 0x000000074c600000|  0%| F|  |TAMS 0x000000074c500000, 0x000000074c500000| Untracked 
| 198|0x000000074c600000, 0x000000074c600000, 0x000000074c700000|  0%| F|  |TAMS 0x000000074c600000, 0x000000074c600000| Untracked 
| 199|0x000000074c700000, 0x000000074c700000, 0x000000074c800000|  0%| F|  |TAMS 0x000000074c700000, 0x000000074c700000| Untracked 
| 200|0x000000074c800000, 0x000000074c800000, 0x000000074c900000|  0%| F|  |TAMS 0x000000074c800000, 0x000000074c800000| Untracked 
| 201|0x000000074c900000, 0x000000074c900000, 0x000000074ca00000|  0%| F|  |TAMS 0x000000074c900000, 0x000000074c900000| Untracked 
| 202|0x000000074ca00000, 0x000000074ca00000, 0x000000074cb00000|  0%| F|  |TAMS 0x000000074ca00000, 0x000000074ca00000| Untracked 
| 203|0x000000074cb00000, 0x000000074cb00000, 0x000000074cc00000|  0%| F|  |TAMS 0x000000074cb00000, 0x000000074cb00000| Untracked 
| 204|0x000000074cc00000, 0x000000074cc00000, 0x000000074cd00000|  0%| F|  |TAMS 0x000000074cc00000, 0x000000074cc00000| Untracked 
| 205|0x000000074cd00000, 0x000000074cd00000, 0x000000074ce00000|  0%| F|  |TAMS 0x000000074cd00000, 0x000000074cd00000| Untracked 
| 206|0x000000074ce00000, 0x000000074ce00000, 0x000000074cf00000|  0%| F|  |TAMS 0x000000074ce00000, 0x000000074ce00000| Untracked 
| 207|0x000000074cf00000, 0x000000074cf00000, 0x000000074d000000|  0%| F|  |TAMS 0x000000074cf00000, 0x000000074cf00000| Untracked 
| 208|0x000000074d000000, 0x000000074d000000, 0x000000074d100000|  0%| F|  |TAMS 0x000000074d000000, 0x000000074d000000| Untracked 
| 209|0x000000074d100000, 0x000000074d114d60, 0x000000074d200000|  8%| E|  |TAMS 0x000000074d100000, 0x000000074d100000| Complete 
| 210|0x000000074d200000, 0x000000074d300000, 0x000000074d300000|100%| E|CS|TAMS 0x000000074d200000, 0x000000074d200000| Complete 
| 211|0x000000074d300000, 0x000000074d400000, 0x000000074d400000|100%| E|CS|TAMS 0x000000074d300000, 0x000000074d300000| Complete 
| 212|0x000000074d400000, 0x000000074d500000, 0x000000074d500000|100%| E|CS|TAMS 0x000000074d400000, 0x000000074d400000| Complete 
| 213|0x000000074d500000, 0x000000074d600000, 0x000000074d600000|100%| E|CS|TAMS 0x000000074d500000, 0x000000074d500000| Complete 
| 214|0x000000074d600000, 0x000000074d700000, 0x000000074d700000|100%| E|CS|TAMS 0x000000074d600000, 0x000000074d600000| Complete 
| 215|0x000000074d700000, 0x000000074d800000, 0x000000074d800000|100%| E|CS|TAMS 0x000000074d700000, 0x000000074d700000| Complete 
| 216|0x000000074d800000, 0x000000074d900000, 0x000000074d900000|100%| E|CS|TAMS 0x000000074d800000, 0x000000074d800000| Complete 
| 217|0x000000074d900000, 0x000000074da00000, 0x000000074da00000|100%| E|CS|TAMS 0x000000074d900000, 0x000000074d900000| Complete 
| 218|0x000000074da00000, 0x000000074db00000, 0x000000074db00000|100%| E|CS|TAMS 0x000000074da00000, 0x000000074da00000| Complete 
| 219|0x000000074db00000, 0x000000074dc00000, 0x000000074dc00000|100%| E|CS|TAMS 0x000000074db00000, 0x000000074db00000| Complete 
| 220|0x000000074dc00000, 0x000000074dd00000, 0x000000074dd00000|100%| E|CS|TAMS 0x000000074dc00000, 0x000000074dc00000| Complete 
| 221|0x000000074dd00000, 0x000000074de00000, 0x000000074de00000|100%| E|CS|TAMS 0x000000074dd00000, 0x000000074dd00000| Complete 
| 222|0x000000074de00000, 0x000000074df00000, 0x000000074df00000|100%| E|CS|TAMS 0x000000074de00000, 0x000000074de00000| Complete 
| 223|0x000000074df00000, 0x000000074e000000, 0x000000074e000000|100%| E|CS|TAMS 0x000000074df00000, 0x000000074df00000| Complete 
| 224|0x000000074e000000, 0x000000074e100000, 0x000000074e100000|100%| E|CS|TAMS 0x000000074e000000, 0x000000074e000000| Complete 
| 225|0x000000074e100000, 0x000000074e200000, 0x000000074e200000|100%| E|CS|TAMS 0x000000074e100000, 0x000000074e100000| Complete 
| 226|0x000000074e200000, 0x000000074e300000, 0x000000074e300000|100%| E|CS|TAMS 0x000000074e200000, 0x000000074e200000| Complete 
| 227|0x000000074e300000, 0x000000074e400000, 0x000000074e400000|100%| E|CS|TAMS 0x000000074e300000, 0x000000074e300000| Complete 
| 228|0x000000074e400000, 0x000000074e500000, 0x000000074e500000|100%| E|CS|TAMS 0x000000074e400000, 0x000000074e400000| Complete 
| 229|0x000000074e500000, 0x000000074e600000, 0x000000074e600000|100%| E|CS|TAMS 0x000000074e500000, 0x000000074e500000| Complete 
| 230|0x000000074e600000, 0x000000074e700000, 0x000000074e700000|100%| E|CS|TAMS 0x000000074e600000, 0x000000074e600000| Complete 
| 231|0x000000074e700000, 0x000000074e800000, 0x000000074e800000|100%| E|CS|TAMS 0x000000074e700000, 0x000000074e700000| Complete 
| 232|0x000000074e800000, 0x000000074e900000, 0x000000074e900000|100%| E|CS|TAMS 0x000000074e800000, 0x000000074e800000| Complete 
| 233|0x000000074e900000, 0x000000074ea00000, 0x000000074ea00000|100%| E|CS|TAMS 0x000000074e900000, 0x000000074e900000| Complete 
| 234|0x000000074ea00000, 0x000000074eb00000, 0x000000074eb00000|100%| E|CS|TAMS 0x000000074ea00000, 0x000000074ea00000| Complete 
| 235|0x000000074eb00000, 0x000000074ec00000, 0x000000074ec00000|100%| E|CS|TAMS 0x000000074eb00000, 0x000000074eb00000| Complete 
| 236|0x000000074ec00000, 0x000000074ed00000, 0x000000074ed00000|100%| E|CS|TAMS 0x000000074ec00000, 0x000000074ec00000| Complete 
| 237|0x000000074ed00000, 0x000000074ee00000, 0x000000074ee00000|100%| E|CS|TAMS 0x000000074ed00000, 0x000000074ed00000| Complete 
| 238|0x000000074ee00000, 0x000000074ef00000, 0x000000074ef00000|100%| E|CS|TAMS 0x000000074ee00000, 0x000000074ee00000| Complete 
| 239|0x000000074ef00000, 0x000000074f000000, 0x000000074f000000|100%| E|CS|TAMS 0x000000074ef00000, 0x000000074ef00000| Complete 
| 240|0x000000074f000000, 0x000000074f100000, 0x000000074f100000|100%| E|CS|TAMS 0x000000074f000000, 0x000000074f000000| Complete 
| 241|0x000000074f100000, 0x000000074f200000, 0x000000074f200000|100%| E|CS|TAMS 0x000000074f100000, 0x000000074f100000| Complete 
| 242|0x000000074f200000, 0x000000074f300000, 0x000000074f300000|100%| E|CS|TAMS 0x000000074f200000, 0x000000074f200000| Complete 
| 243|0x000000074f300000, 0x000000074f400000, 0x000000074f400000|100%| E|CS|TAMS 0x000000074f300000, 0x000000074f300000| Complete 
| 244|0x000000074f400000, 0x000000074f500000, 0x000000074f500000|100%| E|CS|TAMS 0x000000074f400000, 0x000000074f400000| Complete 
| 245|0x000000074f500000, 0x000000074f600000, 0x000000074f600000|100%| E|CS|TAMS 0x000000074f500000, 0x000000074f500000| Complete 
| 246|0x000000074f600000, 0x000000074f700000, 0x000000074f700000|100%| E|CS|TAMS 0x000000074f600000, 0x000000074f600000| Complete 
| 247|0x000000074f700000, 0x000000074f800000, 0x000000074f800000|100%| E|CS|TAMS 0x000000074f700000, 0x000000074f700000| Complete 
| 248|0x000000074f800000, 0x000000074f900000, 0x000000074f900000|100%| E|CS|TAMS 0x000000074f800000, 0x000000074f800000| Complete 

Card table byte_map: [0x000001e7360b0000,0x000001e7366b0000] _byte_map_base: 0x000001e7326b0000

Marking Bits (Prev, Next): (CMBitMap*) 0x000001e769844870, (CMBitMap*) 0x000001e769844838
 Prev Bits: [0x000001e754250000, 0x000001e757250000)
 Next Bits: [0x000001e751250000, 0x000001e754250000)

Polling page: 0x000001e72fef0000

Metaspace:

Usage:
  Non-class:     82.04 MB capacity,    81.37 MB (>99%) used,   503.77 KB ( <1%) free+waste,   185.38 KB ( <1%) overhead. 
      Class:     12.71 MB capacity,    12.23 MB ( 96%) used,   416.87 KB (  3%) free+waste,    81.69 KB ( <1%) overhead. 
       Both:     94.75 MB capacity,    93.59 MB ( 99%) used,   920.64 KB ( <1%) free+waste,   267.06 KB ( <1%) overhead. 

Virtual space:
  Non-class space:       86.00 MB reserved,      84.08 MB ( 98%) committed 
      Class space:        1.00 GB reserved,      13.95 MB (  1%) committed 
             Both:        1.08 GB reserved,      98.03 MB (  9%) committed 

Chunk freelists:
   Non-Class:  260.75 KB
       Class:  144.75 KB
        Both:  405.50 KB

CodeHeap 'non-profiled nmethods': size=120000Kb used=23415Kb max_used=23975Kb free=96584Kb
 bounds [0x000001e749d20000, 0x000001e74b490000, 0x000001e751250000]
CodeHeap 'profiled nmethods': size=120000Kb used=40133Kb max_used=42897Kb free=79866Kb
 bounds [0x000001e7427f0000, 0x000001e745220000, 0x000001e749d20000]
CodeHeap 'non-nmethods': size=5760Kb used=1718Kb max_used=1785Kb free=4041Kb
 bounds [0x000001e742250000, 0x000001e7424c0000, 0x000001e7427f0000]
 total_blobs=36221 nmethods=17890 adapters=1195
 compilation: enabled
              stopped_count=0, restarted_count=0
 full_count=0

Compilation events (10 events):
Event: 53872.907 Thread 0x000001e739006000 24420       3       java.awt.DefaultKeyboardFocusManager$TypeAheadMarker::<init> (15 bytes)
Event: 53872.907 Thread 0x000001e739006000 nmethod 24420 0x000001e742871290 code [0x000001e742871440, 0x000001e742871658]
Event: 53872.925 Thread 0x000001e769975800 24421       4       com.jidesoft.plaf.basic.BasicCellStyleTableHeaderUIDelegate::tableChanged (49 bytes)
Event: 53872.926 Thread 0x000001e769975800 nmethod 24421 0x000001e74a0c2590 code [0x000001e74a0c2740, 0x000001e74a0c28c8]
Event: 53873.141 Thread 0x000001e739006000 24422       3       com.jidesoft.editor.marker.DefaultMarkerModel::insertUpdate (141 bytes)
Event: 53873.142 Thread 0x000001e739006000 nmethod 24422 0x000001e743104390 code [0x000001e7431046c0, 0x000001e743106610]
Event: 53873.142 Thread 0x000001e739006000 24423       3       com.jidesoft.editor.CodeEditor$q_::insertUpdate (229 bytes)
Event: 53873.143 Thread 0x000001e739006000 nmethod 24423 0x000001e742c14e10 code [0x000001e742c15120, 0x000001e742c16180]
Event: 53874.166 Thread 0x000001e739006000 24424       3       javax.swing.plaf.synth.SynthSeparatorUI::propertyChange (19 bytes)
Event: 53874.166 Thread 0x000001e739006000 nmethod 24424 0x000001e7428e6590 code [0x000001e7428e67c0, 0x000001e7428e6fe0]

GC Heap History (10 events):
Event: 53848.141 GC heap before
{Heap before GC invocations=765 (full 157):
 garbage-first heap   total 254976K, used 163371K [0x0000000740000000, 0x0000000800000000)
  region size 1024K, 47 young (48128K), 2 survivors (2048K)
 Metaspace       used 95830K, capacity 97028K, committed 100380K, reserved 1136640K
  class space    used 12518K, capacity 13018K, committed 14284K, reserved 1048576K
}
Event: 53848.144 GC heap after
{Heap after GC invocations=766 (full 157):
 garbage-first heap   total 254976K, used 118531K [0x0000000740000000, 0x0000000800000000)
  region size 1024K, 2 young (2048K), 2 survivors (2048K)
 Metaspace       used 95830K, capacity 97028K, committed 100380K, reserved 1136640K
  class space    used 12518K, capacity 13018K, committed 14284K, reserved 1048576K
}
Event: 53851.409 GC heap before
{Heap before GC invocations=767 (full 157):
 garbage-first heap   total 254976K, used 145155K [0x0000000740000000, 0x0000000800000000)
  region size 1024K, 29 young (29696K), 2 survivors (2048K)
 Metaspace       used 95830K, capacity 97028K, committed 100380K, reserved 1136640K
  class space    used 12518K, capacity 13018K, committed 14284K, reserved 1048576K
}
Event: 53851.412 GC heap after
{Heap after GC invocations=768 (full 157):
 garbage-first heap   total 254976K, used 118785K [0x0000000740000000, 0x0000000800000000)
  region size 1024K, 2 young (2048K), 2 survivors (2048K)
 Metaspace       used 95830K, capacity 97028K, committed 100380K, reserved 1136640K
  class space    used 12518K, capacity 13018K, committed 14284K, reserved 1048576K
}
Event: 53851.449 GC heap before
{Heap before GC invocations=768 (full 157):
 garbage-first heap   total 254976K, used 133121K [0x0000000740000000, 0x0000000800000000)
  region size 1024K, 5 young (5120K), 2 survivors (2048K)
 Metaspace       used 95830K, capacity 97028K, committed 100380K, reserved 1136640K
  class space    used 12518K, capacity 13018K, committed 14284K, reserved 1048576K
}
Event: 53851.451 GC heap after
{Heap after GC invocations=769 (full 157):
 garbage-first heap   total 254976K, used 130926K [0x0000000740000000, 0x0000000800000000)
  region size 1024K, 2 young (2048K), 2 survivors (2048K)
 Metaspace       used 95830K, capacity 97028K, committed 100380K, reserved 1136640K
  class space    used 12518K, capacity 13018K, committed 14284K, reserved 1048576K
}
Event: 53852.515 GC heap before
{Heap before GC invocations=770 (full 157):
 garbage-first heap   total 254976K, used 135022K [0x0000000740000000, 0x0000000800000000)
  region size 1024K, 7 young (7168K), 2 survivors (2048K)
 Metaspace       used 95830K, capacity 97028K, committed 100380K, reserved 1136640K
  class space    used 12518K, capacity 13018K, committed 14284K, reserved 1048576K
}
Event: 53852.518 GC heap after
{Heap after GC invocations=771 (full 157):
 garbage-first heap   total 254976K, used 118575K [0x0000000740000000, 0x0000000800000000)
  region size 1024K, 2 young (2048K), 2 survivors (2048K)
 Metaspace       used 95830K, capacity 97028K, committed 100380K, reserved 1136640K
  class space    used 12518K, capacity 13018K, committed 14284K, reserved 1048576K
}
Event: 53867.024 GC heap before
{Heap before GC invocations=772 (full 157):
 garbage-first heap   total 254976K, used 190255K [0x0000000740000000, 0x0000000800000000)
  region size 1024K, 60 young (61440K), 2 survivors (2048K)
 Metaspace       used 95834K, capacity 97028K, committed 100380K, reserved 1136640K
  class space    used 12519K, capacity 13018K, committed 14284K, reserved 1048576K
}
Event: 53867.029 GC heap after
{Heap after GC invocations=773 (full 157):
 garbage-first heap   total 254976K, used 131262K [0x0000000740000000, 0x0000000800000000)
  region size 1024K, 2 young (2048K), 2 survivors (2048K)
 Metaspace       used 95834K, capacity 97028K, committed 100380K, reserved 1136640K
  class space    used 12519K, capacity 13018K, committed 14284K, reserved 1048576K
}

Deoptimization events (10 events):
Event: 53601.074 Thread 0x000001e75d88c000 Uncommon trap: reason=unstable_if action=reinterpret pc=0x000001e74a3c8aac method=java.security.AccessControlContext.combine([Ljava/security/ProtectionDomain;[Ljava/security/ProtectionDomain;)[Ljava/security/ProtectionDomain; @ 39 c2
Event: 53601.105 Thread 0x000001e75d88c000 Uncommon trap: reason=unstable_if action=reinterpret pc=0x000001e74acdad24 method=java.awt.Component.dispatchEventImpl(Ljava/awt/AWTEvent;)V @ 357 c2
Event: 53601.521 Thread 0x000001e75d88c000 Uncommon trap: reason=bimorphic_or_optimized_type_check action=maybe_recompile pc=0x000001e74ab500e8 method=javax.swing.plaf.basic.BasicTextUI$RootView.modelToView(ILjava/awt/Shape;Ljavax/swing/text/Position$Bias;)Ljava/awt/Shape; @ 14 c2
Event: 53601.521 Thread 0x000001e75d88c000 Uncommon trap: reason=bimorphic_or_optimized_type_check action=maybe_recompile pc=0x000001e74ab500e8 method=javax.swing.plaf.basic.BasicTextUI$RootView.modelToView(ILjava/awt/Shape;Ljavax/swing/text/Position$Bias;)Ljava/awt/Shape; @ 14 c2
Event: 53601.521 Thread 0x000001e75d88c000 Uncommon trap: reason=unstable_if action=reinterpret pc=0x000001e74a2b2794 method=javax.swing.text.CompositeView.modelToView(ILjava/awt/Shape;Ljavax/swing/text/Position$Bias;)Ljava/awt/Shape; @ 4 c2
Event: 53601.521 Thread 0x000001e75d88c000 Uncommon trap: reason=unstable_if action=reinterpret pc=0x000001e74a2b36fc method=javax.swing.text.CompositeView.modelToView(ILjava/awt/Shape;Ljavax/swing/text/Position$Bias;)Ljava/awt/Shape; @ 4 c2
Event: 53602.167 Thread 0x000001e75d88c000 Uncommon trap: reason=unstable_if action=reinterpret pc=0x000001e74b2ceb00 method=ui.utils.swing.u.iiv()Z @ 9 c2
Event: 53603.704 Thread 0x000001e75d88c000 Uncommon trap: reason=class_check action=maybe_recompile pc=0x000001e74a4b4bd8 method=java.awt.KeyboardFocusManager.clearMostRecentFocusOwner(Ljava/awt/Component;)V @ 67 c2
Event: 53603.705 Thread 0x000001e75d88c000 Uncommon trap: reason=class_check action=maybe_recompile pc=0x000001e74b208340 method=java.awt.Component.removeNotify()V @ 301 c2
Event: 53603.705 Thread 0x000001e75d88c000 Uncommon trap: reason=class_check action=maybe_recompile pc=0x000001e74b208340 method=java.awt.Component.removeNotify()V @ 301 c2

Classes redefined (0 events):
No events

Internal exceptions (10 events):
Event: 50380.061 Thread 0x000001e75d88c000 Exception <a 'sun/nio/fs/WindowsException'{0x000000074ede44c0}> (0x000000074ede44c0) thrown at [t:/workspace/open/src/hotspot/share/prims/jni.cpp, line 615]
Event: 50380.061 Thread 0x000001e75d88c000 Exception <a 'sun/nio/fs/WindowsException'{0x000000074ede4810}> (0x000000074ede4810) thrown at [t:/workspace/open/src/hotspot/share/prims/jni.cpp, line 615]
Event: 50380.964 Thread 0x000001e75d88c000 Exception <a 'sun/nio/fs/WindowsException'{0x000000074ec15c58}> (0x000000074ec15c58) thrown at [t:/workspace/open/src/hotspot/share/prims/jni.cpp, line 615]
Event: 50380.964 Thread 0x000001e75d88c000 Exception <a 'sun/nio/fs/WindowsException'{0x000000074ec15fa8}> (0x000000074ec15fa8) thrown at [t:/workspace/open/src/hotspot/share/prims/jni.cpp, line 615]
Event: 51973.000 Thread 0x000001e75d88c000 Exception <a 'java/lang/NoSuchMethodError'{0x000000074c864f68}: java.lang.invoke.DelegatingMethodHandle$Holder.reinvoke_L(Ljava/lang/Object;IILjava/lang/Object;Ljava/lang/Object;Ljava/lang/Object;)Ljava/lang/Object;> (0x000000074c864f68) thrown at [t:/wor
Event: 53430.664 Thread 0x000001e75d88c000 Exception <a 'java/lang/NoSuchMethodError'{0x000000074c82f750}: java.lang.invoke.DelegatingMethodHandle$Holder.reinvoke_L(Ljava/lang/Object;IIILjava/lang/Object;II)Ljava/lang/Object;> (0x000000074c82f750) thrown at [t:/workspace/open/src/hotspot/share/int
Event: 53444.740 Thread 0x000001e762647000 Exception <a 'java/lang/InterruptedException'{0x000000074f8c0100}: sleep interrupted> (0x000000074f8c0100) thrown at [t:/workspace/open/src/hotspot/share/prims/jvm.cpp, line 3117]
Event: 53450.041 Thread 0x000001e75d88c000 Exception <a 'java/lang/NoSuchMethodError'{0x000000074f16cbc8}: java.lang.invoke.DelegatingMethodHandle$Holder.reinvoke_L(Ljava/lang/Object;IILjava/lang/Object;Ljava/lang/Object;I)Ljava/lang/Object;> (0x000000074f16cbc8) thrown at [t:/workspace/open/src/h
Event: 53477.033 Thread 0x000001e75d88c000 Exception <a 'java/lang/NoSuchMethodError'{0x000000074d118f90}: java.lang.invoke.DelegatingMethodHandle$Holder.reinvoke_L(Ljava/lang/Object;IIILjava/lang/Object;Ljava/lang/Object;ILjava/lang/Object;Ljava/lang/Object;)Ljava/lang/Object;> (0x000000074d118f9
Event: 53601.005 Thread 0x000001e75d88c000 Implicit null exception at 0x000001e74af3210d to 0x000001e74af3217f

Events (10 events):
Event: 53872.428 Thread 0x000001e762641000 Thread added: 0x000001e762641000
Event: 53872.434 Thread 0x000001e762641000 Thread exited: 0x000001e762641000
Event: 53872.882 Thread 0x000001e762641000 Thread added: 0x000001e762641000
Event: 53872.885 Executing VM operation: RevokeBias
Event: 53872.885 Executing VM operation: RevokeBias done
Event: 53872.908 Executing VM operation: BulkRevokeBias
Event: 53872.909 Executing VM operation: BulkRevokeBias done
Event: 53873.430 Thread 0x000001e76263f800 Thread added: 0x000001e76263f800
Event: 53873.434 Thread 0x000001e76263f800 Thread exited: 0x000001e76263f800
Event: 53874.022 Thread 0x000001e762642000 Thread added: 0x000001e762642000


Dynamic libraries:
0x00007ff7cb020000 - 0x00007ff7cb04f000 	D:\Xilinx\Vivado\2020.2\bin\unwrapped\win64.o\vivado.exe
0x00007ff8b8350000 - 0x00007ff8b8545000 	C:\WINDOWS\SYSTEM32\ntdll.dll
0x00007ff8b7080000 - 0x00007ff8b713d000 	C:\WINDOWS\System32\KERNEL32.DLL
0x00007ff8b5af0000 - 0x00007ff8b5db9000 	C:\WINDOWS\System32\KERNELBASE.dll
0x00007ff8b5f70000 - 0x00007ff8b6070000 	C:\WINDOWS\System32\ucrtbase.dll
0x00007ff899820000 - 0x00007ff8998ad000 	C:\WINDOWS\SYSTEM32\MSVCP140.dll
0x00007ff8af420000 - 0x00007ff8af438000 	D:\Xilinx\Vivado\2020.2\lib\win64.o\librdi_commonmain.dll
0x00007ff8ae5d0000 - 0x00007ff8ae5e3000 	D:\Xilinx\Vivado\2020.2\lib\win64.o\libboost_signals.dll
0x00007ff8998b0000 - 0x00007ff8998ca000 	C:\WINDOWS\SYSTEM32\VCRUNTIME140.dll
0x00007ff8474e0000 - 0x00007ff848657000 	D:\Xilinx\Vivado\2020.2\lib\win64.o\librdi_common.dll
0x00007ff8997e0000 - 0x00007ff8997ec000 	C:\WINDOWS\SYSTEM32\VCRUNTIME140_1.dll
0x00007ff8b7770000 - 0x00007ff8b7910000 	C:\WINDOWS\System32\USER32.dll
0x00007ff8b5a90000 - 0x00007ff8b5ab2000 	C:\WINDOWS\System32\win32u.dll
0x00007ff8ae050000 - 0x00007ff8ae072000 	D:\Xilinx\Vivado\2020.2\lib\win64.o\libboost_filesystem.dll
0x00007ff8b6fc0000 - 0x00007ff8b6fea000 	C:\WINDOWS\System32\GDI32.dll
0x00007ff8b6f10000 - 0x00007ff8b6fbc000 	C:\WINDOWS\System32\ADVAPI32.dll
0x00007ff8b6070000 - 0x00007ff8b617b000 	C:\WINDOWS\System32\gdi32full.dll
0x00007ff8af410000 - 0x00007ff8af419000 	D:\Xilinx\Vivado\2020.2\lib\win64.o\librdi_commonversion.dll
0x00007ff8b7450000 - 0x00007ff8b74ee000 	C:\WINDOWS\System32\msvcrt.dll
0x00007ff8b6320000 - 0x00007ff8b63bd000 	C:\WINDOWS\System32\msvcp_win.dll
0x00007ff8b8270000 - 0x00007ff8b830b000 	C:\WINDOWS\System32\sechost.dll
0x00007ff863220000 - 0x00007ff8633b9000 	D:\Xilinx\Vivado\2020.2\lib\win64.o\librdi_commonxillic.dll
0x00007ff8b7140000 - 0x00007ff8b726a000 	C:\WINDOWS\System32\RPCRT4.dll
0x00007ff8b63d0000 - 0x00007ff8b6b0f000 	C:\WINDOWS\System32\SHELL32.dll
0x00007ff8b73d0000 - 0x00007ff8b743b000 	C:\WINDOWS\System32\WS2_32.dll
0x00007ff8b5ac0000 - 0x00007ff8b5ae7000 	C:\WINDOWS\System32\bcrypt.dll
0x000000005bfb0000 - 0x000000005c0db000 	D:\Xilinx\Vivado\2020.2\lib\win64.o\tcl85t.dll
0x00007ff8af1e0000 - 0x00007ff8af1f0000 	D:\Xilinx\Vivado\2020.2\lib\win64.o\libboost_date_time.dll
0x00007ff8608d0000 - 0x00007ff860c3e000 	D:\Xilinx\Vivado\2020.2\lib\win64.o\libCOIN-all.dll
0x00007ff89b5c0000 - 0x00007ff89b633000 	D:\Xilinx\Vivado\2020.2\lib\win64.o\libboost_program_options.dll
0x00007ff8ae110000 - 0x00007ff8ae119000 	D:\Xilinx\Vivado\2020.2\lib\win64.o\libboost_system.dll
0x00007ff862d50000 - 0x00007ff862e61000 	D:\Xilinx\Vivado\2020.2\lib\win64.o\libboost_regex.dll
0x00007ff8ae090000 - 0x00007ff8ae0ae000 	D:\Xilinx\Vivado\2020.2\lib\win64.o\libboost_thread.dll
0x00007ff8ae100000 - 0x00007ff8ae10c000 	D:\Xilinx\Vivado\2020.2\lib\win64.o\libboost_xilinx.dll
0x00007ff886bf0000 - 0x00007ff886c95000 	D:\Xilinx\Vivado\2020.2\lib\win64.o\libhdxml.dll
0x00007ff868840000 - 0x00007ff8688c2000 	D:\Xilinx\Vivado\2020.2\lib\win64.o\libhdlpsolve.dll
0x00007ff8ae020000 - 0x00007ff8ae048000 	D:\Xilinx\Vivado\2020.2\lib\win64.o\libisl_sysinfo.dll
0x00007ff8ae000000 - 0x00007ff8ae01a000 	D:\Xilinx\Vivado\2020.2\lib\win64.o\pthreadVC2.dll
0x00007ff8655c0000 - 0x00007ff865625000 	D:\Xilinx\Vivado\2020.2\lib\win64.o\liblmx6.0.dll
0x00007ff8aada0000 - 0x00007ff8aadbc000 	D:\Xilinx\Vivado\2020.2\lib\win64.o\librdiconfig.dll
0x00007ff8b6ff0000 - 0x00007ff8b7045000 	C:\WINDOWS\System32\SHLWAPI.dll
0x00007ff89c360000 - 0x00007ff89c381000 	D:\Xilinx\Vivado\2020.2\lib\win64.o\librdizlib.dll
0x0000000012000000 - 0x0000000012270000 	D:\Xilinx\Vivado\2020.2\lib\win64.o\xerces-c_3_1.dll
0x00007ff899800000 - 0x00007ff899818000 	C:\WINDOWS\SYSTEM32\NETAPI32.dll
0x00007ff88bbe0000 - 0x00007ff88c0bd000 	C:\WINDOWS\SYSTEM32\WININET.dll
0x00007ff8a3cc0000 - 0x00007ff8a3dca000 	C:\WINDOWS\SYSTEM32\WINHTTP.dll
0x00007ff85b1b0000 - 0x00007ff85bfa2600 	D:\Xilinx\Vivado\2020.2\lib\win64.o\libisl_iostreams.dll
0x00007ff8a85b0000 - 0x00007ff8a879c000 	C:\WINDOWS\SYSTEM32\urlmon.dll
0x00007ff84d550000 - 0x00007ff84d82b000 	D:\Xilinx\Vivado\2020.2\lib\win64.o\libXil_lmgr11.dll
0x00007ff8b7570000 - 0x00007ff8b764a000 	C:\WINDOWS\System32\COMDLG32.dll
0x00007ff8b7aa0000 - 0x00007ff8b7df5000 	C:\WINDOWS\System32\combase.dll
0x00007ff8b7270000 - 0x00007ff8b731e000 	C:\WINDOWS\System32\shcore.dll
0x00007ff897e50000 - 0x00007ff897e59000 	C:\WINDOWS\SYSTEM32\WSOCK32.dll
0x00007ff89c330000 - 0x00007ff89c35d000 	C:\WINDOWS\SYSTEM32\VCOMP140.DLL
0x00007ff8b79d0000 - 0x00007ff8b7a9d000 	C:\WINDOWS\System32\OLEAUT32.dll
0x00007ff8b6de0000 - 0x00007ff8b6f0a000 	C:\WINDOWS\System32\ole32.dll
0x00007ff8b6210000 - 0x00007ff8b6270000 	C:\WINDOWS\System32\WINTRUST.dll
0x00007ff844b40000 - 0x00007ff846a57000 	D:\Xilinx\Vivado\2020.2\lib\win64.o\gurobi90.dll
0x00007ff8b5dc0000 - 0x00007ff8b5f1f000 	C:\WINDOWS\System32\CRYPT32.dll
0x00007ff8b7970000 - 0x00007ff8b79c6000 	C:\WINDOWS\System32\WLDAP32.dll
0x00007ff8b7440000 - 0x00007ff8b7448000 	C:\WINDOWS\System32\Normaliz.dll
0x00007ff8adf10000 - 0x00007ff8adf1c000 	D:\Xilinx\Vivado\2020.2\lib\win64.o\libboost_chrono.dll
0x00007ff8a8bf0000 - 0x00007ff8a8ea0000 	C:\WINDOWS\SYSTEM32\iertutil.dll
0x00007ff8a8580000 - 0x00007ff8a85a8000 	C:\WINDOWS\SYSTEM32\srvcli.dll
0x00007ff89c610000 - 0x00007ff89c626000 	D:\Xilinx\Vivado\2020.2\lib\win64.o\libboost_iostreams.dll
0x00007ff89bd30000 - 0x00007ff89bd53000 	D:\Xilinx\Vivado\2020.2\lib\win64.o\libisl_iosutils.dll
0x00007ff8b4970000 - 0x00007ff8b497c000 	C:\WINDOWS\SYSTEM32\netutils.dll
0x00007ff89d1b0000 - 0x00007ff89d260000 	C:\WINDOWS\WinSxS\amd64_microsoft.windows.common-controls_6595b64144ccf1df_5.82.19041.1110_none_792d1c772443f647\COMCTL32.dll
0x00007ff8ad340000 - 0x00007ff8ad35d000 	C:\WINDOWS\SYSTEM32\dhcpcsvc.DLL
0x00007ff8b4b60000 - 0x00007ff8b4bca000 	C:\WINDOWS\SYSTEM32\MSWSOCK.DLL
0x00007ff8b6d50000 - 0x00007ff8b6d80000 	C:\WINDOWS\System32\IMM32.DLL
0x00007ff8b5250000 - 0x00007ff8b5262000 	C:\WINDOWS\SYSTEM32\MSASN1.dll
0x00007ff8b3ce0000 - 0x00007ff8b3cf2000 	C:\WINDOWS\SYSTEM32\kernel.appcore.dll
0x00007ff84be90000 - 0x00007ff84c3b2000 	D:\Xilinx\Vivado\2020.2\lib\win64.o\librdi_commontasks.dll
0x00007ff8b2750000 - 0x00007ff8b275a000 	C:\WINDOWS\SYSTEM32\VERSION.dll
0x00007ff848e90000 - 0x00007ff8499b3000 	D:\Xilinx\Vivado\2020.2\tps\win64\jre11.0.2\bin\server\jvm.dll
0x00007ff8b7050000 - 0x00007ff8b7058000 	C:\WINDOWS\System32\PSAPI.DLL
0x00007ff84d270000 - 0x00007ff84d545000 	D:\Xilinx\Vivado\2020.2\lib\win64.o\librdi_sio.dll
0x00007ff8a3dd0000 - 0x00007ff8a3df7000 	C:\WINDOWS\SYSTEM32\WINMM.dll
0x00007ff8b4860000 - 0x00007ff8b489b000 	C:\WINDOWS\SYSTEM32\IPHLPAPI.DLL
0x00007ff8b2c60000 - 0x00007ff8b33f1000 	C:\WINDOWS\SYSTEM32\windows.storage.dll
0x00007ff8b4e10000 - 0x00007ff8b4e3c000 	C:\WINDOWS\SYSTEM32\Wldp.dll
0x00007ff83ecb0000 - 0x00007ff84176e000 	D:\Xilinx\Vivado\2020.2\lib\win64.o\librdi_tcltasks.dll
0x00007ff8631a0000 - 0x00007ff86321e000 	D:\Xilinx\Vivado\2020.2\lib\win64.o\librdi_boarddep.dll
0x00007ff860710000 - 0x00007ff8608c3000 	D:\Xilinx\Vivado\2020.2\lib\win64.o\librdi_board.dll
0x00007ff860200000 - 0x00007ff8602f6000 	D:\Xilinx\Vivado\2020.2\lib\win64.o\librdi_chipscope.dll
0x00007ff84b9e0000 - 0x00007ff84be86000 	D:\Xilinx\Vivado\2020.2\lib\win64.o\librdi_bitstream.dll
0x00007ff85afc0000 - 0x00007ff85b1aa000 	D:\Xilinx\Vivado\2020.2\lib\win64.o\librdi_chipscopeimpl.dll
0x00007ff84ddb0000 - 0x00007ff84df11000 	D:\Xilinx\Vivado\2020.2\lib\win64.o\librdi_containers.dll
0x00007ff83ce80000 - 0x00007ff83ecac000 	D:\Xilinx\Vivado\2020.2\lib\win64.o\librdi_constraints.dll
0x00007ff84ab00000 - 0x00007ff84b218000 	D:\Xilinx\Vivado\2020.2\lib\win64.o\librdi_coregenipxact.dll
0x00007ff83aac0000 - 0x00007ff83ce7d000 	D:\Xilinx\Vivado\2020.2\lib\win64.o\librdi_coregen.dll
0x00007ff84b430000 - 0x00007ff84b798000 	D:\Xilinx\Vivado\2020.2\lib\win64.o\librdi_dlyest.dll
0x00007ff846e80000 - 0x00007ff8474dd000 	D:\Xilinx\Vivado\2020.2\lib\win64.o\librdi_drc.dll
0x00007ff860140000 - 0x00007ff8601f3000 	D:\Xilinx\Vivado\2020.2\lib\win64.o\librdi_dsp.dll
0x00007ff844470000 - 0x00007ff844b32000 	D:\Xilinx\Vivado\2020.2\lib\win64.o\librdi_filemgmt.dll
0x00007ff84a7e0000 - 0x00007ff84aafd000 	D:\Xilinx\Vivado\2020.2\lib\win64.o\librdi_guitools.dll
0x00007ff863130000 - 0x00007ff86319b000 	D:\Xilinx\Vivado\2020.2\lib\win64.o\librdi_hdf.dll
0x00007ff846c00000 - 0x00007ff846e77000 	D:\Xilinx\Vivado\2020.2\lib\win64.o\librdi_hip_devdesign.dll
0x00007ff84b2e0000 - 0x00007ff84b427000 	D:\Xilinx\Vivado\2020.2\lib\win64.o\librdi_hip_perf_analysis.dll
0x00007fffc7dd0000 - 0x00007fffe03af000 	D:\Xilinx\Vivado\2020.2\lib\win64.o\librdi_device.dll
0x00007ff832290000 - 0x00007ff833e64000 	D:\Xilinx\Vivado\2020.2\lib\win64.o\librdi_implflow.dll
0x00007ff843e20000 - 0x00007ff84446c000 	D:\Xilinx\Vivado\2020.2\lib\win64.o\librdi_memdata.dll
0x00007ff84dd30000 - 0x00007ff84dda2000 	D:\Xilinx\Vivado\2020.2\lib\win64.o\librdi_memoryarray.dll
0x00007ff8998d0000 - 0x00007ff899924000 	D:\Xilinx\Vivado\2020.2\lib\win64.o\librdi_pfi.dll
0x00007ff842860000 - 0x00007ff842f8c000 	D:\Xilinx\Vivado\2020.2\lib\win64.o\librdi_netlist.dll
0x00007ff8424c0000 - 0x00007ff84285e000 	D:\Xilinx\Vivado\2020.2\lib\win64.o\librdi_platform.dll
0x00007ff841ca0000 - 0x00007ff8424b7000 	D:\Xilinx\Vivado\2020.2\lib\win64.o\librdi_power.dll
0x00007ff827b00000 - 0x00007ff82ad07000 	D:\Xilinx\Vivado\2020.2\lib\win64.o\librdi_place.dll
0x00007ff82fe40000 - 0x00007ff832284000 	D:\Xilinx\Vivado\2020.2\lib\win64.o\librdi_mig.dll
0x00007ff838d50000 - 0x00007ff83aab1000 	D:\Xilinx\Vivado\2020.2\lib\win64.o\librdi_designutils.dll
0x00007ff8386d0000 - 0x00007ff838d44000 	D:\Xilinx\Vivado\2020.2\lib\win64.o\librdi_project.dll
0x00007ff82f710000 - 0x00007ff82fe32000 	D:\Xilinx\Vivado\2020.2\lib\win64.o\librdi_psta.dll
0x00007ff82ef00000 - 0x00007ff82f70c000 	D:\Xilinx\Vivado\2020.2\lib\win64.o\librdi_rsb.dll
0x00007ff8381a0000 - 0x00007ff8386cb000 	D:\Xilinx\Vivado\2020.2\lib\win64.o\librdi_runs.dll
0x00007ff84d160000 - 0x00007ff84d269000 	D:\Xilinx\Vivado\2020.2\lib\win64.o\librdi_runsbase.dll
0x00007ff841a20000 - 0x00007ff841c94000 	D:\Xilinx\Vivado\2020.2\lib\win64.o\librdi_simdata.dll
0x00007ff84b930000 - 0x00007ff84b9d7000 	D:\Xilinx\Vivado\2020.2\lib\win64.o\librdi_xhubtasks.dll
0x00007ff82d210000 - 0x00007ff82e191000 	D:\Xilinx\Vivado\2020.2\lib\win64.o\librdi_timing.dll
0x00007ff841830000 - 0x00007ff841a1b000 	D:\Xilinx\Vivado\2020.2\lib\win64.o\librdi_advchipscopeimpl.dll
0x00007ff868760000 - 0x00007ff8687a7000 	D:\Xilinx\Vivado\2020.2\lib\win64.o\libboost_serialization.dll
0x00007ff846b10000 - 0x00007ff846bfb000 	D:\Xilinx\Vivado\2020.2\lib\win64.o\librdi_ipconfig_readwrite.dll
0x00007ff862c60000 - 0x00007ff862cca000 	D:\Xilinx\Vivado\2020.2\lib\win64.o\librdi_noc_frameworks.dll
0x00007ff865570000 - 0x00007ff8655b6000 	D:\Xilinx\Vivado\2020.2\lib\win64.o\libboost_graph.dll
0x00007ff848ca0000 - 0x00007ff848d66000 	D:\Xilinx\Vivado\2020.2\lib\win64.o\librdi_bda.dll
0x00007ff848d70000 - 0x00007ff848e86000 	D:\Xilinx\Vivado\2020.2\lib\win64.o\librdi_xhub.dll
0x00007ff843d80000 - 0x00007ff843e1e000 	D:\Xilinx\Vivado\2020.2\lib\win64.o\libise.dll
0x00007ff82c6b0000 - 0x00007ff82d206000 	D:\Xilinx\Vivado\2020.2\lib\win64.o\libverific.dll

dbghelp: loaded successfully - version: 4.0.5 - missing functions: none
symbol engine: initialized successfully - sym options: 0x614 - pdb path: .;D:\Xilinx\Vivado\2020.2\bin\unwrapped\win64.o;C:\WINDOWS\SYSTEM32;D:\Xilinx\Vivado\2020.2\lib\win64.o;C:\WINDOWS\WinSxS\amd64_microsoft.windows.common-controls_6595b64144ccf1df_5.82.19041.1110_none_792d1c772443f647;D:\Xilinx\Vivado\2020.2\tps\win64\jre11.0.2\bin\server;D:\Xilinx\Vivado\2020.2\tps\win64\python-3.8.3;D:\Xilinx\Vivado\2020.2\tps\win64\jre11.0.2\bin;C:\Program Files (x86)\RivaTuner Statistics Server;C:\WINDOWS\WinSxS\amd64_microsoft.windows.common-controls_6595b64144ccf1df_6.0.19041.1110_none_60b5254171f9507e

VM Arguments:
jvm_args: -Dsun.java2d.pmoffscreen=false -Dhttps.protocols=TLSv1,TLSv1.1,TLSv1.2 -Dsun.java2d.xrender=false -Dsun.java2d.d3d=false -Dsun.awt.nopixfmt=true -Dsun.java2d.dpiaware=true -Dsun.java2d.uiScale.enabled=false -Xverify:none -Dswing.aatext=true -XX:-UsePerfData -Djdk.map.althashing.threshold=512 -XX:StringTableSize=4072 --add-opens=java.base/java.nio=ALL-UNNAMED --add-opens=java.desktop/sun.swing=ALL-UNNAMED --add-opens=java.desktop/javax.swing=ALL-UNNAMED --add-opens=java.desktop/javax.swing.tree=ALL-UNNAMED --add-opens=java.desktop/javax.swing.plaf.basic=ALL-UNNAMED --add-opens=java.desktop/javax.swing.plaf.synth=ALL-UNNAMED --add-opens=java.desktop/com.sun.awt=ALL-UNNAMED -XX:NewSize=60m -XX:MaxNewSize=60m -Xms128m -Xmx3072m -Xss5m 
java_command: <unknown>
java_class_path (initial): D:/Xilinx/Vivado/2020.2\lib\classes\alloy.jar;D:/Xilinx/Vivado/2020.2\lib\classes\ArchiveSummary.jar;D:/Xilinx/Vivado/2020.2\lib\classes\autoesl-models.jar;D:/Xilinx/Vivado/2020.2\lib\classes\autopilot.scelaborator.jar;D:/Xilinx/Vivado/2020.2\lib\classes\autopilot.sourceprocessor.jar;D:/Xilinx/Vivado/2020.2\lib\classes\autopilot.tbprocessor.jar;D:/Xilinx/Vivado/2020.2\lib\classes\batik-anim.jar;D:/Xilinx/Vivado/2020.2\lib\classes\batik-awt-util.jar;D:/Xilinx/Vivado/2020.2\lib\classes\batik-bridge.jar;D:/Xilinx/Vivado/2020.2\lib\classes\batik-codec.jar;D:/Xilinx/Vivado/2020.2\lib\classes\batik-css.jar;D:/Xilinx/Vivado/2020.2\lib\classes\batik-dom.jar;D:/Xilinx/Vivado/2020.2\lib\classes\batik-ext.jar;D:/Xilinx/Vivado/2020.2\lib\classes\batik-gui-util.jar;D:/Xilinx/Vivado/2020.2\lib\classes\batik-gvt.jar;D:/Xilinx/Vivado/2020.2\lib\classes\batik-parser.jar;D:/Xilinx/Vivado/2020.2\lib\classes\batik-script.jar;D:/Xilinx/Vivado/2020.2\lib\classes\batik-svg-dom.jar;D:/Xilinx/Vivado/2020.2\lib\classes\batik-swing.jar;D:/Xilinx/Vivado/2020.2\lib\classes\batik-transcoder.jar;D:/Xilinx/Vivado/2020.2\lib\classes\batik-util.jar;D:/Xilinx/Vivado/2020.2\lib\classes\batik-xml.jar;D:/Xilinx/Vivado/2020.2\lib\classes\com.google.gson_2.8.2.v20180104-1110.jar;D:/Xilinx/Vivado/2020.2\lib\classes\com.google.guava_27.1.0.v20190517-1946.jar;D:/Xilinx/Vivado/2020.2\lib\classes\com.ibm.icu_4.4.2.v20110208.jar;D:/Xilinx/Vivado/2020.2\lib\classes\com.sigasi.hdt.connection_4.9.0.202009050929.jar;D:/Xilinx/Vivado/2020.2\lib\classes\com.sigasi.hdt.epl_4.9.0.202009050929.jar;D:/Xilinx/Vivado/2020.2\lib\classes\com.sigasi.hdt.project_4.9.0.202009050929.jar;D:/Xilinx/Vivado/2020.2\lib\classes\com.sigasi.hdt.readonlyfilesystem_4.9.0.202009050929.jar;D:/Xilinx/Vivado/2020.2\lib\classes\com.sigasi.lcm_4.9.0.202009050929.jar;D:/Xilinx/Vivado/2020.2\lib\classes\com.sigasi.sdk.client_4.9.0.202009050929.jar;D:/Xilinx/Vivado/2020.2\lib\classes\com.xilinx.hls.services.jar;D:/Xili
Launcher Type: generic

[Global flags]
     bool BytecodeVerificationLocal                = false                                     {product} {command line}
     bool BytecodeVerificationRemote               = false                                     {product} {command line}
     intx CICompilerCount                          = 4                                         {product} {ergonomic}
     uint ConcGCThreads                            = 2                                         {product} {ergonomic}
     uint G1ConcRefinementThreads                  = 8                                         {product} {ergonomic}
   size_t G1HeapRegionSize                         = 1048576                                   {product} {ergonomic}
    uintx GCDrainStackTargetSize                   = 64                                        {product} {ergonomic}
   size_t InitialHeapSize                          = 134217728                                 {product} {command line}
   size_t MarkStackSize                            = 4194304                                   {product} {ergonomic}
   size_t MaxHeapSize                              = 3221225472                                {product} {command line}
   size_t MaxNewSize                               = 62914560                                  {product} {command line}
   size_t MinHeapDeltaBytes                        = 1048576                                   {product} {ergonomic}
   size_t NewSize                                  = 62914560                                  {product} {command line}
    uintx NonNMethodCodeHeapSize                   = 5835340                                {pd product} {ergonomic}
    uintx NonProfiledCodeHeapSize                  = 122911450                              {pd product} {ergonomic}
    uintx ProfiledCodeHeapSize                     = 122911450                              {pd product} {ergonomic}
    uintx ReservedCodeCacheSize                    = 251658240                              {pd product} {ergonomic}
     bool SegmentedCodeCache                       = true                                      {product} {ergonomic}
    uintx StringTableSize                          = 4072                                      {product} {command line}
     intx ThreadStackSize                          = 5120                                   {pd product} {command line}
     bool UseCompressedClassPointers               = true                                 {lp64_product} {ergonomic}
     bool UseCompressedOops                        = true                                 {lp64_product} {ergonomic}
     bool UseG1GC                                  = true                                      {product} {ergonomic}
     bool UseLargePagesIndividualAllocation        = false                                  {pd product} {ergonomic}
     bool UsePerfData                              = false                                     {product} {command line}

Logging:
Log output configuration:
 #0: stdout all=warning uptime,level,tags
 #1: stderr all=off uptime,level,tags

Environment Variables:
PATH=D:/Xilinx/Vivado/2020.2\gnuwin\bin;D:/Xilinx/Vivado/2020.2\gnu\microblaze\nt\bin;D:/Xilinx/Vivado/2020.2/bin;D:/Xilinx/Vivado/2020.2/tps/win64/javafx-sdk-11.0.2/lib;D:/Xilinx/Vivado/2020.2/tps/win64/javafx-sdk-11.0.2/bin;D:/Xilinx/Vivado/2020.2/lib/win64.o;D:/Xilinx/Vivado/2020.2/tps/win64/jre11.0.2/bin/server;D:/Xilinx/Vivado/2020.2/tps/win64/jre11.0.2/bin;D:/Xilinx/Vivado/2020.2/ids_lite/ISE/bin/nt64;D:/Xilinx/Vivado/2020.2/ids_lite/ISE/lib/nt64;D:/Xilinx/Vitis_HLS/2020.2/bin;C:\Program Files (x86)\Common Files\Oracle\Java\javapath;C:\Program Files (x86)\Intel\Intel(R) Management Engine Components\iCLS\;C:\Program Files\Intel\Intel(R) Management Engine Components\iCLS\;C:\Windows\system32;C:\Windows;C:\Windows\System32\Wbem;C:\Windows\System32\WindowsPowerShell\v1.0\;C:\Windows\System32\OpenSSH\;C:\Program Files (x86)\Intel\Intel(R) Management Engine Components\DAL;C:\Program Files\Intel\Intel(R) Management Engine Components\DAL;C:\Program Files (x86)\Intel\Intel(R) Management Engine Components\IPT;C:\Program Files\Intel\Intel(R) Management Engine Components\IPT;C:\Program Files (x86)\NVIDIA Corporation\PhysX\Common;C:\Program Files\NVIDIA Corporation\NVIDIA NvDLISR;C:\Program Files\Git\cmd;C:\Program Files\PuTTY\;C:\Users\mithi\AppData\Local\Programs\Python\Python39\Scripts\;C:\Users\mithi\AppData\Local\Programs\Python\Python39\;C:\Users\mithi\AppData\Local\Microsoft\WindowsApps;C:\Users\mithi\AppData\Local\GitHubDesktop\bin;D:/Xilinx/Vivado/2020.2\tps\mingw\6.2.0\win64.o\nt\bin;D:/Xilinx/Vivado/2020.2\tps\mingw\6.2.0\win64.o\nt\libexec\gcc\x86_64-w64-mingw32\6.2.0;D:/Xilinx/Vivado/2020.2\tps\win64\python-3.8.3;D:/Xilinx/Vivado/2020.2\tps\win64\python-3.8.3\bin;D:/Xilinx/Vivado/2020.2\tps\win64\python-3.8.3\lib;D:/Xilinx/Vivado/2020.2\tps\win64\python-3.8.3\lib\site-packages
USERNAME=mithi
OS=Windows_NT
PROCESSOR_IDENTIFIER=Intel64 Family 6 Model 158 Stepping 9, GenuineIntel



---------------  S Y S T E M  ---------------

OS: Windows 10 , 64 bit Build 19041 (10.0.19041.1023)

CPU:total 8 (initial active 8) (4 cores per cpu, 2 threads per core) family 6 model 158 stepping 9, cmov, cx8, fxsr, mmx, sse, sse2, sse3, ssse3, sse4.1, sse4.2, popcnt, avx, avx2, aes, clmul, erms, 3dnowpref, lzcnt, ht, tsc, tscinvbit, bmi1, bmi2, adx, fma

Memory: 4k page, system-wide physical 16244M (7047M free)
TotalPageFile size 32628M (AvailPageFile size 15776M)
current process WorkingSet (physical memory assigned to process): 673M, peak: 965M
current process commit charge ("private bytes"): 911M, peak: 996M

vm_info: OpenJDK 64-Bit Server VM (11.0.2+9) for windows-amd64 JRE (11.0.2+9), built on Jan 18 2019 05:23:22 by "mach5one" with MS VC++ 15.5 (VS2017)

END.
