#
# A fatal error has been detected by the Java Runtime Environment:
#
#  EXCEPTION_ACCESS_VIOLATION (0xc0000005) at pc=0x00007ff94e572745, pid=15388, tid=18044
#
# JRE version: OpenJDK Runtime Environment (11.0.2+9) (build 11.0.2+9)
# Java VM: OpenJDK 64-Bit Server VM (11.0.2+9, mixed mode, tiered, compressed oops, g1 gc, windows-amd64)
# Problematic frame:
# C  [librdi_common.dll+0x192745]
#
# No core dump will be written. Minidumps are not enabled by default on client versions of Windows
#
# If you would like to submit a bug report, please visit:
#   http://bugreport.java.com/bugreport/crash.jsp
# The crash happened outside the Java Virtual Machine in native code.
# See problematic frame for where to report the bug.
#

---------------  S U M M A R Y ------------

Command Line: -Dsun.java2d.pmoffscreen=false -Dhttps.protocols=TLSv1,TLSv1.1,TLSv1.2 -Dsun.java2d.xrender=false -Dsun.java2d.d3d=false -Dsun.awt.nopixfmt=true -Dsun.java2d.dpiaware=true -Dsun.java2d.uiScale.enabled=false -Xverify:none -Dswing.aatext=true -XX:-UsePerfData -Djdk.map.althashing.threshold=512 -XX:StringTableSize=4072 --add-opens=java.base/java.nio=ALL-UNNAMED --add-opens=java.desktop/sun.swing=ALL-UNNAMED --add-opens=java.desktop/javax.swing=ALL-UNNAMED --add-opens=java.desktop/javax.swing.tree=ALL-UNNAMED --add-opens=java.desktop/javax.swing.plaf.basic=ALL-UNNAMED --add-opens=java.desktop/javax.swing.plaf.synth=ALL-UNNAMED --add-opens=java.desktop/com.sun.awt=ALL-UNNAMED -XX:NewSize=60m -XX:MaxNewSize=60m -Xms128m -Xmx3072m -Xss5m 

Host: Intel(R) Core(TM) i7-7700HQ CPU @ 2.80GHz, 8 cores, 15G,  Windows 10 , 64 bit Build 19041 (10.0.19041.1023)
Time: Sat Jun 19 02:45:34 2021 Central Daylight Time elapsed time: 1786 seconds (0d 0h 29m 46s)

---------------  T H R E A D  ---------------

Current thread (0x0000026f053a1800):  JavaThread "AWT-EventQueue-0" [_thread_in_native, id=18044, stack(0x00000091b3c00000,0x00000091b4100000)]

Stack: [0x00000091b3c00000,0x00000091b4100000],  sp=0x00000091b40fa8e0,  free space=5098k
Native frames: (J=compiled Java code, j=interpreted, Vv=VM code, C=native code)
C  [librdi_common.dll+0x192745]
C  [librdi_common.dll+0x187998]
C  [librdi_common.dll+0x15073d]
C  0x00007ff915023750
C  0x00007ff9150a7ebd
C  0x00007ff9150b00ab
C  0x00007ff91508159a
C  0x00007ff9150bea98
C  0x0000026f16a2aa2d

Java frames: (J=compiled Java code, j=interpreted, Vv=VM code)
J 23565  ui.views.waveform.waveformi.WVExecutive_getTooltipTextDelayed(J)Ljava/lang/String; (0 bytes) @ 0x0000026f16a2a991 [0x0000026f16a2a940+0x0000000000000051]
J 23560 c1 ui.views.waveform.b.a.ca(Ljava/awt/event/MouseEvent;)V (135 bytes) @ 0x0000026f108f798c [0x0000026f108f7420+0x000000000000056c]
J 23505 c1 ui.views.waveform.b.a.mouseMoved(Ljava/awt/event/MouseEvent;)V (32 bytes) @ 0x0000026f1066678c [0x0000026f106662a0+0x00000000000004ec]
J 19108 c2 java.awt.AWTEventMulticaster.mouseMoved(Ljava/awt/event/MouseEvent;)V java.desktop@11.0.2 (27 bytes) @ 0x0000026f16765474 [0x0000026f167653c0+0x00000000000000b4]
J 22673 c2 javax.swing.JComponent.processMouseMotionEvent(Ljava/awt/event/MouseEvent;)V java.desktop@11.0.2 (46 bytes) @ 0x0000026f1636e6dc [0x0000026f1636e600+0x00000000000000dc]
J 23186 c1 ui.frmwork.b.j.processMouseMotionEvent(Ljava/awt/event/MouseEvent;)V (131 bytes) @ 0x0000026f0e1dd34c [0x0000026f0e1dc680+0x0000000000000ccc]
J 13122 c2 java.awt.Container.processEvent(Ljava/awt/AWTEvent;)V java.desktop@11.0.2 (22 bytes) @ 0x0000026f15de98d8 [0x0000026f15de9720+0x00000000000001b8]
J 23031 c2 java.awt.Component.dispatchEventImpl(Ljava/awt/AWTEvent;)V java.desktop@11.0.2 (777 bytes) @ 0x0000026f16793cbc [0x0000026f167934a0+0x000000000000081c]
J 23281 c2 java.awt.Container.dispatchEventImpl(Ljava/awt/AWTEvent;)V java.desktop@11.0.2 (129 bytes) @ 0x0000026f1651e9a0 [0x0000026f1651e920+0x0000000000000080]
J 23101 c2 java.awt.LightweightDispatcher.retargetMouseEvent(Ljava/awt/Component;ILjava/awt/event/MouseEvent;)V java.desktop@11.0.2 (372 bytes) @ 0x0000026f167d248c [0x0000026f167d1ee0+0x00000000000005ac]
J 23179 c2 java.awt.LightweightDispatcher.processMouseEvent(Ljava/awt/event/MouseEvent;)Z java.desktop@11.0.2 (265 bytes) @ 0x0000026f167f63e4 [0x0000026f167f5fc0+0x0000000000000424]
J 23281 c2 java.awt.Container.dispatchEventImpl(Ljava/awt/AWTEvent;)V java.desktop@11.0.2 (129 bytes) @ 0x0000026f1651edd4 [0x0000026f1651e920+0x00000000000004b4]
J 18228 c2 java.awt.Window.dispatchEventImpl(Ljava/awt/AWTEvent;)V java.desktop@11.0.2 (23 bytes) @ 0x0000026f15e22e0c [0x0000026f15e22dc0+0x000000000000004c]
J 14347 c2 java.awt.EventQueue$4.run()Ljava/lang/Object; java.desktop@11.0.2 (5 bytes) @ 0x0000026f15f7af60 [0x0000026f15f7aa60+0x0000000000000500]
v  ~StubRoutines::call_stub
J 4274  java.security.AccessController.doPrivileged(Ljava/security/PrivilegedAction;Ljava/security/AccessControlContext;)Ljava/lang/Object; java.base@11.0.2 (0 bytes) @ 0x0000026f156bb036 [0x0000026f156bafc0+0x0000000000000076]
J 17345 c2 java.awt.EventQueue$5.run()Ljava/lang/Object; java.desktop@11.0.2 (5 bytes) @ 0x0000026f163d32f4 [0x0000026f163d3080+0x0000000000000274]
v  ~StubRoutines::call_stub
J 4274  java.security.AccessController.doPrivileged(Ljava/security/PrivilegedAction;Ljava/security/AccessControlContext;)Ljava/lang/Object; java.base@11.0.2 (0 bytes) @ 0x0000026f156bb036 [0x0000026f156bafc0+0x0000000000000076]
J 14346 c2 java.awt.EventQueue.dispatchEvent(Ljava/awt/AWTEvent;)V java.desktop@11.0.2 (80 bytes) @ 0x0000026f15f79c68 [0x0000026f15f798c0+0x00000000000003a8]
J 23180 c2 ui.frmwork.a.d.dispatchEvent(Ljava/awt/AWTEvent;)V (42 bytes) @ 0x0000026f167e5f94 [0x0000026f167e5f20+0x0000000000000074]
J 21504% c2 java.awt.EventDispatchThread.pumpEventsForFilter(ILjava/awt/Conditional;Ljava/awt/EventFilter;)V java.desktop@11.0.2 (47 bytes) @ 0x0000026f15d63384 [0x0000026f15d631c0+0x00000000000001c4]
j  java.awt.EventDispatchThread.pumpEventsForHierarchy(ILjava/awt/Conditional;Ljava/awt/Component;)V+11 java.desktop@11.0.2
j  java.awt.EventDispatchThread.pumpEvents(ILjava/awt/Conditional;)V+4 java.desktop@11.0.2
j  java.awt.EventDispatchThread.pumpEvents(Ljava/awt/Conditional;)V+3 java.desktop@11.0.2
j  java.awt.EventDispatchThread.run()V+9 java.desktop@11.0.2
v  ~StubRoutines::call_stub

siginfo: EXCEPTION_ACCESS_VIOLATION (0xc0000005), reading address 0xffffffffffffffff


Register to memory mapping:

RIP=0x00007ff94e572745 librdi_common.dll
RAX=0x0000026f5f70e701 points into unknown readable memory: 00 00 00 00 00 00 00
RBX=0x90007500f9e82ece is an unknown value
RCX=0x0000026f5f70e7d0 points into unknown readable memory: 40 cc 72 5f 6f 02 00 00
RDX=0x90007500f9e82ece is an unknown value
RSP=0x00000091b40fa8e0 is pointing into the stack for thread: 0x0000026f053a1800
RBP=0x00000091b40faa10 is pointing into the stack for thread: 0x0000026f053a1800
RSI=0x0000026f32d53270 points into unknown readable memory: b8 e1 26 15 f9 7f 00 00
RDI=0x00000091b40faca8 is pointing into the stack for thread: 0x0000026f053a1800
R8 =0x00000091b40fab28 is pointing into the stack for thread: 0x0000026f053a1800
R9 =0x0 is NULL
R10=0x0000026f2deaa2c8 points into unknown readable memory: 52 49 53 56 00 59 27 29
R11=0x0000026f39bcb898 points into unknown readable memory: 52 49 53 56 00 00 00 00
R12=0x0 is NULL
R13=0x00000091b40fab28 is pointing into the stack for thread: 0x0000026f053a1800
R14=0x0000026f60290c30 points into unknown readable memory: 90 b4 8c 5b 6f 02 00 00
R15=0x90007500f9e82ece is an unknown value


Registers:
RAX=0x0000026f5f70e701, RBX=0x90007500f9e82ece, RCX=0x0000026f5f70e7d0, RDX=0x90007500f9e82ece
RSP=0x00000091b40fa8e0, RBP=0x00000091b40faa10, RSI=0x0000026f32d53270, RDI=0x00000091b40faca8
R8 =0x00000091b40fab28, R9 =0x0000000000000000, R10=0x0000026f2deaa2c8, R11=0x0000026f39bcb898
R12=0x0000000000000000, R13=0x00000091b40fab28, R14=0x0000026f60290c30, R15=0x90007500f9e82ece
RIP=0x00007ff94e572745, EFLAGS=0x0000000000010202

Top of Stack: (sp=0x00000091b40fa8e0)
0x00000091b40fa8e0:   00000000000000a8 00007ff900000000
0x00000091b40fa8f0:   00000091b40fab70 90007500f9e82ece
0x00000091b40fa900:   90007500f9e82ece 00007ff94e567998
0x00000091b40fa910:   0000000000000000 0000000000000000
0x00000091b40fa920:   0000000000000000 0000026f39bcb908
0x00000091b40fa930:   0000000000000000 00007ff9caacfde6
0x00000091b40fa940:   0000000000000000 0000000000000018
0x00000091b40fa950:   00000091b40faa9b 0000026f39bcb8b8
0x00000091b40fa960:   00007ff94f492e20 00007ff9aded2f97
0x00000091b40fa970:   0000000000000000 00007ff915043712
0x00000091b40fa980:   0000000000000000 fffffffffffffffe
0x00000091b40fa990:   0000000000000000 00007ff9aded322f
0x00000091b40fa9a0:   0000e5dc4cdb8cd7 00007ff9aded3168
0x00000091b40fa9b0:   0000026f3581fff0 0000026f39bcb870
0x00000091b40fa9c0:   0000026f39bcb870 00007ff94e5d24ce
0x00000091b40fa9d0:   0000026f39bcb908 00007ff94e5d1908 

Instructions: (pc=0x00007ff94e572745)
0x00007ff94e572725:   20 48 8b d9 e8 b2 cc 04 00 48 8b c8 48 8b d3 e8
0x00007ff94e572735:   27 0f 05 00 84 c0 75 08 33 c0 48 83 c4 20 5b c3
0x00007ff94e572745:   48 8b 4b 50 48 85 c9 74 0a 48 83 c4 20 5b e9 28
0x00007ff94e572755:   e9 04 00 48 8b d3 48 8d 0d 66 6a 8f 00 e8 f9 c7 


Stack slot to memory mapping:
stack at sp + 0 slots: 0x00000000000000a8 is an unknown value
stack at sp + 1 slots: 0x00007ff900000000 is an unknown value
stack at sp + 2 slots: 0x00000091b40fab70 is pointing into the stack for thread: 0x0000026f053a1800
stack at sp + 3 slots: 0x90007500f9e82ece is an unknown value
stack at sp + 4 slots: 0x90007500f9e82ece is an unknown value
stack at sp + 5 slots: 0x00007ff94e567998 librdi_common.dll
stack at sp + 6 slots: 0x0 is NULL
stack at sp + 7 slots: 0x0 is NULL


---------------  P R O C E S S  ---------------

Threads class SMR info:
_java_thread_list=0x0000026f391a00c0, length=42, elements={
0x0000026f34514800, 0x0000026f60446800, 0x0000026f37752800, 0x0000026f377f5800,
0x0000026f377f6800, 0x0000026f377f7000, 0x0000026f03f0c800, 0x0000026f03cd0800,
0x0000026f05426800, 0x0000026f05428800, 0x0000026f27498800, 0x0000026f27261000,
0x0000026f053cb800, 0x0000026f28cce000, 0x0000026f053a1800, 0x0000026f28af7000,
0x0000026f288d8000, 0x0000026f28db2800, 0x0000026f27292800, 0x0000026f27299800,
0x0000026f27295000, 0x0000026f27296000, 0x0000026f27293800, 0x0000026f29041800,
0x0000026f2903e000, 0x0000026f2903f800, 0x0000026f29040800, 0x0000026f29042000,
0x0000026f2903c800, 0x0000026f29045800, 0x0000026f29046000, 0x0000026f29047000,
0x0000026f29044800, 0x0000026f2903f000, 0x0000026f2904b000, 0x0000026f27298800,
0x0000026f29049800, 0x0000026f27297000, 0x0000026f2904a800, 0x0000026f39290800,
0x0000026f3928e000, 0x0000026f3928d000
}

Java Threads: ( => current thread )
  0x0000026f34514800 JavaThread "main" [_thread_blocked, id=13440, stack(0x00000091af400000,0x00000091af500000)]
  0x0000026f60446800 JavaThread "Reference Handler" daemon [_thread_blocked, id=4248, stack(0x00000091afb00000,0x00000091b0000000)]
  0x0000026f37752800 JavaThread "Finalizer" daemon [_thread_blocked, id=13656, stack(0x00000091b0000000,0x00000091b0500000)]
  0x0000026f377f5800 JavaThread "Signal Dispatcher" daemon [_thread_blocked, id=4168, stack(0x00000091b0500000,0x00000091b0a00000)]
  0x0000026f377f6800 JavaThread "Attach Listener" daemon [_thread_blocked, id=14872, stack(0x00000091b0a00000,0x00000091b0f00000)]
  0x0000026f377f7000 JavaThread "C2 CompilerThread0" daemon [_thread_blocked, id=15856, stack(0x00000091b0f00000,0x00000091b1000000)]
  0x0000026f03f0c800 JavaThread "C1 CompilerThread0" daemon [_thread_blocked, id=14168, stack(0x00000091b1000000,0x00000091b1100000)]
  0x0000026f03cd0800 JavaThread "Sweeper thread" daemon [_thread_blocked, id=7188, stack(0x00000091b1100000,0x00000091b1600000)]
  0x0000026f05426800 JavaThread "Common-Cleaner" daemon [_thread_blocked, id=13640, stack(0x00000091b1600000,0x00000091b1b00000)]
  0x0000026f05428800 JavaThread "Service Thread" daemon [_thread_blocked, id=19344, stack(0x00000091b1b00000,0x00000091b2000000)]
  0x0000026f27498800 JavaThread "Java2D Disposer" daemon [_thread_blocked, id=13660, stack(0x00000091b2100000,0x00000091b2600000)]
  0x0000026f27261000 JavaThread "AWT-Windows" daemon [_thread_in_native, id=7716, stack(0x00000091b2b00000,0x00000091b3000000)]
  0x0000026f053cb800 JavaThread "TimerQueue" daemon [_thread_blocked, id=6492, stack(0x00000091b2600000,0x00000091b2b00000)]
  0x0000026f28cce000 JavaThread "AWT-Shutdown" [_thread_blocked, id=13584, stack(0x00000091b3700000,0x00000091b3c00000)]
=>0x0000026f053a1800 JavaThread "AWT-EventQueue-0" [_thread_in_native, id=18044, stack(0x00000091b3c00000,0x00000091b4100000)]
  0x0000026f28af7000 JavaThread "Thread-1" [_thread_in_native, id=3464, stack(0x00000091ade00000,0x00000091af200000)]
  0x0000026f288d8000 JavaThread "Process Messages Thread" [_thread_blocked, id=1924, stack(0x00000091b4600000,0x00000091b4b00000)]
  0x0000026f28db2800 JavaThread "Batik CleanerThread" daemon [_thread_blocked, id=11620, stack(0x00000091b4100000,0x00000091b4600000)]
  0x0000026f27292800 JavaThread "SyntheticaCleanerThread" daemon [_thread_blocked, id=5372, stack(0x00000091b5900000,0x00000091b5e00000)]
  0x0000026f27299800 JavaThread "Monitor HEventQueue Thread" [_thread_blocked, id=18240, stack(0x00000091b5400000,0x00000091b5900000)]
  0x0000026f27295000 JavaThread "SyntheticaAnimation 50" daemon [_thread_blocked, id=9896, stack(0x00000091b5e00000,0x00000091b6300000)]
  0x0000026f27296000 JavaThread "SyntheticaAnimation 25" daemon [_thread_blocked, id=13256, stack(0x00000091b6300000,0x00000091b6800000)]
  0x0000026f27293800 JavaThread "SyntheticaAnimation 70" daemon [_thread_blocked, id=14880, stack(0x00000091b7700000,0x00000091b7c00000)]
  0x0000026f29041800 JavaThread "Refresh Filesets Swing Worker Thread" [_thread_blocked, id=12944, stack(0x00000091b6800000,0x00000091b6d00000)]
  0x0000026f2903e000 JavaThread "hw_ila_monitor" [_thread_blocked, id=6192, stack(0x00000091b6d00000,0x00000091b7200000)]
  0x0000026f2903f800 JavaThread "Image Animator 3" daemon [_thread_blocked, id=16700, stack(0x00000091b8100000,0x00000091b8600000)]
  0x0000026f29040800 JavaThread "pool-1-thread-1" [_thread_blocked, id=19124, stack(0x00000091b8600000,0x00000091b8b00000)]
  0x0000026f29042000 JavaThread "pool-2-thread-1" [_thread_blocked, id=3700, stack(0x00000091b8b00000,0x00000091b9000000)]
  0x0000026f2903c800 JavaThread "pool-3-thread-1" [_thread_blocked, id=8852, stack(0x00000091b9000000,0x00000091b9500000)]
  0x0000026f29045800 JavaThread "pool-4-thread-1" [_thread_blocked, id=9132, stack(0x00000091b9500000,0x00000091b9a00000)]
  0x0000026f29046000 JavaThread "pool-5-thread-1" [_thread_blocked, id=4396, stack(0x00000091b9a00000,0x00000091b9f00000)]
  0x0000026f29047000 JavaThread "Update Runs Swing Worker Thread" [_thread_blocked, id=10392, stack(0x00000091ba400000,0x00000091ba900000)]
  0x0000026f29044800 JavaThread "Timer-0" [_thread_blocked, id=13724, stack(0x00000091b7c00000,0x00000091b8100000)]
  0x0000026f2903f000 JavaThread "Monitor File Timestamp Swing Worker Thread" [_thread_blocked, id=2820, stack(0x00000091ba900000,0x00000091bae00000)]
  0x0000026f2904b000 JavaThread "SyntheticaAnimation 50" daemon [_thread_blocked, id=7516, stack(0x00000091bb800000,0x00000091bbd00000)]
  0x0000026f27298800 JavaThread "Thread-333" [_thread_in_native, id=2036, stack(0x00000091b9f00000,0x00000091ba000000)]
  0x0000026f29049800 JavaThread "Thread-334" [_thread_in_native, id=4108, stack(0x00000091b7200000,0x00000091b7300000)]
  0x0000026f27297000 JavaThread "Thread-384" [_thread_in_native, id=7484, stack(0x00000091b3600000,0x00000091b3700000)]
  0x0000026f2904a800 JavaThread "Timer-3" [_thread_blocked, id=15584, stack(0x00000091bae00000,0x00000091bb300000)]
  0x0000026f39290800 JavaThread "Monitor File Timestamp Swing Worker Thread" [_thread_blocked, id=3380, stack(0x00000091bbd00000,0x00000091bc200000)]
  0x0000026f3928e000 JavaThread "SyntheticaAnimation 50" daemon [_thread_blocked, id=16548, stack(0x00000091bb300000,0x00000091bb800000)]
  0x0000026f3928d000 JavaThread "Relaunch Simulation Thread" [_thread_blocked, id=1148, stack(0x00000091bc200000,0x00000091bc700000)]

Other Threads:
  0x0000026f6046e000 VMThread "VM Thread" [stack: 0x00000091afa00000,0x00000091afb00000] [id=14468]
  0x0000026f0542e800 WatcherThread [stack: 0x00000091b2000000,0x00000091b2100000] [id=10064]
  0x0000026f026b7000 GCTaskThread "GC Thread#0" [stack: 0x00000091af500000,0x00000091af600000] [id=2580]
  0x0000026f27a6d000 GCTaskThread "GC Thread#1" [stack: 0x00000091b4b00000,0x00000091b4c00000] [id=3244]
  0x0000026f27a6e800 GCTaskThread "GC Thread#2" [stack: 0x00000091b4c00000,0x00000091b4d00000] [id=17088]
  0x0000026f27a6a000 GCTaskThread "GC Thread#3" [stack: 0x00000091b4d00000,0x00000091b4e00000] [id=14844]
  0x0000026f27a69000 GCTaskThread "GC Thread#4" [stack: 0x00000091b4e00000,0x00000091b4f00000] [id=18916]
  0x0000026f27a6c800 GCTaskThread "GC Thread#5" [stack: 0x00000091b4f00000,0x00000091b5000000] [id=7652]
  0x0000026f27a6e000 GCTaskThread "GC Thread#6" [stack: 0x00000091b5000000,0x00000091b5100000] [id=16380]
  0x0000026f27a6f800 GCTaskThread "GC Thread#7" [stack: 0x00000091b5100000,0x00000091b5200000] [id=4376]
  0x0000026f03f47000 ConcurrentGCThread "G1 Main Marker" [stack: 0x00000091af600000,0x00000091af700000] [id=3484]
  0x0000026f37587000 ConcurrentGCThread "G1 Conc#0" [stack: 0x00000091af700000,0x00000091af800000] [id=6032]
  0x0000026f27a69800 ConcurrentGCThread "G1 Conc#1" [stack: 0x00000091b5300000,0x00000091b5400000] [id=11468]
  0x0000026f34b69800 ConcurrentGCThread "G1 Refine#0" [stack: 0x00000091af800000,0x00000091af900000] [id=17456]
  0x0000026f27580000 ConcurrentGCThread "G1 Refine#1" [stack: 0x00000091b5200000,0x00000091b5300000] [id=14832]
  0x0000026f27a6b000 ConcurrentGCThread "G1 Refine#2" [stack: 0x00000091b3000000,0x00000091b3100000] [id=5028]
  0x0000026f0285e800 ConcurrentGCThread "G1 Young RemSet Sampling" [stack: 0x00000091af900000,0x00000091afa00000] [id=19388]

Threads with active compile tasks:

VM state:not at safepoint (normal execution)

VM Mutex/Monitor currently owned by a thread: None

Heap address: 0x0000000740000000, size: 3072 MB, Compressed Oops mode: Zero based, Oop shift amount: 3
Narrow klass base: 0x0000000800000000, Narrow klass shift: 0
Compressed class space size: 1073741824 Address: 0x0000000800000000

Heap:
 garbage-first heap   total 321536K, used 127468K [0x0000000740000000, 0x0000000800000000)
  region size 1024K, 33 young (33792K), 1 survivors (1024K)
 Metaspace       used 98281K, capacity 101113K, committed 101200K, reserved 1136640K
  class space    used 13483K, capacity 14783K, committed 14848K, reserved 1048576K
Heap Regions: E=young(eden), S=young(survivor), O=old, HS=humongous(starts), HC=humongous(continues), CS=collection set, F=free, A=archive, TAMS=top-at-mark-start (previous, next)
|   0|0x0000000740000000, 0x0000000740100000, 0x0000000740100000|100%|HS|  |TAMS 0x0000000740000000, 0x0000000740000000| Untracked 
|   1|0x0000000740100000, 0x0000000740200000, 0x0000000740200000|100%|HC|  |TAMS 0x0000000740100000, 0x0000000740100000| Untracked 
|   2|0x0000000740200000, 0x0000000740300000, 0x0000000740300000|100%|HS|  |TAMS 0x0000000740200000, 0x0000000740200000| Untracked 
|   3|0x0000000740300000, 0x00000007403ffff8, 0x0000000740400000| 99%| O|  |TAMS 0x0000000740300000, 0x0000000740300000| Untracked 
|   4|0x0000000740400000, 0x00000007404fffe8, 0x0000000740500000| 99%| O|  |TAMS 0x0000000740400000, 0x0000000740400000| Untracked 
|   5|0x0000000740500000, 0x0000000740600000, 0x0000000740600000|100%| O|  |TAMS 0x0000000740500000, 0x0000000740500000| Untracked 
|   6|0x0000000740600000, 0x00000007406ffff0, 0x0000000740700000| 99%| O|  |TAMS 0x0000000740600000, 0x0000000740600000| Untracked 
|   7|0x0000000740700000, 0x0000000740800000, 0x0000000740800000|100%| O|  |TAMS 0x0000000740700000, 0x0000000740700000| Untracked 
|   8|0x0000000740800000, 0x0000000740900000, 0x0000000740900000|100%| O|  |TAMS 0x0000000740800000, 0x0000000740800000| Untracked 
|   9|0x0000000740900000, 0x00000007409ffff0, 0x0000000740a00000| 99%| O|  |TAMS 0x0000000740900000, 0x0000000740900000| Untracked 
|  10|0x0000000740a00000, 0x0000000740b00000, 0x0000000740b00000|100%| O|  |TAMS 0x0000000740a00000, 0x0000000740a00000| Untracked 
|  11|0x0000000740b00000, 0x0000000740c00000, 0x0000000740c00000|100%| O|  |TAMS 0x0000000740b00000, 0x0000000740b00000| Untracked 
|  12|0x0000000740c00000, 0x0000000740cffff8, 0x0000000740d00000| 99%| O|  |TAMS 0x0000000740c00000, 0x0000000740c00000| Untracked 
|  13|0x0000000740d00000, 0x0000000740dffff8, 0x0000000740e00000| 99%| O|  |TAMS 0x0000000740d00000, 0x0000000740d00000| Untracked 
|  14|0x0000000740e00000, 0x0000000740effff0, 0x0000000740f00000| 99%| O|  |TAMS 0x0000000740e00000, 0x0000000740e00000| Untracked 
|  15|0x0000000740f00000, 0x0000000741000000, 0x0000000741000000|100%| O|  |TAMS 0x0000000740f00000, 0x0000000740f00000| Untracked 
|  16|0x0000000741000000, 0x0000000741100000, 0x0000000741100000|100%| O|  |TAMS 0x0000000741000000, 0x0000000741000000| Untracked 
|  17|0x0000000741100000, 0x00000007411ffff0, 0x0000000741200000| 99%| O|  |TAMS 0x0000000741100000, 0x0000000741100000| Untracked 
|  18|0x0000000741200000, 0x0000000741300000, 0x0000000741300000|100%| O|  |TAMS 0x0000000741200000, 0x0000000741200000| Untracked 
|  19|0x0000000741300000, 0x00000007413ffff8, 0x0000000741400000| 99%| O|  |TAMS 0x0000000741300000, 0x0000000741300000| Untracked 
|  20|0x0000000741400000, 0x00000007414ffff0, 0x0000000741500000| 99%| O|  |TAMS 0x0000000741400000, 0x0000000741400000| Untracked 
|  21|0x0000000741500000, 0x00000007415ffff8, 0x0000000741600000| 99%| O|  |TAMS 0x0000000741500000, 0x0000000741500000| Untracked 
|  22|0x0000000741600000, 0x00000007416ffff8, 0x0000000741700000| 99%| O|  |TAMS 0x0000000741600000, 0x0000000741600000| Untracked 
|  23|0x0000000741700000, 0x0000000741800000, 0x0000000741800000|100%| O|  |TAMS 0x0000000741700000, 0x0000000741700000| Untracked 
|  24|0x0000000741800000, 0x00000007418fffe8, 0x0000000741900000| 99%| O|  |TAMS 0x0000000741800000, 0x0000000741800000| Untracked 
|  25|0x0000000741900000, 0x0000000741a00000, 0x0000000741a00000|100%| O|  |TAMS 0x0000000741900000, 0x0000000741900000| Untracked 
|  26|0x0000000741a00000, 0x0000000741affff0, 0x0000000741b00000| 99%| O|  |TAMS 0x0000000741a00000, 0x0000000741a00000| Untracked 
|  27|0x0000000741b00000, 0x0000000741c00000, 0x0000000741c00000|100%| O|  |TAMS 0x0000000741b00000, 0x0000000741b00000| Untracked 
|  28|0x0000000741c00000, 0x0000000741d00000, 0x0000000741d00000|100%| O|  |TAMS 0x0000000741c00000, 0x0000000741c00000| Untracked 
|  29|0x0000000741d00000, 0x0000000741dffff0, 0x0000000741e00000| 99%| O|  |TAMS 0x0000000741d00000, 0x0000000741d00000| Untracked 
|  30|0x0000000741e00000, 0x0000000741f00000, 0x0000000741f00000|100%| O|  |TAMS 0x0000000741e00000, 0x0000000741e00000| Untracked 
|  31|0x0000000741f00000, 0x0000000741fffff0, 0x0000000742000000| 99%| O|  |TAMS 0x0000000741f00000, 0x0000000741f00000| Untracked 
|  32|0x0000000742000000, 0x00000007420ffff8, 0x0000000742100000| 99%| O|  |TAMS 0x0000000742000000, 0x0000000742000000| Untracked 
|  33|0x0000000742100000, 0x0000000742200000, 0x0000000742200000|100%| O|  |TAMS 0x0000000742100000, 0x0000000742100000| Untracked 
|  34|0x0000000742200000, 0x00000007422ffff8, 0x0000000742300000| 99%| O|  |TAMS 0x0000000742200000, 0x0000000742200000| Untracked 
|  35|0x0000000742300000, 0x0000000742400000, 0x0000000742400000|100%| O|  |TAMS 0x0000000742300000, 0x0000000742300000| Untracked 
|  36|0x0000000742400000, 0x0000000742500000, 0x0000000742500000|100%| O|  |TAMS 0x0000000742400000, 0x0000000742400000| Untracked 
|  37|0x0000000742500000, 0x0000000742600000, 0x0000000742600000|100%| O|  |TAMS 0x0000000742500000, 0x0000000742500000| Untracked 
|  38|0x0000000742600000, 0x0000000742700000, 0x0000000742700000|100%|HS|  |TAMS 0x0000000742600000, 0x0000000742600000| Untracked 
|  39|0x0000000742700000, 0x0000000742800000, 0x0000000742800000|100%|HC|  |TAMS 0x0000000742700000, 0x0000000742700000| Untracked 
|  40|0x0000000742800000, 0x0000000742900000, 0x0000000742900000|100%|HC|  |TAMS 0x0000000742800000, 0x0000000742800000| Untracked 
|  41|0x0000000742900000, 0x0000000742a00000, 0x0000000742a00000|100%|HC|  |TAMS 0x0000000742900000, 0x0000000742900000| Untracked 
|  42|0x0000000742a00000, 0x0000000742b00000, 0x0000000742b00000|100%|HC|  |TAMS 0x0000000742a00000, 0x0000000742a00000| Untracked 
|  43|0x0000000742b00000, 0x0000000742c00000, 0x0000000742c00000|100%|HC|  |TAMS 0x0000000742b00000, 0x0000000742b00000| Untracked 
|  44|0x0000000742c00000, 0x0000000742d00000, 0x0000000742d00000|100%|HC|  |TAMS 0x0000000742c00000, 0x0000000742c00000| Untracked 
|  45|0x0000000742d00000, 0x0000000742e00000, 0x0000000742e00000|100%|HC|  |TAMS 0x0000000742d00000, 0x0000000742d00000| Untracked 
|  46|0x0000000742e00000, 0x0000000742f00000, 0x0000000742f00000|100%| O|  |TAMS 0x0000000742e00000, 0x0000000742e00000| Untracked 
|  47|0x0000000742f00000, 0x0000000742fffff8, 0x0000000743000000| 99%| O|  |TAMS 0x0000000742f00000, 0x0000000742f00000| Untracked 
|  48|0x0000000743000000, 0x00000007430ffff8, 0x0000000743100000| 99%| O|  |TAMS 0x0000000743000000, 0x0000000743000000| Untracked 
|  49|0x0000000743100000, 0x0000000743200000, 0x0000000743200000|100%| O|  |TAMS 0x0000000743100000, 0x0000000743100000| Untracked 
|  50|0x0000000743200000, 0x0000000743300000, 0x0000000743300000|100%| O|  |TAMS 0x0000000743200000, 0x0000000743200000| Untracked 
|  51|0x0000000743300000, 0x00000007433fff98, 0x0000000743400000| 99%| O|  |TAMS 0x0000000743300000, 0x0000000743300000| Untracked 
|  52|0x0000000743400000, 0x0000000743500000, 0x0000000743500000|100%| O|  |TAMS 0x0000000743400000, 0x0000000743400000| Untracked 
|  53|0x0000000743500000, 0x0000000743600000, 0x0000000743600000|100%| O|  |TAMS 0x0000000743500000, 0x0000000743500000| Untracked 
|  54|0x0000000743600000, 0x00000007436ffff0, 0x0000000743700000| 99%| O|  |TAMS 0x0000000743600000, 0x0000000743600000| Untracked 
|  55|0x0000000743700000, 0x00000007437ffff0, 0x0000000743800000| 99%| O|  |TAMS 0x0000000743700000, 0x0000000743700000| Untracked 
|  56|0x0000000743800000, 0x00000007438fffe8, 0x0000000743900000| 99%| O|  |TAMS 0x0000000743800000, 0x0000000743800000| Untracked 
|  57|0x0000000743900000, 0x00000007439fffe0, 0x0000000743a00000| 99%| O|  |TAMS 0x0000000743900000, 0x0000000743900000| Untracked 
|  58|0x0000000743a00000, 0x0000000743b00000, 0x0000000743b00000|100%| O|  |TAMS 0x0000000743a00000, 0x0000000743a00000| Untracked 
|  59|0x0000000743b00000, 0x0000000743bffff0, 0x0000000743c00000| 99%| O|  |TAMS 0x0000000743b00000, 0x0000000743b00000| Untracked 
|  60|0x0000000743c00000, 0x0000000743cffff0, 0x0000000743d00000| 99%| O|  |TAMS 0x0000000743c00000, 0x0000000743c00000| Untracked 
|  61|0x0000000743d00000, 0x0000000743e00000, 0x0000000743e00000|100%| O|  |TAMS 0x0000000743d00000, 0x0000000743d00000| Untracked 
|  62|0x0000000743e00000, 0x0000000743f00000, 0x0000000743f00000|100%| O|  |TAMS 0x0000000743e00000, 0x0000000743e00000| Untracked 
|  63|0x0000000743f00000, 0x0000000744000000, 0x0000000744000000|100%| O|  |TAMS 0x0000000743f00000, 0x0000000743f00000| Untracked 
|  64|0x0000000744000000, 0x00000007440ffff0, 0x0000000744100000| 99%| O|  |TAMS 0x0000000744000000, 0x0000000744000000| Untracked 
|  65|0x0000000744100000, 0x0000000744200000, 0x0000000744200000|100%| O|  |TAMS 0x0000000744100000, 0x0000000744100000| Untracked 
|  66|0x0000000744200000, 0x00000007442fffe0, 0x0000000744300000| 99%| O|  |TAMS 0x0000000744200000, 0x0000000744200000| Untracked 
|  67|0x0000000744300000, 0x00000007443ffff8, 0x0000000744400000| 99%| O|  |TAMS 0x0000000744300000, 0x0000000744300000| Untracked 
|  68|0x0000000744400000, 0x0000000744500000, 0x0000000744500000|100%| O|  |TAMS 0x0000000744400000, 0x0000000744400000| Untracked 
|  69|0x0000000744500000, 0x0000000744600000, 0x0000000744600000|100%| O|  |TAMS 0x0000000744500000, 0x0000000744500000| Untracked 
|  70|0x0000000744600000, 0x00000007446ffff0, 0x0000000744700000| 99%| O|  |TAMS 0x0000000744600000, 0x0000000744600000| Untracked 
|  71|0x0000000744700000, 0x00000007447ffff8, 0x0000000744800000| 99%| O|  |TAMS 0x0000000744700000, 0x0000000744700000| Untracked 
|  72|0x0000000744800000, 0x00000007448ffff0, 0x0000000744900000| 99%| O|  |TAMS 0x0000000744800000, 0x0000000744800000| Untracked 
|  73|0x0000000744900000, 0x00000007449ffff0, 0x0000000744a00000| 99%| O|  |TAMS 0x0000000744900000, 0x0000000744900000| Untracked 
|  74|0x0000000744a00000, 0x0000000744afff90, 0x0000000744b00000| 99%| O|  |TAMS 0x0000000744a00000, 0x0000000744a00000| Untracked 
|  75|0x0000000744b00000, 0x0000000744bffff8, 0x0000000744c00000| 99%| O|  |TAMS 0x0000000744b00000, 0x0000000744b00000| Untracked 
|  76|0x0000000744c00000, 0x0000000744cffff0, 0x0000000744d00000| 99%| O|  |TAMS 0x0000000744c00000, 0x0000000744c00000| Untracked 
|  77|0x0000000744d00000, 0x0000000744dffff0, 0x0000000744e00000| 99%| O|  |TAMS 0x0000000744d00000, 0x0000000744d00000| Untracked 
|  78|0x0000000744e00000, 0x0000000744f00000, 0x0000000744f00000|100%| O|  |TAMS 0x0000000744e00000, 0x0000000744e00000| Untracked 
|  79|0x0000000744f00000, 0x0000000745000000, 0x0000000745000000|100%| O|  |TAMS 0x0000000744f00000, 0x0000000744f00000| Untracked 
|  80|0x0000000745000000, 0x00000007450ffff8, 0x0000000745100000| 99%| O|  |TAMS 0x0000000745000000, 0x0000000745000000| Untracked 
|  81|0x0000000745100000, 0x0000000745200000, 0x0000000745200000|100%| O|  |TAMS 0x0000000745100000, 0x0000000745100000| Untracked 
|  82|0x0000000745200000, 0x0000000745300000, 0x0000000745300000|100%| O|  |TAMS 0x0000000745200000, 0x0000000745200000| Untracked 
|  83|0x0000000745300000, 0x0000000745400000, 0x0000000745400000|100%| O|  |TAMS 0x0000000745300000, 0x0000000745300000| Untracked 
|  84|0x0000000745400000, 0x00000007454ffff8, 0x0000000745500000| 99%| O|  |TAMS 0x0000000745400000, 0x0000000745400000| Untracked 
|  85|0x0000000745500000, 0x00000007455ffff8, 0x0000000745600000| 99%| O|  |TAMS 0x0000000745500000, 0x0000000745500000| Untracked 
|  86|0x0000000745600000, 0x00000007456ffff8, 0x0000000745700000| 99%| O|  |TAMS 0x0000000745600000, 0x0000000745600000| Untracked 
|  87|0x0000000745700000, 0x0000000745800000, 0x0000000745800000|100%| O|  |TAMS 0x0000000745700000, 0x0000000745700000| Untracked 
|  88|0x0000000745800000, 0x0000000745900000, 0x0000000745900000|100%| O|  |TAMS 0x0000000745800000, 0x0000000745800000| Untracked 
|  89|0x0000000745900000, 0x00000007459aba10, 0x0000000745a00000| 67%| O|  |TAMS 0x0000000745900000, 0x0000000745900000| Untracked 
|  90|0x0000000745a00000, 0x0000000745a75950, 0x0000000745b00000| 45%| O|  |TAMS 0x0000000745a00000, 0x0000000745a00000| Untracked 
|  91|0x0000000745b00000, 0x0000000745b4a8e8, 0x0000000745c00000| 29%| O|  |TAMS 0x0000000745b00000, 0x0000000745b00000| Untracked 
|  92|0x0000000745c00000, 0x0000000745c326e0, 0x0000000745d00000| 19%| O|  |TAMS 0x0000000745c00000, 0x0000000745c00000| Untracked 
|  93|0x0000000745d00000, 0x0000000745d00000, 0x0000000745e00000|  0%| F|  |TAMS 0x0000000745d00000, 0x0000000745d00000| Untracked 
|  94|0x0000000745e00000, 0x0000000745e00000, 0x0000000745f00000|  0%| F|  |TAMS 0x0000000745e00000, 0x0000000745e00000| Untracked 
|  95|0x0000000745f00000, 0x0000000745f00000, 0x0000000746000000|  0%| F|  |TAMS 0x0000000745f00000, 0x0000000745f00000| Untracked 
|  96|0x0000000746000000, 0x0000000746000000, 0x0000000746100000|  0%| F|  |TAMS 0x0000000746000000, 0x0000000746000000| Untracked 
|  97|0x0000000746100000, 0x0000000746200000, 0x0000000746200000|100%|HS|  |TAMS 0x0000000746100000, 0x0000000746100000| Untracked 
|  98|0x0000000746200000, 0x0000000746300000, 0x0000000746300000|100%|HC|  |TAMS 0x0000000746200000, 0x0000000746200000| Untracked 
|  99|0x0000000746300000, 0x0000000746300000, 0x0000000746400000|  0%| F|  |TAMS 0x0000000746300000, 0x0000000746300000| Untracked 
| 100|0x0000000746400000, 0x0000000746400000, 0x0000000746500000|  0%| F|  |TAMS 0x0000000746400000, 0x0000000746400000| Untracked 
| 101|0x0000000746500000, 0x0000000746500000, 0x0000000746600000|  0%| F|  |TAMS 0x0000000746500000, 0x0000000746500000| Untracked 
| 102|0x0000000746600000, 0x0000000746600000, 0x0000000746700000|  0%| F|  |TAMS 0x0000000746600000, 0x0000000746600000| Untracked 
| 103|0x0000000746700000, 0x0000000746700000, 0x0000000746800000|  0%| F|  |TAMS 0x0000000746700000, 0x0000000746700000| Untracked 
| 104|0x0000000746800000, 0x0000000746800000, 0x0000000746900000|  0%| F|  |TAMS 0x0000000746800000, 0x0000000746800000| Untracked 
| 105|0x0000000746900000, 0x0000000746900000, 0x0000000746a00000|  0%| F|  |TAMS 0x0000000746900000, 0x0000000746900000| Untracked 
| 106|0x0000000746a00000, 0x0000000746a00000, 0x0000000746b00000|  0%| F|  |TAMS 0x0000000746a00000, 0x0000000746a00000| Untracked 
| 107|0x0000000746b00000, 0x0000000746b00000, 0x0000000746c00000|  0%| F|  |TAMS 0x0000000746b00000, 0x0000000746b00000| Untracked 
| 108|0x0000000746c00000, 0x0000000746c00000, 0x0000000746d00000|  0%| F|  |TAMS 0x0000000746c00000, 0x0000000746c00000| Untracked 
| 109|0x0000000746d00000, 0x0000000746d00000, 0x0000000746e00000|  0%| F|  |TAMS 0x0000000746d00000, 0x0000000746d00000| Untracked 
| 110|0x0000000746e00000, 0x0000000746e00000, 0x0000000746f00000|  0%| F|  |TAMS 0x0000000746e00000, 0x0000000746e00000| Untracked 
| 111|0x0000000746f00000, 0x0000000746f00000, 0x0000000747000000|  0%| F|  |TAMS 0x0000000746f00000, 0x0000000746f00000| Untracked 
| 112|0x0000000747000000, 0x0000000747000000, 0x0000000747100000|  0%| F|  |TAMS 0x0000000747000000, 0x0000000747000000| Untracked 
| 113|0x0000000747100000, 0x0000000747100000, 0x0000000747200000|  0%| F|  |TAMS 0x0000000747100000, 0x0000000747100000| Untracked 
| 114|0x0000000747200000, 0x0000000747200000, 0x0000000747300000|  0%| F|  |TAMS 0x0000000747200000, 0x0000000747200000| Untracked 
| 115|0x0000000747300000, 0x0000000747300000, 0x0000000747400000|  0%| F|  |TAMS 0x0000000747300000, 0x0000000747300000| Untracked 
| 116|0x0000000747400000, 0x0000000747400000, 0x0000000747500000|  0%| F|  |TAMS 0x0000000747400000, 0x0000000747400000| Untracked 
| 117|0x0000000747500000, 0x0000000747500000, 0x0000000747600000|  0%| F|  |TAMS 0x0000000747500000, 0x0000000747500000| Untracked 
| 118|0x0000000747600000, 0x0000000747600000, 0x0000000747700000|  0%| F|  |TAMS 0x0000000747600000, 0x0000000747600000| Untracked 
| 119|0x0000000747700000, 0x0000000747700000, 0x0000000747800000|  0%| F|  |TAMS 0x0000000747700000, 0x0000000747700000| Untracked 
| 120|0x0000000747800000, 0x0000000747800000, 0x0000000747900000|  0%| F|  |TAMS 0x0000000747800000, 0x0000000747800000| Untracked 
| 121|0x0000000747900000, 0x0000000747900000, 0x0000000747a00000|  0%| F|  |TAMS 0x0000000747900000, 0x0000000747900000| Untracked 
| 122|0x0000000747a00000, 0x0000000747a00000, 0x0000000747b00000|  0%| F|  |TAMS 0x0000000747a00000, 0x0000000747a00000| Untracked 
| 123|0x0000000747b00000, 0x0000000747b00000, 0x0000000747c00000|  0%| F|  |TAMS 0x0000000747b00000, 0x0000000747b00000| Untracked 
| 124|0x0000000747c00000, 0x0000000747c00000, 0x0000000747d00000|  0%| F|  |TAMS 0x0000000747c00000, 0x0000000747c00000| Untracked 
| 125|0x0000000747d00000, 0x0000000747d00000, 0x0000000747e00000|  0%| F|  |TAMS 0x0000000747d00000, 0x0000000747d00000| Untracked 
| 126|0x0000000747e00000, 0x0000000747e00000, 0x0000000747f00000|  0%| F|  |TAMS 0x0000000747e00000, 0x0000000747e00000| Untracked 
| 127|0x0000000747f00000, 0x0000000747f00000, 0x0000000748000000|  0%| F|  |TAMS 0x0000000747f00000, 0x0000000747f00000| Untracked 
| 128|0x0000000748000000, 0x0000000748000000, 0x0000000748100000|  0%| F|  |TAMS 0x0000000748000000, 0x0000000748000000| Untracked 
| 129|0x0000000748100000, 0x0000000748100000, 0x0000000748200000|  0%| F|  |TAMS 0x0000000748100000, 0x0000000748100000| Untracked 
| 130|0x0000000748200000, 0x0000000748200000, 0x0000000748300000|  0%| F|  |TAMS 0x0000000748200000, 0x0000000748200000| Untracked 
| 131|0x0000000748300000, 0x0000000748300000, 0x0000000748400000|  0%| F|  |TAMS 0x0000000748300000, 0x0000000748300000| Untracked 
| 132|0x0000000748400000, 0x0000000748400000, 0x0000000748500000|  0%| F|  |TAMS 0x0000000748400000, 0x0000000748400000| Untracked 
| 133|0x0000000748500000, 0x0000000748500000, 0x0000000748600000|  0%| F|  |TAMS 0x0000000748500000, 0x0000000748500000| Untracked 
| 134|0x0000000748600000, 0x0000000748600000, 0x0000000748700000|  0%| F|  |TAMS 0x0000000748600000, 0x0000000748600000| Untracked 
| 135|0x0000000748700000, 0x0000000748700000, 0x0000000748800000|  0%| F|  |TAMS 0x0000000748700000, 0x0000000748700000| Untracked 
| 136|0x0000000748800000, 0x0000000748800000, 0x0000000748900000|  0%| F|  |TAMS 0x0000000748800000, 0x0000000748800000| Untracked 
| 137|0x0000000748900000, 0x0000000748900000, 0x0000000748a00000|  0%| F|  |TAMS 0x0000000748900000, 0x0000000748900000| Untracked 
| 138|0x0000000748a00000, 0x0000000748a00000, 0x0000000748b00000|  0%| F|  |TAMS 0x0000000748a00000, 0x0000000748a00000| Untracked 
| 139|0x0000000748b00000, 0x0000000748b00000, 0x0000000748c00000|  0%| F|  |TAMS 0x0000000748b00000, 0x0000000748b00000| Untracked 
| 140|0x0000000748c00000, 0x0000000748c00000, 0x0000000748d00000|  0%| F|  |TAMS 0x0000000748c00000, 0x0000000748c00000| Untracked 
| 141|0x0000000748d00000, 0x0000000748d00000, 0x0000000748e00000|  0%| F|  |TAMS 0x0000000748d00000, 0x0000000748d00000| Untracked 
| 142|0x0000000748e00000, 0x0000000748e00000, 0x0000000748f00000|  0%| F|  |TAMS 0x0000000748e00000, 0x0000000748e00000| Untracked 
| 143|0x0000000748f00000, 0x0000000748f00000, 0x0000000749000000|  0%| F|  |TAMS 0x0000000748f00000, 0x0000000748f00000| Untracked 
| 144|0x0000000749000000, 0x0000000749000000, 0x0000000749100000|  0%| F|  |TAMS 0x0000000749000000, 0x0000000749000000| Untracked 
| 145|0x0000000749100000, 0x0000000749100000, 0x0000000749200000|  0%| F|  |TAMS 0x0000000749100000, 0x0000000749100000| Untracked 
| 146|0x0000000749200000, 0x0000000749200000, 0x0000000749300000|  0%| F|  |TAMS 0x0000000749200000, 0x0000000749200000| Untracked 
| 147|0x0000000749300000, 0x0000000749300000, 0x0000000749400000|  0%| F|  |TAMS 0x0000000749300000, 0x0000000749300000| Untracked 
| 148|0x0000000749400000, 0x0000000749400000, 0x0000000749500000|  0%| F|  |TAMS 0x0000000749400000, 0x0000000749400000| Untracked 
| 149|0x0000000749500000, 0x0000000749500000, 0x0000000749600000|  0%| F|  |TAMS 0x0000000749500000, 0x0000000749500000| Untracked 
| 150|0x0000000749600000, 0x0000000749600000, 0x0000000749700000|  0%| F|  |TAMS 0x0000000749600000, 0x0000000749600000| Untracked 
| 151|0x0000000749700000, 0x0000000749700000, 0x0000000749800000|  0%| F|  |TAMS 0x0000000749700000, 0x0000000749700000| Untracked 
| 152|0x0000000749800000, 0x0000000749800000, 0x0000000749900000|  0%| F|  |TAMS 0x0000000749800000, 0x0000000749800000| Untracked 
| 153|0x0000000749900000, 0x0000000749900000, 0x0000000749a00000|  0%| F|  |TAMS 0x0000000749900000, 0x0000000749900000| Untracked 
| 154|0x0000000749a00000, 0x0000000749a00000, 0x0000000749b00000|  0%| F|  |TAMS 0x0000000749a00000, 0x0000000749a00000| Untracked 
| 155|0x0000000749b00000, 0x0000000749b00000, 0x0000000749c00000|  0%| F|  |TAMS 0x0000000749b00000, 0x0000000749b00000| Untracked 
| 156|0x0000000749c00000, 0x0000000749c00000, 0x0000000749d00000|  0%| F|  |TAMS 0x0000000749c00000, 0x0000000749c00000| Untracked 
| 157|0x0000000749d00000, 0x0000000749d00000, 0x0000000749e00000|  0%| F|  |TAMS 0x0000000749d00000, 0x0000000749d00000| Untracked 
| 158|0x0000000749e00000, 0x0000000749e00000, 0x0000000749f00000|  0%| F|  |TAMS 0x0000000749e00000, 0x0000000749e00000| Untracked 
| 159|0x0000000749f00000, 0x0000000749f00000, 0x000000074a000000|  0%| F|  |TAMS 0x0000000749f00000, 0x0000000749f00000| Untracked 
| 160|0x000000074a000000, 0x000000074a000000, 0x000000074a100000|  0%| F|  |TAMS 0x000000074a000000, 0x000000074a000000| Untracked 
| 161|0x000000074a100000, 0x000000074a100000, 0x000000074a200000|  0%| F|  |TAMS 0x000000074a100000, 0x000000074a100000| Untracked 
| 162|0x000000074a200000, 0x000000074a200000, 0x000000074a300000|  0%| F|  |TAMS 0x000000074a200000, 0x000000074a200000| Untracked 
| 163|0x000000074a300000, 0x000000074a300000, 0x000000074a400000|  0%| F|  |TAMS 0x000000074a300000, 0x000000074a300000| Untracked 
| 164|0x000000074a400000, 0x000000074a400000, 0x000000074a500000|  0%| F|  |TAMS 0x000000074a400000, 0x000000074a400000| Untracked 
| 165|0x000000074a500000, 0x000000074a500000, 0x000000074a600000|  0%| F|  |TAMS 0x000000074a500000, 0x000000074a500000| Untracked 
| 166|0x000000074a600000, 0x000000074a600000, 0x000000074a700000|  0%| F|  |TAMS 0x000000074a600000, 0x000000074a600000| Untracked 
| 167|0x000000074a700000, 0x000000074a700000, 0x000000074a800000|  0%| F|  |TAMS 0x000000074a700000, 0x000000074a700000| Untracked 
| 168|0x000000074a800000, 0x000000074a800000, 0x000000074a900000|  0%| F|  |TAMS 0x000000074a800000, 0x000000074a800000| Untracked 
| 169|0x000000074a900000, 0x000000074a900000, 0x000000074aa00000|  0%| F|  |TAMS 0x000000074a900000, 0x000000074a900000| Untracked 
| 170|0x000000074aa00000, 0x000000074aa00000, 0x000000074ab00000|  0%| F|  |TAMS 0x000000074aa00000, 0x000000074aa00000| Untracked 
| 171|0x000000074ab00000, 0x000000074ab00000, 0x000000074ac00000|  0%| F|  |TAMS 0x000000074ab00000, 0x000000074ab00000| Untracked 
| 172|0x000000074ac00000, 0x000000074ac00000, 0x000000074ad00000|  0%| F|  |TAMS 0x000000074ac00000, 0x000000074ac00000| Untracked 
| 173|0x000000074ad00000, 0x000000074ad00000, 0x000000074ae00000|  0%| F|  |TAMS 0x000000074ad00000, 0x000000074ad00000| Untracked 
| 174|0x000000074ae00000, 0x000000074ae00000, 0x000000074af00000|  0%| F|  |TAMS 0x000000074ae00000, 0x000000074ae00000| Untracked 
| 175|0x000000074af00000, 0x000000074af00000, 0x000000074b000000|  0%| F|  |TAMS 0x000000074af00000, 0x000000074af00000| Untracked 
| 176|0x000000074b000000, 0x000000074b000000, 0x000000074b100000|  0%| F|  |TAMS 0x000000074b000000, 0x000000074b000000| Untracked 
| 177|0x000000074b100000, 0x000000074b100000, 0x000000074b200000|  0%| F|  |TAMS 0x000000074b100000, 0x000000074b100000| Untracked 
| 178|0x000000074b200000, 0x000000074b2159f0, 0x000000074b300000|  8%| O|  |TAMS 0x000000074b200000, 0x000000074b200000| Untracked 
| 179|0x000000074b300000, 0x000000074b300000, 0x000000074b400000|  0%| F|  |TAMS 0x000000074b300000, 0x000000074b300000| Untracked 
| 180|0x000000074b400000, 0x000000074b400000, 0x000000074b500000|  0%| F|  |TAMS 0x000000074b400000, 0x000000074b400000| Untracked 
| 181|0x000000074b500000, 0x000000074b500000, 0x000000074b600000|  0%| F|  |TAMS 0x000000074b500000, 0x000000074b500000| Untracked 
| 182|0x000000074b600000, 0x000000074b600000, 0x000000074b700000|  0%| F|  |TAMS 0x000000074b600000, 0x000000074b600000| Untracked 
| 183|0x000000074b700000, 0x000000074b700000, 0x000000074b800000|  0%| F|  |TAMS 0x000000074b700000, 0x000000074b700000| Untracked 
| 184|0x000000074b800000, 0x000000074b800000, 0x000000074b900000|  0%| F|  |TAMS 0x000000074b800000, 0x000000074b800000| Untracked 
| 185|0x000000074b900000, 0x000000074b900000, 0x000000074ba00000|  0%| F|  |TAMS 0x000000074b900000, 0x000000074b900000| Untracked 
| 186|0x000000074ba00000, 0x000000074ba00000, 0x000000074bb00000|  0%| F|  |TAMS 0x000000074ba00000, 0x000000074ba00000| Untracked 
| 187|0x000000074bb00000, 0x000000074bb00000, 0x000000074bc00000|  0%| F|  |TAMS 0x000000074bb00000, 0x000000074bb00000| Untracked 
| 188|0x000000074bc00000, 0x000000074bc00000, 0x000000074bd00000|  0%| F|  |TAMS 0x000000074bc00000, 0x000000074bc00000| Untracked 
| 189|0x000000074bd00000, 0x000000074bd00000, 0x000000074be00000|  0%| F|  |TAMS 0x000000074bd00000, 0x000000074bd00000| Untracked 
| 190|0x000000074be00000, 0x000000074be00000, 0x000000074bf00000|  0%| F|  |TAMS 0x000000074be00000, 0x000000074be00000| Untracked 
| 191|0x000000074bf00000, 0x000000074bf00000, 0x000000074c000000|  0%| F|  |TAMS 0x000000074bf00000, 0x000000074bf00000| Untracked 
| 192|0x000000074c000000, 0x000000074c000000, 0x000000074c100000|  0%| F|  |TAMS 0x000000074c000000, 0x000000074c000000| Untracked 
| 193|0x000000074c100000, 0x000000074c100000, 0x000000074c200000|  0%| F|  |TAMS 0x000000074c100000, 0x000000074c100000| Untracked 
| 194|0x000000074c200000, 0x000000074c200000, 0x000000074c300000|  0%| F|  |TAMS 0x000000074c200000, 0x000000074c200000| Untracked 
| 195|0x000000074c300000, 0x000000074c300000, 0x000000074c400000|  0%| F|  |TAMS 0x000000074c300000, 0x000000074c300000| Untracked 
| 196|0x000000074c400000, 0x000000074c400000, 0x000000074c500000|  0%| F|  |TAMS 0x000000074c400000, 0x000000074c400000| Untracked 
| 197|0x000000074c500000, 0x000000074c500000, 0x000000074c600000|  0%| F|  |TAMS 0x000000074c500000, 0x000000074c500000| Untracked 
| 198|0x000000074c600000, 0x000000074c600000, 0x000000074c700000|  0%| F|  |TAMS 0x000000074c600000, 0x000000074c600000| Untracked 
| 199|0x000000074c700000, 0x000000074c700000, 0x000000074c800000|  0%| F|  |TAMS 0x000000074c700000, 0x000000074c700000| Untracked 
| 200|0x000000074c800000, 0x000000074c800000, 0x000000074c900000|  0%| F|  |TAMS 0x000000074c800000, 0x000000074c800000| Untracked 
| 201|0x000000074c900000, 0x000000074c900000, 0x000000074ca00000|  0%| F|  |TAMS 0x000000074c900000, 0x000000074c900000| Untracked 
| 202|0x000000074ca00000, 0x000000074ca00000, 0x000000074cb00000|  0%| F|  |TAMS 0x000000074ca00000, 0x000000074ca00000| Untracked 
| 203|0x000000074cb00000, 0x000000074cb00000, 0x000000074cc00000|  0%| F|  |TAMS 0x000000074cb00000, 0x000000074cb00000| Untracked 
| 204|0x000000074cc00000, 0x000000074cc00000, 0x000000074cd00000|  0%| F|  |TAMS 0x000000074cc00000, 0x000000074cc00000| Untracked 
| 205|0x000000074cd00000, 0x000000074cd00000, 0x000000074ce00000|  0%| F|  |TAMS 0x000000074cd00000, 0x000000074cd00000| Untracked 
| 206|0x000000074ce00000, 0x000000074ce00000, 0x000000074cf00000|  0%| F|  |TAMS 0x000000074ce00000, 0x000000074ce00000| Untracked 
| 207|0x000000074cf00000, 0x000000074cf00000, 0x000000074d000000|  0%| F|  |TAMS 0x000000074cf00000, 0x000000074cf00000| Untracked 
| 208|0x000000074d000000, 0x000000074d000000, 0x000000074d100000|  0%| F|  |TAMS 0x000000074d000000, 0x000000074d000000| Untracked 
| 209|0x000000074d100000, 0x000000074d100000, 0x000000074d200000|  0%| F|  |TAMS 0x000000074d100000, 0x000000074d100000| Untracked 
| 210|0x000000074d200000, 0x000000074d200000, 0x000000074d300000|  0%| F|  |TAMS 0x000000074d200000, 0x000000074d200000| Untracked 
| 211|0x000000074d300000, 0x000000074d300000, 0x000000074d400000|  0%| F|  |TAMS 0x000000074d300000, 0x000000074d300000| Untracked 
| 212|0x000000074d400000, 0x000000074d400000, 0x000000074d500000|  0%| F|  |TAMS 0x000000074d400000, 0x000000074d400000| Untracked 
| 213|0x000000074d500000, 0x000000074d500000, 0x000000074d600000|  0%| F|  |TAMS 0x000000074d500000, 0x000000074d500000| Untracked 
| 214|0x000000074d600000, 0x000000074d600000, 0x000000074d700000|  0%| F|  |TAMS 0x000000074d600000, 0x000000074d600000| Untracked 
| 215|0x000000074d700000, 0x000000074d700000, 0x000000074d800000|  0%| F|  |TAMS 0x000000074d700000, 0x000000074d700000| Untracked 
| 216|0x000000074d800000, 0x000000074d800000, 0x000000074d900000|  0%| F|  |TAMS 0x000000074d800000, 0x000000074d800000| Untracked 
| 217|0x000000074d900000, 0x000000074d900000, 0x000000074da00000|  0%| F|  |TAMS 0x000000074d900000, 0x000000074d900000| Untracked 
| 218|0x000000074da00000, 0x000000074da00000, 0x000000074db00000|  0%| F|  |TAMS 0x000000074da00000, 0x000000074da00000| Untracked 
| 219|0x000000074db00000, 0x000000074db00000, 0x000000074dc00000|  0%| F|  |TAMS 0x000000074db00000, 0x000000074db00000| Untracked 
| 220|0x000000074dc00000, 0x000000074dc00000, 0x000000074dd00000|  0%| F|  |TAMS 0x000000074dc00000, 0x000000074dc00000| Untracked 
| 221|0x000000074dd00000, 0x000000074dd00000, 0x000000074de00000|  0%| F|  |TAMS 0x000000074dd00000, 0x000000074dd00000| Untracked 
| 222|0x000000074de00000, 0x000000074de00000, 0x000000074df00000|  0%| F|  |TAMS 0x000000074de00000, 0x000000074de00000| Untracked 
| 223|0x000000074df00000, 0x000000074df00000, 0x000000074e000000|  0%| F|  |TAMS 0x000000074df00000, 0x000000074df00000| Untracked 
| 224|0x000000074e000000, 0x000000074e000000, 0x000000074e100000|  0%| F|  |TAMS 0x000000074e000000, 0x000000074e000000| Untracked 
| 225|0x000000074e100000, 0x000000074e100000, 0x000000074e200000|  0%| F|  |TAMS 0x000000074e100000, 0x000000074e100000| Untracked 
| 226|0x000000074e200000, 0x000000074e200000, 0x000000074e300000|  0%| F|  |TAMS 0x000000074e200000, 0x000000074e200000| Untracked 
| 227|0x000000074e300000, 0x000000074e300000, 0x000000074e400000|  0%| F|  |TAMS 0x000000074e300000, 0x000000074e300000| Untracked 
| 228|0x000000074e400000, 0x000000074e400000, 0x000000074e500000|  0%| F|  |TAMS 0x000000074e400000, 0x000000074e400000| Untracked 
| 229|0x000000074e500000, 0x000000074e500000, 0x000000074e600000|  0%| F|  |TAMS 0x000000074e500000, 0x000000074e500000| Untracked 
| 230|0x000000074e600000, 0x000000074e600000, 0x000000074e700000|  0%| F|  |TAMS 0x000000074e600000, 0x000000074e600000| Untracked 
| 231|0x000000074e700000, 0x000000074e700000, 0x000000074e800000|  0%| F|  |TAMS 0x000000074e700000, 0x000000074e700000| Untracked 
| 232|0x000000074e800000, 0x000000074e800000, 0x000000074e900000|  0%| F|  |TAMS 0x000000074e800000, 0x000000074e800000| Untracked 
| 233|0x000000074e900000, 0x000000074e900000, 0x000000074ea00000|  0%| F|  |TAMS 0x000000074e900000, 0x000000074e900000| Untracked 
| 234|0x000000074ea00000, 0x000000074ea00000, 0x000000074eb00000|  0%| F|  |TAMS 0x000000074ea00000, 0x000000074ea00000| Untracked 
| 235|0x000000074eb00000, 0x000000074eb00000, 0x000000074ec00000|  0%| F|  |TAMS 0x000000074eb00000, 0x000000074eb00000| Untracked 
| 236|0x000000074ec00000, 0x000000074ec00000, 0x000000074ed00000|  0%| F|  |TAMS 0x000000074ec00000, 0x000000074ec00000| Untracked 
| 237|0x000000074ed00000, 0x000000074ed00000, 0x000000074ee00000|  0%| F|  |TAMS 0x000000074ed00000, 0x000000074ed00000| Untracked 
| 238|0x000000074ee00000, 0x000000074ee00000, 0x000000074ef00000|  0%| F|  |TAMS 0x000000074ee00000, 0x000000074ee00000| Untracked 
| 239|0x000000074ef00000, 0x000000074ef00000, 0x000000074f000000|  0%| F|  |TAMS 0x000000074ef00000, 0x000000074ef00000| Untracked 
| 240|0x000000074f000000, 0x000000074f000000, 0x000000074f100000|  0%| F|  |TAMS 0x000000074f000000, 0x000000074f000000| Untracked 
| 241|0x000000074f100000, 0x000000074f100000, 0x000000074f200000|  0%| F|  |TAMS 0x000000074f100000, 0x000000074f100000| Untracked 
| 242|0x000000074f200000, 0x000000074f200000, 0x000000074f300000|  0%| F|  |TAMS 0x000000074f200000, 0x000000074f200000| Untracked 
| 243|0x000000074f300000, 0x000000074f300000, 0x000000074f400000|  0%| F|  |TAMS 0x000000074f300000, 0x000000074f300000| Untracked 
| 244|0x000000074f400000, 0x000000074f400000, 0x000000074f500000|  0%| F|  |TAMS 0x000000074f400000, 0x000000074f400000| Untracked 
| 245|0x000000074f500000, 0x000000074f500000, 0x000000074f600000|  0%| F|  |TAMS 0x000000074f500000, 0x000000074f500000| Untracked 
| 246|0x000000074f600000, 0x000000074f600000, 0x000000074f700000|  0%| F|  |TAMS 0x000000074f600000, 0x000000074f600000| Untracked 
| 247|0x000000074f700000, 0x000000074f700000, 0x000000074f800000|  0%| F|  |TAMS 0x000000074f700000, 0x000000074f700000| Untracked 
| 248|0x000000074f800000, 0x000000074f800000, 0x000000074f900000|  0%| F|  |TAMS 0x000000074f800000, 0x000000074f800000| Untracked 
| 249|0x000000074f900000, 0x000000074f900000, 0x000000074fa00000|  0%| F|  |TAMS 0x000000074f900000, 0x000000074f900000| Untracked 
| 250|0x000000074fa00000, 0x000000074fa00000, 0x000000074fb00000|  0%| F|  |TAMS 0x000000074fa00000, 0x000000074fa00000| Untracked 
| 251|0x000000074fb00000, 0x000000074fb00000, 0x000000074fc00000|  0%| F|  |TAMS 0x000000074fb00000, 0x000000074fb00000| Untracked 
| 252|0x000000074fc00000, 0x000000074fc00000, 0x000000074fd00000|  0%| F|  |TAMS 0x000000074fc00000, 0x000000074fc00000| Untracked 
| 253|0x000000074fd00000, 0x000000074fdbdb48, 0x000000074fe00000| 74%| S|CS|TAMS 0x000000074fd00000, 0x000000074fd00000| Complete 
| 254|0x000000074fe00000, 0x000000074fe00000, 0x000000074ff00000|  0%| F|  |TAMS 0x000000074fe00000, 0x000000074fe00000| Untracked 
| 255|0x000000074ff00000, 0x000000074ff00000, 0x0000000750000000|  0%| F|  |TAMS 0x000000074ff00000, 0x000000074ff00000| Untracked 
| 256|0x0000000750000000, 0x0000000750000000, 0x0000000750100000|  0%| F|  |TAMS 0x0000000750000000, 0x0000000750000000| Untracked 
| 257|0x0000000750100000, 0x0000000750100000, 0x0000000750200000|  0%| F|  |TAMS 0x0000000750100000, 0x0000000750100000| Untracked 
| 258|0x0000000750200000, 0x0000000750200000, 0x0000000750300000|  0%| F|  |TAMS 0x0000000750200000, 0x0000000750200000| Untracked 
| 259|0x0000000750300000, 0x0000000750300000, 0x0000000750400000|  0%| F|  |TAMS 0x0000000750300000, 0x0000000750300000| Untracked 
| 260|0x0000000750400000, 0x0000000750400000, 0x0000000750500000|  0%| F|  |TAMS 0x0000000750400000, 0x0000000750400000| Untracked 
| 261|0x0000000750500000, 0x0000000750500000, 0x0000000750600000|  0%| F|  |TAMS 0x0000000750500000, 0x0000000750500000| Untracked 
| 262|0x0000000750600000, 0x0000000750600000, 0x0000000750700000|  0%| F|  |TAMS 0x0000000750600000, 0x0000000750600000| Untracked 
| 263|0x0000000750700000, 0x0000000750700000, 0x0000000750800000|  0%| F|  |TAMS 0x0000000750700000, 0x0000000750700000| Untracked 
| 264|0x0000000750800000, 0x0000000750800000, 0x0000000750900000|  0%| F|  |TAMS 0x0000000750800000, 0x0000000750800000| Untracked 
| 265|0x0000000750900000, 0x0000000750900000, 0x0000000750a00000|  0%| F|  |TAMS 0x0000000750900000, 0x0000000750900000| Untracked 
| 266|0x0000000750a00000, 0x0000000750a00000, 0x0000000750b00000|  0%| F|  |TAMS 0x0000000750a00000, 0x0000000750a00000| Untracked 
| 267|0x0000000750b00000, 0x0000000750b00000, 0x0000000750c00000|  0%| F|  |TAMS 0x0000000750b00000, 0x0000000750b00000| Untracked 
| 268|0x0000000750c00000, 0x0000000750c00000, 0x0000000750d00000|  0%| F|  |TAMS 0x0000000750c00000, 0x0000000750c00000| Untracked 
| 269|0x0000000750d00000, 0x0000000750d00000, 0x0000000750e00000|  0%| F|  |TAMS 0x0000000750d00000, 0x0000000750d00000| Untracked 
| 270|0x0000000750e00000, 0x0000000750e00000, 0x0000000750f00000|  0%| F|  |TAMS 0x0000000750e00000, 0x0000000750e00000| Untracked 
| 271|0x0000000750f00000, 0x0000000750f00000, 0x0000000751000000|  0%| F|  |TAMS 0x0000000750f00000, 0x0000000750f00000| Untracked 
| 272|0x0000000751000000, 0x0000000751000000, 0x0000000751100000|  0%| F|  |TAMS 0x0000000751000000, 0x0000000751000000| Untracked 
| 273|0x0000000751100000, 0x0000000751100000, 0x0000000751200000|  0%| F|  |TAMS 0x0000000751100000, 0x0000000751100000| Untracked 
| 274|0x0000000751200000, 0x0000000751200000, 0x0000000751300000|  0%| F|  |TAMS 0x0000000751200000, 0x0000000751200000| Untracked 
| 275|0x0000000751300000, 0x0000000751309e28, 0x0000000751400000|  3%| O|  |TAMS 0x0000000751300000, 0x0000000751300000| Untracked 
| 276|0x0000000751400000, 0x0000000751400000, 0x0000000751500000|  0%| F|  |TAMS 0x0000000751400000, 0x0000000751400000| Untracked 
| 277|0x0000000751500000, 0x0000000751500000, 0x0000000751600000|  0%| F|  |TAMS 0x0000000751500000, 0x0000000751500000| Untracked 
| 278|0x0000000751600000, 0x0000000751600000, 0x0000000751700000|  0%| F|  |TAMS 0x0000000751600000, 0x0000000751600000| Untracked 
| 279|0x0000000751700000, 0x0000000751700000, 0x0000000751800000|  0%| F|  |TAMS 0x0000000751700000, 0x0000000751700000| Untracked 
| 280|0x0000000751800000, 0x0000000751800000, 0x0000000751900000|  0%| F|  |TAMS 0x0000000751800000, 0x0000000751800000| Untracked 
| 281|0x0000000751900000, 0x0000000751900000, 0x0000000751a00000|  0%| F|  |TAMS 0x0000000751900000, 0x0000000751900000| Untracked 
| 282|0x0000000751a00000, 0x0000000751a30818, 0x0000000751b00000| 18%| E|  |TAMS 0x0000000751a00000, 0x0000000751a00000| Complete 
| 283|0x0000000751b00000, 0x0000000751c00000, 0x0000000751c00000|100%| E|CS|TAMS 0x0000000751b00000, 0x0000000751b00000| Complete 
| 284|0x0000000751c00000, 0x0000000751d00000, 0x0000000751d00000|100%| E|CS|TAMS 0x0000000751c00000, 0x0000000751c00000| Complete 
| 285|0x0000000751d00000, 0x0000000751e00000, 0x0000000751e00000|100%| E|CS|TAMS 0x0000000751d00000, 0x0000000751d00000| Complete 
| 286|0x0000000751e00000, 0x0000000751f00000, 0x0000000751f00000|100%| E|CS|TAMS 0x0000000751e00000, 0x0000000751e00000| Complete 
| 287|0x0000000751f00000, 0x0000000752000000, 0x0000000752000000|100%| E|CS|TAMS 0x0000000751f00000, 0x0000000751f00000| Complete 
| 288|0x0000000752000000, 0x0000000752100000, 0x0000000752100000|100%| E|CS|TAMS 0x0000000752000000, 0x0000000752000000| Complete 
| 289|0x0000000752100000, 0x0000000752200000, 0x0000000752200000|100%| E|CS|TAMS 0x0000000752100000, 0x0000000752100000| Complete 
| 290|0x0000000752200000, 0x0000000752300000, 0x0000000752300000|100%| E|CS|TAMS 0x0000000752200000, 0x0000000752200000| Complete 
| 291|0x0000000752300000, 0x0000000752400000, 0x0000000752400000|100%| E|CS|TAMS 0x0000000752300000, 0x0000000752300000| Complete 
| 292|0x0000000752400000, 0x0000000752500000, 0x0000000752500000|100%| E|CS|TAMS 0x0000000752400000, 0x0000000752400000| Complete 
| 293|0x0000000752500000, 0x0000000752600000, 0x0000000752600000|100%| E|CS|TAMS 0x0000000752500000, 0x0000000752500000| Complete 
| 294|0x0000000752600000, 0x0000000752700000, 0x0000000752700000|100%| E|CS|TAMS 0x0000000752600000, 0x0000000752600000| Complete 
| 295|0x0000000752700000, 0x0000000752800000, 0x0000000752800000|100%| E|CS|TAMS 0x0000000752700000, 0x0000000752700000| Complete 
| 296|0x0000000752800000, 0x0000000752900000, 0x0000000752900000|100%| E|CS|TAMS 0x0000000752800000, 0x0000000752800000| Complete 
| 297|0x0000000752900000, 0x0000000752a00000, 0x0000000752a00000|100%| E|CS|TAMS 0x0000000752900000, 0x0000000752900000| Complete 
| 298|0x0000000752a00000, 0x0000000752b00000, 0x0000000752b00000|100%| E|CS|TAMS 0x0000000752a00000, 0x0000000752a00000| Complete 
| 299|0x0000000752b00000, 0x0000000752c00000, 0x0000000752c00000|100%| E|CS|TAMS 0x0000000752b00000, 0x0000000752b00000| Complete 
| 300|0x0000000752c00000, 0x0000000752d00000, 0x0000000752d00000|100%| E|CS|TAMS 0x0000000752c00000, 0x0000000752c00000| Complete 
| 301|0x0000000752d00000, 0x0000000752e00000, 0x0000000752e00000|100%| E|CS|TAMS 0x0000000752d00000, 0x0000000752d00000| Complete 
| 302|0x0000000752e00000, 0x0000000752f00000, 0x0000000752f00000|100%| E|CS|TAMS 0x0000000752e00000, 0x0000000752e00000| Complete 
| 303|0x0000000752f00000, 0x0000000753000000, 0x0000000753000000|100%| E|CS|TAMS 0x0000000752f00000, 0x0000000752f00000| Complete 
| 304|0x0000000753000000, 0x0000000753100000, 0x0000000753100000|100%| E|CS|TAMS 0x0000000753000000, 0x0000000753000000| Complete 
| 305|0x0000000753100000, 0x0000000753200000, 0x0000000753200000|100%| E|CS|TAMS 0x0000000753100000, 0x0000000753100000| Complete 
| 306|0x0000000753200000, 0x0000000753300000, 0x0000000753300000|100%| E|CS|TAMS 0x0000000753200000, 0x0000000753200000| Complete 
| 307|0x0000000753300000, 0x0000000753400000, 0x0000000753400000|100%| E|CS|TAMS 0x0000000753300000, 0x0000000753300000| Complete 
| 308|0x0000000753400000, 0x0000000753500000, 0x0000000753500000|100%| E|CS|TAMS 0x0000000753400000, 0x0000000753400000| Complete 
| 309|0x0000000753500000, 0x0000000753600000, 0x0000000753600000|100%| E|CS|TAMS 0x0000000753500000, 0x0000000753500000| Complete 
| 310|0x0000000753600000, 0x0000000753700000, 0x0000000753700000|100%| E|CS|TAMS 0x0000000753600000, 0x0000000753600000| Complete 
| 311|0x0000000753700000, 0x0000000753800000, 0x0000000753800000|100%| E|CS|TAMS 0x0000000753700000, 0x0000000753700000| Complete 
| 312|0x0000000753800000, 0x0000000753900000, 0x0000000753900000|100%| E|CS|TAMS 0x0000000753800000, 0x0000000753800000| Complete 
| 313|0x0000000753900000, 0x0000000753a00000, 0x0000000753a00000|100%| E|CS|TAMS 0x0000000753900000, 0x0000000753900000| Complete 

Card table byte_map: [0x0000026f1d090000,0x0000026f1d690000] _byte_map_base: 0x0000026f19690000

Marking Bits (Prev, Next): (CMBitMap*) 0x0000026f03f46830, (CMBitMap*) 0x0000026f03f467f8
 Prev Bits: [0x0000026f20c90000, 0x0000026f23c90000)
 Next Bits: [0x0000026f1dc90000, 0x0000026f20c90000)

Polling page: 0x0000026f01490000

Metaspace:

Usage:
  Non-class:     84.31 MB capacity,    82.81 MB ( 98%) used,     1.13 MB (  1%) free+waste,   375.19 KB ( <1%) overhead. 
      Class:     14.44 MB capacity,    13.17 MB ( 91%) used,     1.09 MB (  8%) free+waste,   182.31 KB (  1%) overhead. 
       Both:     98.74 MB capacity,    95.98 MB ( 97%) used,     2.22 MB (  2%) free+waste,   557.50 KB ( <1%) overhead. 

Virtual space:
  Non-class space:       86.00 MB reserved,      84.33 MB ( 98%) committed 
      Class space:        1.00 GB reserved,      14.50 MB (  1%) committed 
             Both:        1.08 GB reserved,      98.83 MB (  9%) committed 

Chunk freelists:
   Non-Class:  2.75 KB
       Class:  128 bytes
        Both:  2.88 KB

CodeHeap 'non-profiled nmethods': size=120000Kb used=23256Kb max_used=23256Kb free=96743Kb
 bounds [0x0000026f15450000, 0x0000026f16b20000, 0x0000026f1c980000]
CodeHeap 'profiled nmethods': size=120000Kb used=42568Kb max_used=44750Kb free=77431Kb
 bounds [0x0000026f0df20000, 0x0000026f10b70000, 0x0000026f15450000]
CodeHeap 'non-nmethods': size=5760Kb used=1674Kb max_used=1717Kb free=4085Kb
 bounds [0x0000026f0d980000, 0x0000026f0dbf0000, 0x0000026f0df20000]
 total_blobs=35843 nmethods=18359 adapters=1131
 compilation: enabled
              stopped_count=0, restarted_count=0
 full_count=0

Compilation events (10 events):
Event: 1784.345 Thread 0x0000026f377f7000 24524       4       sun.java2d.marlin.DRenderer::moveTo (41 bytes)
Event: 1784.346 Thread 0x0000026f377f7000 nmethod 24524 0x0000026f1672ec90 code [0x0000026f1672ee60, 0x0000026f1672ef68]
Event: 1784.918 Thread 0x0000026f03f0c800 24525       3       ui.views.dI::a (114 bytes)
Event: 1784.919 Thread 0x0000026f03f0c800 nmethod 24525 0x0000026f0f093c90 code [0x0000026f0f093ee0, 0x0000026f0f094750]
Event: 1785.561 Thread 0x0000026f377f7000 24526       4       javax.swing.DefaultListCellRenderer::isOpaque (68 bytes)
Event: 1785.566 Thread 0x0000026f377f7000 nmethod 24526 0x0000026f1672e590 code [0x0000026f1672e740, 0x0000026f1672e9f8]
Event: 1785.566 Thread 0x0000026f377f7000 24527       4       javax.swing.plaf.basic.BasicListUI::paintCell (156 bytes)
Event: 1785.576 Thread 0x0000026f377f7000 nmethod 24527 0x0000026f167d7810 code [0x0000026f167d7a40, 0x0000026f167d83f0]
Event: 1785.695 Thread 0x0000026f377f7000 24528       4       javax.swing.BoxLayout::<init> (44 bytes)
Event: 1785.697 Thread 0x0000026f377f7000 nmethod 24528 0x0000026f167d7410 code [0x0000026f167d75a0, 0x0000026f167d7738]

GC Heap History (10 events):
Event: 1775.292 GC heap before
{Heap before GC invocations=379 (full 95):
 garbage-first heap   total 321536K, used 156271K [0x0000000740000000, 0x0000000800000000)
  region size 1024K, 60 young (61440K), 0 survivors (0K)
 Metaspace       used 98264K, capacity 101113K, committed 101200K, reserved 1136640K
  class space    used 13483K, capacity 14783K, committed 14848K, reserved 1048576K
}
Event: 1775.295 GC heap after
{Heap after GC invocations=380 (full 95):
 garbage-first heap   total 321536K, used 95468K [0x0000000740000000, 0x0000000800000000)
  region size 1024K, 1 young (1024K), 1 survivors (1024K)
 Metaspace       used 98264K, capacity 101113K, committed 101200K, reserved 1136640K
  class space    used 13483K, capacity 14783K, committed 14848K, reserved 1048576K
}
Event: 1778.292 GC heap before
{Heap before GC invocations=380 (full 95):
 garbage-first heap   total 321536K, used 155884K [0x0000000740000000, 0x0000000800000000)
  region size 1024K, 60 young (61440K), 1 survivors (1024K)
 Metaspace       used 98268K, capacity 101113K, committed 101200K, reserved 1136640K
  class space    used 13483K, capacity 14783K, committed 14848K, reserved 1048576K
}
Event: 1778.295 GC heap after
{Heap after GC invocations=381 (full 95):
 garbage-first heap   total 321536K, used 95437K [0x0000000740000000, 0x0000000800000000)
  region size 1024K, 1 young (1024K), 1 survivors (1024K)
 Metaspace       used 98268K, capacity 101113K, committed 101200K, reserved 1136640K
  class space    used 13483K, capacity 14783K, committed 14848K, reserved 1048576K
}
Event: 1779.594 GC heap before
{Heap before GC invocations=381 (full 95):
 garbage-first heap   total 321536K, used 135373K [0x0000000740000000, 0x0000000800000000)
  region size 1024K, 41 young (41984K), 1 survivors (1024K)
 Metaspace       used 98271K, capacity 101113K, committed 101200K, reserved 1136640K
  class space    used 13483K, capacity 14783K, committed 14848K, reserved 1048576K
}
Event: 1779.705 GC heap after
{Heap after GC invocations=382 (full 96):
 garbage-first heap   total 321536K, used 94966K [0x0000000740000000, 0x0000000800000000)
  region size 1024K, 0 young (0K), 0 survivors (0K)
 Metaspace       used 98271K, capacity 101113K, committed 101200K, reserved 1136640K
  class space    used 13483K, capacity 14783K, committed 14848K, reserved 1048576K
}
Event: 1781.691 GC heap before
{Heap before GC invocations=382 (full 96):
 garbage-first heap   total 321536K, used 156406K [0x0000000740000000, 0x0000000800000000)
  region size 1024K, 60 young (61440K), 0 survivors (0K)
 Metaspace       used 98277K, capacity 101113K, committed 101200K, reserved 1136640K
  class space    used 13483K, capacity 14783K, committed 14848K, reserved 1048576K
}
Event: 1781.694 GC heap after
{Heap after GC invocations=383 (full 96):
 garbage-first heap   total 321536K, used 95502K [0x0000000740000000, 0x0000000800000000)
  region size 1024K, 1 young (1024K), 1 survivors (1024K)
 Metaspace       used 98277K, capacity 101113K, committed 101200K, reserved 1136640K
  class space    used 13483K, capacity 14783K, committed 14848K, reserved 1048576K
}
Event: 1784.493 GC heap before
{Heap before GC invocations=383 (full 96):
 garbage-first heap   total 321536K, used 155918K [0x0000000740000000, 0x0000000800000000)
  region size 1024K, 60 young (61440K), 1 survivors (1024K)
 Metaspace       used 98279K, capacity 101113K, committed 101200K, reserved 1136640K
  class space    used 13483K, capacity 14783K, committed 14848K, reserved 1048576K
}
Event: 1784.496 GC heap after
{Heap after GC invocations=384 (full 96):
 garbage-first heap   total 321536K, used 95724K [0x0000000740000000, 0x0000000800000000)
  region size 1024K, 1 young (1024K), 1 survivors (1024K)
 Metaspace       used 98279K, capacity 101113K, committed 101200K, reserved 1136640K
  class space    used 13483K, capacity 14783K, committed 14848K, reserved 1048576K
}

Deoptimization events (10 events):
Event: 1660.070 Thread 0x0000026f053a1800 Uncommon trap: reason=unstable_if action=reinterpret pc=0x0000026f169036e0 method=de.javasoft.plaf.synthetica.StyleFactory.getStyle(Ljavax/swing/JComponent;Ljavax/swing/plaf/synth/Region;Ljavax/swing/plaf/synth/SynthStyle;Z)Ljavax/swing/plaf/synth/SynthSt
Event: 1661.754 Thread 0x0000026f053a1800 Uncommon trap: reason=unstable_if action=reinterpret pc=0x0000026f16a26750 method=sun.java2d.pipe.LoopPipe.getStrokeSpans(Lsun/java2d/SunGraphics2D;Ljava/awt/Shape;)Lsun/java2d/pipe/ShapeSpanIterator; @ 35 c2
Event: 1661.755 Thread 0x0000026f053a1800 Uncommon trap: reason=unstable_if action=reinterpret pc=0x0000026f16a544b8 method=sun.java2d.marlin.DStroker.finish(I)V @ 50 c2
Event: 1661.755 Thread 0x0000026f053a1800 Uncommon trap: reason=unstable_if action=reinterpret pc=0x0000026f16a3c550 method=sun.java2d.pipe.LoopPipe.getStrokeSpans(Lsun/java2d/SunGraphics2D;Ljava/awt/Shape;)Lsun/java2d/pipe/ShapeSpanIterator; @ 35 c2
Event: 1697.980 Thread 0x0000026f053a1800 Uncommon trap: reason=unstable_if action=reinterpret pc=0x0000026f1628c5c8 method=java.util.HashMap.removeNode(ILjava/lang/Object;Ljava/lang/Object;ZZ)Ljava/util/HashMap$Node; @ 71 c2
Event: 1762.810 Thread 0x0000026f053a1800 Uncommon trap: reason=unstable_if action=reinterpret pc=0x0000026f16b0a250 method=ui.views.waveform.f.e.getTreeCellRendererComponent(Ljavax/swing/JTree;Ljava/lang/Object;ZZZIZ)Ljava/awt/Component; @ 67 c2
Event: 1762.810 Thread 0x0000026f053a1800 Uncommon trap: reason=unstable_if action=reinterpret pc=0x0000026f161c6318 method=javax.swing.tree.VariableHeightLayoutCache.getBounds(Ljavax/swing/tree/TreePath;Ljava/awt/Rectangle;)Ljava/awt/Rectangle; @ 16 c2
Event: 1762.810 Thread 0x0000026f053a1800 Uncommon trap: reason=unstable_if action=reinterpret pc=0x0000026f1652e4f0 method=javax.swing.tree.VariableHeightLayoutCache.getBounds(Ljavax/swing/tree/TreePath;Ljava/awt/Rectangle;)Ljava/awt/Rectangle; @ 16 c2
Event: 1762.810 Thread 0x0000026f053a1800 Uncommon trap: reason=unstable_if action=reinterpret pc=0x0000026f1646c150 method=javax.swing.tree.VariableHeightLayoutCache.getBounds(Ljavax/swing/tree/TreePath;Ljava/awt/Rectangle;)Ljava/awt/Rectangle; @ 16 c2
Event: 1784.463 Thread 0x0000026f053a1800 Uncommon trap: reason=class_check action=maybe_recompile pc=0x0000026f164e71b0 method=javax.swing.AbstractButton.setEnabled(Z)V @ 21 c2

Classes redefined (0 events):
No events

Internal exceptions (10 events):
Event: 1761.728 Thread 0x0000026f053a1800 Exception <a 'java/io/FileNotFoundException'{0x0000000751cc0840}> (0x0000000751cc0840) thrown at [t:/workspace/open/src/hotspot/share/prims/jni.cpp, line 615]
Event: 1762.726 Thread 0x0000026f053a1800 Exception <a 'java/io/FileNotFoundException'{0x0000000750f8cee0}> (0x0000000750f8cee0) thrown at [t:/workspace/open/src/hotspot/share/prims/jni.cpp, line 615]
Event: 1766.728 Thread 0x0000026f053a1800 Exception <a 'java/io/FileNotFoundException'{0x0000000751c92378}> (0x0000000751c92378) thrown at [t:/workspace/open/src/hotspot/share/prims/jni.cpp, line 615]
Event: 1767.548 Thread 0x0000026f053a1800 Exception <a 'java/io/FileNotFoundException'{0x0000000751cf4a08}> (0x0000000751cf4a08) thrown at [t:/workspace/open/src/hotspot/share/prims/jni.cpp, line 615]
Event: 1771.740 Thread 0x0000026f053a1800 Exception <a 'java/io/FileNotFoundException'{0x0000000752855a58}> (0x0000000752855a58) thrown at [t:/workspace/open/src/hotspot/share/prims/jni.cpp, line 615]
Event: 1772.548 Thread 0x0000026f053a1800 Exception <a 'java/io/FileNotFoundException'{0x0000000751d24f40}> (0x0000000751d24f40) thrown at [t:/workspace/open/src/hotspot/share/prims/jni.cpp, line 615]
Event: 1776.729 Thread 0x0000026f053a1800 Exception <a 'java/io/FileNotFoundException'{0x00000007501557a8}> (0x00000007501557a8) thrown at [t:/workspace/open/src/hotspot/share/prims/jni.cpp, line 615]
Event: 1777.548 Thread 0x0000026f053a1800 Exception <a 'java/io/FileNotFoundException'{0x000000074fd2e9d0}> (0x000000074fd2e9d0) thrown at [t:/workspace/open/src/hotspot/share/prims/jni.cpp, line 615]
Event: 1781.737 Thread 0x0000026f053a1800 Exception <a 'java/io/FileNotFoundException'{0x00000007537cbe80}> (0x00000007537cbe80) thrown at [t:/workspace/open/src/hotspot/share/prims/jni.cpp, line 615]
Event: 1782.663 Thread 0x0000026f053a1800 Exception <a 'java/io/FileNotFoundException'{0x000000075230ee50}> (0x000000075230ee50) thrown at [t:/workspace/open/src/hotspot/share/prims/jni.cpp, line 615]

Events (10 events):
Event: 1784.411 Executing VM operation: RevokeBias done
Event: 1784.463 Thread 0x0000026f053a1800 Uncommon trap: trap_request=0xffffffde fr.pc=0x0000026f164e71b0 relative=0x0000000000001550
Event: 1784.463 Thread 0x0000026f053a1800 DEOPT PACKING pc=0x0000026f164e71b0 sp=0x00000091b40f66a0
Event: 1784.463 Thread 0x0000026f053a1800 DEOPT UNPACKING pc=0x0000026f0d9a91af sp=0x00000091b40f6650 mode 2
Event: 1784.493 Executing VM operation: G1CollectForAllocation
Event: 1784.496 Executing VM operation: G1CollectForAllocation done
Event: 1785.056 Thread 0x0000026f3928f800 Thread added: 0x0000026f3928f800
Event: 1785.061 Thread 0x0000026f3928f800 Thread exited: 0x0000026f3928f800
Event: 1786.056 Thread 0x0000026f3928f800 Thread added: 0x0000026f3928f800
Event: 1786.062 Thread 0x0000026f3928f800 Thread exited: 0x0000026f3928f800


Dynamic libraries:
0x00007ff6a96a0000 - 0x00007ff6a96cf000 	D:\Xilinx\Vivado\2020.2\bin\unwrapped\win64.o\vivado.exe
0x00007ff9cccb0000 - 0x00007ff9ccea5000 	C:\WINDOWS\SYSTEM32\ntdll.dll
0x00007ff9cc450000 - 0x00007ff9cc50d000 	C:\WINDOWS\System32\KERNEL32.DLL
0x00007ff9ca4e0000 - 0x00007ff9ca7a8000 	C:\WINDOWS\System32\KERNELBASE.dll
0x00007ff9caac0000 - 0x00007ff9cabc0000 	C:\WINDOWS\System32\ucrtbase.dll
0x00007ff9adec0000 - 0x00007ff9adf52000 	C:\WINDOWS\SYSTEM32\MSVCP140.dll
0x00007ff9adf60000 - 0x00007ff9adf79000 	C:\WINDOWS\SYSTEM32\VCRUNTIME140.dll
0x00007ff9adeb0000 - 0x00007ff9adebc000 	C:\WINDOWS\SYSTEM32\VCRUNTIME140_1.dll
0x00007ff9a86a0000 - 0x00007ff9a86b3000 	D:\Xilinx\Vivado\2020.2\lib\win64.o\libboost_signals.dll
0x00007ff9a3360000 - 0x00007ff9a3378000 	D:\Xilinx\Vivado\2020.2\lib\win64.o\librdi_commonmain.dll
0x00007ff9a3330000 - 0x00007ff9a3352000 	D:\Xilinx\Vivado\2020.2\lib\win64.o\libboost_filesystem.dll
0x00007ff9cb980000 - 0x00007ff9cba2c000 	C:\WINDOWS\System32\ADVAPI32.dll
0x00007ff9cc3b0000 - 0x00007ff9cc44e000 	C:\WINDOWS\System32\msvcrt.dll
0x00007ff9cc6a0000 - 0x00007ff9cc73b000 	C:\WINDOWS\System32\sechost.dll
0x00007ff9cc510000 - 0x00007ff9cc63b000 	C:\WINDOWS\System32\RPCRT4.dll
0x00007ff9c4b00000 - 0x00007ff9c4b09000 	D:\Xilinx\Vivado\2020.2\lib\win64.o\librdi_commonversion.dll
0x00007ff94e3e0000 - 0x00007ff94f557000 	D:\Xilinx\Vivado\2020.2\lib\win64.o\librdi_common.dll
0x00007ff9cc190000 - 0x00007ff9cc330000 	C:\WINDOWS\System32\USER32.dll
0x00007ff9ca890000 - 0x00007ff9ca8b2000 	C:\WINDOWS\System32\win32u.dll
0x00007ff9cb140000 - 0x00007ff9cb16a000 	C:\WINDOWS\System32\GDI32.dll
0x00007ff9ca8c0000 - 0x00007ff9ca9cb000 	C:\WINDOWS\System32\gdi32full.dll
0x00007ff9ca9d0000 - 0x00007ff9caa6d000 	C:\WINDOWS\System32\msvcp_win.dll
0x00007ff9cb170000 - 0x00007ff9cb8af000 	C:\WINDOWS\System32\SHELL32.dll
0x00007ff9cc120000 - 0x00007ff9cc18b000 	C:\WINDOWS\System32\WS2_32.dll
0x00007ff9ca7b0000 - 0x00007ff9ca7d7000 	C:\WINDOWS\System32\bcrypt.dll
0x00007ff96a630000 - 0x00007ff96a7c9000 	D:\Xilinx\Vivado\2020.2\lib\win64.o\librdi_commonxillic.dll
0x0000000055b90000 - 0x0000000055cbb000 	D:\Xilinx\Vivado\2020.2\lib\win64.o\tcl85t.dll
0x00007ff9c4920000 - 0x00007ff9c4929000 	D:\Xilinx\Vivado\2020.2\lib\win64.o\libboost_system.dll
0x00007ff9c4670000 - 0x00007ff9c4680000 	D:\Xilinx\Vivado\2020.2\lib\win64.o\libboost_date_time.dll
0x00007ff9720c0000 - 0x00007ff972133000 	D:\Xilinx\Vivado\2020.2\lib\win64.o\libboost_program_options.dll
0x00007ff95dd40000 - 0x00007ff95e0ae000 	D:\Xilinx\Vivado\2020.2\lib\win64.o\libCOIN-all.dll
0x00007ff95ecb0000 - 0x00007ff95edc1000 	D:\Xilinx\Vivado\2020.2\lib\win64.o\libboost_regex.dll
0x00007ff9a31d0000 - 0x00007ff9a31ee000 	D:\Xilinx\Vivado\2020.2\lib\win64.o\libboost_thread.dll
0x00007ff9bba90000 - 0x00007ff9bba9c000 	D:\Xilinx\Vivado\2020.2\lib\win64.o\libboost_xilinx.dll
0x00007ff96d000000 - 0x00007ff96d0a5000 	D:\Xilinx\Vivado\2020.2\lib\win64.o\libhdxml.dll
0x00007ff96ca30000 - 0x00007ff96cab2000 	D:\Xilinx\Vivado\2020.2\lib\win64.o\libhdlpsolve.dll
0x00007ff9a2dc0000 - 0x00007ff9a2de8000 	D:\Xilinx\Vivado\2020.2\lib\win64.o\libisl_sysinfo.dll
0x00007ff99e210000 - 0x00007ff99e22c000 	D:\Xilinx\Vivado\2020.2\lib\win64.o\librdiconfig.dll
0x00007ff9cc640000 - 0x00007ff9cc695000 	C:\WINDOWS\System32\SHLWAPI.dll
0x00007ff99dcd0000 - 0x00007ff99dcea000 	D:\Xilinx\Vivado\2020.2\lib\win64.o\pthreadVC2.dll
0x00007ff96c9c0000 - 0x00007ff96ca25000 	D:\Xilinx\Vivado\2020.2\lib\win64.o\liblmx6.0.dll
0x00007ff9ae210000 - 0x00007ff9ae228000 	C:\WINDOWS\SYSTEM32\NETAPI32.dll
0x00007ff9a03f0000 - 0x00007ff9a08cd000 	C:\WINDOWS\SYSTEM32\WININET.dll
0x00007ff9b8c50000 - 0x00007ff9b8d5b000 	C:\WINDOWS\SYSTEM32\WINHTTP.dll
0x00007ff9b8a00000 - 0x00007ff9b8bec000 	C:\WINDOWS\SYSTEM32\urlmon.dll
0x00007ff9930d0000 - 0x00007ff9930f1000 	D:\Xilinx\Vivado\2020.2\lib\win64.o\librdizlib.dll
0x00007ff9ad400000 - 0x00007ff9ad409000 	C:\WINDOWS\SYSTEM32\WSOCK32.dll
0x00007ff98e1c0000 - 0x00007ff98e1ed000 	C:\WINDOWS\SYSTEM32\VCOMP140.DLL
0x00007ff94d5e0000 - 0x00007ff94e3d2600 	D:\Xilinx\Vivado\2020.2\lib\win64.o\libisl_iostreams.dll
0x00007ff9b8c00000 - 0x00007ff9b8c0c000 	D:\Xilinx\Vivado\2020.2\lib\win64.o\libboost_chrono.dll
0x00007ff9bd930000 - 0x00007ff9bdbe0000 	C:\WINDOWS\SYSTEM32\iertutil.dll
0x00007ff9cbda0000 - 0x00007ff9cc0f5000 	C:\WINDOWS\System32\combase.dll
0x00007ff9cb090000 - 0x00007ff9cb13e000 	C:\WINDOWS\System32\shcore.dll
0x00007ff99b930000 - 0x00007ff99b946000 	D:\Xilinx\Vivado\2020.2\lib\win64.o\libboost_iostreams.dll
0x0000000012000000 - 0x0000000012270000 	D:\Xilinx\Vivado\2020.2\lib\win64.o\xerces-c_3_1.dll
0x00007ff98de90000 - 0x00007ff98deb3000 	D:\Xilinx\Vivado\2020.2\lib\win64.o\libisl_iosutils.dll
0x00007ff95d680000 - 0x00007ff95d95b000 	D:\Xilinx\Vivado\2020.2\lib\win64.o\libXil_lmgr11.dll
0x00007ff9cbc20000 - 0x00007ff9cbcfa000 	C:\WINDOWS\System32\COMDLG32.dll
0x00007ff9cb8b0000 - 0x00007ff9cb97d000 	C:\WINDOWS\System32\OLEAUT32.dll
0x00007ff9cade0000 - 0x00007ff9caf0a000 	C:\WINDOWS\System32\ole32.dll
0x00007ff9b1370000 - 0x00007ff9b1420000 	C:\WINDOWS\WinSxS\amd64_microsoft.windows.common-controls_6595b64144ccf1df_5.82.19041.844_none_423537bff6b9828c\COMCTL32.dll
0x00007ff9ca480000 - 0x00007ff9ca4e0000 	C:\WINDOWS\System32\WINTRUST.dll
0x00007ff9cabc0000 - 0x00007ff9cad1f000 	C:\WINDOWS\System32\CRYPT32.dll
0x00007ff9c1be0000 - 0x00007ff9c1bfd000 	C:\WINDOWS\SYSTEM32\dhcpcsvc.DLL
0x00007ff94b6c0000 - 0x00007ff94d5d7000 	D:\Xilinx\Vivado\2020.2\lib\win64.o\gurobi90.dll
0x00007ff9cb030000 - 0x00007ff9cb086000 	C:\WINDOWS\System32\WLDAP32.dll
0x00007ff9cbd90000 - 0x00007ff9cbd98000 	C:\WINDOWS\System32\Normaliz.dll
0x00007ff9c98b0000 - 0x00007ff9c98bc000 	C:\WINDOWS\SYSTEM32\NETUTILS.DLL
0x00007ff9c9bd0000 - 0x00007ff9c9c3a000 	C:\WINDOWS\SYSTEM32\MSWSOCK.DLL
0x00007ff9cba30000 - 0x00007ff9cba60000 	C:\WINDOWS\System32\IMM32.DLL
0x00007ff9c9fe0000 - 0x00007ff9c9ff2000 	C:\WINDOWS\SYSTEM32\MSASN1.dll
0x00007ff9c8ca0000 - 0x00007ff9c8cb2000 	C:\WINDOWS\SYSTEM32\kernel.appcore.dll
0x00007ff959860000 - 0x00007ff959d82000 	D:\Xilinx\Vivado\2020.2\lib\win64.o\librdi_commontasks.dll
0x00007ff9c1df0000 - 0x00007ff9c1dfa000 	C:\WINDOWS\SYSTEM32\VERSION.dll
0x00007ff94ab90000 - 0x00007ff94b6b3000 	D:\Xilinx\Vivado\2020.2\tps\win64\jre11.0.2\bin\server\jvm.dll
0x00007ff9cbc10000 - 0x00007ff9cbc18000 	C:\WINDOWS\System32\PSAPI.DLL
0x00007ff9bca70000 - 0x00007ff9bca97000 	C:\WINDOWS\SYSTEM32\WINMM.dll
0x00007ff95d3a0000 - 0x00007ff95d675000 	D:\Xilinx\Vivado\2020.2\lib\win64.o\librdi_sio.dll
0x00007ff9c9870000 - 0x00007ff9c98ab000 	C:\WINDOWS\SYSTEM32\IPHLPAPI.DLL
0x00007ff9c81c0000 - 0x00007ff9c8950000 	C:\WINDOWS\SYSTEM32\windows.storage.dll
0x00007ff9c9e60000 - 0x00007ff9c9e8c000 	C:\WINDOWS\SYSTEM32\Wldp.dll
0x00007ff943110000 - 0x00007ff945bce000 	D:\Xilinx\Vivado\2020.2\lib\win64.o\librdi_tcltasks.dll
0x00007ff96b470000 - 0x00007ff96b4ee000 	D:\Xilinx\Vivado\2020.2\lib\win64.o\librdi_boarddep.dll
0x00007ff95be40000 - 0x00007ff95bf36000 	D:\Xilinx\Vivado\2020.2\lib\win64.o\librdi_chipscope.dll
0x00007ff95acb0000 - 0x00007ff95ae63000 	D:\Xilinx\Vivado\2020.2\lib\win64.o\librdi_board.dll
0x00007ff959670000 - 0x00007ff95985a000 	D:\Xilinx\Vivado\2020.2\lib\win64.o\librdi_chipscopeimpl.dll
0x00007ff959500000 - 0x00007ff959661000 	D:\Xilinx\Vivado\2020.2\lib\win64.o\librdi_containers.dll
0x00007ff942c60000 - 0x00007ff943106000 	D:\Xilinx\Vivado\2020.2\lib\win64.o\librdi_bitstream.dll
0x00007ff942540000 - 0x00007ff942c58000 	D:\Xilinx\Vivado\2020.2\lib\win64.o\librdi_coregenipxact.dll
0x00007ff9407d0000 - 0x00007ff942531000 	D:\Xilinx\Vivado\2020.2\lib\win64.o\librdi_designutils.dll
0x00007ff93e410000 - 0x00007ff9407cd000 	D:\Xilinx\Vivado\2020.2\lib\win64.o\librdi_coregen.dll
0x00007ff93c5e0000 - 0x00007ff93e40c000 	D:\Xilinx\Vivado\2020.2\lib\win64.o\librdi_constraints.dll
0x00007ff93c270000 - 0x00007ff93c5d8000 	D:\Xilinx\Vivado\2020.2\lib\win64.o\librdi_dlyest.dll
0x00007ff95e130000 - 0x00007ff95e1e3000 	D:\Xilinx\Vivado\2020.2\lib\win64.o\librdi_dsp.dll
0x00007ff93bc10000 - 0x00007ff93c26d000 	D:\Xilinx\Vivado\2020.2\lib\win64.o\librdi_drc.dll
0x00007ff951030000 - 0x00007ff95134d000 	D:\Xilinx\Vivado\2020.2\lib\win64.o\librdi_guitools.dll
0x00007ff96b380000 - 0x00007ff96b3eb000 	D:\Xilinx\Vivado\2020.2\lib\win64.o\librdi_hdf.dll
0x00007ff95b7f0000 - 0x00007ff95b937000 	D:\Xilinx\Vivado\2020.2\lib\win64.o\librdi_hip_perf_analysis.dll
0x00007ff93b990000 - 0x00007ff93bc07000 	D:\Xilinx\Vivado\2020.2\lib\win64.o\librdi_hip_devdesign.dll
0x00007ff93b2c0000 - 0x00007ff93b982000 	D:\Xilinx\Vivado\2020.2\lib\win64.o\librdi_filemgmt.dll
0x00007ff96ae00000 - 0x00007ff96ae72000 	D:\Xilinx\Vivado\2020.2\lib\win64.o\librdi_memoryarray.dll
0x00007ff93ac70000 - 0x00007ff93b2bc000 	D:\Xilinx\Vivado\2020.2\lib\win64.o\librdi_memdata.dll
0x00007ff93a540000 - 0x00007ff93ac6c000 	D:\Xilinx\Vivado\2020.2\lib\win64.o\librdi_netlist.dll
0x00007ff972c70000 - 0x00007ff972cc4000 	D:\Xilinx\Vivado\2020.2\lib\win64.o\librdi_pfi.dll
0x00007ff938960000 - 0x00007ff93a534000 	D:\Xilinx\Vivado\2020.2\lib\win64.o\librdi_implflow.dll
0x00007ff936510000 - 0x00007ff938954000 	D:\Xilinx\Vivado\2020.2\lib\win64.o\librdi_mig.dll
0x00007ff936170000 - 0x00007ff93650e000 	D:\Xilinx\Vivado\2020.2\lib\win64.o\librdi_platform.dll
0x00007ff935950000 - 0x00007ff936167000 	D:\Xilinx\Vivado\2020.2\lib\win64.o\librdi_power.dll
0x00007ff9352d0000 - 0x00007ff935944000 	D:\Xilinx\Vivado\2020.2\lib\win64.o\librdi_project.dll
0x00007ff934ac0000 - 0x00007ff9352cc000 	D:\Xilinx\Vivado\2020.2\lib\win64.o\librdi_rsb.dll
0x00007ff9318b0000 - 0x00007ff934ab7000 	D:\Xilinx\Vivado\2020.2\lib\win64.o\librdi_place.dll
0x00007ff931180000 - 0x00007ff9318a2000 	D:\Xilinx\Vivado\2020.2\lib\win64.o\librdi_psta.dll
0x00007ff930c50000 - 0x00007ff93117b000 	D:\Xilinx\Vivado\2020.2\lib\win64.o\librdi_runs.dll
0x00007ff958dc0000 - 0x00007ff958ec9000 	D:\Xilinx\Vivado\2020.2\lib\win64.o\librdi_runsbase.dll
0x00007ff9309d0000 - 0x00007ff930c44000 	D:\Xilinx\Vivado\2020.2\lib\win64.o\librdi_simdata.dll
0x00007ff958ca0000 - 0x00007ff958db6000 	D:\Xilinx\Vivado\2020.2\lib\win64.o\librdi_xhub.dll
0x00007ff959450000 - 0x00007ff9594f7000 	D:\Xilinx\Vivado\2020.2\lib\win64.o\librdi_xhubtasks.dll
0x00007ff9307e0000 - 0x00007ff9309cb000 	D:\Xilinx\Vivado\2020.2\lib\win64.o\librdi_advchipscopeimpl.dll
0x00007ff92f850000 - 0x00007ff9307d1000 	D:\Xilinx\Vivado\2020.2\lib\win64.o\librdi_timing.dll
0x00007ff917270000 - 0x00007ff92f84f000 	D:\Xilinx\Vivado\2020.2\lib\win64.o\librdi_device.dll
0x00007ff96a340000 - 0x00007ff96a387000 	D:\Xilinx\Vivado\2020.2\lib\win64.o\libboost_serialization.dll
0x00007ff916730000 - 0x00007ff916a2b000 	D:\Xilinx\Vivado\2020.2\lib\win64.o\librdi_hip_config.dll
0x00007ff916640000 - 0x00007ff91672b000 	D:\Xilinx\Vivado\2020.2\lib\win64.o\librdi_ipconfig_readwrite.dll
0x00007ff95ec40000 - 0x00007ff95ecaa000 	D:\Xilinx\Vivado\2020.2\lib\win64.o\librdi_noc_frameworks.dll
0x00007ff915590000 - 0x00007ff915ade000 	D:\Xilinx\Vivado\2020.2\lib\win64.o\librdi_xdm.dll
0x00007ff971b80000 - 0x00007ff971bc6000 	D:\Xilinx\Vivado\2020.2\lib\win64.o\libboost_graph.dll
0x00007ff915ae0000 - 0x00007ff916636000 	D:\Xilinx\Vivado\2020.2\lib\win64.o\libverific.dll
0x00007ff95d310000 - 0x00007ff95d39d000 	D:\Xilinx\Vivado\2020.2\lib\win64.o\treelite_runtime.dll

dbghelp: loaded successfully - version: 4.0.5 - missing functions: none
symbol engine: initialized successfully - sym options: 0x614 - pdb path: .;D:\Xilinx\Vivado\2020.2\bin\unwrapped\win64.o;C:\WINDOWS\SYSTEM32;D:\Xilinx\Vivado\2020.2\lib\win64.o;C:\WINDOWS\WinSxS\amd64_microsoft.windows.common-controls_6595b64144ccf1df_5.82.19041.844_none_423537bff6b9828c;D:\Xilinx\Vivado\2020.2\tps\win64\jre11.0.2\bin\server;D:\Xilinx\Vivado\2020.2\tps\win64\python-3.8.3;D:\Xilinx\Vivado\2020.2\tps\win64\jre11.0.2\bin;C:\Program Files (x86)\RivaTuner Statistics Server;C:\WINDOWS\WinSxS\amd64_microsoft.windows.common-controls_6595b64144ccf1df_6.0.19041.1052_none_60b8f8fd71f5e8cb

VM Arguments:
jvm_args: -Dsun.java2d.pmoffscreen=false -Dhttps.protocols=TLSv1,TLSv1.1,TLSv1.2 -Dsun.java2d.xrender=false -Dsun.java2d.d3d=false -Dsun.awt.nopixfmt=true -Dsun.java2d.dpiaware=true -Dsun.java2d.uiScale.enabled=false -Xverify:none -Dswing.aatext=true -XX:-UsePerfData -Djdk.map.althashing.threshold=512 -XX:StringTableSize=4072 --add-opens=java.base/java.nio=ALL-UNNAMED --add-opens=java.desktop/sun.swing=ALL-UNNAMED --add-opens=java.desktop/javax.swing=ALL-UNNAMED --add-opens=java.desktop/javax.swing.tree=ALL-UNNAMED --add-opens=java.desktop/javax.swing.plaf.basic=ALL-UNNAMED --add-opens=java.desktop/javax.swing.plaf.synth=ALL-UNNAMED --add-opens=java.desktop/com.sun.awt=ALL-UNNAMED -XX:NewSize=60m -XX:MaxNewSize=60m -Xms128m -Xmx3072m -Xss5m 
java_command: <unknown>
java_class_path (initial): D:/Xilinx/Vivado/2020.2\lib\classes\alloy.jar;D:/Xilinx/Vivado/2020.2\lib\classes\ArchiveSummary.jar;D:/Xilinx/Vivado/2020.2\lib\classes\autoesl-models.jar;D:/Xilinx/Vivado/2020.2\lib\classes\autopilot.scelaborator.jar;D:/Xilinx/Vivado/2020.2\lib\classes\autopilot.sourceprocessor.jar;D:/Xilinx/Vivado/2020.2\lib\classes\autopilot.tbprocessor.jar;D:/Xilinx/Vivado/2020.2\lib\classes\batik-anim.jar;D:/Xilinx/Vivado/2020.2\lib\classes\batik-awt-util.jar;D:/Xilinx/Vivado/2020.2\lib\classes\batik-bridge.jar;D:/Xilinx/Vivado/2020.2\lib\classes\batik-codec.jar;D:/Xilinx/Vivado/2020.2\lib\classes\batik-css.jar;D:/Xilinx/Vivado/2020.2\lib\classes\batik-dom.jar;D:/Xilinx/Vivado/2020.2\lib\classes\batik-ext.jar;D:/Xilinx/Vivado/2020.2\lib\classes\batik-gui-util.jar;D:/Xilinx/Vivado/2020.2\lib\classes\batik-gvt.jar;D:/Xilinx/Vivado/2020.2\lib\classes\batik-parser.jar;D:/Xilinx/Vivado/2020.2\lib\classes\batik-script.jar;D:/Xilinx/Vivado/2020.2\lib\classes\batik-svg-dom.jar;D:/Xilinx/Vivado/2020.2\lib\classes\batik-swing.jar;D:/Xilinx/Vivado/2020.2\lib\classes\batik-transcoder.jar;D:/Xilinx/Vivado/2020.2\lib\classes\batik-util.jar;D:/Xilinx/Vivado/2020.2\lib\classes\batik-xml.jar;D:/Xilinx/Vivado/2020.2\lib\classes\com.google.gson_2.8.2.v20180104-1110.jar;D:/Xilinx/Vivado/2020.2\lib\classes\com.google.guava_27.1.0.v20190517-1946.jar;D:/Xilinx/Vivado/2020.2\lib\classes\com.ibm.icu_4.4.2.v20110208.jar;D:/Xilinx/Vivado/2020.2\lib\classes\com.sigasi.hdt.connection_4.9.0.202009050929.jar;D:/Xilinx/Vivado/2020.2\lib\classes\com.sigasi.hdt.epl_4.9.0.202009050929.jar;D:/Xilinx/Vivado/2020.2\lib\classes\com.sigasi.hdt.project_4.9.0.202009050929.jar;D:/Xilinx/Vivado/2020.2\lib\classes\com.sigasi.hdt.readonlyfilesystem_4.9.0.202009050929.jar;D:/Xilinx/Vivado/2020.2\lib\classes\com.sigasi.lcm_4.9.0.202009050929.jar;D:/Xilinx/Vivado/2020.2\lib\classes\com.sigasi.sdk.client_4.9.0.202009050929.jar;D:/Xilinx/Vivado/2020.2\lib\classes\com.xilinx.hls.services.jar;D:/Xili
Launcher Type: generic

[Global flags]
     bool BytecodeVerificationLocal                = false                                     {product} {command line}
     bool BytecodeVerificationRemote               = false                                     {product} {command line}
     intx CICompilerCount                          = 4                                         {product} {ergonomic}
     uint ConcGCThreads                            = 2                                         {product} {ergonomic}
     uint G1ConcRefinementThreads                  = 8                                         {product} {ergonomic}
   size_t G1HeapRegionSize                         = 1048576                                   {product} {ergonomic}
    uintx GCDrainStackTargetSize                   = 64                                        {product} {ergonomic}
   size_t InitialHeapSize                          = 134217728                                 {product} {command line}
   size_t MarkStackSize                            = 4194304                                   {product} {ergonomic}
   size_t MaxHeapSize                              = 3221225472                                {product} {command line}
   size_t MaxNewSize                               = 62914560                                  {product} {command line}
   size_t MinHeapDeltaBytes                        = 1048576                                   {product} {ergonomic}
   size_t NewSize                                  = 62914560                                  {product} {command line}
    uintx NonNMethodCodeHeapSize                   = 5835340                                {pd product} {ergonomic}
    uintx NonProfiledCodeHeapSize                  = 122911450                              {pd product} {ergonomic}
    uintx ProfiledCodeHeapSize                     = 122911450                              {pd product} {ergonomic}
    uintx ReservedCodeCacheSize                    = 251658240                              {pd product} {ergonomic}
     bool SegmentedCodeCache                       = true                                      {product} {ergonomic}
    uintx StringTableSize                          = 4072                                      {product} {command line}
     intx ThreadStackSize                          = 5120                                   {pd product} {command line}
     bool UseCompressedClassPointers               = true                                 {lp64_product} {ergonomic}
     bool UseCompressedOops                        = true                                 {lp64_product} {ergonomic}
     bool UseG1GC                                  = true                                      {product} {ergonomic}
     bool UseLargePagesIndividualAllocation        = false                                  {pd product} {ergonomic}
     bool UsePerfData                              = false                                     {product} {command line}

Logging:
Log output configuration:
 #0: stdout all=warning uptime,level,tags
 #1: stderr all=off uptime,level,tags

Environment Variables:
PATH=D:/Xilinx/Vivado/2020.2\gnuwin\bin;D:/Xilinx/Vivado/2020.2\gnu\microblaze\nt\bin;D:/Xilinx/Vivado/2020.2/bin;D:/Xilinx/Vivado/2020.2/tps/win64/javafx-sdk-11.0.2/lib;D:/Xilinx/Vivado/2020.2/tps/win64/javafx-sdk-11.0.2/bin;D:/Xilinx/Vivado/2020.2/lib/win64.o;D:/Xilinx/Vivado/2020.2/tps/win64/jre11.0.2/bin/server;D:/Xilinx/Vivado/2020.2/tps/win64/jre11.0.2/bin;D:/Xilinx/Vivado/2020.2/ids_lite/ISE/bin/nt64;D:/Xilinx/Vivado/2020.2/ids_lite/ISE/lib/nt64;D:/Xilinx/Vitis_HLS/2020.2/bin;C:\Program Files (x86)\Common Files\Oracle\Java\javapath;C:\Program Files (x86)\Intel\Intel(R) Management Engine Components\iCLS\;C:\Program Files\Intel\Intel(R) Management Engine Components\iCLS\;C:\Windows\system32;C:\Windows;C:\Windows\System32\Wbem;C:\Windows\System32\WindowsPowerShell\v1.0\;C:\Windows\System32\OpenSSH\;C:\Program Files (x86)\Intel\Intel(R) Management Engine Components\DAL;C:\Program Files\Intel\Intel(R) Management Engine Components\DAL;C:\Program Files (x86)\Intel\Intel(R) Management Engine Components\IPT;C:\Program Files\Intel\Intel(R) Management Engine Components\IPT;C:\Program Files (x86)\NVIDIA Corporation\PhysX\Common;C:\Program Files\NVIDIA Corporation\NVIDIA NvDLISR;C:\Program Files\Git\cmd;C:\Program Files\PuTTY\;C:\Users\mithi\AppData\Local\Programs\Python\Python39\Scripts\;C:\Users\mithi\AppData\Local\Programs\Python\Python39\;C:\Users\mithi\AppData\Local\Microsoft\WindowsApps;C:\Users\mithi\AppData\Local\GitHubDesktop\bin;D:/Xilinx/Vivado/2020.2\tps\mingw\6.2.0\win64.o\nt\bin;D:/Xilinx/Vivado/2020.2\tps\mingw\6.2.0\win64.o\nt\libexec\gcc\x86_64-w64-mingw32\6.2.0;D:/Xilinx/Vivado/2020.2\tps\win64\python-3.8.3;D:/Xilinx/Vivado/2020.2\tps\win64\python-3.8.3\bin;D:/Xilinx/Vivado/2020.2\tps\win64\python-3.8.3\lib;D:/Xilinx/Vivado/2020.2\tps\win64\python-3.8.3\lib\site-packages
USERNAME=mithi
OS=Windows_NT
PROCESSOR_IDENTIFIER=Intel64 Family 6 Model 158 Stepping 9, GenuineIntel



---------------  S Y S T E M  ---------------

OS: Windows 10 , 64 bit Build 19041 (10.0.19041.1023)

CPU:total 8 (initial active 8) (4 cores per cpu, 2 threads per core) family 6 model 158 stepping 9, cmov, cx8, fxsr, mmx, sse, sse2, sse3, ssse3, sse4.1, sse4.2, popcnt, avx, avx2, aes, clmul, erms, 3dnowpref, lzcnt, ht, tsc, tscinvbit, bmi1, bmi2, adx, fma

Memory: 4k page, system-wide physical 16244M (8152M free)
TotalPageFile size 19572M (AvailPageFile size 6009M)
current process WorkingSet (physical memory assigned to process): 877M, peak: 952M
current process commit charge ("private bytes"): 948M, peak: 986M

vm_info: OpenJDK 64-Bit Server VM (11.0.2+9) for windows-amd64 JRE (11.0.2+9), built on Jan 18 2019 05:23:22 by "mach5one" with MS VC++ 15.5 (VS2017)

END.
