#
# A fatal error has been detected by the Java Runtime Environment:
#
#  EXCEPTION_ACCESS_VIOLATION (0xc0000005) at pc=0x00007ffcca5f2745, pid=13004, tid=3768
#
# JRE version: OpenJDK Runtime Environment (11.0.2+9) (build 11.0.2+9)
# Java VM: OpenJDK 64-Bit Server VM (11.0.2+9, mixed mode, tiered, compressed oops, g1 gc, windows-amd64)
# Problematic frame:
# C  [librdi_common.dll+0x192745]
#
# No core dump will be written. Minidumps are not enabled by default on client versions of Windows
#
# If you would like to submit a bug report, please visit:
#   http://bugreport.java.com/bugreport/crash.jsp
# The crash happened outside the Java Virtual Machine in native code.
# See problematic frame for where to report the bug.
#

---------------  S U M M A R Y ------------

Command Line: -Dsun.java2d.pmoffscreen=false -Dhttps.protocols=TLSv1,TLSv1.1,TLSv1.2 -Dsun.java2d.xrender=false -Dsun.java2d.d3d=false -Dsun.awt.nopixfmt=true -Dsun.java2d.dpiaware=true -Dsun.java2d.uiScale.enabled=false -Xverify:none -Dswing.aatext=true -XX:-UsePerfData -Djdk.map.althashing.threshold=512 -XX:StringTableSize=4072 --add-opens=java.base/java.nio=ALL-UNNAMED --add-opens=java.desktop/sun.swing=ALL-UNNAMED --add-opens=java.desktop/javax.swing=ALL-UNNAMED --add-opens=java.desktop/javax.swing.tree=ALL-UNNAMED --add-opens=java.desktop/javax.swing.plaf.basic=ALL-UNNAMED --add-opens=java.desktop/javax.swing.plaf.synth=ALL-UNNAMED --add-opens=java.desktop/com.sun.awt=ALL-UNNAMED -XX:NewSize=60m -XX:MaxNewSize=60m -Xms128m -Xmx3072m -Xss5m 

Host: Intel(R) Core(TM) i7-7700HQ CPU @ 2.80GHz, 8 cores, 15G,  Windows 10 , 64 bit Build 19041 (10.0.19041.1023)
Time: Wed Jul 21 06:04:35 2021 Central Daylight Time elapsed time: 16486 seconds (0d 4h 34m 46s)

---------------  T H R E A D  ---------------

Current thread (0x000001d2f6a0d800):  JavaThread "AWT-EventQueue-0" [_thread_in_native, id=3768, stack(0x0000003286300000,0x0000003286800000)]

Stack: [0x0000003286300000,0x0000003286800000],  sp=0x00000032867faa30,  free space=5098k
Native frames: (J=compiled Java code, j=interpreted, Vv=VM code, C=native code)
C  [librdi_common.dll+0x192745]
C  [librdi_common.dll+0x187998]
C  [librdi_common.dll+0x15073d]
C  0x00007ffc91ca3750
C  0x00007ffc91d27ebd
C  0x00007ffc91d300ab
C  0x00007ffc91d0159a
C  0x00007ffc91d3ea98
C  0x000001d29130002d

Java frames: (J=compiled Java code, j=interpreted, Vv=VM code)
J 22868  ui.views.waveform.waveformi.WVExecutive_getTooltipTextDelayed(J)Ljava/lang/String; (0 bytes) @ 0x000001d2912fff91 [0x000001d2912fff40+0x0000000000000051]
J 24974 c2 ui.views.waveform.b.a.bZ(Ljava/awt/event/MouseEvent;)V (28 bytes) @ 0x000001d29146d308 [0x000001d29146d1a0+0x0000000000000168]
J 29853 c2 ui.views.waveform.b.a.mouseMoved(Ljava/awt/event/MouseEvent;)V (32 bytes) @ 0x000001d29122d030 [0x000001d29122cfc0+0x0000000000000070]
J 22048 c2 java.awt.AWTEventMulticaster.mouseMoved(Ljava/awt/event/MouseEvent;)V java.desktop@11.0.2 (27 bytes) @ 0x000001d2908ae5f4 [0x000001d2908ae540+0x00000000000000b4]
J 22048 c2 java.awt.AWTEventMulticaster.mouseMoved(Ljava/awt/event/MouseEvent;)V java.desktop@11.0.2 (27 bytes) @ 0x000001d2908ae5b4 [0x000001d2908ae540+0x0000000000000074]
J 29816 c2 ui.frmwork.b.j.processMouseMotionEvent(Ljava/awt/event/MouseEvent;)V (131 bytes) @ 0x000001d2913cccd8 [0x000001d2913cc820+0x00000000000004b8]
J 29800 c2 java.awt.Container.processEvent(Ljava/awt/AWTEvent;)V java.desktop@11.0.2 (22 bytes) @ 0x000001d29122d630 [0x000001d29122d520+0x0000000000000110]
J 28646 c2 java.awt.Component.dispatchEventImpl(Ljava/awt/AWTEvent;)V java.desktop@11.0.2 (777 bytes) @ 0x000001d291a08080 [0x000001d291a077c0+0x00000000000008c0]
J 28603 c2 java.awt.Container.dispatchEventImpl(Ljava/awt/AWTEvent;)V java.desktop@11.0.2 (129 bytes) @ 0x000001d2919d935c [0x000001d2919d9300+0x000000000000005c]
J 22722 c2 java.awt.LightweightDispatcher.retargetMouseEvent(Ljava/awt/Component;ILjava/awt/event/MouseEvent;)V java.desktop@11.0.2 (372 bytes) @ 0x000001d2912c9bdc [0x000001d2912c9360+0x000000000000087c]
J 28603 c2 java.awt.Container.dispatchEventImpl(Ljava/awt/AWTEvent;)V java.desktop@11.0.2 (129 bytes) @ 0x000001d2919d9d10 [0x000001d2919d9300+0x0000000000000a10]
J 24163 c2 java.awt.Window.dispatchEventImpl(Ljava/awt/AWTEvent;)V java.desktop@11.0.2 (23 bytes) @ 0x000001d290b2bb0c [0x000001d290b2bac0+0x000000000000004c]
J 14711 c2 java.awt.EventQueue$4.run()Ljava/lang/Object; java.desktop@11.0.2 (5 bytes) @ 0x000001d2908db2ac [0x000001d2908db160+0x000000000000014c]
v  ~StubRoutines::call_stub
J 4228  java.security.AccessController.doPrivileged(Ljava/security/PrivilegedAction;Ljava/security/AccessControlContext;)Ljava/lang/Object; java.base@11.0.2 (0 bytes) @ 0x000001d28ff4af36 [0x000001d28ff4aec0+0x0000000000000076]
J 19257 c2 java.awt.EventQueue$5.run()Ljava/lang/Object; java.desktop@11.0.2 (5 bytes) @ 0x000001d290f194f4 [0x000001d290f19280+0x0000000000000274]
v  ~StubRoutines::call_stub
J 4228  java.security.AccessController.doPrivileged(Ljava/security/PrivilegedAction;Ljava/security/AccessControlContext;)Ljava/lang/Object; java.base@11.0.2 (0 bytes) @ 0x000001d28ff4af36 [0x000001d28ff4aec0+0x0000000000000076]
J 14645 c2 java.awt.EventQueue.dispatchEvent(Ljava/awt/AWTEvent;)V java.desktop@11.0.2 (80 bytes) @ 0x000001d2908ad568 [0x000001d2908ad1c0+0x00000000000003a8]
J 22774 c2 ui.frmwork.a.d.dispatchEvent(Ljava/awt/AWTEvent;)V (42 bytes) @ 0x000001d2912dc770 [0x000001d2912dc5c0+0x00000000000001b0]
J 21207% c2 java.awt.EventDispatchThread.pumpEventsForFilter(ILjava/awt/Conditional;Ljava/awt/EventFilter;)V java.desktop@11.0.2 (47 bytes) @ 0x000001d2909b43c0 [0x000001d2909b4200+0x00000000000001c0]
j  java.awt.EventDispatchThread.pumpEventsForHierarchy(ILjava/awt/Conditional;Ljava/awt/Component;)V+11 java.desktop@11.0.2
j  java.awt.EventDispatchThread.pumpEvents(ILjava/awt/Conditional;)V+4 java.desktop@11.0.2
j  java.awt.EventDispatchThread.pumpEvents(Ljava/awt/Conditional;)V+3 java.desktop@11.0.2
j  java.awt.EventDispatchThread.run()V+9 java.desktop@11.0.2
v  ~StubRoutines::call_stub

siginfo: EXCEPTION_ACCESS_VIOLATION (0xc0000005), reading address 0xffffffffffffffff


Register to memory mapping:

RIP=0x00007ffcca5f2745 librdi_common.dll
RAX=0x000001d2ee0c3b01 points into unknown readable memory: 20 62 65 20 73 70 65
RBX=0x90020000397291c3 is an unknown value
RCX=0x000001d2ee0c3b90 points into unknown readable memory: 20 38 0e ee d2 01 00 00
RDX=0x90020000397291c3 is an unknown value
RSP=0x00000032867faa30 is pointing into the stack for thread: 0x000001d2f6a0d800
RBP=0x00000032867fab60 is pointing into the stack for thread: 0x000001d2f6a0d800
RSI=0x000001d2d1ba9970 points into unknown readable memory: b8 e1 ee 91 fc 7f 00 00
RDI=0x00000032867fadf8 is pointing into the stack for thread: 0x000001d2f6a0d800
R8 =0x00000032867fac78 is pointing into the stack for thread: 0x000001d2f6a0d800
R9 =0x0 is NULL
R10=0x00007ffd0d090000 VCRUNTIME140.dll
R11=0xfffffffffffff7ff is an unknown value
R12=0x0 is NULL
R13=0x00000032867fac78 is pointing into the stack for thread: 0x000001d2f6a0d800
R14=0x000001d2ec72d320 points into unknown readable memory: e0 a5 6d ec d2 01 00 00
R15=0x90020000397291c3 is an unknown value


Registers:
RAX=0x000001d2ee0c3b01, RBX=0x90020000397291c3, RCX=0x000001d2ee0c3b90, RDX=0x90020000397291c3
RSP=0x00000032867faa30, RBP=0x00000032867fab60, RSI=0x000001d2d1ba9970, RDI=0x00000032867fadf8
R8 =0x00000032867fac78, R9 =0x0000000000000000, R10=0x00007ffd0d090000, R11=0xfffffffffffff7ff
R12=0x0000000000000000, R13=0x00000032867fac78, R14=0x000001d2ec72d320, R15=0x90020000397291c3
RIP=0x00007ffcca5f2745, EFLAGS=0x0000000000010202

Top of Stack: (sp=0x00000032867faa30)
0x00000032867faa30:   00000000000000a8 00007ffc00000000
0x00000032867faa40:   000001d2c1618d10 90020000397291c3
0x00000032867faa50:   90020000397291c3 00007ffcca5e7998
0x00000032867faa60:   0000000000000000 0000000000000000
0x00000032867faa70:   fffffffffffffffe 000001d2d1929c48
0x00000032867faa80:   000001d2a6899480 00007ffcca650a7b
0x00000032867faa90:   000001d2d1929c48 000001d2a6899490
0x00000032867faaa0:   00000032867fabeb 000001d2d1929bf8
0x00000032867faab0:   00007ffccb512e20 00007ffd0d0c2cf7
0x00000032867faac0:   000001d200000000 00007ffcca6513ee
0x00000032867faad0:   000001d2d1929c48 fffffffffffffffe
0x00000032867faae0:   0000000000000000 00007ffd0d0c2f5f
0x00000032867faaf0:   0000e6015bccd81b 00007ffd0d0c2e98
0x00000032867fab00:   000001d2bff44150 000001d2d1929bb0
0x00000032867fab10:   000001d2d1929bb0 00007ffcca6524ce
0x00000032867fab20:   000001d2d1929c48 00007ffcca651908 

Instructions: (pc=0x00007ffcca5f2745)
0x00007ffcca5f2725:   20 48 8b d9 e8 b2 cc 04 00 48 8b c8 48 8b d3 e8
0x00007ffcca5f2735:   27 0f 05 00 84 c0 75 08 33 c0 48 83 c4 20 5b c3
0x00007ffcca5f2745:   48 8b 4b 50 48 85 c9 74 0a 48 83 c4 20 5b e9 28
0x00007ffcca5f2755:   e9 04 00 48 8b d3 48 8d 0d 66 6a 8f 00 e8 f9 c7 


Stack slot to memory mapping:
stack at sp + 0 slots: 0x00000000000000a8 is an unknown value
stack at sp + 1 slots: 0x00007ffc00000000 is an unknown value
stack at sp + 2 slots: 0x000001d2c1618d10 points into unknown readable memory: b0 8b 61 c1 d2 01 00 00
stack at sp + 3 slots: 0x90020000397291c3 is an unknown value
stack at sp + 4 slots: 0x90020000397291c3 is an unknown value
stack at sp + 5 slots: 0x00007ffcca5e7998 librdi_common.dll
stack at sp + 6 slots: 0x0 is NULL
stack at sp + 7 slots: 0x0 is NULL


---------------  P R O C E S S  ---------------

Threads class SMR info:
_java_thread_list=0x000001d2c616a620, length=67, elements={
0x000001d2eefab800, 0x000001d2f8974800, 0x000001d2f8975000, 0x000001d2f5488000,
0x000001d2f39bd800, 0x000001d2f8e51800, 0x000001d2f8e52000, 0x000001d2eefd9000,
0x000001d2f6a0a000, 0x000001d2f6a09000, 0x000001d2f6a0f800, 0x000001d2f6a0b800,
0x000001d2f6a0e000, 0x000001d2f6a0b000, 0x000001d2f6a0d800, 0x000001d299e79000,
0x000001d299e77800, 0x000001d299e7b800, 0x000001d299e78800, 0x000001d299e7c800,
0x000001d299e76800, 0x000001d299e7f800, 0x000001d299e7e000, 0x000001d299e7a000,
0x000001d299e80800, 0x000001d299e82000, 0x000001d299e83000, 0x000001d299e84000,
0x000001d299e84800, 0x000001d2f6a0c800, 0x000001d2f6a0f000, 0x000001d29a079800,
0x000001d29a078000, 0x000001d29a07d000, 0x000001d29a077000, 0x000001d29a07c000,
0x000001d29a07e000, 0x000001d29a07e800, 0x000001d29a082000, 0x000001d29a079000,
0x000001d29a082800, 0x000001d29a083800, 0x000001d29a07f800, 0x000001d29a07a800,
0x000001d29a080000, 0x000001d29a081000, 0x000001d299e81800, 0x000001d29bd42800,
0x000001d29bd46800, 0x000001d29bd41800, 0x000001d29bd43000, 0x000001d29bd48000,
0x000001d29bd49000, 0x000001d29bd44000, 0x000001d29bd4a800, 0x000001d29a084800,
0x000001d299e7b000, 0x000001d2c174b000, 0x000001d2c1744800, 0x000001d2c174c000,
0x000001d2c174c800, 0x000001d2c1748800, 0x000001d2c174f000, 0x000001d2c174d800,
0x000001d29bd4d000, 0x000001d29bd49800, 0x000001d2c1742000
}

Java Threads: ( => current thread )
  0x000001d2eefab800 JavaThread "main" [_thread_blocked, id=1408, stack(0x0000003281b00000,0x0000003281c00000)]
  0x000001d2f8974800 JavaThread "Reference Handler" daemon [_thread_blocked, id=2600, stack(0x0000003282200000,0x0000003282700000)]
  0x000001d2f8975000 JavaThread "Finalizer" daemon [_thread_blocked, id=2656, stack(0x0000003282700000,0x0000003282c00000)]
  0x000001d2f5488000 JavaThread "Signal Dispatcher" daemon [_thread_blocked, id=3460, stack(0x0000003282c00000,0x0000003283100000)]
  0x000001d2f39bd800 JavaThread "Attach Listener" daemon [_thread_blocked, id=2652, stack(0x0000003283100000,0x0000003283600000)]
  0x000001d2f8e51800 JavaThread "C2 CompilerThread0" daemon [_thread_blocked, id=2840, stack(0x0000003283600000,0x0000003283700000)]
  0x000001d2f8e52000 JavaThread "C1 CompilerThread0" daemon [_thread_blocked, id=2860, stack(0x0000003283700000,0x0000003283800000)]
  0x000001d2eefd9000 JavaThread "Sweeper thread" daemon [_thread_blocked, id=3000, stack(0x0000003283800000,0x0000003283d00000)]
  0x000001d2f6a0a000 JavaThread "Common-Cleaner" daemon [_thread_blocked, id=3060, stack(0x0000003283e00000,0x0000003284300000)]
  0x000001d2f6a09000 JavaThread "Service Thread" daemon [_thread_blocked, id=3068, stack(0x0000003284300000,0x0000003284800000)]
  0x000001d2f6a0f800 JavaThread "Java2D Disposer" daemon [_thread_blocked, id=3284, stack(0x0000003284900000,0x0000003284e00000)]
  0x000001d2f6a0b800 JavaThread "AWT-Windows" daemon [_thread_in_native, id=3364, stack(0x0000003285300000,0x0000003285800000)]
  0x000001d2f6a0e000 JavaThread "TimerQueue" daemon [_thread_blocked, id=3508, stack(0x0000003284e00000,0x0000003285300000)]
  0x000001d2f6a0b000 JavaThread "AWT-Shutdown" [_thread_blocked, id=4680, stack(0x0000003285e00000,0x0000003286300000)]
=>0x000001d2f6a0d800 JavaThread "AWT-EventQueue-0" [_thread_in_native, id=3768, stack(0x0000003286300000,0x0000003286800000)]
  0x000001d299e79000 JavaThread "Thread-1" [_thread_in_native, id=14400, stack(0x0000003280500000,0x0000003281900000)]
  0x000001d299e77800 JavaThread "Process Messages Thread" [_thread_blocked, id=3276, stack(0x0000003287400000,0x0000003287900000)]
  0x000001d299e7b800 JavaThread "Batik CleanerThread" daemon [_thread_blocked, id=4172, stack(0x0000003287900000,0x0000003287e00000)]
  0x000001d299e78800 JavaThread "SyntheticaCleanerThread" daemon [_thread_blocked, id=4364, stack(0x0000003288300000,0x0000003288800000)]
  0x000001d299e7c800 JavaThread "Monitor HEventQueue Thread" [_thread_blocked, id=5148, stack(0x0000003288800000,0x0000003288d00000)]
  0x000001d299e76800 JavaThread "SyntheticaAnimation 50" daemon [_thread_blocked, id=4572, stack(0x0000003288d00000,0x0000003289200000)]
  0x000001d299e7f800 JavaThread "SyntheticaAnimation 25" daemon [_thread_blocked, id=5128, stack(0x0000003289300000,0x0000003289800000)]
  0x000001d299e7e000 JavaThread "SyntheticaAnimation 70" daemon [_thread_blocked, id=5664, stack(0x000000328a200000,0x000000328a700000)]
  0x000001d299e7a000 JavaThread "Refresh Filesets Swing Worker Thread" [_thread_blocked, id=6344, stack(0x0000003285800000,0x0000003285d00000)]
  0x000001d299e80800 JavaThread "hw_ila_monitor" [_thread_blocked, id=6848, stack(0x0000003287e00000,0x0000003288300000)]
  0x000001d299e82000 JavaThread "pool-2-thread-1" [_thread_blocked, id=7348, stack(0x000000328ae00000,0x000000328b300000)]
  0x000001d299e83000 JavaThread "pool-3-thread-1" [_thread_blocked, id=9316, stack(0x000000328b300000,0x000000328b800000)]
  0x000001d299e84000 JavaThread "pool-4-thread-1" [_thread_blocked, id=10284, stack(0x000000328b800000,0x000000328bd00000)]
  0x000001d299e84800 JavaThread "pool-5-thread-1" [_thread_blocked, id=1016, stack(0x000000328bd00000,0x000000328c200000)]
  0x000001d2f6a0c800 JavaThread "pool-6-thread-1" [_thread_blocked, id=12672, stack(0x000000328c200000,0x000000328c700000)]
  0x000001d2f6a0f000 JavaThread "pool-7-thread-1" [_thread_blocked, id=10576, stack(0x000000328c700000,0x000000328cc00000)]
  0x000001d29a079800 JavaThread "pool-8-thread-1" [_thread_blocked, id=12956, stack(0x000000328cc00000,0x000000328d100000)]
  0x000001d29a078000 JavaThread "pool-9-thread-1" [_thread_blocked, id=9400, stack(0x000000328d100000,0x000000328d600000)]
  0x000001d29a07d000 JavaThread "pool-10-thread-1" [_thread_blocked, id=11388, stack(0x000000328d600000,0x000000328db00000)]
  0x000001d29a077000 JavaThread "pool-11-thread-1" [_thread_blocked, id=15332, stack(0x000000328db00000,0x000000328e000000)]
  0x000001d29a07c000 JavaThread "Update Runs Swing Worker Thread" [_thread_blocked, id=6672, stack(0x000000328e500000,0x000000328ea00000)]
  0x000001d29a07e000 JavaThread "SyntheticaAnimation 50" daemon [_thread_blocked, id=1252, stack(0x0000003289b00000,0x000000328a000000)]
  0x000001d29a07e800 JavaThread "pool-12-thread-1" [_thread_blocked, id=14604, stack(0x000000328a800000,0x000000328ad00000)]
  0x000001d29a082000 JavaThread "pool-13-thread-1" [_thread_blocked, id=12532, stack(0x000000328f400000,0x000000328f900000)]
  0x000001d29a079000 JavaThread "pool-14-thread-1" [_thread_blocked, id=12360, stack(0x000000328ea00000,0x000000328ef00000)]
  0x000001d29a082800 JavaThread "pool-15-thread-1" [_thread_blocked, id=13392, stack(0x000000328fe00000,0x0000003290300000)]
  0x000001d29a083800 JavaThread "pool-16-thread-1" [_thread_blocked, id=12320, stack(0x000000328f900000,0x000000328fe00000)]
  0x000001d29a07f800 JavaThread "pool-17-thread-1" [_thread_blocked, id=11628, stack(0x0000003290300000,0x0000003290800000)]
  0x000001d29a07a800 JavaThread "Image Animator 3" daemon [_thread_blocked, id=12776, stack(0x0000003291700000,0x0000003291c00000)]
  0x000001d29a080000 JavaThread "pool-19-thread-1" [_thread_blocked, id=2476, stack(0x0000003290d00000,0x0000003291200000)]
  0x000001d29a081000 JavaThread "pool-20-thread-1" [_thread_blocked, id=6588, stack(0x0000003292100000,0x0000003292600000)]
  0x000001d299e81800 JavaThread "pool-21-thread-1" [_thread_blocked, id=7960, stack(0x0000003292600000,0x0000003292b00000)]
  0x000001d29bd42800 JavaThread "pool-22-thread-1" [_thread_blocked, id=10164, stack(0x0000003291c00000,0x0000003292100000)]
  0x000001d29bd46800 JavaThread "pool-23-thread-1" [_thread_blocked, id=2864, stack(0x0000003293000000,0x0000003293500000)]
  0x000001d29bd41800 JavaThread "pool-24-thread-1" [_thread_blocked, id=5088, stack(0x0000003291200000,0x0000003291700000)]
  0x000001d29bd43000 JavaThread "pool-25-thread-1" [_thread_blocked, id=3780, stack(0x0000003292b00000,0x0000003293000000)]
  0x000001d29bd48000 JavaThread "Timer-1" [_thread_blocked, id=5848, stack(0x0000003293500000,0x0000003293a00000)]
  0x000001d29bd49000 JavaThread "Monitor File Timestamp Swing Worker Thread" [_thread_blocked, id=15108, stack(0x0000003293a00000,0x0000003293f00000)]
  0x000001d29bd44000 JavaThread "pool-27-thread-1" [_thread_blocked, id=3020, stack(0x000000328e000000,0x000000328e500000)]
  0x000001d29bd4a800 JavaThread "pool-28-thread-1" [_thread_blocked, id=2724, stack(0x000000328ef00000,0x000000328f400000)]
  0x000001d29a084800 JavaThread "pool-29-thread-1" [_thread_blocked, id=9668, stack(0x0000003294400000,0x0000003294900000)]
  0x000001d299e7b000 JavaThread "pool-30-thread-1" [_thread_blocked, id=236, stack(0x0000003294900000,0x0000003294e00000)]
  0x000001d2c174b000 JavaThread "pool-31-thread-1" [_thread_blocked, id=1896, stack(0x0000003295300000,0x0000003295800000)]
  0x000001d2c1744800 JavaThread "pool-32-thread-1" [_thread_blocked, id=10280, stack(0x0000003293f00000,0x0000003294400000)]
  0x000001d2c174c000 JavaThread "pool-33-thread-1" [_thread_blocked, id=13920, stack(0x0000003294e00000,0x0000003295300000)]
  0x000001d2c174c800 JavaThread "pool-34-thread-1" [_thread_blocked, id=13808, stack(0x0000003295d00000,0x0000003296200000)]
  0x000001d2c1748800 JavaThread "pool-35-thread-1" [_thread_blocked, id=11228, stack(0x0000003296200000,0x0000003296700000)]
  0x000001d2c174f000 JavaThread "pool-36-thread-1" [_thread_blocked, id=5244, stack(0x0000003296700000,0x0000003296c00000)]
  0x000001d2c174d800 JavaThread "pool-37-thread-1" [_thread_blocked, id=9424, stack(0x0000003297100000,0x0000003297600000)]
  0x000001d29bd4d000 JavaThread "Timer-2" [_thread_blocked, id=16824, stack(0x0000003290800000,0x0000003290d00000)]
  0x000001d29bd49800 JavaThread "Monitor File Timestamp Swing Worker Thread" [_thread_blocked, id=9948, stack(0x0000003295800000,0x0000003295d00000)]
  0x000001d2c1742000 JavaThread "Relaunch Simulation Thread" [_thread_blocked, id=2376, stack(0x0000003296c00000,0x0000003297100000)]

Other Threads:
  0x000001d2f3e52800 VMThread "VM Thread" [stack: 0x0000003282100000,0x0000003282200000] [id=2588]
  0x000001d2f6a13800 WatcherThread [stack: 0x0000003284800000,0x0000003284900000] [id=2368]
  0x000001d2f53bc000 GCTaskThread "GC Thread#0" [stack: 0x0000003281c00000,0x0000003281d00000] [id=2444]
  0x000001d299c14800 GCTaskThread "GC Thread#1" [stack: 0x0000003286d00000,0x0000003286e00000] [id=4004]
  0x000001d299b35800 GCTaskThread "GC Thread#2" [stack: 0x0000003286e00000,0x0000003286f00000] [id=4000]
  0x000001d29a1f0800 GCTaskThread "GC Thread#3" [stack: 0x0000003286f00000,0x0000003287000000] [id=3996]
  0x000001d29a1f1000 GCTaskThread "GC Thread#4" [stack: 0x0000003287000000,0x0000003287100000] [id=4048]
  0x000001d29a1f1800 GCTaskThread "GC Thread#5" [stack: 0x0000003287100000,0x0000003287200000] [id=3872]
  0x000001d299ef2000 GCTaskThread "GC Thread#6" [stack: 0x0000003287200000,0x0000003287300000] [id=2732]
  0x000001d299c12000 GCTaskThread "GC Thread#7" [stack: 0x0000003287300000,0x0000003287400000] [id=2736]
  0x000001d2f8f4d800 ConcurrentGCThread "G1 Main Marker" [stack: 0x0000003281d00000,0x0000003281e00000] [id=2488]
  0x000001d2f5244000 ConcurrentGCThread "G1 Conc#0" [stack: 0x0000003281e00000,0x0000003281f00000] [id=2492]
  0x000001d299e88000 ConcurrentGCThread "G1 Conc#1" [stack: 0x0000003286800000,0x0000003286900000] [id=3784]
  0x000001d2f547c800 ConcurrentGCThread "G1 Refine#0" [stack: 0x0000003281f00000,0x0000003282000000] [id=2484]
  0x000001d29b55f800 ConcurrentGCThread "G1 Refine#1" [stack: 0x0000003286900000,0x0000003286a00000] [id=4368]
  0x000001d2a0156800 ConcurrentGCThread "G1 Refine#2" [stack: 0x0000003289200000,0x0000003289300000] [id=5104]
  0x000001d29d9d2800 ConcurrentGCThread "G1 Refine#3" [stack: 0x000000328a700000,0x000000328a800000] [id=5188]
  0x000001d2ef647800 ConcurrentGCThread "G1 Young RemSet Sampling" [stack: 0x0000003282000000,0x0000003282100000] [id=2592]

Threads with active compile tasks:

VM state:not at safepoint (normal execution)

VM Mutex/Monitor currently owned by a thread: None

Heap address: 0x0000000740000000, size: 3072 MB, Compressed Oops mode: Zero based, Oop shift amount: 3
Narrow klass base: 0x0000000800000000, Narrow klass shift: 0
Compressed class space size: 1073741824 Address: 0x0000000800000000

Heap:
 garbage-first heap   total 330752K, used 143626K [0x0000000740000000, 0x0000000800000000)
  region size 1024K, 10 young (10240K), 2 survivors (2048K)
 Metaspace       used 112371K, capacity 113521K, committed 118300K, reserved 1150976K
  class space    used 15450K, capacity 15913K, committed 17612K, reserved 1048576K
Heap Regions: E=young(eden), S=young(survivor), O=old, HS=humongous(starts), HC=humongous(continues), CS=collection set, F=free, A=archive, TAMS=top-at-mark-start (previous, next)
|   0|0x0000000740000000, 0x0000000740100000, 0x0000000740100000|100%|HS|  |TAMS 0x0000000740000000, 0x0000000740000000| Untracked 
|   1|0x0000000740100000, 0x0000000740200000, 0x0000000740200000|100%|HC|  |TAMS 0x0000000740100000, 0x0000000740100000| Untracked 
|   2|0x0000000740200000, 0x0000000740300000, 0x0000000740300000|100%|HS|  |TAMS 0x0000000740200000, 0x0000000740200000| Untracked 
|   3|0x0000000740300000, 0x00000007403ffff8, 0x0000000740400000| 99%| O|  |TAMS 0x0000000740300000, 0x0000000740300000| Untracked 
|   4|0x0000000740400000, 0x0000000740500000, 0x0000000740500000|100%| O|  |TAMS 0x0000000740400000, 0x0000000740400000| Untracked 
|   5|0x0000000740500000, 0x00000007405fff00, 0x0000000740600000| 99%| O|  |TAMS 0x0000000740500000, 0x0000000740500000| Untracked 
|   6|0x0000000740600000, 0x00000007406fffa8, 0x0000000740700000| 99%| O|  |TAMS 0x0000000740600000, 0x0000000740600000| Untracked 
|   7|0x0000000740700000, 0x00000007407ffff8, 0x0000000740800000| 99%| O|  |TAMS 0x0000000740700000, 0x0000000740700000| Untracked 
|   8|0x0000000740800000, 0x00000007408ffff8, 0x0000000740900000| 99%| O|  |TAMS 0x0000000740800000, 0x0000000740800000| Untracked 
|   9|0x0000000740900000, 0x00000007409fff40, 0x0000000740a00000| 99%| O|  |TAMS 0x0000000740900000, 0x0000000740900000| Untracked 
|  10|0x0000000740a00000, 0x0000000740b00000, 0x0000000740b00000|100%| O|  |TAMS 0x0000000740a00000, 0x0000000740a00000| Untracked 
|  11|0x0000000740b00000, 0x0000000740be0130, 0x0000000740c00000| 87%| O|  |TAMS 0x0000000740b00000, 0x0000000740b00000| Untracked 
|  12|0x0000000740c00000, 0x0000000740cfffe8, 0x0000000740d00000| 99%| O|  |TAMS 0x0000000740c00000, 0x0000000740c00000| Untracked 
|  13|0x0000000740d00000, 0x0000000740dffff8, 0x0000000740e00000| 99%| O|  |TAMS 0x0000000740d00000, 0x0000000740d00000| Untracked 
|  14|0x0000000740e00000, 0x0000000740f00000, 0x0000000740f00000|100%| O|  |TAMS 0x0000000740e00000, 0x0000000740e00000| Untracked 
|  15|0x0000000740f00000, 0x0000000741000000, 0x0000000741000000|100%| O|  |TAMS 0x0000000740f00000, 0x0000000740f00000| Untracked 
|  16|0x0000000741000000, 0x0000000741100000, 0x0000000741100000|100%| O|  |TAMS 0x0000000741000000, 0x0000000741000000| Untracked 
|  17|0x0000000741100000, 0x00000007411ffff0, 0x0000000741200000| 99%| O|  |TAMS 0x0000000741100000, 0x0000000741100000| Untracked 
|  18|0x0000000741200000, 0x00000007412ffff0, 0x0000000741300000| 99%| O|  |TAMS 0x0000000741200000, 0x0000000741200000| Untracked 
|  19|0x0000000741300000, 0x00000007413ffff8, 0x0000000741400000| 99%| O|  |TAMS 0x0000000741300000, 0x0000000741300000| Untracked 
|  20|0x0000000741400000, 0x0000000741500000, 0x0000000741500000|100%| O|  |TAMS 0x0000000741400000, 0x0000000741400000| Untracked 
|  21|0x0000000741500000, 0x00000007415ffff0, 0x0000000741600000| 99%| O|  |TAMS 0x0000000741500000, 0x0000000741500000| Untracked 
|  22|0x0000000741600000, 0x00000007416ffff0, 0x0000000741700000| 99%| O|  |TAMS 0x0000000741600000, 0x0000000741600000| Untracked 
|  23|0x0000000741700000, 0x00000007417ffff8, 0x0000000741800000| 99%| O|  |TAMS 0x0000000741700000, 0x0000000741700000| Untracked 
|  24|0x0000000741800000, 0x00000007418ffff0, 0x0000000741900000| 99%| O|  |TAMS 0x0000000741800000, 0x0000000741800000| Untracked 
|  25|0x0000000741900000, 0x00000007419ffff8, 0x0000000741a00000| 99%| O|  |TAMS 0x0000000741900000, 0x0000000741900000| Untracked 
|  26|0x0000000741a00000, 0x0000000741affff8, 0x0000000741b00000| 99%| O|  |TAMS 0x0000000741a00000, 0x0000000741a00000| Untracked 
|  27|0x0000000741b00000, 0x0000000741bfffa8, 0x0000000741c00000| 99%| O|  |TAMS 0x0000000741b00000, 0x0000000741b00000| Untracked 
|  28|0x0000000741c00000, 0x0000000741d00000, 0x0000000741d00000|100%| O|  |TAMS 0x0000000741c00000, 0x0000000741c00000| Untracked 
|  29|0x0000000741d00000, 0x0000000741dffff8, 0x0000000741e00000| 99%| O|  |TAMS 0x0000000741d00000, 0x0000000741d00000| Untracked 
|  30|0x0000000741e00000, 0x0000000741f00000, 0x0000000741f00000|100%| O|  |TAMS 0x0000000741e00000, 0x0000000741e00000| Untracked 
|  31|0x0000000741f00000, 0x0000000741fffff8, 0x0000000742000000| 99%| O|  |TAMS 0x0000000741f00000, 0x0000000741f00000| Untracked 
|  32|0x0000000742000000, 0x00000007420ffff0, 0x0000000742100000| 99%| O|  |TAMS 0x0000000742000000, 0x0000000742000000| Untracked 
|  33|0x0000000742100000, 0x0000000742200000, 0x0000000742200000|100%| O|  |TAMS 0x0000000742100000, 0x0000000742100000| Untracked 
|  34|0x0000000742200000, 0x0000000742300000, 0x0000000742300000|100%| O|  |TAMS 0x0000000742200000, 0x0000000742200000| Untracked 
|  35|0x0000000742300000, 0x0000000742400000, 0x0000000742400000|100%| O|  |TAMS 0x0000000742300000, 0x0000000742300000| Untracked 
|  36|0x0000000742400000, 0x00000007424ffff8, 0x0000000742500000| 99%| O|  |TAMS 0x0000000742400000, 0x0000000742400000| Untracked 
|  37|0x0000000742500000, 0x00000007425ffff8, 0x0000000742600000| 99%| O|  |TAMS 0x0000000742500000, 0x0000000742500000| Untracked 
|  38|0x0000000742600000, 0x00000007426ffff8, 0x0000000742700000| 99%| O|  |TAMS 0x0000000742600000, 0x0000000742600000| Untracked 
|  39|0x0000000742700000, 0x00000007427ffff8, 0x0000000742800000| 99%| O|  |TAMS 0x0000000742700000, 0x0000000742700000| Untracked 
|  40|0x0000000742800000, 0x0000000742900000, 0x0000000742900000|100%| O|  |TAMS 0x0000000742800000, 0x0000000742800000| Untracked 
|  41|0x0000000742900000, 0x00000007429fffb8, 0x0000000742a00000| 99%| O|  |TAMS 0x0000000742900000, 0x0000000742900000| Untracked 
|  42|0x0000000742a00000, 0x0000000742affff0, 0x0000000742b00000| 99%| O|  |TAMS 0x0000000742a00000, 0x0000000742a00000| Untracked 
|  43|0x0000000742b00000, 0x0000000742c00000, 0x0000000742c00000|100%| O|  |TAMS 0x0000000742b00000, 0x0000000742b00000| Untracked 
|  44|0x0000000742c00000, 0x0000000742cffff0, 0x0000000742d00000| 99%| O|  |TAMS 0x0000000742c00000, 0x0000000742c00000| Untracked 
|  45|0x0000000742d00000, 0x0000000742e00000, 0x0000000742e00000|100%| O|  |TAMS 0x0000000742d00000, 0x0000000742d00000| Untracked 
|  46|0x0000000742e00000, 0x0000000742f00000, 0x0000000742f00000|100%| O|  |TAMS 0x0000000742e00000, 0x0000000742e00000| Untracked 
|  47|0x0000000742f00000, 0x0000000743000000, 0x0000000743000000|100%| O|  |TAMS 0x0000000742f00000, 0x0000000742f00000| Untracked 
|  48|0x0000000743000000, 0x00000007430ffed0, 0x0000000743100000| 99%| O|  |TAMS 0x0000000743000000, 0x0000000743000000| Untracked 
|  49|0x0000000743100000, 0x0000000743200000, 0x0000000743200000|100%| O|  |TAMS 0x0000000743100000, 0x0000000743100000| Untracked 
|  50|0x0000000743200000, 0x0000000743300000, 0x0000000743300000|100%| O|  |TAMS 0x0000000743200000, 0x0000000743200000| Untracked 
|  51|0x0000000743300000, 0x00000007433fffe0, 0x0000000743400000| 99%| O|  |TAMS 0x0000000743300000, 0x0000000743300000| Untracked 
|  52|0x0000000743400000, 0x00000007434ffff8, 0x0000000743500000| 99%| O|  |TAMS 0x0000000743400000, 0x0000000743400000| Untracked 
|  53|0x0000000743500000, 0x00000007435ffff0, 0x0000000743600000| 99%| O|  |TAMS 0x0000000743500000, 0x0000000743500000| Untracked 
|  54|0x0000000743600000, 0x0000000743700000, 0x0000000743700000|100%| O|  |TAMS 0x0000000743600000, 0x0000000743600000| Untracked 
|  55|0x0000000743700000, 0x00000007437fff30, 0x0000000743800000| 99%| O|  |TAMS 0x0000000743700000, 0x0000000743700000| Untracked 
|  56|0x0000000743800000, 0x00000007438ffff0, 0x0000000743900000| 99%| O|  |TAMS 0x0000000743800000, 0x0000000743800000| Untracked 
|  57|0x0000000743900000, 0x00000007439ffff8, 0x0000000743a00000| 99%| O|  |TAMS 0x0000000743900000, 0x0000000743900000| Untracked 
|  58|0x0000000743a00000, 0x0000000743affff8, 0x0000000743b00000| 99%| O|  |TAMS 0x0000000743a00000, 0x0000000743a00000| Untracked 
|  59|0x0000000743b00000, 0x0000000743c00000, 0x0000000743c00000|100%| O|  |TAMS 0x0000000743b00000, 0x0000000743b00000| Untracked 
|  60|0x0000000743c00000, 0x0000000743cffff0, 0x0000000743d00000| 99%| O|  |TAMS 0x0000000743c00000, 0x0000000743c00000| Untracked 
|  61|0x0000000743d00000, 0x0000000743dfffe0, 0x0000000743e00000| 99%| O|  |TAMS 0x0000000743d00000, 0x0000000743d00000| Untracked 
|  62|0x0000000743e00000, 0x0000000743effff0, 0x0000000743f00000| 99%| O|  |TAMS 0x0000000743e00000, 0x0000000743e00000| Untracked 
|  63|0x0000000743f00000, 0x0000000744000000, 0x0000000744000000|100%| O|  |TAMS 0x0000000743f00000, 0x0000000743f00000| Untracked 
|  64|0x0000000744000000, 0x0000000744100000, 0x0000000744100000|100%| O|  |TAMS 0x0000000744000000, 0x0000000744000000| Untracked 
|  65|0x0000000744100000, 0x0000000744200000, 0x0000000744200000|100%| O|  |TAMS 0x0000000744100000, 0x0000000744100000| Untracked 
|  66|0x0000000744200000, 0x0000000744300000, 0x0000000744300000|100%| O|  |TAMS 0x0000000744200000, 0x0000000744200000| Untracked 
|  67|0x0000000744300000, 0x0000000744400000, 0x0000000744400000|100%| O|  |TAMS 0x0000000744300000, 0x0000000744300000| Untracked 
|  68|0x0000000744400000, 0x00000007444fe980, 0x0000000744500000| 99%| O|  |TAMS 0x0000000744400000, 0x0000000744400000| Untracked 
|  69|0x0000000744500000, 0x00000007445ffff0, 0x0000000744600000| 99%| O|  |TAMS 0x0000000744500000, 0x0000000744500000| Untracked 
|  70|0x0000000744600000, 0x00000007446fffa0, 0x0000000744700000| 99%| O|  |TAMS 0x0000000744600000, 0x0000000744600000| Untracked 
|  71|0x0000000744700000, 0x00000007447fd0b8, 0x0000000744800000| 98%| O|  |TAMS 0x0000000744700000, 0x0000000744700000| Untracked 
|  72|0x0000000744800000, 0x00000007448fffe8, 0x0000000744900000| 99%| O|  |TAMS 0x0000000744800000, 0x0000000744800000| Untracked 
|  73|0x0000000744900000, 0x0000000744a00000, 0x0000000744a00000|100%| O|  |TAMS 0x0000000744900000, 0x0000000744900000| Untracked 
|  74|0x0000000744a00000, 0x0000000744affff0, 0x0000000744b00000| 99%| O|  |TAMS 0x0000000744a00000, 0x0000000744a00000| Untracked 
|  75|0x0000000744b00000, 0x0000000744bfff38, 0x0000000744c00000| 99%| O|  |TAMS 0x0000000744b00000, 0x0000000744b00000| Untracked 
|  76|0x0000000744c00000, 0x0000000744cffff8, 0x0000000744d00000| 99%| O|  |TAMS 0x0000000744c00000, 0x0000000744c00000| Untracked 
|  77|0x0000000744d00000, 0x0000000744dfffe8, 0x0000000744e00000| 99%| O|  |TAMS 0x0000000744d00000, 0x0000000744d00000| Untracked 
|  78|0x0000000744e00000, 0x0000000744efffd8, 0x0000000744f00000| 99%| O|  |TAMS 0x0000000744e00000, 0x0000000744e00000| Untracked 
|  79|0x0000000744f00000, 0x0000000744ffffa0, 0x0000000745000000| 99%| O|  |TAMS 0x0000000744f00000, 0x0000000744f00000| Untracked 
|  80|0x0000000745000000, 0x00000007450ffff0, 0x0000000745100000| 99%| O|  |TAMS 0x0000000745000000, 0x0000000745000000| Untracked 
|  81|0x0000000745100000, 0x00000007451ff438, 0x0000000745200000| 99%| O|  |TAMS 0x0000000745100000, 0x0000000745100000| Untracked 
|  82|0x0000000745200000, 0x0000000745300000, 0x0000000745300000|100%| O|  |TAMS 0x0000000745200000, 0x0000000745200000| Untracked 
|  83|0x0000000745300000, 0x00000007453fffd8, 0x0000000745400000| 99%| O|  |TAMS 0x0000000745300000, 0x0000000745300000| Untracked 
|  84|0x0000000745400000, 0x0000000745500000, 0x0000000745500000|100%| O|  |TAMS 0x0000000745400000, 0x0000000745400000| Untracked 
|  85|0x0000000745500000, 0x00000007455ffff8, 0x0000000745600000| 99%| O|  |TAMS 0x0000000745500000, 0x0000000745500000| Untracked 
|  86|0x0000000745600000, 0x00000007456ffb18, 0x0000000745700000| 99%| O|  |TAMS 0x0000000745600000, 0x0000000745600000| Untracked 
|  87|0x0000000745700000, 0x00000007457ffff0, 0x0000000745800000| 99%| O|  |TAMS 0x0000000745700000, 0x0000000745700000| Untracked 
|  88|0x0000000745800000, 0x0000000745900000, 0x0000000745900000|100%| O|  |TAMS 0x0000000745800000, 0x0000000745800000| Untracked 
|  89|0x0000000745900000, 0x00000007459fe9d0, 0x0000000745a00000| 99%| O|  |TAMS 0x0000000745900000, 0x0000000745900000| Untracked 
|  90|0x0000000745a00000, 0x0000000745aff3b8, 0x0000000745b00000| 99%| O|  |TAMS 0x0000000745a00000, 0x0000000745a00000| Untracked 
|  91|0x0000000745b00000, 0x0000000745bff7a0, 0x0000000745c00000| 99%| O|  |TAMS 0x0000000745b00000, 0x0000000745b00000| Untracked 
|  92|0x0000000745c00000, 0x0000000745d00000, 0x0000000745d00000|100%| O|  |TAMS 0x0000000745c00000, 0x0000000745c00000| Untracked 
|  93|0x0000000745d00000, 0x0000000745dfffd0, 0x0000000745e00000| 99%| O|  |TAMS 0x0000000745d00000, 0x0000000745d00000| Untracked 
|  94|0x0000000745e00000, 0x0000000745effef0, 0x0000000745f00000| 99%| O|  |TAMS 0x0000000745e00000, 0x0000000745e00000| Untracked 
|  95|0x0000000745f00000, 0x0000000745fffec8, 0x0000000746000000| 99%| O|  |TAMS 0x0000000745f00000, 0x0000000745f00000| Untracked 
|  96|0x0000000746000000, 0x0000000746100000, 0x0000000746100000|100%| O|  |TAMS 0x0000000746000000, 0x0000000746000000| Untracked 
|  97|0x0000000746100000, 0x00000007461fffe8, 0x0000000746200000| 99%| O|  |TAMS 0x0000000746100000, 0x0000000746100000| Untracked 
|  98|0x0000000746200000, 0x00000007462ffff8, 0x0000000746300000| 99%| O|  |TAMS 0x0000000746200000, 0x0000000746200000| Untracked 
|  99|0x0000000746300000, 0x0000000746400000, 0x0000000746400000|100%| O|  |TAMS 0x0000000746300000, 0x0000000746300000| Untracked 
| 100|0x0000000746400000, 0x0000000746500000, 0x0000000746500000|100%| O|  |TAMS 0x0000000746400000, 0x0000000746400000| Untracked 
| 101|0x0000000746500000, 0x00000007465fffe8, 0x0000000746600000| 99%| O|  |TAMS 0x0000000746500000, 0x0000000746500000| Untracked 
| 102|0x0000000746600000, 0x00000007466ffff0, 0x0000000746700000| 99%| O|  |TAMS 0x0000000746600000, 0x0000000746600000| Untracked 
| 103|0x0000000746700000, 0x00000007467ffff8, 0x0000000746800000| 99%| O|  |TAMS 0x0000000746700000, 0x0000000746700000| Untracked 
| 104|0x0000000746800000, 0x00000007468fffe8, 0x0000000746900000| 99%| O|  |TAMS 0x0000000746800000, 0x0000000746800000| Untracked 
| 105|0x0000000746900000, 0x00000007469fffe8, 0x0000000746a00000| 99%| O|  |TAMS 0x0000000746900000, 0x0000000746900000| Untracked 
| 106|0x0000000746a00000, 0x0000000746ad2f98, 0x0000000746b00000| 82%| O|  |TAMS 0x0000000746a00000, 0x0000000746a00000| Untracked 
| 107|0x0000000746b00000, 0x0000000746bb7d28, 0x0000000746c00000| 71%| O|  |TAMS 0x0000000746b00000, 0x0000000746b00000| Untracked 
| 108|0x0000000746c00000, 0x0000000746cf9e28, 0x0000000746d00000| 97%| O|  |TAMS 0x0000000746c00000, 0x0000000746c00000| Untracked 
| 109|0x0000000746d00000, 0x0000000746dd6068, 0x0000000746e00000| 83%| O|  |TAMS 0x0000000746d00000, 0x0000000746d00000| Untracked 
| 110|0x0000000746e00000, 0x0000000746f00000, 0x0000000746f00000|100%|HS|  |TAMS 0x0000000746e00000, 0x0000000746e00000| Untracked 
| 111|0x0000000746f00000, 0x0000000747000000, 0x0000000747000000|100%|HC|  |TAMS 0x0000000746f00000, 0x0000000746f00000| Untracked 
| 112|0x0000000747000000, 0x0000000747100000, 0x0000000747100000|100%|HC|  |TAMS 0x0000000747000000, 0x0000000747000000| Untracked 
| 113|0x0000000747100000, 0x0000000747200000, 0x0000000747200000|100%|HC|  |TAMS 0x0000000747100000, 0x0000000747100000| Untracked 
| 114|0x0000000747200000, 0x0000000747300000, 0x0000000747300000|100%|HC|  |TAMS 0x0000000747200000, 0x0000000747200000| Untracked 
| 115|0x0000000747300000, 0x0000000747400000, 0x0000000747400000|100%|HC|  |TAMS 0x0000000747300000, 0x0000000747300000| Untracked 
| 116|0x0000000747400000, 0x0000000747500000, 0x0000000747500000|100%|HC|  |TAMS 0x0000000747400000, 0x0000000747400000| Untracked 
| 117|0x0000000747500000, 0x0000000747500000, 0x0000000747600000|  0%| F|  |TAMS 0x0000000747500000, 0x0000000747500000| Untracked 
| 118|0x0000000747600000, 0x0000000747600000, 0x0000000747700000|  0%| F|  |TAMS 0x0000000747600000, 0x0000000747600000| Untracked 
| 119|0x0000000747700000, 0x0000000747700000, 0x0000000747800000|  0%| F|  |TAMS 0x0000000747700000, 0x0000000747700000| Untracked 
| 120|0x0000000747800000, 0x0000000747800000, 0x0000000747900000|  0%| F|  |TAMS 0x0000000747800000, 0x0000000747800000| Untracked 
| 121|0x0000000747900000, 0x0000000747900000, 0x0000000747a00000|  0%| F|  |TAMS 0x0000000747900000, 0x0000000747900000| Untracked 
| 122|0x0000000747a00000, 0x0000000747a00000, 0x0000000747b00000|  0%| F|  |TAMS 0x0000000747a00000, 0x0000000747a00000| Untracked 
| 123|0x0000000747b00000, 0x0000000747b00000, 0x0000000747c00000|  0%| F|  |TAMS 0x0000000747b00000, 0x0000000747b00000| Untracked 
| 124|0x0000000747c00000, 0x0000000747d00000, 0x0000000747d00000|100%|HS|  |TAMS 0x0000000747c00000, 0x0000000747c00000| Untracked 
| 125|0x0000000747d00000, 0x0000000747e00000, 0x0000000747e00000|100%|HC|  |TAMS 0x0000000747d00000, 0x0000000747d00000| Untracked 
| 126|0x0000000747e00000, 0x0000000747f00000, 0x0000000747f00000|100%|HC|  |TAMS 0x0000000747e00000, 0x0000000747e00000| Untracked 
| 127|0x0000000747f00000, 0x0000000748000000, 0x0000000748000000|100%|HC|  |TAMS 0x0000000747f00000, 0x0000000747f00000| Untracked 
| 128|0x0000000748000000, 0x0000000748100000, 0x0000000748100000|100%|HC|  |TAMS 0x0000000748000000, 0x0000000748000000| Untracked 
| 129|0x0000000748100000, 0x0000000748200000, 0x0000000748200000|100%|HC|  |TAMS 0x0000000748100000, 0x0000000748100000| Untracked 
| 130|0x0000000748200000, 0x0000000748300000, 0x0000000748300000|100%|HC|  |TAMS 0x0000000748200000, 0x0000000748200000| Untracked 
| 131|0x0000000748300000, 0x0000000748400000, 0x0000000748400000|100%|HC|  |TAMS 0x0000000748300000, 0x0000000748300000| Untracked 
| 132|0x0000000748400000, 0x0000000748500000, 0x0000000748500000|100%|HC|  |TAMS 0x0000000748400000, 0x0000000748400000| Untracked 
| 133|0x0000000748500000, 0x0000000748600000, 0x0000000748600000|100%|HC|  |TAMS 0x0000000748500000, 0x0000000748500000| Untracked 
| 134|0x0000000748600000, 0x0000000748700000, 0x0000000748700000|100%|HC|  |TAMS 0x0000000748600000, 0x0000000748600000| Untracked 
| 135|0x0000000748700000, 0x0000000748800000, 0x0000000748800000|100%|HC|  |TAMS 0x0000000748700000, 0x0000000748700000| Untracked 
| 136|0x0000000748800000, 0x0000000748900000, 0x0000000748900000|100%|HC|  |TAMS 0x0000000748800000, 0x0000000748800000| Untracked 
| 137|0x0000000748900000, 0x0000000748a00000, 0x0000000748a00000|100%|HC|  |TAMS 0x0000000748900000, 0x0000000748900000| Untracked 
| 138|0x0000000748a00000, 0x0000000748a00000, 0x0000000748b00000|  0%| F|  |TAMS 0x0000000748a00000, 0x0000000748a00000| Untracked 
| 139|0x0000000748b00000, 0x0000000748b00000, 0x0000000748c00000|  0%| F|  |TAMS 0x0000000748b00000, 0x0000000748b00000| Untracked 
| 140|0x0000000748c00000, 0x0000000748c00000, 0x0000000748d00000|  0%| F|  |TAMS 0x0000000748c00000, 0x0000000748c00000| Untracked 
| 141|0x0000000748d00000, 0x0000000748d00000, 0x0000000748e00000|  0%| F|  |TAMS 0x0000000748d00000, 0x0000000748d00000| Untracked 
| 142|0x0000000748e00000, 0x0000000748e00000, 0x0000000748f00000|  0%| F|  |TAMS 0x0000000748e00000, 0x0000000748e00000| Untracked 
| 143|0x0000000748f00000, 0x0000000749000000, 0x0000000749000000|100%|HS|  |TAMS 0x0000000748f00000, 0x0000000748f00000| Untracked 
| 144|0x0000000749000000, 0x0000000749000000, 0x0000000749100000|  0%| F|  |TAMS 0x0000000749000000, 0x0000000749000000| Untracked 
| 145|0x0000000749100000, 0x0000000749100000, 0x0000000749200000|  0%| F|  |TAMS 0x0000000749100000, 0x0000000749100000| Untracked 
| 146|0x0000000749200000, 0x0000000749200000, 0x0000000749300000|  0%| F|  |TAMS 0x0000000749200000, 0x0000000749200000| Untracked 
| 147|0x0000000749300000, 0x0000000749300000, 0x0000000749400000|  0%| F|  |TAMS 0x0000000749300000, 0x0000000749300000| Untracked 
| 148|0x0000000749400000, 0x0000000749400000, 0x0000000749500000|  0%| F|  |TAMS 0x0000000749400000, 0x0000000749400000| Untracked 
| 149|0x0000000749500000, 0x0000000749500000, 0x0000000749600000|  0%| F|  |TAMS 0x0000000749500000, 0x0000000749500000| Untracked 
| 150|0x0000000749600000, 0x0000000749600000, 0x0000000749700000|  0%| F|  |TAMS 0x0000000749600000, 0x0000000749600000| Untracked 
| 151|0x0000000749700000, 0x0000000749700000, 0x0000000749800000|  0%| F|  |TAMS 0x0000000749700000, 0x0000000749700000| Untracked 
| 152|0x0000000749800000, 0x0000000749800000, 0x0000000749900000|  0%| F|  |TAMS 0x0000000749800000, 0x0000000749800000| Untracked 
| 153|0x0000000749900000, 0x0000000749900000, 0x0000000749a00000|  0%| F|  |TAMS 0x0000000749900000, 0x0000000749900000| Untracked 
| 154|0x0000000749a00000, 0x0000000749a00000, 0x0000000749b00000|  0%| F|  |TAMS 0x0000000749a00000, 0x0000000749a00000| Untracked 
| 155|0x0000000749b00000, 0x0000000749b00000, 0x0000000749c00000|  0%| F|  |TAMS 0x0000000749b00000, 0x0000000749b00000| Untracked 
| 156|0x0000000749c00000, 0x0000000749c00000, 0x0000000749d00000|  0%| F|  |TAMS 0x0000000749c00000, 0x0000000749c00000| Untracked 
| 157|0x0000000749d00000, 0x0000000749d00000, 0x0000000749e00000|  0%| F|  |TAMS 0x0000000749d00000, 0x0000000749d00000| Untracked 
| 158|0x0000000749e00000, 0x0000000749e00000, 0x0000000749f00000|  0%| F|  |TAMS 0x0000000749e00000, 0x0000000749e00000| Untracked 
| 159|0x0000000749f00000, 0x0000000749f00000, 0x000000074a000000|  0%| F|  |TAMS 0x0000000749f00000, 0x0000000749f00000| Untracked 
| 160|0x000000074a000000, 0x000000074a000000, 0x000000074a100000|  0%| F|  |TAMS 0x000000074a000000, 0x000000074a000000| Untracked 
| 161|0x000000074a100000, 0x000000074a100000, 0x000000074a200000|  0%| F|  |TAMS 0x000000074a100000, 0x000000074a100000| Untracked 
| 162|0x000000074a200000, 0x000000074a200000, 0x000000074a300000|  0%| F|  |TAMS 0x000000074a200000, 0x000000074a200000| Untracked 
| 163|0x000000074a300000, 0x000000074a300000, 0x000000074a400000|  0%| F|  |TAMS 0x000000074a300000, 0x000000074a300000| Untracked 
| 164|0x000000074a400000, 0x000000074a400000, 0x000000074a500000|  0%| F|  |TAMS 0x000000074a400000, 0x000000074a400000| Untracked 
| 165|0x000000074a500000, 0x000000074a500000, 0x000000074a600000|  0%| F|  |TAMS 0x000000074a500000, 0x000000074a500000| Untracked 
| 166|0x000000074a600000, 0x000000074a600000, 0x000000074a700000|  0%| F|  |TAMS 0x000000074a600000, 0x000000074a600000| Untracked 
| 167|0x000000074a700000, 0x000000074a700000, 0x000000074a800000|  0%| F|  |TAMS 0x000000074a700000, 0x000000074a700000| Untracked 
| 168|0x000000074a800000, 0x000000074a800000, 0x000000074a900000|  0%| F|  |TAMS 0x000000074a800000, 0x000000074a800000| Untracked 
| 169|0x000000074a900000, 0x000000074a900000, 0x000000074aa00000|  0%| F|  |TAMS 0x000000074a900000, 0x000000074a900000| Untracked 
| 170|0x000000074aa00000, 0x000000074aa00000, 0x000000074ab00000|  0%| F|  |TAMS 0x000000074aa00000, 0x000000074aa00000| Untracked 
| 171|0x000000074ab00000, 0x000000074ab00000, 0x000000074ac00000|  0%| F|  |TAMS 0x000000074ab00000, 0x000000074ab00000| Untracked 
| 172|0x000000074ac00000, 0x000000074ac00000, 0x000000074ad00000|  0%| F|  |TAMS 0x000000074ac00000, 0x000000074ac00000| Untracked 
| 173|0x000000074ad00000, 0x000000074ad00000, 0x000000074ae00000|  0%| F|  |TAMS 0x000000074ad00000, 0x000000074ad00000| Untracked 
| 174|0x000000074ae00000, 0x000000074ae00000, 0x000000074af00000|  0%| F|  |TAMS 0x000000074ae00000, 0x000000074ae00000| Untracked 
| 175|0x000000074af00000, 0x000000074af00000, 0x000000074b000000|  0%| F|  |TAMS 0x000000074af00000, 0x000000074af00000| Untracked 
| 176|0x000000074b000000, 0x000000074b030078, 0x000000074b100000| 18%| O|  |TAMS 0x000000074b000000, 0x000000074b000000| Untracked 
| 177|0x000000074b100000, 0x000000074b100000, 0x000000074b200000|  0%| F|  |TAMS 0x000000074b100000, 0x000000074b100000| Untracked 
| 178|0x000000074b200000, 0x000000074b200000, 0x000000074b300000|  0%| F|  |TAMS 0x000000074b200000, 0x000000074b200000| Untracked 
| 179|0x000000074b300000, 0x000000074b300000, 0x000000074b400000|  0%| F|  |TAMS 0x000000074b300000, 0x000000074b300000| Untracked 
| 180|0x000000074b400000, 0x000000074b400000, 0x000000074b500000|  0%| F|  |TAMS 0x000000074b400000, 0x000000074b400000| Untracked 
| 181|0x000000074b500000, 0x000000074b500000, 0x000000074b600000|  0%| F|  |TAMS 0x000000074b500000, 0x000000074b500000| Untracked 
| 182|0x000000074b600000, 0x000000074b600000, 0x000000074b700000|  0%| F|  |TAMS 0x000000074b600000, 0x000000074b600000| Untracked 
| 183|0x000000074b700000, 0x000000074b700000, 0x000000074b800000|  0%| F|  |TAMS 0x000000074b700000, 0x000000074b700000| Untracked 
| 184|0x000000074b800000, 0x000000074b800000, 0x000000074b900000|  0%| F|  |TAMS 0x000000074b800000, 0x000000074b800000| Untracked 
| 185|0x000000074b900000, 0x000000074b900000, 0x000000074ba00000|  0%| F|  |TAMS 0x000000074b900000, 0x000000074b900000| Untracked 
| 186|0x000000074ba00000, 0x000000074ba00000, 0x000000074bb00000|  0%| F|  |TAMS 0x000000074ba00000, 0x000000074ba00000| Untracked 
| 187|0x000000074bb00000, 0x000000074bb00000, 0x000000074bc00000|  0%| F|  |TAMS 0x000000074bb00000, 0x000000074bb00000| Untracked 
| 188|0x000000074bc00000, 0x000000074bc00000, 0x000000074bd00000|  0%| F|  |TAMS 0x000000074bc00000, 0x000000074bc00000| Untracked 
| 189|0x000000074bd00000, 0x000000074bd00000, 0x000000074be00000|  0%| F|  |TAMS 0x000000074bd00000, 0x000000074bd00000| Untracked 
| 190|0x000000074be00000, 0x000000074be00000, 0x000000074bf00000|  0%| F|  |TAMS 0x000000074be00000, 0x000000074be00000| Untracked 
| 191|0x000000074bf00000, 0x000000074bf00000, 0x000000074c000000|  0%| F|  |TAMS 0x000000074bf00000, 0x000000074bf00000| Untracked 
| 192|0x000000074c000000, 0x000000074c000000, 0x000000074c100000|  0%| F|  |TAMS 0x000000074c000000, 0x000000074c000000| Untracked 
| 193|0x000000074c100000, 0x000000074c100000, 0x000000074c200000|  0%| F|  |TAMS 0x000000074c100000, 0x000000074c100000| Untracked 
| 194|0x000000074c200000, 0x000000074c200000, 0x000000074c300000|  0%| F|  |TAMS 0x000000074c200000, 0x000000074c200000| Untracked 
| 195|0x000000074c300000, 0x000000074c300000, 0x000000074c400000|  0%| F|  |TAMS 0x000000074c300000, 0x000000074c300000| Untracked 
| 196|0x000000074c400000, 0x000000074c400000, 0x000000074c500000|  0%| F|  |TAMS 0x000000074c400000, 0x000000074c400000| Untracked 
| 197|0x000000074c500000, 0x000000074c500000, 0x000000074c600000|  0%| F|  |TAMS 0x000000074c500000, 0x000000074c500000| Untracked 
| 198|0x000000074c600000, 0x000000074c600000, 0x000000074c700000|  0%| F|  |TAMS 0x000000074c600000, 0x000000074c600000| Untracked 
| 199|0x000000074c700000, 0x000000074c700000, 0x000000074c800000|  0%| F|  |TAMS 0x000000074c700000, 0x000000074c700000| Untracked 
| 200|0x000000074c800000, 0x000000074c800000, 0x000000074c900000|  0%| F|  |TAMS 0x000000074c800000, 0x000000074c800000| Untracked 
| 201|0x000000074c900000, 0x000000074c900000, 0x000000074ca00000|  0%| F|  |TAMS 0x000000074c900000, 0x000000074c900000| Untracked 
| 202|0x000000074ca00000, 0x000000074ca00000, 0x000000074cb00000|  0%| F|  |TAMS 0x000000074ca00000, 0x000000074ca00000| Untracked 
| 203|0x000000074cb00000, 0x000000074cb00000, 0x000000074cc00000|  0%| F|  |TAMS 0x000000074cb00000, 0x000000074cb00000| Untracked 
| 204|0x000000074cc00000, 0x000000074cc00000, 0x000000074cd00000|  0%| F|  |TAMS 0x000000074cc00000, 0x000000074cc00000| Untracked 
| 205|0x000000074cd00000, 0x000000074cd00000, 0x000000074ce00000|  0%| F|  |TAMS 0x000000074cd00000, 0x000000074cd00000| Untracked 
| 206|0x000000074ce00000, 0x000000074ce00000, 0x000000074cf00000|  0%| F|  |TAMS 0x000000074ce00000, 0x000000074ce00000| Untracked 
| 207|0x000000074cf00000, 0x000000074cf00000, 0x000000074d000000|  0%| F|  |TAMS 0x000000074cf00000, 0x000000074cf00000| Untracked 
| 208|0x000000074d000000, 0x000000074d000000, 0x000000074d100000|  0%| F|  |TAMS 0x000000074d000000, 0x000000074d000000| Untracked 
| 209|0x000000074d100000, 0x000000074d100000, 0x000000074d200000|  0%| F|  |TAMS 0x000000074d100000, 0x000000074d100000| Untracked 
| 210|0x000000074d200000, 0x000000074d200000, 0x000000074d300000|  0%| F|  |TAMS 0x000000074d200000, 0x000000074d200000| Untracked 
| 211|0x000000074d300000, 0x000000074d300000, 0x000000074d400000|  0%| F|  |TAMS 0x000000074d300000, 0x000000074d300000| Untracked 
| 212|0x000000074d400000, 0x000000074d400000, 0x000000074d500000|  0%| F|  |TAMS 0x000000074d400000, 0x000000074d400000| Untracked 
| 213|0x000000074d500000, 0x000000074d500000, 0x000000074d600000|  0%| F|  |TAMS 0x000000074d500000, 0x000000074d500000| Untracked 
| 214|0x000000074d600000, 0x000000074d681ca8, 0x000000074d700000| 50%| O|  |TAMS 0x000000074d600000, 0x000000074d600000| Untracked 
| 215|0x000000074d700000, 0x000000074d700000, 0x000000074d800000|  0%| F|  |TAMS 0x000000074d700000, 0x000000074d700000| Untracked 
| 216|0x000000074d800000, 0x000000074d800000, 0x000000074d900000|  0%| F|  |TAMS 0x000000074d800000, 0x000000074d800000| Untracked 
| 217|0x000000074d900000, 0x000000074d900000, 0x000000074da00000|  0%| F|  |TAMS 0x000000074d900000, 0x000000074d900000| Untracked 
| 218|0x000000074da00000, 0x000000074da00000, 0x000000074db00000|  0%| F|  |TAMS 0x000000074da00000, 0x000000074da00000| Untracked 
| 219|0x000000074db00000, 0x000000074db00000, 0x000000074dc00000|  0%| F|  |TAMS 0x000000074db00000, 0x000000074db00000| Untracked 
| 220|0x000000074dc00000, 0x000000074dc00000, 0x000000074dd00000|  0%| F|  |TAMS 0x000000074dc00000, 0x000000074dc00000| Untracked 
| 221|0x000000074dd00000, 0x000000074dd00000, 0x000000074de00000|  0%| F|  |TAMS 0x000000074dd00000, 0x000000074dd00000| Untracked 
| 222|0x000000074de00000, 0x000000074de00000, 0x000000074df00000|  0%| F|  |TAMS 0x000000074de00000, 0x000000074de00000| Untracked 
| 223|0x000000074df00000, 0x000000074df00000, 0x000000074e000000|  0%| F|  |TAMS 0x000000074df00000, 0x000000074df00000| Untracked 
| 224|0x000000074e000000, 0x000000074e000000, 0x000000074e100000|  0%| F|  |TAMS 0x000000074e000000, 0x000000074e000000| Untracked 
| 225|0x000000074e100000, 0x000000074e100000, 0x000000074e200000|  0%| F|  |TAMS 0x000000074e100000, 0x000000074e100000| Untracked 
| 226|0x000000074e200000, 0x000000074e200000, 0x000000074e300000|  0%| F|  |TAMS 0x000000074e200000, 0x000000074e200000| Untracked 
| 227|0x000000074e300000, 0x000000074e300000, 0x000000074e400000|  0%| F|  |TAMS 0x000000074e300000, 0x000000074e300000| Untracked 
| 228|0x000000074e400000, 0x000000074e400000, 0x000000074e500000|  0%| F|  |TAMS 0x000000074e400000, 0x000000074e400000| Untracked 
| 229|0x000000074e500000, 0x000000074e500000, 0x000000074e600000|  0%| F|  |TAMS 0x000000074e500000, 0x000000074e500000| Untracked 
| 230|0x000000074e600000, 0x000000074e600000, 0x000000074e700000|  0%| F|  |TAMS 0x000000074e600000, 0x000000074e600000| Untracked 
| 231|0x000000074e700000, 0x000000074e700000, 0x000000074e800000|  0%| F|  |TAMS 0x000000074e700000, 0x000000074e700000| Untracked 
| 232|0x000000074e800000, 0x000000074e800000, 0x000000074e900000|  0%| F|  |TAMS 0x000000074e800000, 0x000000074e800000| Untracked 
| 233|0x000000074e900000, 0x000000074e900000, 0x000000074ea00000|  0%| F|  |TAMS 0x000000074e900000, 0x000000074e900000| Untracked 
| 234|0x000000074ea00000, 0x000000074ea00000, 0x000000074eb00000|  0%| F|  |TAMS 0x000000074ea00000, 0x000000074ea00000| Untracked 
| 235|0x000000074eb00000, 0x000000074eb00000, 0x000000074ec00000|  0%| F|  |TAMS 0x000000074eb00000, 0x000000074eb00000| Untracked 
| 236|0x000000074ec00000, 0x000000074ec00000, 0x000000074ed00000|  0%| F|  |TAMS 0x000000074ec00000, 0x000000074ec00000| Untracked 
| 237|0x000000074ed00000, 0x000000074ed00000, 0x000000074ee00000|  0%| F|  |TAMS 0x000000074ed00000, 0x000000074ed00000| Untracked 
| 238|0x000000074ee00000, 0x000000074ee00000, 0x000000074ef00000|  0%| F|  |TAMS 0x000000074ee00000, 0x000000074ee00000| Untracked 
| 239|0x000000074ef00000, 0x000000074ef00000, 0x000000074f000000|  0%| F|  |TAMS 0x000000074ef00000, 0x000000074ef00000| Untracked 
| 240|0x000000074f000000, 0x000000074f000000, 0x000000074f100000|  0%| F|  |TAMS 0x000000074f000000, 0x000000074f000000| Untracked 
| 241|0x000000074f100000, 0x000000074f100000, 0x000000074f200000|  0%| F|  |TAMS 0x000000074f100000, 0x000000074f100000| Untracked 
| 242|0x000000074f200000, 0x000000074f200000, 0x000000074f300000|  0%| F|  |TAMS 0x000000074f200000, 0x000000074f200000| Untracked 
| 243|0x000000074f300000, 0x000000074f300000, 0x000000074f400000|  0%| F|  |TAMS 0x000000074f300000, 0x000000074f300000| Untracked 
| 244|0x000000074f400000, 0x000000074f4375d0, 0x000000074f500000| 21%| O|  |TAMS 0x000000074f400000, 0x000000074f400000| Untracked 
| 245|0x000000074f500000, 0x000000074f500000, 0x000000074f600000|  0%| F|  |TAMS 0x000000074f500000, 0x000000074f500000| Untracked 
| 246|0x000000074f600000, 0x000000074f600000, 0x000000074f700000|  0%| F|  |TAMS 0x000000074f600000, 0x000000074f600000| Untracked 
| 247|0x000000074f700000, 0x000000074f700000, 0x000000074f800000|  0%| F|  |TAMS 0x000000074f700000, 0x000000074f700000| Untracked 
| 248|0x000000074f800000, 0x000000074f800000, 0x000000074f900000|  0%| F|  |TAMS 0x000000074f800000, 0x000000074f800000| Untracked 
| 249|0x000000074f900000, 0x000000074f900000, 0x000000074fa00000|  0%| F|  |TAMS 0x000000074f900000, 0x000000074f900000| Untracked 
| 250|0x000000074fa00000, 0x000000074fa00000, 0x000000074fb00000|  0%| F|  |TAMS 0x000000074fa00000, 0x000000074fa00000| Untracked 
| 251|0x000000074fb00000, 0x000000074fb00000, 0x000000074fc00000|  0%| F|  |TAMS 0x000000074fb00000, 0x000000074fb00000| Untracked 
| 252|0x000000074fc00000, 0x000000074fc00000, 0x000000074fd00000|  0%| F|  |TAMS 0x000000074fc00000, 0x000000074fc00000| Untracked 
| 253|0x000000074fd00000, 0x000000074fd00000, 0x000000074fe00000|  0%| F|  |TAMS 0x000000074fd00000, 0x000000074fd00000| Untracked 
| 254|0x000000074fe00000, 0x000000074fe00000, 0x000000074ff00000|  0%| F|  |TAMS 0x000000074fe00000, 0x000000074fe00000| Untracked 
| 255|0x000000074ff00000, 0x000000074ff00000, 0x0000000750000000|  0%| F|  |TAMS 0x000000074ff00000, 0x000000074ff00000| Untracked 
| 256|0x0000000750000000, 0x0000000750000000, 0x0000000750100000|  0%| F|  |TAMS 0x0000000750000000, 0x0000000750000000| Untracked 
| 257|0x0000000750100000, 0x0000000750100000, 0x0000000750200000|  0%| F|  |TAMS 0x0000000750100000, 0x0000000750100000| Untracked 
| 258|0x0000000750200000, 0x0000000750200000, 0x0000000750300000|  0%| F|  |TAMS 0x0000000750200000, 0x0000000750200000| Untracked 
| 259|0x0000000750300000, 0x0000000750300000, 0x0000000750400000|  0%| F|  |TAMS 0x0000000750300000, 0x0000000750300000| Untracked 
| 260|0x0000000750400000, 0x0000000750400000, 0x0000000750500000|  0%| F|  |TAMS 0x0000000750400000, 0x0000000750400000| Untracked 
| 261|0x0000000750500000, 0x0000000750527600, 0x0000000750600000| 15%| S|CS|TAMS 0x0000000750500000, 0x0000000750500000| Complete 
| 262|0x0000000750600000, 0x0000000750700000, 0x0000000750700000|100%| S|CS|TAMS 0x0000000750600000, 0x0000000750600000| Complete 
| 263|0x0000000750700000, 0x0000000750700000, 0x0000000750800000|  0%| F|  |TAMS 0x0000000750700000, 0x0000000750700000| Untracked 
| 264|0x0000000750800000, 0x0000000750800000, 0x0000000750900000|  0%| F|  |TAMS 0x0000000750800000, 0x0000000750800000| Untracked 
| 265|0x0000000750900000, 0x0000000750900000, 0x0000000750a00000|  0%| F|  |TAMS 0x0000000750900000, 0x0000000750900000| Untracked 
| 266|0x0000000750a00000, 0x0000000750a00000, 0x0000000750b00000|  0%| F|  |TAMS 0x0000000750a00000, 0x0000000750a00000| Untracked 
| 267|0x0000000750b00000, 0x0000000750b00000, 0x0000000750c00000|  0%| F|  |TAMS 0x0000000750b00000, 0x0000000750b00000| Untracked 
| 268|0x0000000750c00000, 0x0000000750c00000, 0x0000000750d00000|  0%| F|  |TAMS 0x0000000750c00000, 0x0000000750c00000| Untracked 
| 269|0x0000000750d00000, 0x0000000750d00000, 0x0000000750e00000|  0%| F|  |TAMS 0x0000000750d00000, 0x0000000750d00000| Untracked 
| 270|0x0000000750e00000, 0x0000000750e00000, 0x0000000750f00000|  0%| F|  |TAMS 0x0000000750e00000, 0x0000000750e00000| Untracked 
| 271|0x0000000750f00000, 0x0000000750f00000, 0x0000000751000000|  0%| F|  |TAMS 0x0000000750f00000, 0x0000000750f00000| Untracked 
| 272|0x0000000751000000, 0x0000000751000000, 0x0000000751100000|  0%| F|  |TAMS 0x0000000751000000, 0x0000000751000000| Untracked 
| 273|0x0000000751100000, 0x0000000751100000, 0x0000000751200000|  0%| F|  |TAMS 0x0000000751100000, 0x0000000751100000| Untracked 
| 274|0x0000000751200000, 0x0000000751200000, 0x0000000751300000|  0%| F|  |TAMS 0x0000000751200000, 0x0000000751200000| Untracked 
| 275|0x0000000751300000, 0x0000000751300000, 0x0000000751400000|  0%| F|  |TAMS 0x0000000751300000, 0x0000000751300000| Untracked 
| 276|0x0000000751400000, 0x0000000751400000, 0x0000000751500000|  0%| F|  |TAMS 0x0000000751400000, 0x0000000751400000| Untracked 
| 277|0x0000000751500000, 0x0000000751500000, 0x0000000751600000|  0%| F|  |TAMS 0x0000000751500000, 0x0000000751500000| Untracked 
| 278|0x0000000751600000, 0x0000000751600000, 0x0000000751700000|  0%| F|  |TAMS 0x0000000751600000, 0x0000000751600000| Untracked 
| 279|0x0000000751700000, 0x0000000751700000, 0x0000000751800000|  0%| F|  |TAMS 0x0000000751700000, 0x0000000751700000| Untracked 
| 280|0x0000000751800000, 0x0000000751800000, 0x0000000751900000|  0%| F|  |TAMS 0x0000000751800000, 0x0000000751800000| Untracked 
| 281|0x0000000751900000, 0x0000000751900000, 0x0000000751a00000|  0%| F|  |TAMS 0x0000000751900000, 0x0000000751900000| Untracked 
| 282|0x0000000751a00000, 0x0000000751a00000, 0x0000000751b00000|  0%| F|  |TAMS 0x0000000751a00000, 0x0000000751a00000| Untracked 
| 283|0x0000000751b00000, 0x0000000751b00000, 0x0000000751c00000|  0%| F|  |TAMS 0x0000000751b00000, 0x0000000751b00000| Untracked 
| 284|0x0000000751c00000, 0x0000000751c00000, 0x0000000751d00000|  0%| F|  |TAMS 0x0000000751c00000, 0x0000000751c00000| Untracked 
| 285|0x0000000751d00000, 0x0000000751d00000, 0x0000000751e00000|  0%| F|  |TAMS 0x0000000751d00000, 0x0000000751d00000| Untracked 
| 286|0x0000000751e00000, 0x0000000751e00000, 0x0000000751f00000|  0%| F|  |TAMS 0x0000000751e00000, 0x0000000751e00000| Untracked 
| 287|0x0000000751f00000, 0x0000000751f00000, 0x0000000752000000|  0%| F|  |TAMS 0x0000000751f00000, 0x0000000751f00000| Untracked 
| 288|0x0000000752000000, 0x0000000752000000, 0x0000000752100000|  0%| F|  |TAMS 0x0000000752000000, 0x0000000752000000| Untracked 
| 289|0x0000000752100000, 0x0000000752100000, 0x0000000752200000|  0%| F|  |TAMS 0x0000000752100000, 0x0000000752100000| Untracked 
| 290|0x0000000752200000, 0x0000000752200000, 0x0000000752300000|  0%| F|  |TAMS 0x0000000752200000, 0x0000000752200000| Untracked 
| 291|0x0000000752300000, 0x0000000752300000, 0x0000000752400000|  0%| F|  |TAMS 0x0000000752300000, 0x0000000752300000| Untracked 
| 292|0x0000000752400000, 0x0000000752400000, 0x0000000752500000|  0%| F|  |TAMS 0x0000000752400000, 0x0000000752400000| Untracked 
| 293|0x0000000752500000, 0x0000000752500000, 0x0000000752600000|  0%| F|  |TAMS 0x0000000752500000, 0x0000000752500000| Untracked 
| 294|0x0000000752600000, 0x0000000752600000, 0x0000000752700000|  0%| F|  |TAMS 0x0000000752600000, 0x0000000752600000| Untracked 
| 295|0x0000000752700000, 0x0000000752700000, 0x0000000752800000|  0%| F|  |TAMS 0x0000000752700000, 0x0000000752700000| Untracked 
| 296|0x0000000752800000, 0x0000000752800000, 0x0000000752900000|  0%| F|  |TAMS 0x0000000752800000, 0x0000000752800000| Untracked 
| 297|0x0000000752900000, 0x0000000752900000, 0x0000000752a00000|  0%| F|  |TAMS 0x0000000752900000, 0x0000000752900000| Untracked 
| 298|0x0000000752a00000, 0x0000000752a00000, 0x0000000752b00000|  0%| F|  |TAMS 0x0000000752a00000, 0x0000000752a00000| Untracked 
| 299|0x0000000752b00000, 0x0000000752b00000, 0x0000000752c00000|  0%| F|  |TAMS 0x0000000752b00000, 0x0000000752b00000| Untracked 
| 300|0x0000000752c00000, 0x0000000752c00000, 0x0000000752d00000|  0%| F|  |TAMS 0x0000000752c00000, 0x0000000752c00000| Untracked 
| 301|0x0000000752d00000, 0x0000000752d00000, 0x0000000752e00000|  0%| F|  |TAMS 0x0000000752d00000, 0x0000000752d00000| Untracked 
| 302|0x0000000752e00000, 0x0000000752e00000, 0x0000000752f00000|  0%| F|  |TAMS 0x0000000752e00000, 0x0000000752e00000| Untracked 
| 303|0x0000000752f00000, 0x0000000752f00000, 0x0000000753000000|  0%| F|  |TAMS 0x0000000752f00000, 0x0000000752f00000| Untracked 
| 304|0x0000000753000000, 0x0000000753000000, 0x0000000753100000|  0%| F|  |TAMS 0x0000000753000000, 0x0000000753000000| Untracked 
| 305|0x0000000753100000, 0x0000000753100000, 0x0000000753200000|  0%| F|  |TAMS 0x0000000753100000, 0x0000000753100000| Untracked 
| 306|0x0000000753200000, 0x0000000753200000, 0x0000000753300000|  0%| F|  |TAMS 0x0000000753200000, 0x0000000753200000| Untracked 
| 307|0x0000000753300000, 0x0000000753300000, 0x0000000753400000|  0%| F|  |TAMS 0x0000000753300000, 0x0000000753300000| Untracked 
| 308|0x0000000753400000, 0x0000000753400000, 0x0000000753500000|  0%| F|  |TAMS 0x0000000753400000, 0x0000000753400000| Untracked 
| 309|0x0000000753500000, 0x0000000753500000, 0x0000000753600000|  0%| F|  |TAMS 0x0000000753500000, 0x0000000753500000| Untracked 
| 310|0x0000000753600000, 0x0000000753600000, 0x0000000753700000|  0%| F|  |TAMS 0x0000000753600000, 0x0000000753600000| Untracked 
| 311|0x0000000753700000, 0x0000000753700000, 0x0000000753800000|  0%| F|  |TAMS 0x0000000753700000, 0x0000000753700000| Untracked 
| 312|0x0000000753800000, 0x0000000753800000, 0x0000000753900000|  0%| F|  |TAMS 0x0000000753800000, 0x0000000753800000| Untracked 
| 313|0x0000000753900000, 0x0000000753900000, 0x0000000753a00000|  0%| F|  |TAMS 0x0000000753900000, 0x0000000753900000| Untracked 
| 314|0x0000000753a00000, 0x0000000753a00000, 0x0000000753b00000|  0%| F|  |TAMS 0x0000000753a00000, 0x0000000753a00000| Untracked 
| 315|0x0000000753b00000, 0x0000000753b5ecd8, 0x0000000753c00000| 37%| E|  |TAMS 0x0000000753b00000, 0x0000000753b00000| Complete 
| 316|0x0000000753c00000, 0x0000000753d00000, 0x0000000753d00000|100%| E|CS|TAMS 0x0000000753c00000, 0x0000000753c00000| Complete 
| 317|0x0000000753d00000, 0x0000000753e00000, 0x0000000753e00000|100%| E|CS|TAMS 0x0000000753d00000, 0x0000000753d00000| Complete 
| 318|0x0000000753e00000, 0x0000000753f00000, 0x0000000753f00000|100%| E|CS|TAMS 0x0000000753e00000, 0x0000000753e00000| Complete 
| 319|0x0000000753f00000, 0x0000000754000000, 0x0000000754000000|100%| E|CS|TAMS 0x0000000753f00000, 0x0000000753f00000| Complete 
| 320|0x0000000754000000, 0x0000000754100000, 0x0000000754100000|100%| E|CS|TAMS 0x0000000754000000, 0x0000000754000000| Complete 
| 321|0x0000000754100000, 0x0000000754200000, 0x0000000754200000|100%| E|CS|TAMS 0x0000000754100000, 0x0000000754100000| Complete 
| 322|0x0000000754200000, 0x0000000754300000, 0x0000000754300000|100%| E|CS|TAMS 0x0000000754200000, 0x0000000754200000| Complete 

Card table byte_map: [0x000001d2f74f0000,0x000001d2f7af0000] _byte_map_base: 0x000001d2f3af0000

Marking Bits (Prev, Next): (CMBitMap*) 0x000001d2f8f4cb58, (CMBitMap*) 0x000001d2f8f4cb90
 Prev Bits: [0x000001d2f9650000, 0x000001d2fc650000)
 Next Bits: [0x000001d2fc650000, 0x000001d2ff650000)

Polling page: 0x000001d2ee170000

Metaspace:

Usage:
  Non-class:     95.32 MB capacity,    94.65 MB (>99%) used,   493.48 KB ( <1%) free+waste,   192.81 KB ( <1%) overhead. 
      Class:     15.54 MB capacity,    15.09 MB ( 97%) used,   380.41 KB (  2%) free+waste,    82.44 KB ( <1%) overhead. 
       Both:    110.86 MB capacity,   109.74 MB ( 99%) used,   873.89 KB ( <1%) free+waste,   275.25 KB ( <1%) overhead. 

Virtual space:
  Non-class space:      100.00 MB reserved,      98.33 MB ( 98%) committed 
      Class space:        1.00 GB reserved,      17.20 MB (  2%) committed 
             Both:        1.10 GB reserved,     115.53 MB ( 10%) committed 

Chunk freelists:
   Non-Class:  361.00 KB
       Class:  202.88 KB
        Both:  563.88 KB

CodeHeap 'non-profiled nmethods': size=120000Kb used=29656Kb max_used=29665Kb free=90343Kb
 bounds [0x000001d28fd10000, 0x000001d291a70000, 0x000001d297240000]
CodeHeap 'profiled nmethods': size=120000Kb used=49398Kb max_used=52034Kb free=70602Kb
 bounds [0x000001d2887e0000, 0x000001d28bb20000, 0x000001d28fd10000]
CodeHeap 'non-nmethods': size=5760Kb used=1818Kb max_used=1881Kb free=3941Kb
 bounds [0x000001d288240000, 0x000001d2884b0000, 0x000001d2887e0000]
 total_blobs=44871 nmethods=21785 adapters=1347
 compilation: enabled
              stopped_count=0, restarted_count=0
 full_count=0

Compilation events (10 events):
Event: 16483.530 Thread 0x000001d2f8e52000 30048   !   3       sun.awt.windows.WComponentPeer$2::run (22 bytes)
Event: 16483.531 Thread 0x000001d2f8e52000 nmethod 30048 0x000001d28a667e10 code [0x000001d28a667fe0, 0x000001d28a6682b0]
Event: 16483.546 Thread 0x000001d2f8e51800 30049       4       javax.swing.plaf.synth.SynthSeparatorUI::installUI (17 bytes)
Event: 16483.558 Thread 0x000001d2f8e52000 30050       3       ui.dlg.o.av::a (17 bytes)
Event: 16483.558 Thread 0x000001d2f8e52000 nmethod 30050 0x000001d288d6ad90 code [0x000001d288d6af60, 0x000001d288d6b180]
Event: 16483.558 Thread 0x000001d2f8e51800 nmethod 30049 0x000001d290ae9390 code [0x000001d290ae95a0, 0x000001d290aea140]
Event: 16484.701 Thread 0x000001d2f8e52000 30051       3       java.awt.KeyboardFocusManager::checkReplaceKFMPermission (35 bytes)
Event: 16484.701 Thread 0x000001d2f8e52000 nmethod 30051 0x000001d288d6a610 code [0x000001d288d6a800, 0x000001d288d6ac20]
Event: 16484.702 Thread 0x000001d2f8e52000 30052       3       java.awt.SequencedEvent$1::getNested (8 bytes)
Event: 16484.702 Thread 0x000001d2f8e52000 nmethod 30052 0x000001d288d6a110 code [0x000001d288d6a2c0, 0x000001d288d6a538]

GC Heap History (10 events):
Event: 16391.244 GC heap before
{Heap before GC invocations=948 (full 264):
 garbage-first heap   total 330752K, used 203358K [0x0000000740000000, 0x0000000800000000)
  region size 1024K, 60 young (61440K), 3 survivors (3072K)
 Metaspace       used 112368K, capacity 113521K, committed 118300K, reserved 1150976K
  class space    used 15450K, capacity 15913K, committed 17612K, reserved 1048576K
}
Event: 16391.247 GC heap after
{Heap after GC invocations=949 (full 264):
 garbage-first heap   total 330752K, used 145024K [0x0000000740000000, 0x0000000800000000)
  region size 1024K, 3 young (3072K), 3 survivors (3072K)
 Metaspace       used 112368K, capacity 113521K, committed 118300K, reserved 1150976K
  class space    used 15450K, capacity 15913K, committed 17612K, reserved 1048576K
}
Event: 16395.239 GC heap before
{Heap before GC invocations=949 (full 264):
 garbage-first heap   total 330752K, used 173696K [0x0000000740000000, 0x0000000800000000)
  region size 1024K, 25 young (25600K), 3 survivors (3072K)
 Metaspace       used 112368K, capacity 113521K, committed 118300K, reserved 1150976K
  class space    used 15450K, capacity 15913K, committed 17612K, reserved 1048576K
}
Event: 16395.342 GC heap after
{Heap after GC invocations=950 (full 265):
 garbage-first heap   total 330752K, used 135276K [0x0000000740000000, 0x0000000800000000)
  region size 1024K, 0 young (0K), 0 survivors (0K)
 Metaspace       used 112368K, capacity 113521K, committed 118300K, reserved 1150976K
  class space    used 15450K, capacity 15913K, committed 17612K, reserved 1048576K
}
Event: 16418.916 GC heap before
{Heap before GC invocations=950 (full 265):
 garbage-first heap   total 330752K, used 196716K [0x0000000740000000, 0x0000000800000000)
  region size 1024K, 60 young (61440K), 0 survivors (0K)
 Metaspace       used 112368K, capacity 113521K, committed 118300K, reserved 1150976K
  class space    used 15450K, capacity 15913K, committed 17612K, reserved 1048576K
}
Event: 16418.919 GC heap after
{Heap after GC invocations=951 (full 265):
 garbage-first heap   total 330752K, used 136679K [0x0000000740000000, 0x0000000800000000)
  region size 1024K, 2 young (2048K), 2 survivors (2048K)
 Metaspace       used 112368K, capacity 113521K, committed 118300K, reserved 1150976K
  class space    used 15450K, capacity 15913K, committed 17612K, reserved 1048576K
}
Event: 16464.954 GC heap before
{Heap before GC invocations=951 (full 265):
 garbage-first heap   total 330752K, used 196071K [0x0000000740000000, 0x0000000800000000)
  region size 1024K, 60 young (61440K), 2 survivors (2048K)
 Metaspace       used 112368K, capacity 113521K, committed 118300K, reserved 1150976K
  class space    used 15450K, capacity 15913K, committed 17612K, reserved 1048576K
}
Event: 16464.957 GC heap after
{Heap after GC invocations=952 (full 265):
 garbage-first heap   total 330752K, used 136335K [0x0000000740000000, 0x0000000800000000)
  region size 1024K, 2 young (2048K), 2 survivors (2048K)
 Metaspace       used 112368K, capacity 113521K, committed 118300K, reserved 1150976K
  class space    used 15450K, capacity 15913K, committed 17612K, reserved 1048576K
}
Event: 16484.754 GC heap before
{Heap before GC invocations=952 (full 265):
 garbage-first heap   total 330752K, used 195727K [0x0000000740000000, 0x0000000800000000)
  region size 1024K, 60 young (61440K), 2 survivors (2048K)
 Metaspace       used 112371K, capacity 113521K, committed 118300K, reserved 1150976K
  class space    used 15450K, capacity 15913K, committed 17612K, reserved 1048576K
}
Event: 16484.756 GC heap after
{Heap after GC invocations=953 (full 265):
 garbage-first heap   total 330752K, used 136458K [0x0000000740000000, 0x0000000800000000)
  region size 1024K, 2 young (2048K), 2 survivors (2048K)
 Metaspace       used 112371K, capacity 113521K, committed 118300K, reserved 1150976K
  class space    used 15450K, capacity 15913K, committed 17612K, reserved 1048576K
}

Deoptimization events (10 events):
Event: 16376.868 Thread 0x000001d2f6a0d800 Uncommon trap: reason=unstable_if action=reinterpret pc=0x000001d290f45f88 method=com.jidesoft.swing.FastGradientPainter.drawGradient(Ljava/awt/Graphics2D;Ljava/awt/Shape;Ljava/awt/Color;Ljava/awt/Color;Z)V @ 76 c2
Event: 16376.876 Thread 0x000001d2f6a0d800 Uncommon trap: reason=null_check action=make_not_entrant pc=0x000001d290f98194 method=sun.util.locale.provider.LocaleResources.getNumberPatterns()[Ljava/lang/String; @ 17 c2
Event: 16379.246 Thread 0x000001d2f6a0d800 Uncommon trap: reason=bimorphic_or_optimized_type_check action=maybe_recompile pc=0x000001d29125a3d0 method=javax.swing.undo.UndoManager.canUndo()Z @ 17 c2
Event: 16379.406 Thread 0x000001d2f6a0d800 Uncommon trap: reason=unstable_if action=reinterpret pc=0x000001d290cee76c method=java.text.SimpleDateFormat.subFormat(IILjava/text/Format$FieldDelegate;Ljava/lang/StringBuffer;Z)V @ 111 c2
Event: 16379.407 Thread 0x000001d2f6a0d800 Uncommon trap: reason=unstable_if action=reinterpret pc=0x000001d290686854 method=java.util.Calendar.getFieldStrings(IILjava/text/DateFormatSymbols;)[Ljava/lang/String; @ 19 c2
Event: 16379.670 Thread 0x000001d2f6a0d800 Uncommon trap: reason=profile_predicate action=maybe_recompile pc=0x000001d29140e4ac method=java.util.ComparableTimSort.binarySort([Ljava/lang/Object;III)V @ 76 c2
Event: 16379.758 Thread 0x000001d2f6a0d800 Uncommon trap: reason=array_check action=maybe_recompile pc=0x000001d291a61188 method=javax.swing.SortingFocusTraversalPolicy.mergeSort([Ljava/lang/Object;[Ljava/lang/Object;IIILjava/util/Comparator;)V @ 76 c2
Event: 16379.758 Thread 0x000001d2f6a0d800 Uncommon trap: reason=array_check action=maybe_recompile pc=0x000001d291a60710 method=javax.swing.SortingFocusTraversalPolicy.mergeSort([Ljava/lang/Object;[Ljava/lang/Object;IIILjava/util/Comparator;)V @ 237 c2
Event: 16379.758 Thread 0x000001d2f6a0d800 Uncommon trap: reason=array_check action=maybe_recompile pc=0x000001d291a611ec method=javax.swing.SortingFocusTraversalPolicy.mergeSort([Ljava/lang/Object;[Ljava/lang/Object;IIILjava/util/Comparator;)V @ 76 c2
Event: 16379.758 Thread 0x000001d2f6a0d800 Uncommon trap: reason=array_check action=maybe_recompile pc=0x000001d291a60760 method=javax.swing.SortingFocusTraversalPolicy.mergeSort([Ljava/lang/Object;[Ljava/lang/Object;IIILjava/util/Comparator;)V @ 237 c2

Classes redefined (0 events):
No events

Internal exceptions (10 events):
Event: 11041.864 Thread 0x000001d2f6a0d800 Exception <a 'java/io/FileNotFoundException'{0x000000075376aa68}> (0x000000075376aa68) thrown at [t:/workspace/open/src/hotspot/share/prims/jni.cpp, line 615]
Event: 11096.005 Thread 0x000001d2c1748000 Exception <a 'java/lang/InterruptedException'{0x0000000754285978}: sleep interrupted> (0x0000000754285978) thrown at [t:/workspace/open/src/hotspot/share/prims/jvm.cpp, line 3091]
Event: 11096.653 Thread 0x000001d2f6a0d800 Exception <a 'java/io/FileNotFoundException'{0x0000000750ea95c8}> (0x0000000750ea95c8) thrown at [t:/workspace/open/src/hotspot/share/prims/jni.cpp, line 615]
Event: 16159.460 Thread 0x000001d2f6a0d800 Exception <a 'sun/nio/fs/WindowsException'{0x0000000753929aa8}> (0x0000000753929aa8) thrown at [t:/workspace/open/src/hotspot/share/prims/jni.cpp, line 615]
Event: 16159.461 Thread 0x000001d2f6a0d800 Exception <a 'sun/nio/fs/WindowsException'{0x0000000753929df8}> (0x0000000753929df8) thrown at [t:/workspace/open/src/hotspot/share/prims/jni.cpp, line 615]
Event: 16162.233 Thread 0x000001d2f6a0d800 Implicit null exception at 0x000001d291260f1c to 0x000001d2912615f6
Event: 16162.233 Thread 0x000001d2f6a0d800 Implicit null exception at 0x000001d290f6e3cc to 0x000001d290f6e40a
Event: 16164.501 Thread 0x000001d2f6a0d800 Exception <a 'sun/nio/fs/WindowsException'{0x0000000752f585a0}> (0x0000000752f585a0) thrown at [t:/workspace/open/src/hotspot/share/prims/jni.cpp, line 615]
Event: 16164.501 Thread 0x000001d2f6a0d800 Exception <a 'sun/nio/fs/WindowsException'{0x0000000752f588f0}> (0x0000000752f588f0) thrown at [t:/workspace/open/src/hotspot/share/prims/jni.cpp, line 615]
Event: 16376.876 Thread 0x000001d2f6a0d800 Implicit null exception at 0x000001d290f97e3b to 0x000001d290f98180

Events (10 events):
Event: 16483.958 Thread 0x000001d2c1748000 Thread added: 0x000001d2c1748000
Event: 16483.959 Thread 0x000001d2c1749800 Thread added: 0x000001d2c1749800
Event: 16483.959 Thread 0x000001d2c1750000 Thread added: 0x000001d2c1750000
Event: 16483.959 Thread 0x000001d2c174a800 Thread added: 0x000001d2c174a800
Event: 16483.962 Thread 0x000001d2c1748000 Thread exited: 0x000001d2c1748000
Event: 16483.965 Thread 0x000001d2c1749800 Thread exited: 0x000001d2c1749800
Event: 16483.968 Thread 0x000001d2c1750000 Thread exited: 0x000001d2c1750000
Event: 16483.971 Thread 0x000001d2c174a800 Thread exited: 0x000001d2c174a800
Event: 16484.754 Executing VM operation: G1CollectForAllocation
Event: 16484.756 Executing VM operation: G1CollectForAllocation done


Dynamic libraries:
0x00007ff787840000 - 0x00007ff78786f000 	D:\Xilinx\Vivado\2020.2\bin\unwrapped\win64.o\vivado.exe
0x00007ffd270f0000 - 0x00007ffd272e5000 	C:\WINDOWS\SYSTEM32\ntdll.dll
0x00007ffd25830000 - 0x00007ffd258ed000 	C:\WINDOWS\System32\KERNEL32.DLL
0x00007ffd24830000 - 0x00007ffd24af9000 	C:\WINDOWS\System32\KERNELBASE.dll
0x00007ffd24d70000 - 0x00007ffd24e70000 	C:\WINDOWS\System32\ucrtbase.dll
0x00007ffd0d0b0000 - 0x00007ffd0d13d000 	C:\WINDOWS\SYSTEM32\MSVCP140.dll
0x00007ffd0d090000 - 0x00007ffd0d0aa000 	C:\WINDOWS\SYSTEM32\VCRUNTIME140.dll
0x00007ffd0d080000 - 0x00007ffd0d08c000 	C:\WINDOWS\SYSTEM32\VCRUNTIME140_1.dll
0x00007ffd1e500000 - 0x00007ffd1e518000 	D:\Xilinx\Vivado\2020.2\lib\win64.o\librdi_commonmain.dll
0x00007ffcca460000 - 0x00007ffccb5d7000 	D:\Xilinx\Vivado\2020.2\lib\win64.o\librdi_common.dll
0x00007ffd264b0000 - 0x00007ffd26650000 	C:\WINDOWS\System32\USER32.dll
0x00007ffd24f10000 - 0x00007ffd24f32000 	C:\WINDOWS\System32\win32u.dll
0x00007ffd26c50000 - 0x00007ffd26c7a000 	C:\WINDOWS\System32\GDI32.dll
0x00007ffd24b00000 - 0x00007ffd24c0b000 	C:\WINDOWS\System32\gdi32full.dll
0x00007ffd24e70000 - 0x00007ffd24f0d000 	C:\WINDOWS\System32\msvcp_win.dll
0x00007ffd26a70000 - 0x00007ffd26b1c000 	C:\WINDOWS\System32\ADVAPI32.dll
0x00007ffd26bb0000 - 0x00007ffd26c4e000 	C:\WINDOWS\System32\msvcrt.dll
0x00007ffd269d0000 - 0x00007ffd26a6b000 	C:\WINDOWS\System32\sechost.dll
0x00007ffd26d50000 - 0x00007ffd26e7a000 	C:\WINDOWS\System32\RPCRT4.dll
0x00007ffd25d70000 - 0x00007ffd264af000 	C:\WINDOWS\System32\SHELL32.dll
0x00007ffd27040000 - 0x00007ffd270ab000 	C:\WINDOWS\System32\WS2_32.dll
0x00007ffd250a0000 - 0x00007ffd250c7000 	C:\WINDOWS\System32\bcrypt.dll
0x00007ffd1e4e0000 - 0x00007ffd1e4f3000 	D:\Xilinx\Vivado\2020.2\lib\win64.o\libboost_signals.dll
0x00007ffd1df50000 - 0x00007ffd1e0e9000 	D:\Xilinx\Vivado\2020.2\lib\win64.o\librdi_commonxillic.dll
0x00007ffd1e4d0000 - 0x00007ffd1e4d9000 	D:\Xilinx\Vivado\2020.2\lib\win64.o\librdi_commonversion.dll
0x00007ffd1df20000 - 0x00007ffd1df42000 	D:\Xilinx\Vivado\2020.2\lib\win64.o\libboost_filesystem.dll
0x00007ffd1df10000 - 0x00007ffd1df20000 	D:\Xilinx\Vivado\2020.2\lib\win64.o\libboost_date_time.dll
0x00007ffccf5a0000 - 0x00007ffccf90e000 	D:\Xilinx\Vivado\2020.2\lib\win64.o\libCOIN-all.dll
0x00007ffd1de90000 - 0x00007ffd1df03000 	D:\Xilinx\Vivado\2020.2\lib\win64.o\libboost_program_options.dll
0x00007ffd1de80000 - 0x00007ffd1de89000 	D:\Xilinx\Vivado\2020.2\lib\win64.o\libboost_system.dll
0x000000005ebc0000 - 0x000000005eceb000 	D:\Xilinx\Vivado\2020.2\lib\win64.o\tcl85t.dll
0x00007ffd1de60000 - 0x00007ffd1de7e000 	D:\Xilinx\Vivado\2020.2\lib\win64.o\libboost_thread.dll
0x00007ffd1d210000 - 0x00007ffd1d321000 	D:\Xilinx\Vivado\2020.2\lib\win64.o\libboost_regex.dll
0x00007ffd1de50000 - 0x00007ffd1de5c000 	D:\Xilinx\Vivado\2020.2\lib\win64.o\libboost_xilinx.dll
0x00007ffd1d180000 - 0x00007ffd1d202000 	D:\Xilinx\Vivado\2020.2\lib\win64.o\libhdlpsolve.dll
0x00007ffccf4f0000 - 0x00007ffccf595000 	D:\Xilinx\Vivado\2020.2\lib\win64.o\libhdxml.dll
0x00007ffd1de20000 - 0x00007ffd1de48000 	D:\Xilinx\Vivado\2020.2\lib\win64.o\libisl_sysinfo.dll
0x00007ffd1d160000 - 0x00007ffd1d17a000 	D:\Xilinx\Vivado\2020.2\lib\win64.o\pthreadVC2.dll
0x00007ffd1d0f0000 - 0x00007ffd1d155000 	D:\Xilinx\Vivado\2020.2\lib\win64.o\liblmx6.0.dll
0x00007ffce4910000 - 0x00007ffce492c000 	D:\Xilinx\Vivado\2020.2\lib\win64.o\librdiconfig.dll
0x00007ffd26960000 - 0x00007ffd269b5000 	C:\WINDOWS\System32\SHLWAPI.dll
0x00007ffce4310000 - 0x00007ffce4331000 	D:\Xilinx\Vivado\2020.2\lib\win64.o\librdizlib.dll
0x00007ffd0cc20000 - 0x00007ffd0cc38000 	C:\WINDOWS\SYSTEM32\NETAPI32.dll
0x00007ffcfea90000 - 0x00007ffcfef6d000 	C:\WINDOWS\SYSTEM32\WININET.dll
0x00007ffd1b850000 - 0x00007ffd1b95a000 	C:\WINDOWS\SYSTEM32\WINHTTP.dll
0x00007ffd14190000 - 0x00007ffd1437c000 	C:\WINDOWS\SYSTEM32\urlmon.dll
0x0000000012000000 - 0x0000000012270000 	D:\Xilinx\Vivado\2020.2\lib\win64.o\xerces-c_3_1.dll
0x00007ffd11320000 - 0x00007ffd11329000 	C:\WINDOWS\SYSTEM32\WSOCK32.dll
0x00007ffccfc10000 - 0x00007ffccfc3d000 	C:\WINDOWS\SYSTEM32\VCOMP140.DLL
0x00007ffcc6ea0000 - 0x00007ffcc8db7000 	D:\Xilinx\Vivado\2020.2\lib\win64.o\gurobi90.dll
0x00007ffd24f40000 - 0x00007ffd2509f000 	C:\WINDOWS\System32\CRYPT32.dll
0x00007ffd26900000 - 0x00007ffd26956000 	C:\WINDOWS\System32\WLDAP32.dll
0x00007ffd268f0000 - 0x00007ffd268f8000 	C:\WINDOWS\System32\Normaliz.dll
0x00007ffccee90000 - 0x00007ffccf16b000 	D:\Xilinx\Vivado\2020.2\lib\win64.o\libXil_lmgr11.dll
0x00007ffd26670000 - 0x00007ffd2674a000 	C:\WINDOWS\System32\COMDLG32.dll
0x00007ffd25a10000 - 0x00007ffd25d65000 	C:\WINDOWS\System32\combase.dll
0x00007ffd26f60000 - 0x00007ffd2700e000 	C:\WINDOWS\System32\shcore.dll
0x00007ffd26c80000 - 0x00007ffd26d4d000 	C:\WINDOWS\System32\OLEAUT32.dll
0x00007ffd267c0000 - 0x00007ffd268ea000 	C:\WINDOWS\System32\ole32.dll
0x00007ffd24c60000 - 0x00007ffd24cc0000 	C:\WINDOWS\System32\WINTRUST.dll
0x00007ffcf3e80000 - 0x00007ffcf3e8c000 	D:\Xilinx\Vivado\2020.2\lib\win64.o\libboost_chrono.dll
0x00007ffd19570000 - 0x00007ffd19820000 	C:\WINDOWS\SYSTEM32\iertutil.dll
0x00007ffd193d0000 - 0x00007ffd193f8000 	C:\WINDOWS\SYSTEM32\srvcli.dll
0x00007ffd23ce0000 - 0x00007ffd23cec000 	C:\WINDOWS\SYSTEM32\netutils.dll
0x00007ffd03ce0000 - 0x00007ffd03d90000 	C:\WINDOWS\WinSxS\amd64_microsoft.windows.common-controls_6595b64144ccf1df_5.82.19041.1110_none_792d1c772443f647\COMCTL32.dll
0x00007ffd1b0c0000 - 0x00007ffd1b0dd000 	C:\WINDOWS\SYSTEM32\dhcpcsvc.DLL
0x00007ffcc60a0000 - 0x00007ffcc6e92600 	D:\Xilinx\Vivado\2020.2\lib\win64.o\libisl_iostreams.dll
0x00007ffd24000000 - 0x00007ffd2406a000 	C:\WINDOWS\SYSTEM32\MSWSOCK.DLL
0x00007ffccfbe0000 - 0x00007ffccfc03000 	D:\Xilinx\Vivado\2020.2\lib\win64.o\libisl_iosutils.dll
0x00007ffce48f0000 - 0x00007ffce4906000 	D:\Xilinx\Vivado\2020.2\lib\win64.o\libboost_iostreams.dll
0x00007ffd27010000 - 0x00007ffd27040000 	C:\WINDOWS\System32\IMM32.DLL
0x00007ffd24420000 - 0x00007ffd24432000 	C:\WINDOWS\SYSTEM32\MSASN1.dll
0x00007ffd230d0000 - 0x00007ffd230e2000 	C:\WINDOWS\SYSTEM32\kernel.appcore.dll
0x00007ffcc4920000 - 0x00007ffcc4e42000 	D:\Xilinx\Vivado\2020.2\lib\win64.o\librdi_commontasks.dll
0x00007ffd1b700000 - 0x00007ffd1b70a000 	C:\WINDOWS\SYSTEM32\VERSION.dll
0x00007ffcc9fb0000 - 0x00007ffcca285000 	D:\Xilinx\Vivado\2020.2\lib\win64.o\librdi_sio.dll
0x00007ffd23ca0000 - 0x00007ffd23cdb000 	C:\WINDOWS\SYSTEM32\IPHLPAPI.DLL
0x00007ffcc3df0000 - 0x00007ffcc4913000 	D:\Xilinx\Vivado\2020.2\tps\win64\jre11.0.2\bin\server\jvm.dll
0x00007ffd26750000 - 0x00007ffd26758000 	C:\WINDOWS\System32\PSAPI.DLL
0x00007ffd0b8c0000 - 0x00007ffd0b8e7000 	C:\WINDOWS\SYSTEM32\WINMM.dll
0x00007ffd225e0000 - 0x00007ffd22d71000 	C:\WINDOWS\SYSTEM32\windows.storage.dll
0x00007ffd242a0000 - 0x00007ffd242cc000 	C:\WINDOWS\SYSTEM32\Wldp.dll
0x00007ffcc1330000 - 0x00007ffcc3dee000 	D:\Xilinx\Vivado\2020.2\lib\win64.o\librdi_tcltasks.dll
0x00007ffccecb0000 - 0x00007ffcced2e000 	D:\Xilinx\Vivado\2020.2\lib\win64.o\librdi_boarddep.dll
0x00007ffccebb0000 - 0x00007ffcceca6000 	D:\Xilinx\Vivado\2020.2\lib\win64.o\librdi_chipscope.dll
0x00007ffcc0e80000 - 0x00007ffcc1326000 	D:\Xilinx\Vivado\2020.2\lib\win64.o\librdi_bitstream.dll
0x00007ffcc0cc0000 - 0x00007ffcc0e73000 	D:\Xilinx\Vivado\2020.2\lib\win64.o\librdi_board.dll
0x00007ffcc0ad0000 - 0x00007ffcc0cba000 	D:\Xilinx\Vivado\2020.2\lib\win64.o\librdi_chipscopeimpl.dll
0x00007ffcc0960000 - 0x00007ffcc0ac1000 	D:\Xilinx\Vivado\2020.2\lib\win64.o\librdi_containers.dll
0x00007ffcbeb30000 - 0x00007ffcc095c000 	D:\Xilinx\Vivado\2020.2\lib\win64.o\librdi_constraints.dll
0x00007ffcbe410000 - 0x00007ffcbeb28000 	D:\Xilinx\Vivado\2020.2\lib\win64.o\librdi_coregenipxact.dll
0x00007ffcbe0a0000 - 0x00007ffcbe408000 	D:\Xilinx\Vivado\2020.2\lib\win64.o\librdi_dlyest.dll
0x00007ffcbbce0000 - 0x00007ffcbe09d000 	D:\Xilinx\Vivado\2020.2\lib\win64.o\librdi_coregen.dll
0x00007ffca3700000 - 0x00007ffcbbcdf000 	D:\Xilinx\Vivado\2020.2\lib\win64.o\librdi_device.dll
0x00007ffca1990000 - 0x00007ffca36f1000 	D:\Xilinx\Vivado\2020.2\lib\win64.o\librdi_designutils.dll
0x00007ffca18d0000 - 0x00007ffca1983000 	D:\Xilinx\Vivado\2020.2\lib\win64.o\librdi_dsp.dll
0x00007ffca1270000 - 0x00007ffca18cd000 	D:\Xilinx\Vivado\2020.2\lib\win64.o\librdi_drc.dll
0x00007ffca1200000 - 0x00007ffca126b000 	D:\Xilinx\Vivado\2020.2\lib\win64.o\librdi_hdf.dll
0x00007ffca0ee0000 - 0x00007ffca11fd000 	D:\Xilinx\Vivado\2020.2\lib\win64.o\librdi_guitools.dll
0x00007ffca0c60000 - 0x00007ffca0ed7000 	D:\Xilinx\Vivado\2020.2\lib\win64.o\librdi_hip_devdesign.dll
0x00007ffca0590000 - 0x00007ffca0c52000 	D:\Xilinx\Vivado\2020.2\lib\win64.o\librdi_filemgmt.dll
0x00007ffca0440000 - 0x00007ffca0587000 	D:\Xilinx\Vivado\2020.2\lib\win64.o\librdi_hip_perf_analysis.dll
0x00007ffca03c0000 - 0x00007ffca0432000 	D:\Xilinx\Vivado\2020.2\lib\win64.o\librdi_memoryarray.dll
0x00007ffc9fd70000 - 0x00007ffca03bc000 	D:\Xilinx\Vivado\2020.2\lib\win64.o\librdi_memdata.dll
0x00007ffc9e190000 - 0x00007ffc9fd64000 	D:\Xilinx\Vivado\2020.2\lib\win64.o\librdi_implflow.dll
0x00007ffc9e130000 - 0x00007ffc9e184000 	D:\Xilinx\Vivado\2020.2\lib\win64.o\librdi_pfi.dll
0x00007ffc9bce0000 - 0x00007ffc9e124000 	D:\Xilinx\Vivado\2020.2\lib\win64.o\librdi_mig.dll
0x00007ffc9b5b0000 - 0x00007ffc9bcdc000 	D:\Xilinx\Vivado\2020.2\lib\win64.o\librdi_netlist.dll
0x00007ffc9b210000 - 0x00007ffc9b5ae000 	D:\Xilinx\Vivado\2020.2\lib\win64.o\librdi_platform.dll
0x00007ffc9a9f0000 - 0x00007ffc9b207000 	D:\Xilinx\Vivado\2020.2\lib\win64.o\librdi_power.dll
0x00007ffc977e0000 - 0x00007ffc9a9e7000 	D:\Xilinx\Vivado\2020.2\lib\win64.o\librdi_place.dll
0x00007ffc97160000 - 0x00007ffc977d4000 	D:\Xilinx\Vivado\2020.2\lib\win64.o\librdi_project.dll
0x00007ffc96a30000 - 0x00007ffc97152000 	D:\Xilinx\Vivado\2020.2\lib\win64.o\librdi_psta.dll
0x00007ffc967b0000 - 0x00007ffc96a24000 	D:\Xilinx\Vivado\2020.2\lib\win64.o\librdi_simdata.dll
0x00007ffc95fa0000 - 0x00007ffc967ac000 	D:\Xilinx\Vivado\2020.2\lib\win64.o\librdi_rsb.dll
0x00007ffc95e90000 - 0x00007ffc95f99000 	D:\Xilinx\Vivado\2020.2\lib\win64.o\librdi_runsbase.dll
0x00007ffc95960000 - 0x00007ffc95e8b000 	D:\Xilinx\Vivado\2020.2\lib\win64.o\librdi_runs.dll
0x00007ffc95840000 - 0x00007ffc95956000 	D:\Xilinx\Vivado\2020.2\lib\win64.o\librdi_xhub.dll
0x00007ffc95790000 - 0x00007ffc95837000 	D:\Xilinx\Vivado\2020.2\lib\win64.o\librdi_xhubtasks.dll
0x00007ffcc9f60000 - 0x00007ffcc9fa7000 	D:\Xilinx\Vivado\2020.2\lib\win64.o\libboost_serialization.dll
0x00007ffc955a0000 - 0x00007ffc9578b000 	D:\Xilinx\Vivado\2020.2\lib\win64.o\librdi_advchipscopeimpl.dll
0x00007ffc94610000 - 0x00007ffc95591000 	D:\Xilinx\Vivado\2020.2\lib\win64.o\librdi_timing.dll
0x00007ffc945a0000 - 0x00007ffc9460a000 	D:\Xilinx\Vivado\2020.2\lib\win64.o\librdi_noc_frameworks.dll
0x00007ffc944b0000 - 0x00007ffc9459b000 	D:\Xilinx\Vivado\2020.2\lib\win64.o\librdi_ipconfig_readwrite.dll
0x00007ffc94460000 - 0x00007ffc944a6000 	D:\Xilinx\Vivado\2020.2\lib\win64.o\libboost_graph.dll
0x00007ffc943c0000 - 0x00007ffc9445e000 	D:\Xilinx\Vivado\2020.2\lib\win64.o\libise.dll
0x00007ffc942f0000 - 0x00007ffc943b6000 	D:\Xilinx\Vivado\2020.2\lib\win64.o\librdi_bda.dll
0x00007ffc93b80000 - 0x00007ffc942e7000 	D:\Xilinx\Vivado\2020.2\lib\win64.o\librdi_ippcw.dll

dbghelp: loaded successfully - version: 4.0.5 - missing functions: none
symbol engine: initialized successfully - sym options: 0x614 - pdb path: .;D:\Xilinx\Vivado\2020.2\bin\unwrapped\win64.o;C:\WINDOWS\SYSTEM32;D:\Xilinx\Vivado\2020.2\lib\win64.o;C:\WINDOWS\WinSxS\amd64_microsoft.windows.common-controls_6595b64144ccf1df_5.82.19041.1110_none_792d1c772443f647;D:\Xilinx\Vivado\2020.2\tps\win64\jre11.0.2\bin\server;D:\Xilinx\Vivado\2020.2\tps\win64\python-3.8.3;D:\Xilinx\Vivado\2020.2\tps\win64\jre11.0.2\bin;C:\WINDOWS\WinSxS\amd64_microsoft.windows.common-controls_6595b64144ccf1df_6.0.19041.1110_none_60b5254171f9507e

VM Arguments:
jvm_args: -Dsun.java2d.pmoffscreen=false -Dhttps.protocols=TLSv1,TLSv1.1,TLSv1.2 -Dsun.java2d.xrender=false -Dsun.java2d.d3d=false -Dsun.awt.nopixfmt=true -Dsun.java2d.dpiaware=true -Dsun.java2d.uiScale.enabled=false -Xverify:none -Dswing.aatext=true -XX:-UsePerfData -Djdk.map.althashing.threshold=512 -XX:StringTableSize=4072 --add-opens=java.base/java.nio=ALL-UNNAMED --add-opens=java.desktop/sun.swing=ALL-UNNAMED --add-opens=java.desktop/javax.swing=ALL-UNNAMED --add-opens=java.desktop/javax.swing.tree=ALL-UNNAMED --add-opens=java.desktop/javax.swing.plaf.basic=ALL-UNNAMED --add-opens=java.desktop/javax.swing.plaf.synth=ALL-UNNAMED --add-opens=java.desktop/com.sun.awt=ALL-UNNAMED -XX:NewSize=60m -XX:MaxNewSize=60m -Xms128m -Xmx3072m -Xss5m 
java_command: <unknown>
java_class_path (initial): D:/Xilinx/Vivado/2020.2\lib\classes\alloy.jar;D:/Xilinx/Vivado/2020.2\lib\classes\ArchiveSummary.jar;D:/Xilinx/Vivado/2020.2\lib\classes\autoesl-models.jar;D:/Xilinx/Vivado/2020.2\lib\classes\autopilot.scelaborator.jar;D:/Xilinx/Vivado/2020.2\lib\classes\autopilot.sourceprocessor.jar;D:/Xilinx/Vivado/2020.2\lib\classes\autopilot.tbprocessor.jar;D:/Xilinx/Vivado/2020.2\lib\classes\batik-anim.jar;D:/Xilinx/Vivado/2020.2\lib\classes\batik-awt-util.jar;D:/Xilinx/Vivado/2020.2\lib\classes\batik-bridge.jar;D:/Xilinx/Vivado/2020.2\lib\classes\batik-codec.jar;D:/Xilinx/Vivado/2020.2\lib\classes\batik-css.jar;D:/Xilinx/Vivado/2020.2\lib\classes\batik-dom.jar;D:/Xilinx/Vivado/2020.2\lib\classes\batik-ext.jar;D:/Xilinx/Vivado/2020.2\lib\classes\batik-gui-util.jar;D:/Xilinx/Vivado/2020.2\lib\classes\batik-gvt.jar;D:/Xilinx/Vivado/2020.2\lib\classes\batik-parser.jar;D:/Xilinx/Vivado/2020.2\lib\classes\batik-script.jar;D:/Xilinx/Vivado/2020.2\lib\classes\batik-svg-dom.jar;D:/Xilinx/Vivado/2020.2\lib\classes\batik-swing.jar;D:/Xilinx/Vivado/2020.2\lib\classes\batik-transcoder.jar;D:/Xilinx/Vivado/2020.2\lib\classes\batik-util.jar;D:/Xilinx/Vivado/2020.2\lib\classes\batik-xml.jar;D:/Xilinx/Vivado/2020.2\lib\classes\com.google.gson_2.8.2.v20180104-1110.jar;D:/Xilinx/Vivado/2020.2\lib\classes\com.google.guava_27.1.0.v20190517-1946.jar;D:/Xilinx/Vivado/2020.2\lib\classes\com.ibm.icu_4.4.2.v20110208.jar;D:/Xilinx/Vivado/2020.2\lib\classes\com.sigasi.hdt.connection_4.9.0.202009050929.jar;D:/Xilinx/Vivado/2020.2\lib\classes\com.sigasi.hdt.epl_4.9.0.202009050929.jar;D:/Xilinx/Vivado/2020.2\lib\classes\com.sigasi.hdt.project_4.9.0.202009050929.jar;D:/Xilinx/Vivado/2020.2\lib\classes\com.sigasi.hdt.readonlyfilesystem_4.9.0.202009050929.jar;D:/Xilinx/Vivado/2020.2\lib\classes\com.sigasi.lcm_4.9.0.202009050929.jar;D:/Xilinx/Vivado/2020.2\lib\classes\com.sigasi.sdk.client_4.9.0.202009050929.jar;D:/Xilinx/Vivado/2020.2\lib\classes\com.xilinx.hls.services.jar;D:/Xili
Launcher Type: generic

[Global flags]
     bool BytecodeVerificationLocal                = false                                     {product} {command line}
     bool BytecodeVerificationRemote               = false                                     {product} {command line}
     intx CICompilerCount                          = 4                                         {product} {ergonomic}
     uint ConcGCThreads                            = 2                                         {product} {ergonomic}
     uint G1ConcRefinementThreads                  = 8                                         {product} {ergonomic}
   size_t G1HeapRegionSize                         = 1048576                                   {product} {ergonomic}
    uintx GCDrainStackTargetSize                   = 64                                        {product} {ergonomic}
   size_t InitialHeapSize                          = 134217728                                 {product} {command line}
   size_t MarkStackSize                            = 4194304                                   {product} {ergonomic}
   size_t MaxHeapSize                              = 3221225472                                {product} {command line}
   size_t MaxNewSize                               = 62914560                                  {product} {command line}
   size_t MinHeapDeltaBytes                        = 1048576                                   {product} {ergonomic}
   size_t NewSize                                  = 62914560                                  {product} {command line}
    uintx NonNMethodCodeHeapSize                   = 5835340                                {pd product} {ergonomic}
    uintx NonProfiledCodeHeapSize                  = 122911450                              {pd product} {ergonomic}
    uintx ProfiledCodeHeapSize                     = 122911450                              {pd product} {ergonomic}
    uintx ReservedCodeCacheSize                    = 251658240                              {pd product} {ergonomic}
     bool SegmentedCodeCache                       = true                                      {product} {ergonomic}
    uintx StringTableSize                          = 4072                                      {product} {command line}
     intx ThreadStackSize                          = 5120                                   {pd product} {command line}
     bool UseCompressedClassPointers               = true                                 {lp64_product} {ergonomic}
     bool UseCompressedOops                        = true                                 {lp64_product} {ergonomic}
     bool UseG1GC                                  = true                                      {product} {ergonomic}
     bool UseLargePagesIndividualAllocation        = false                                  {pd product} {ergonomic}
     bool UsePerfData                              = false                                     {product} {command line}

Logging:
Log output configuration:
 #0: stdout all=warning uptime,level,tags
 #1: stderr all=off uptime,level,tags

Environment Variables:
PATH=D:/Xilinx/Vivado/2020.2\gnuwin\bin;D:/Xilinx/Vivado/2020.2\gnu\microblaze\nt\bin;D:/Xilinx/Vivado/2020.2/bin;D:/Xilinx/Vivado/2020.2/tps/win64/javafx-sdk-11.0.2/lib;D:/Xilinx/Vivado/2020.2/tps/win64/javafx-sdk-11.0.2/bin;D:/Xilinx/Vivado/2020.2/lib/win64.o;D:/Xilinx/Vivado/2020.2/tps/win64/jre11.0.2/bin/server;D:/Xilinx/Vivado/2020.2/tps/win64/jre11.0.2/bin;D:/Xilinx/Vivado/2020.2/ids_lite/ISE/bin/nt64;D:/Xilinx/Vivado/2020.2/ids_lite/ISE/lib/nt64;D:/Xilinx/Vitis_HLS/2020.2/bin;C:\Program Files (x86)\Common Files\Oracle\Java\javapath;C:\Program Files (x86)\Intel\Intel(R) Management Engine Components\iCLS\;C:\Program Files\Intel\Intel(R) Management Engine Components\iCLS\;C:\Windows\system32;C:\Windows;C:\Windows\System32\Wbem;C:\Windows\System32\WindowsPowerShell\v1.0\;C:\Windows\System32\OpenSSH\;C:\Program Files (x86)\Intel\Intel(R) Management Engine Components\DAL;C:\Program Files\Intel\Intel(R) Management Engine Components\DAL;C:\Program Files (x86)\Intel\Intel(R) Management Engine Components\IPT;C:\Program Files\Intel\Intel(R) Management Engine Components\IPT;C:\Program Files (x86)\NVIDIA Corporation\PhysX\Common;C:\Program Files\NVIDIA Corporation\NVIDIA NvDLISR;C:\Program Files\Git\cmd;C:\Program Files\PuTTY\;C:\Users\mithi\AppData\Local\Programs\Python\Python39\Scripts\;C:\Users\mithi\AppData\Local\Programs\Python\Python39\;C:\Users\mithi\AppData\Local\Microsoft\WindowsApps;C:\Users\mithi\AppData\Local\GitHubDesktop\bin;D:/Xilinx/Vivado/2020.2\tps\mingw\6.2.0\win64.o\nt\bin;D:/Xilinx/Vivado/2020.2\tps\mingw\6.2.0\win64.o\nt\libexec\gcc\x86_64-w64-mingw32\6.2.0;D:/Xilinx/Vivado/2020.2\tps\win64\python-3.8.3;D:/Xilinx/Vivado/2020.2\tps\win64\python-3.8.3\bin;D:/Xilinx/Vivado/2020.2\tps\win64\python-3.8.3\lib;D:/Xilinx/Vivado/2020.2\tps\win64\python-3.8.3\lib\site-packages
USERNAME=mithi
OS=Windows_NT
PROCESSOR_IDENTIFIER=Intel64 Family 6 Model 158 Stepping 9, GenuineIntel



---------------  S Y S T E M  ---------------

OS: Windows 10 , 64 bit Build 19041 (10.0.19041.1023)

CPU:total 8 (initial active 8) (4 cores per cpu, 2 threads per core) family 6 model 158 stepping 9, cmov, cx8, fxsr, mmx, sse, sse2, sse3, ssse3, sse4.1, sse4.2, popcnt, avx, avx2, aes, clmul, erms, 3dnowpref, lzcnt, ht, tsc, tscinvbit, bmi1, bmi2, adx, fma

Memory: 4k page, system-wide physical 16244M (6134M free)
TotalPageFile size 32628M (AvailPageFile size 18723M)
current process WorkingSet (physical memory assigned to process): 1581M, peak: 2064M
current process commit charge ("private bytes"): 2006M, peak: 2182M

vm_info: OpenJDK 64-Bit Server VM (11.0.2+9) for windows-amd64 JRE (11.0.2+9), built on Jan 18 2019 05:23:22 by "mach5one" with MS VC++ 15.5 (VS2017)

END.
