INFO: [VRFC 10-2263] Analyzing Verilog file "C:/Users/mithi/RISV/RISV.gen/sources_1/ip/DRAM/sim/DRAM.v" into library xil_defaultlib
INFO: [VRFC 10-311] analyzing module DRAM
INFO: [VRFC 10-2263] Analyzing Verilog file "C:/Users/mithi/RISV/RISV.gen/sources_1/ip/Divideru/Divideru_sim_netlist.v" into library xil_defaultlib
INFO: [VRFC 10-311] analyzing module Divideru
INFO: [VRFC 10-311] analyzing module Divideru_div_gen_v5_1_17
INFO: [VRFC 10-311] analyzing module Divideru_addsubreg_v
INFO: [VRFC 10-311] analyzing module Divideru_addsubreg_v_1
INFO: [VRFC 10-311] analyzing module Divideru_addsubreg_v_11
INFO: [VRFC 10-311] analyzing module Divideru_addsubreg_v_16
INFO: [VRFC 10-311] analyzing module Divideru_addsubreg_v_19
INFO: [VRFC 10-311] analyzing module Divideru_addsubreg_v_23
INFO: [VRFC 10-311] analyzing module Divideru_addsubreg_v_26
INFO: [VRFC 10-311] analyzing module Divideru_addsubreg_v_29
INFO: [VRFC 10-311] analyzing module Divideru_addsubreg_v_30
INFO: [VRFC 10-311] analyzing module Divideru_addsubreg_v_33
INFO: [VRFC 10-311] analyzing module Divideru_addsubreg_v_36
INFO: [VRFC 10-311] analyzing module Divideru_addsubreg_v_39
INFO: [VRFC 10-311] analyzing module Divideru_addsubreg_v_4
INFO: [VRFC 10-311] analyzing module Divideru_addsubreg_v_43
INFO: [VRFC 10-311] analyzing module Divideru_addsubreg_v_8
INFO: [VRFC 10-311] analyzing module Divideru_addsubreg_v__parameterized0
INFO: [VRFC 10-311] analyzing module Divideru_addsubreg_v__parameterized0_12
INFO: [VRFC 10-311] analyzing module Divideru_addsubreg_v__parameterized0_14
INFO: [VRFC 10-311] analyzing module Divideru_addsubreg_v__parameterized0_17
INFO: [VRFC 10-311] analyzing module Divideru_addsubreg_v__parameterized0_2
INFO: [VRFC 10-311] analyzing module Divideru_addsubreg_v__parameterized0_20
INFO: [VRFC 10-311] analyzing module Divideru_addsubreg_v__parameterized0_22
INFO: [VRFC 10-311] analyzing module Divideru_addsubreg_v__parameterized0_24
INFO: [VRFC 10-311] analyzing module Divideru_addsubreg_v__parameterized0_27
INFO: [VRFC 10-311] analyzing module Divideru_addsubreg_v__parameterized0_31
INFO: [VRFC 10-311] analyzing module Divideru_addsubreg_v__parameterized0_34
INFO: [VRFC 10-311] analyzing module Divideru_addsubreg_v__parameterized0_37
INFO: [VRFC 10-311] analyzing module Divideru_addsubreg_v__parameterized0_40
INFO: [VRFC 10-311] analyzing module Divideru_addsubreg_v__parameterized0_42
INFO: [VRFC 10-311] analyzing module Divideru_addsubreg_v__parameterized0_5
INFO: [VRFC 10-311] analyzing module Divideru_addsubreg_v__parameterized0_7
INFO: [VRFC 10-311] analyzing module Divideru_addsubreg_v__parameterized0_9
INFO: [VRFC 10-311] analyzing module Divideru_addsubreg_v__parameterized1
INFO: [VRFC 10-311] analyzing module Divideru_bip_sdivider_synth
INFO: [VRFC 10-311] analyzing module Divideru_c_addsub_lut6
INFO: [VRFC 10-311] analyzing module Divideru_c_addsub_lut6_102
INFO: [VRFC 10-311] analyzing module Divideru_c_addsub_lut6_112
INFO: [VRFC 10-311] analyzing module Divideru_c_addsub_lut6_127
INFO: [VRFC 10-311] analyzing module Divideru_c_addsub_lut6_137
INFO: [VRFC 10-311] analyzing module Divideru_c_addsub_lut6_152
INFO: [VRFC 10-311] analyzing module Divideru_c_addsub_lut6_162
INFO: [VRFC 10-311] analyzing module Divideru_c_addsub_lut6_177
INFO: [VRFC 10-311] analyzing module Divideru_c_addsub_lut6_187
INFO: [VRFC 10-311] analyzing module Divideru_c_addsub_lut6_197
INFO: [VRFC 10-311] analyzing module Divideru_c_addsub_lut6_57
INFO: [VRFC 10-311] analyzing module Divideru_c_addsub_lut6_67
INFO: [VRFC 10-311] analyzing module Divideru_c_addsub_lut6_77
INFO: [VRFC 10-311] analyzing module Divideru_c_addsub_lut6_87
INFO: [VRFC 10-311] analyzing module Divideru_c_addsub_lut6_92
INFO: [VRFC 10-311] analyzing module Divideru_c_addsub_lut6__parameterized1
INFO: [VRFC 10-311] analyzing module Divideru_c_addsub_lut6__parameterized1_107
INFO: [VRFC 10-311] analyzing module Divideru_c_addsub_lut6__parameterized1_117
INFO: [VRFC 10-311] analyzing module Divideru_c_addsub_lut6__parameterized1_122
INFO: [VRFC 10-311] analyzing module Divideru_c_addsub_lut6__parameterized1_132
INFO: [VRFC 10-311] analyzing module Divideru_c_addsub_lut6__parameterized1_142
INFO: [VRFC 10-311] analyzing module Divideru_c_addsub_lut6__parameterized1_147
INFO: [VRFC 10-311] analyzing module Divideru_c_addsub_lut6__parameterized1_157
INFO: [VRFC 10-311] analyzing module Divideru_c_addsub_lut6__parameterized1_167
INFO: [VRFC 10-311] analyzing module Divideru_c_addsub_lut6__parameterized1_172
INFO: [VRFC 10-311] analyzing module Divideru_c_addsub_lut6__parameterized1_182
INFO: [VRFC 10-311] analyzing module Divideru_c_addsub_lut6__parameterized1_192
INFO: [VRFC 10-311] analyzing module Divideru_c_addsub_lut6__parameterized1_52
INFO: [VRFC 10-311] analyzing module Divideru_c_addsub_lut6__parameterized1_62
INFO: [VRFC 10-311] analyzing module Divideru_c_addsub_lut6__parameterized1_72
INFO: [VRFC 10-311] analyzing module Divideru_c_addsub_lut6__parameterized1_82
INFO: [VRFC 10-311] analyzing module Divideru_c_addsub_lut6__parameterized1_97
INFO: [VRFC 10-311] analyzing module Divideru_c_addsub_lut6__parameterized3
INFO: [VRFC 10-311] analyzing module Divideru_c_addsub_viv
INFO: [VRFC 10-311] analyzing module Divideru_c_addsub_viv_101
INFO: [VRFC 10-311] analyzing module Divideru_c_addsub_viv_111
INFO: [VRFC 10-311] analyzing module Divideru_c_addsub_viv_126
INFO: [VRFC 10-311] analyzing module Divideru_c_addsub_viv_136
INFO: [VRFC 10-311] analyzing module Divideru_c_addsub_viv_151
INFO: [VRFC 10-311] analyzing module Divideru_c_addsub_viv_161
INFO: [VRFC 10-311] analyzing module Divideru_c_addsub_viv_176
INFO: [VRFC 10-311] analyzing module Divideru_c_addsub_viv_186
INFO: [VRFC 10-311] analyzing module Divideru_c_addsub_viv_196
INFO: [VRFC 10-311] analyzing module Divideru_c_addsub_viv_56
INFO: [VRFC 10-311] analyzing module Divideru_c_addsub_viv_66
INFO: [VRFC 10-311] analyzing module Divideru_c_addsub_viv_76
INFO: [VRFC 10-311] analyzing module Divideru_c_addsub_viv_86
INFO: [VRFC 10-311] analyzing module Divideru_c_addsub_viv_91
INFO: [VRFC 10-311] analyzing module Divideru_c_addsub_viv__parameterized0
INFO: [VRFC 10-311] analyzing module Divideru_c_addsub_viv__parameterized0_106
INFO: [VRFC 10-311] analyzing module Divideru_c_addsub_viv__parameterized0_116
INFO: [VRFC 10-311] analyzing module Divideru_c_addsub_viv__parameterized0_121
INFO: [VRFC 10-311] analyzing module Divideru_c_addsub_viv__parameterized0_131
INFO: [VRFC 10-311] analyzing module Divideru_c_addsub_viv__parameterized0_141
INFO: [VRFC 10-311] analyzing module Divideru_c_addsub_viv__parameterized0_146
INFO: [VRFC 10-311] analyzing module Divideru_c_addsub_viv__parameterized0_156
INFO: [VRFC 10-311] analyzing module Divideru_c_addsub_viv__parameterized0_166
INFO: [VRFC 10-311] analyzing module Divideru_c_addsub_viv__parameterized0_171
INFO: [VRFC 10-311] analyzing module Divideru_c_addsub_viv__parameterized0_181
INFO: [VRFC 10-311] analyzing module Divideru_c_addsub_viv__parameterized0_191
INFO: [VRFC 10-311] analyzing module Divideru_c_addsub_viv__parameterized0_51
INFO: [VRFC 10-311] analyzing module Divideru_c_addsub_viv__parameterized0_61
INFO: [VRFC 10-311] analyzing module Divideru_c_addsub_viv__parameterized0_71
INFO: [VRFC 10-311] analyzing module Divideru_c_addsub_viv__parameterized0_81
INFO: [VRFC 10-311] analyzing module Divideru_c_addsub_viv__parameterized0_96
INFO: [VRFC 10-311] analyzing module Divideru_c_addsub_viv__parameterized1
INFO: [VRFC 10-311] analyzing module Divideru_div_gen_synth
INFO: [VRFC 10-311] analyzing module Divideru_div_gen_v5_1_17_viv
INFO: [VRFC 10-311] analyzing module Divideru_dividervdc_v
INFO: [VRFC 10-311] analyzing module Divideru_xbip_pipe_v3_0_6_viv
INFO: [VRFC 10-311] analyzing module Divideru_xbip_pipe_v3_0_6_viv__parameterized1
INFO: [VRFC 10-311] analyzing module Divideru_xbip_pipe_v3_0_6_viv__parameterized109
INFO: [VRFC 10-311] analyzing module Divideru_xbip_pipe_v3_0_6_viv__parameterized111
INFO: [VRFC 10-311] analyzing module Divideru_xbip_pipe_v3_0_6_viv__parameterized117
INFO: [VRFC 10-311] analyzing module Divideru_xbip_pipe_v3_0_6_viv__parameterized119
INFO: [VRFC 10-311] analyzing module Divideru_xbip_pipe_v3_0_6_viv__parameterized125
INFO: [VRFC 10-311] analyzing module Divideru_xbip_pipe_v3_0_6_viv__parameterized127
INFO: [VRFC 10-311] analyzing module Divideru_xbip_pipe_v3_0_6_viv__parameterized133
INFO: [VRFC 10-311] analyzing module Divideru_xbip_pipe_v3_0_6_viv__parameterized135
INFO: [VRFC 10-311] analyzing module Divideru_xbip_pipe_v3_0_6_viv__parameterized17
INFO: [VRFC 10-311] analyzing module Divideru_xbip_pipe_v3_0_6_viv__parameterized19
INFO: [VRFC 10-311] analyzing module Divideru_xbip_pipe_v3_0_6_viv__parameterized25
INFO: [VRFC 10-311] analyzing module Divideru_xbip_pipe_v3_0_6_viv__parameterized27
INFO: [VRFC 10-311] analyzing module Divideru_xbip_pipe_v3_0_6_viv__parameterized3
INFO: [VRFC 10-311] analyzing module Divideru_xbip_pipe_v3_0_6_viv__parameterized33
INFO: [VRFC 10-311] analyzing module Divideru_xbip_pipe_v3_0_6_viv__parameterized35
INFO: [VRFC 10-311] analyzing module Divideru_xbip_pipe_v3_0_6_viv__parameterized3_0
INFO: [VRFC 10-311] analyzing module Divideru_xbip_pipe_v3_0_6_viv__parameterized3_10
INFO: [VRFC 10-311] analyzing module Divideru_xbip_pipe_v3_0_6_viv__parameterized3_13
INFO: [VRFC 10-311] analyzing module Divideru_xbip_pipe_v3_0_6_viv__parameterized3_15
INFO: [VRFC 10-311] analyzing module Divideru_xbip_pipe_v3_0_6_viv__parameterized3_18
INFO: [VRFC 10-311] analyzing module Divideru_xbip_pipe_v3_0_6_viv__parameterized3_21
INFO: [VRFC 10-311] analyzing module Divideru_xbip_pipe_v3_0_6_viv__parameterized3_25
INFO: [VRFC 10-311] analyzing module Divideru_xbip_pipe_v3_0_6_viv__parameterized3_28
INFO: [VRFC 10-311] analyzing module Divideru_xbip_pipe_v3_0_6_viv__parameterized3_3
INFO: [VRFC 10-311] analyzing module Divideru_xbip_pipe_v3_0_6_viv__parameterized3_32
INFO: [VRFC 10-311] analyzing module Divideru_xbip_pipe_v3_0_6_viv__parameterized3_35
INFO: [VRFC 10-311] analyzing module Divideru_xbip_pipe_v3_0_6_viv__parameterized3_38
INFO: [VRFC 10-311] analyzing module Divideru_xbip_pipe_v3_0_6_viv__parameterized3_41
INFO: [VRFC 10-311] analyzing module Divideru_xbip_pipe_v3_0_6_viv__parameterized3_44
INFO: [VRFC 10-311] analyzing module Divideru_xbip_pipe_v3_0_6_viv__parameterized3_6
INFO: [VRFC 10-311] analyzing module Divideru_xbip_pipe_v3_0_6_viv__parameterized45
INFO: [VRFC 10-311] analyzing module Divideru_xbip_pipe_v3_0_6_viv__parameterized47
INFO: [VRFC 10-311] analyzing module Divideru_xbip_pipe_v3_0_6_viv__parameterized5
INFO: [VRFC 10-311] analyzing module Divideru_xbip_pipe_v3_0_6_viv__parameterized53
INFO: [VRFC 10-311] analyzing module Divideru_xbip_pipe_v3_0_6_viv__parameterized55
INFO: [VRFC 10-311] analyzing module Divideru_xbip_pipe_v3_0_6_viv__parameterized5_100
INFO: [VRFC 10-311] analyzing module Divideru_xbip_pipe_v3_0_6_viv__parameterized5_103
INFO: [VRFC 10-311] analyzing module Divideru_xbip_pipe_v3_0_6_viv__parameterized5_105
INFO: [VRFC 10-311] analyzing module Divideru_xbip_pipe_v3_0_6_viv__parameterized5_108
INFO: [VRFC 10-311] analyzing module Divideru_xbip_pipe_v3_0_6_viv__parameterized5_110
INFO: [VRFC 10-311] analyzing module Divideru_xbip_pipe_v3_0_6_viv__parameterized5_113
INFO: [VRFC 10-311] analyzing module Divideru_xbip_pipe_v3_0_6_viv__parameterized5_115
INFO: [VRFC 10-311] analyzing module Divideru_xbip_pipe_v3_0_6_viv__parameterized5_118
INFO: [VRFC 10-311] analyzing module Divideru_xbip_pipe_v3_0_6_viv__parameterized5_120
INFO: [VRFC 10-311] analyzing module Divideru_xbip_pipe_v3_0_6_viv__parameterized5_123
INFO: [VRFC 10-311] analyzing module Divideru_xbip_pipe_v3_0_6_viv__parameterized5_125
INFO: [VRFC 10-311] analyzing module Divideru_xbip_pipe_v3_0_6_viv__parameterized5_128
INFO: [VRFC 10-311] analyzing module Divideru_xbip_pipe_v3_0_6_viv__parameterized5_130
INFO: [VRFC 10-311] analyzing module Divideru_xbip_pipe_v3_0_6_viv__parameterized5_133
INFO: [VRFC 10-311] analyzing module Divideru_xbip_pipe_v3_0_6_viv__parameterized5_135
INFO: [VRFC 10-311] analyzing module Divideru_xbip_pipe_v3_0_6_viv__parameterized5_138
INFO: [VRFC 10-311] analyzing module Divideru_xbip_pipe_v3_0_6_viv__parameterized5_140
INFO: [VRFC 10-311] analyzing module Divideru_xbip_pipe_v3_0_6_viv__parameterized5_143
INFO: [VRFC 10-311] analyzing module Divideru_xbip_pipe_v3_0_6_viv__parameterized5_145
INFO: [VRFC 10-311] analyzing module Divideru_xbip_pipe_v3_0_6_viv__parameterized5_148
INFO: [VRFC 10-311] analyzing module Divideru_xbip_pipe_v3_0_6_viv__parameterized5_150
INFO: [VRFC 10-311] analyzing module Divideru_xbip_pipe_v3_0_6_viv__parameterized5_153
INFO: [VRFC 10-311] analyzing module Divideru_xbip_pipe_v3_0_6_viv__parameterized5_155
INFO: [VRFC 10-311] analyzing module Divideru_xbip_pipe_v3_0_6_viv__parameterized5_158
INFO: [VRFC 10-311] analyzing module Divideru_xbip_pipe_v3_0_6_viv__parameterized5_160
INFO: [VRFC 10-311] analyzing module Divideru_xbip_pipe_v3_0_6_viv__parameterized5_163
INFO: [VRFC 10-311] analyzing module Divideru_xbip_pipe_v3_0_6_viv__parameterized5_165
INFO: [VRFC 10-311] analyzing module Divideru_xbip_pipe_v3_0_6_viv__parameterized5_168
INFO: [VRFC 10-311] analyzing module Divideru_xbip_pipe_v3_0_6_viv__parameterized5_170
INFO: [VRFC 10-311] analyzing module Divideru_xbip_pipe_v3_0_6_viv__parameterized5_173
INFO: [VRFC 10-311] analyzing module Divideru_xbip_pipe_v3_0_6_viv__parameterized5_175
INFO: [VRFC 10-311] analyzing module Divideru_xbip_pipe_v3_0_6_viv__parameterized5_178
INFO: [VRFC 10-311] analyzing module Divideru_xbip_pipe_v3_0_6_viv__parameterized5_180
INFO: [VRFC 10-311] analyzing module Divideru_xbip_pipe_v3_0_6_viv__parameterized5_183
INFO: [VRFC 10-311] analyzing module Divideru_xbip_pipe_v3_0_6_viv__parameterized5_185
INFO: [VRFC 10-311] analyzing module Divideru_xbip_pipe_v3_0_6_viv__parameterized5_188
INFO: [VRFC 10-311] analyzing module Divideru_xbip_pipe_v3_0_6_viv__parameterized5_190
INFO: [VRFC 10-311] analyzing module Divideru_xbip_pipe_v3_0_6_viv__parameterized5_193
INFO: [VRFC 10-311] analyzing module Divideru_xbip_pipe_v3_0_6_viv__parameterized5_195
INFO: [VRFC 10-311] analyzing module Divideru_xbip_pipe_v3_0_6_viv__parameterized5_198
INFO: [VRFC 10-311] analyzing module Divideru_xbip_pipe_v3_0_6_viv__parameterized5_200
INFO: [VRFC 10-311] analyzing module Divideru_xbip_pipe_v3_0_6_viv__parameterized5_45
INFO: [VRFC 10-311] analyzing module Divideru_xbip_pipe_v3_0_6_viv__parameterized5_46
INFO: [VRFC 10-311] analyzing module Divideru_xbip_pipe_v3_0_6_viv__parameterized5_47
INFO: [VRFC 10-311] analyzing module Divideru_xbip_pipe_v3_0_6_viv__parameterized5_48
INFO: [VRFC 10-311] analyzing module Divideru_xbip_pipe_v3_0_6_viv__parameterized5_50
INFO: [VRFC 10-311] analyzing module Divideru_xbip_pipe_v3_0_6_viv__parameterized5_53
INFO: [VRFC 10-311] analyzing module Divideru_xbip_pipe_v3_0_6_viv__parameterized5_55
INFO: [VRFC 10-311] analyzing module Divideru_xbip_pipe_v3_0_6_viv__parameterized5_58
INFO: [VRFC 10-311] analyzing module Divideru_xbip_pipe_v3_0_6_viv__parameterized5_60
INFO: [VRFC 10-311] analyzing module Divideru_xbip_pipe_v3_0_6_viv__parameterized5_63
INFO: [VRFC 10-311] analyzing module Divideru_xbip_pipe_v3_0_6_viv__parameterized5_65
INFO: [VRFC 10-311] analyzing module Divideru_xbip_pipe_v3_0_6_viv__parameterized5_68
INFO: [VRFC 10-311] analyzing module Divideru_xbip_pipe_v3_0_6_viv__parameterized5_70
INFO: [VRFC 10-311] analyzing module Divideru_xbip_pipe_v3_0_6_viv__parameterized5_73
INFO: [VRFC 10-311] analyzing module Divideru_xbip_pipe_v3_0_6_viv__parameterized5_75
INFO: [VRFC 10-311] analyzing module Divideru_xbip_pipe_v3_0_6_viv__parameterized5_78
INFO: [VRFC 10-311] analyzing module Divideru_xbip_pipe_v3_0_6_viv__parameterized5_80
INFO: [VRFC 10-311] analyzing module Divideru_xbip_pipe_v3_0_6_viv__parameterized5_83
INFO: [VRFC 10-311] analyzing module Divideru_xbip_pipe_v3_0_6_viv__parameterized5_85
INFO: [VRFC 10-311] analyzing module Divideru_xbip_pipe_v3_0_6_viv__parameterized5_88
INFO: [VRFC 10-311] analyzing module Divideru_xbip_pipe_v3_0_6_viv__parameterized5_90
INFO: [VRFC 10-311] analyzing module Divideru_xbip_pipe_v3_0_6_viv__parameterized5_93
INFO: [VRFC 10-311] analyzing module Divideru_xbip_pipe_v3_0_6_viv__parameterized5_95
INFO: [VRFC 10-311] analyzing module Divideru_xbip_pipe_v3_0_6_viv__parameterized5_98
INFO: [VRFC 10-311] analyzing module Divideru_xbip_pipe_v3_0_6_viv__parameterized61
INFO: [VRFC 10-311] analyzing module Divideru_xbip_pipe_v3_0_6_viv__parameterized63
INFO: [VRFC 10-311] analyzing module Divideru_xbip_pipe_v3_0_6_viv__parameterized7
INFO: [VRFC 10-311] analyzing module Divideru_xbip_pipe_v3_0_6_viv__parameterized73
INFO: [VRFC 10-311] analyzing module Divideru_xbip_pipe_v3_0_6_viv__parameterized75
INFO: [VRFC 10-311] analyzing module Divideru_xbip_pipe_v3_0_6_viv__parameterized7_104
INFO: [VRFC 10-311] analyzing module Divideru_xbip_pipe_v3_0_6_viv__parameterized7_109
INFO: [VRFC 10-311] analyzing module Divideru_xbip_pipe_v3_0_6_viv__parameterized7_114
INFO: [VRFC 10-311] analyzing module Divideru_xbip_pipe_v3_0_6_viv__parameterized7_119
INFO: [VRFC 10-311] analyzing module Divideru_xbip_pipe_v3_0_6_viv__parameterized7_124
INFO: [VRFC 10-311] analyzing module Divideru_xbip_pipe_v3_0_6_viv__parameterized7_129
INFO: [VRFC 10-311] analyzing module Divideru_xbip_pipe_v3_0_6_viv__parameterized7_134
INFO: [VRFC 10-311] analyzing module Divideru_xbip_pipe_v3_0_6_viv__parameterized7_139
INFO: [VRFC 10-311] analyzing module Divideru_xbip_pipe_v3_0_6_viv__parameterized7_144
INFO: [VRFC 10-311] analyzing module Divideru_xbip_pipe_v3_0_6_viv__parameterized7_149
INFO: [VRFC 10-311] analyzing module Divideru_xbip_pipe_v3_0_6_viv__parameterized7_154
INFO: [VRFC 10-311] analyzing module Divideru_xbip_pipe_v3_0_6_viv__parameterized7_159
INFO: [VRFC 10-311] analyzing module Divideru_xbip_pipe_v3_0_6_viv__parameterized7_164
INFO: [VRFC 10-311] analyzing module Divideru_xbip_pipe_v3_0_6_viv__parameterized7_169
INFO: [VRFC 10-311] analyzing module Divideru_xbip_pipe_v3_0_6_viv__parameterized7_174
INFO: [VRFC 10-311] analyzing module Divideru_xbip_pipe_v3_0_6_viv__parameterized7_179
INFO: [VRFC 10-311] analyzing module Divideru_xbip_pipe_v3_0_6_viv__parameterized7_184
INFO: [VRFC 10-311] analyzing module Divideru_xbip_pipe_v3_0_6_viv__parameterized7_189
INFO: [VRFC 10-311] analyzing module Divideru_xbip_pipe_v3_0_6_viv__parameterized7_194
INFO: [VRFC 10-311] analyzing module Divideru_xbip_pipe_v3_0_6_viv__parameterized7_199
INFO: [VRFC 10-311] analyzing module Divideru_xbip_pipe_v3_0_6_viv__parameterized7_49
INFO: [VRFC 10-311] analyzing module Divideru_xbip_pipe_v3_0_6_viv__parameterized7_54
INFO: [VRFC 10-311] analyzing module Divideru_xbip_pipe_v3_0_6_viv__parameterized7_59
INFO: [VRFC 10-311] analyzing module Divideru_xbip_pipe_v3_0_6_viv__parameterized7_64
INFO: [VRFC 10-311] analyzing module Divideru_xbip_pipe_v3_0_6_viv__parameterized7_69
INFO: [VRFC 10-311] analyzing module Divideru_xbip_pipe_v3_0_6_viv__parameterized7_74
INFO: [VRFC 10-311] analyzing module Divideru_xbip_pipe_v3_0_6_viv__parameterized7_79
INFO: [VRFC 10-311] analyzing module Divideru_xbip_pipe_v3_0_6_viv__parameterized7_84
INFO: [VRFC 10-311] analyzing module Divideru_xbip_pipe_v3_0_6_viv__parameterized7_89
INFO: [VRFC 10-311] analyzing module Divideru_xbip_pipe_v3_0_6_viv__parameterized7_94
INFO: [VRFC 10-311] analyzing module Divideru_xbip_pipe_v3_0_6_viv__parameterized7_99
INFO: [VRFC 10-311] analyzing module Divideru_xbip_pipe_v3_0_6_viv__parameterized81
INFO: [VRFC 10-311] analyzing module Divideru_xbip_pipe_v3_0_6_viv__parameterized83
INFO: [VRFC 10-311] analyzing module Divideru_xbip_pipe_v3_0_6_viv__parameterized89
INFO: [VRFC 10-311] analyzing module Divideru_xbip_pipe_v3_0_6_viv__parameterized9
INFO: [VRFC 10-311] analyzing module Divideru_xbip_pipe_v3_0_6_viv__parameterized91
INFO: [VRFC 10-311] analyzing module Divideru_xbip_pipe_v3_0_6_viv__parameterized97
INFO: [VRFC 10-311] analyzing module Divideru_xbip_pipe_v3_0_6_viv__parameterized99
INFO: [VRFC 10-311] analyzing module glbl
INFO: [VRFC 10-2263] Analyzing Verilog file "C:/Users/mithi/RISV/RISV.gen/sources_1/ip/Dividers/Dividers_sim_netlist.v" into library xil_defaultlib
INFO: [VRFC 10-311] analyzing module Dividers
INFO: [VRFC 10-311] analyzing module Dividers_div_gen_v5_1_17
INFO: [VRFC 10-311] analyzing module Dividers_addsubreg_v
INFO: [VRFC 10-311] analyzing module Dividers_addsubreg_v_12
INFO: [VRFC 10-311] analyzing module Dividers_addsubreg_v_18
INFO: [VRFC 10-311] analyzing module Dividers_addsubreg_v_2
INFO: [VRFC 10-311] analyzing module Dividers_addsubreg_v_21
INFO: [VRFC 10-311] analyzing module Dividers_addsubreg_v_25
INFO: [VRFC 10-311] analyzing module Dividers_addsubreg_v_29
INFO: [VRFC 10-311] analyzing module Dividers_addsubreg_v_30
INFO: [VRFC 10-311] analyzing module Dividers_addsubreg_v_33
INFO: [VRFC 10-311] analyzing module Dividers_addsubreg_v_37
INFO: [VRFC 10-311] analyzing module Dividers_addsubreg_v_41
INFO: [VRFC 10-311] analyzing module Dividers_addsubreg_v_5
INFO: [VRFC 10-311] analyzing module Dividers_addsubreg_v_9
INFO: [VRFC 10-311] analyzing module Dividers_addsubreg_v__parameterized0
INFO: [VRFC 10-311] analyzing module Dividers_addsubreg_v__parameterized0_10
INFO: [VRFC 10-311] analyzing module Dividers_addsubreg_v__parameterized0_13
INFO: [VRFC 10-311] analyzing module Dividers_addsubreg_v__parameterized0_15
INFO: [VRFC 10-311] analyzing module Dividers_addsubreg_v__parameterized0_17
INFO: [VRFC 10-311] analyzing module Dividers_addsubreg_v__parameterized0_19
INFO: [VRFC 10-311] analyzing module Dividers_addsubreg_v__parameterized0_22
INFO: [VRFC 10-311] analyzing module Dividers_addsubreg_v__parameterized0_24
INFO: [VRFC 10-311] analyzing module Dividers_addsubreg_v__parameterized0_26
INFO: [VRFC 10-311] analyzing module Dividers_addsubreg_v__parameterized0_28
INFO: [VRFC 10-311] analyzing module Dividers_addsubreg_v__parameterized0_31
INFO: [VRFC 10-311] analyzing module Dividers_addsubreg_v__parameterized0_34
INFO: [VRFC 10-311] analyzing module Dividers_addsubreg_v__parameterized0_36
INFO: [VRFC 10-311] analyzing module Dividers_addsubreg_v__parameterized0_38
INFO: [VRFC 10-311] analyzing module Dividers_addsubreg_v__parameterized0_4
INFO: [VRFC 10-311] analyzing module Dividers_addsubreg_v__parameterized0_40
INFO: [VRFC 10-311] analyzing module Dividers_addsubreg_v__parameterized0_42
INFO: [VRFC 10-311] analyzing module Dividers_addsubreg_v__parameterized0_6
INFO: [VRFC 10-311] analyzing module Dividers_addsubreg_v__parameterized0_8
INFO: [VRFC 10-311] analyzing module Dividers_addsubreg_v__parameterized1
INFO: [VRFC 10-311] analyzing module Dividers_bip_sdivider_synth
INFO: [VRFC 10-311] analyzing module Dividers_c_addsub_lut6
INFO: [VRFC 10-311] analyzing module Dividers_c_addsub_lut6_108
INFO: [VRFC 10-311] analyzing module Dividers_c_addsub_lut6_123
INFO: [VRFC 10-311] analyzing module Dividers_c_addsub_lut6_133
INFO: [VRFC 10-311] analyzing module Dividers_c_addsub_lut6_153
INFO: [VRFC 10-311] analyzing module Dividers_c_addsub_lut6_163
INFO: [VRFC 10-311] analyzing module Dividers_c_addsub_lut6_178
INFO: [VRFC 10-311] analyzing module Dividers_c_addsub_lut6_193
INFO: [VRFC 10-311] analyzing module Dividers_c_addsub_lut6_198
INFO: [VRFC 10-311] analyzing module Dividers_c_addsub_lut6_63
INFO: [VRFC 10-311] analyzing module Dividers_c_addsub_lut6_78
INFO: [VRFC 10-311] analyzing module Dividers_c_addsub_lut6_88
INFO: [VRFC 10-311] analyzing module Dividers_c_addsub_lut6_93
INFO: [VRFC 10-311] analyzing module Dividers_c_addsub_lut6__parameterized1
INFO: [VRFC 10-311] analyzing module Dividers_c_addsub_lut6__parameterized1_103
INFO: [VRFC 10-311] analyzing module Dividers_c_addsub_lut6__parameterized1_113
INFO: [VRFC 10-311] analyzing module Dividers_c_addsub_lut6__parameterized1_118
INFO: [VRFC 10-311] analyzing module Dividers_c_addsub_lut6__parameterized1_128
INFO: [VRFC 10-311] analyzing module Dividers_c_addsub_lut6__parameterized1_138
INFO: [VRFC 10-311] analyzing module Dividers_c_addsub_lut6__parameterized1_143
INFO: [VRFC 10-311] analyzing module Dividers_c_addsub_lut6__parameterized1_148
INFO: [VRFC 10-311] analyzing module Dividers_c_addsub_lut6__parameterized1_158
INFO: [VRFC 10-311] analyzing module Dividers_c_addsub_lut6__parameterized1_168
INFO: [VRFC 10-311] analyzing module Dividers_c_addsub_lut6__parameterized1_173
INFO: [VRFC 10-311] analyzing module Dividers_c_addsub_lut6__parameterized1_183
INFO: [VRFC 10-311] analyzing module Dividers_c_addsub_lut6__parameterized1_188
INFO: [VRFC 10-311] analyzing module Dividers_c_addsub_lut6__parameterized1_53
INFO: [VRFC 10-311] analyzing module Dividers_c_addsub_lut6__parameterized1_58
INFO: [VRFC 10-311] analyzing module Dividers_c_addsub_lut6__parameterized1_68
INFO: [VRFC 10-311] analyzing module Dividers_c_addsub_lut6__parameterized1_73
INFO: [VRFC 10-311] analyzing module Dividers_c_addsub_lut6__parameterized1_83
INFO: [VRFC 10-311] analyzing module Dividers_c_addsub_lut6__parameterized1_98
INFO: [VRFC 10-311] analyzing module Dividers_c_addsub_lut6__parameterized3
INFO: [VRFC 10-311] analyzing module Dividers_c_addsub_viv
INFO: [VRFC 10-311] analyzing module Dividers_c_addsub_viv_107
INFO: [VRFC 10-311] analyzing module Dividers_c_addsub_viv_122
INFO: [VRFC 10-311] analyzing module Dividers_c_addsub_viv_132
INFO: [VRFC 10-311] analyzing module Dividers_c_addsub_viv_152
INFO: [VRFC 10-311] analyzing module Dividers_c_addsub_viv_162
INFO: [VRFC 10-311] analyzing module Dividers_c_addsub_viv_177
INFO: [VRFC 10-311] analyzing module Dividers_c_addsub_viv_192
INFO: [VRFC 10-311] analyzing module Dividers_c_addsub_viv_197
INFO: [VRFC 10-311] analyzing module Dividers_c_addsub_viv_62
INFO: [VRFC 10-311] analyzing module Dividers_c_addsub_viv_77
INFO: [VRFC 10-311] analyzing module Dividers_c_addsub_viv_87
INFO: [VRFC 10-311] analyzing module Dividers_c_addsub_viv_92
INFO: [VRFC 10-311] analyzing module Dividers_c_addsub_viv__parameterized0
INFO: [VRFC 10-311] analyzing module Dividers_c_addsub_viv__parameterized0_102
INFO: [VRFC 10-311] analyzing module Dividers_c_addsub_viv__parameterized0_112
INFO: [VRFC 10-311] analyzing module Dividers_c_addsub_viv__parameterized0_117
INFO: [VRFC 10-311] analyzing module Dividers_c_addsub_viv__parameterized0_127
INFO: [VRFC 10-311] analyzing module Dividers_c_addsub_viv__parameterized0_137
INFO: [VRFC 10-311] analyzing module Dividers_c_addsub_viv__parameterized0_142
INFO: [VRFC 10-311] analyzing module Dividers_c_addsub_viv__parameterized0_147
INFO: [VRFC 10-311] analyzing module Dividers_c_addsub_viv__parameterized0_157
INFO: [VRFC 10-311] analyzing module Dividers_c_addsub_viv__parameterized0_167
INFO: [VRFC 10-311] analyzing module Dividers_c_addsub_viv__parameterized0_172
INFO: [VRFC 10-311] analyzing module Dividers_c_addsub_viv__parameterized0_182
INFO: [VRFC 10-311] analyzing module Dividers_c_addsub_viv__parameterized0_187
INFO: [VRFC 10-311] analyzing module Dividers_c_addsub_viv__parameterized0_52
INFO: [VRFC 10-311] analyzing module Dividers_c_addsub_viv__parameterized0_57
INFO: [VRFC 10-311] analyzing module Dividers_c_addsub_viv__parameterized0_67
INFO: [VRFC 10-311] analyzing module Dividers_c_addsub_viv__parameterized0_72
INFO: [VRFC 10-311] analyzing module Dividers_c_addsub_viv__parameterized0_82
INFO: [VRFC 10-311] analyzing module Dividers_c_addsub_viv__parameterized0_97
INFO: [VRFC 10-311] analyzing module Dividers_c_addsub_viv__parameterized1
INFO: [VRFC 10-311] analyzing module Dividers_c_twos_comp_viv
INFO: [VRFC 10-311] analyzing module Dividers_c_twos_comp_viv__parameterized0
INFO: [VRFC 10-311] analyzing module Dividers_c_twos_comp_viv__parameterized1
INFO: [VRFC 10-311] analyzing module Dividers_c_twos_comp_viv__parameterized1_1
INFO: [VRFC 10-311] analyzing module Dividers_cmp2s_v
INFO: [VRFC 10-311] analyzing module Dividers_cmp2s_v__parameterized0
INFO: [VRFC 10-311] analyzing module Dividers_cmp2s_v__parameterized1
INFO: [VRFC 10-311] analyzing module Dividers_cmp2s_v__parameterized1_0
INFO: [VRFC 10-311] analyzing module Dividers_div_gen_synth
INFO: [VRFC 10-311] analyzing module Dividers_div_gen_v5_1_17_viv
INFO: [VRFC 10-311] analyzing module Dividers_dividervdc_v
INFO: [VRFC 10-311] analyzing module Dividers_xbip_pipe_v3_0_6_viv
INFO: [VRFC 10-311] analyzing module Dividers_xbip_pipe_v3_0_6_viv__parameterized1
INFO: [VRFC 10-311] analyzing module Dividers_xbip_pipe_v3_0_6_viv__parameterized103
INFO: [VRFC 10-311] analyzing module Dividers_xbip_pipe_v3_0_6_viv__parameterized105
INFO: [VRFC 10-311] analyzing module Dividers_xbip_pipe_v3_0_6_viv__parameterized11
INFO: [VRFC 10-311] analyzing module Dividers_xbip_pipe_v3_0_6_viv__parameterized115
INFO: [VRFC 10-311] analyzing module Dividers_xbip_pipe_v3_0_6_viv__parameterized117
INFO: [VRFC 10-311] analyzing module Dividers_xbip_pipe_v3_0_6_viv__parameterized127
INFO: [VRFC 10-311] analyzing module Dividers_xbip_pipe_v3_0_6_viv__parameterized129
INFO: [VRFC 10-311] analyzing module Dividers_xbip_pipe_v3_0_6_viv__parameterized135
INFO: [VRFC 10-311] analyzing module Dividers_xbip_pipe_v3_0_6_viv__parameterized137
INFO: [VRFC 10-311] analyzing module Dividers_xbip_pipe_v3_0_6_viv__parameterized19
INFO: [VRFC 10-311] analyzing module Dividers_xbip_pipe_v3_0_6_viv__parameterized21
INFO: [VRFC 10-311] analyzing module Dividers_xbip_pipe_v3_0_6_viv__parameterized3
INFO: [VRFC 10-311] analyzing module Dividers_xbip_pipe_v3_0_6_viv__parameterized31
INFO: [VRFC 10-311] analyzing module Dividers_xbip_pipe_v3_0_6_viv__parameterized33
INFO: [VRFC 10-311] analyzing module Dividers_xbip_pipe_v3_0_6_viv__parameterized43
INFO: [VRFC 10-311] analyzing module Dividers_xbip_pipe_v3_0_6_viv__parameterized45
INFO: [VRFC 10-311] analyzing module Dividers_xbip_pipe_v3_0_6_viv__parameterized5
INFO: [VRFC 10-311] analyzing module Dividers_xbip_pipe_v3_0_6_viv__parameterized51
INFO: [VRFC 10-311] analyzing module Dividers_xbip_pipe_v3_0_6_viv__parameterized53
INFO: [VRFC 10-311] analyzing module Dividers_xbip_pipe_v3_0_6_viv__parameterized5_11
INFO: [VRFC 10-311] analyzing module Dividers_xbip_pipe_v3_0_6_viv__parameterized5_14
INFO: [VRFC 10-311] analyzing module Dividers_xbip_pipe_v3_0_6_viv__parameterized5_16
INFO: [VRFC 10-311] analyzing module Dividers_xbip_pipe_v3_0_6_viv__parameterized5_20
INFO: [VRFC 10-311] analyzing module Dividers_xbip_pipe_v3_0_6_viv__parameterized5_23
INFO: [VRFC 10-311] analyzing module Dividers_xbip_pipe_v3_0_6_viv__parameterized5_27
INFO: [VRFC 10-311] analyzing module Dividers_xbip_pipe_v3_0_6_viv__parameterized5_3
INFO: [VRFC 10-311] analyzing module Dividers_xbip_pipe_v3_0_6_viv__parameterized5_32
INFO: [VRFC 10-311] analyzing module Dividers_xbip_pipe_v3_0_6_viv__parameterized5_35
INFO: [VRFC 10-311] analyzing module Dividers_xbip_pipe_v3_0_6_viv__parameterized5_39
INFO: [VRFC 10-311] analyzing module Dividers_xbip_pipe_v3_0_6_viv__parameterized5_43
INFO: [VRFC 10-311] analyzing module Dividers_xbip_pipe_v3_0_6_viv__parameterized5_44
INFO: [VRFC 10-311] analyzing module Dividers_xbip_pipe_v3_0_6_viv__parameterized5_7
INFO: [VRFC 10-311] analyzing module Dividers_xbip_pipe_v3_0_6_viv__parameterized63
INFO: [VRFC 10-311] analyzing module Dividers_xbip_pipe_v3_0_6_viv__parameterized65
INFO: [VRFC 10-311] analyzing module Dividers_xbip_pipe_v3_0_6_viv__parameterized7
INFO: [VRFC 10-311] analyzing module Dividers_xbip_pipe_v3_0_6_viv__parameterized75
INFO: [VRFC 10-311] analyzing module Dividers_xbip_pipe_v3_0_6_viv__parameterized77
INFO: [VRFC 10-311] analyzing module Dividers_xbip_pipe_v3_0_6_viv__parameterized7_101
INFO: [VRFC 10-311] analyzing module Dividers_xbip_pipe_v3_0_6_viv__parameterized7_104
INFO: [VRFC 10-311] analyzing module Dividers_xbip_pipe_v3_0_6_viv__parameterized7_106
INFO: [VRFC 10-311] analyzing module Dividers_xbip_pipe_v3_0_6_viv__parameterized7_109
INFO: [VRFC 10-311] analyzing module Dividers_xbip_pipe_v3_0_6_viv__parameterized7_111
INFO: [VRFC 10-311] analyzing module Dividers_xbip_pipe_v3_0_6_viv__parameterized7_114
INFO: [VRFC 10-311] analyzing module Dividers_xbip_pipe_v3_0_6_viv__parameterized7_116
INFO: [VRFC 10-311] analyzing module Dividers_xbip_pipe_v3_0_6_viv__parameterized7_119
INFO: [VRFC 10-311] analyzing module Dividers_xbip_pipe_v3_0_6_viv__parameterized7_121
INFO: [VRFC 10-311] analyzing module Dividers_xbip_pipe_v3_0_6_viv__parameterized7_124
INFO: [VRFC 10-311] analyzing module Dividers_xbip_pipe_v3_0_6_viv__parameterized7_126
INFO: [VRFC 10-311] analyzing module Dividers_xbip_pipe_v3_0_6_viv__parameterized7_129
INFO: [VRFC 10-311] analyzing module Dividers_xbip_pipe_v3_0_6_viv__parameterized7_131
INFO: [VRFC 10-311] analyzing module Dividers_xbip_pipe_v3_0_6_viv__parameterized7_134
INFO: [VRFC 10-311] analyzing module Dividers_xbip_pipe_v3_0_6_viv__parameterized7_136
INFO: [VRFC 10-311] analyzing module Dividers_xbip_pipe_v3_0_6_viv__parameterized7_139
INFO: [VRFC 10-311] analyzing module Dividers_xbip_pipe_v3_0_6_viv__parameterized7_141
INFO: [VRFC 10-311] analyzing module Dividers_xbip_pipe_v3_0_6_viv__parameterized7_144
INFO: [VRFC 10-311] analyzing module Dividers_xbip_pipe_v3_0_6_viv__parameterized7_146
INFO: [VRFC 10-311] analyzing module Dividers_xbip_pipe_v3_0_6_viv__parameterized7_149
INFO: [VRFC 10-311] analyzing module Dividers_xbip_pipe_v3_0_6_viv__parameterized7_151
INFO: [VRFC 10-311] analyzing module Dividers_xbip_pipe_v3_0_6_viv__parameterized7_154
INFO: [VRFC 10-311] analyzing module Dividers_xbip_pipe_v3_0_6_viv__parameterized7_156
INFO: [VRFC 10-311] analyzing module Dividers_xbip_pipe_v3_0_6_viv__parameterized7_159
INFO: [VRFC 10-311] analyzing module Dividers_xbip_pipe_v3_0_6_viv__parameterized7_161
INFO: [VRFC 10-311] analyzing module Dividers_xbip_pipe_v3_0_6_viv__parameterized7_164
INFO: [VRFC 10-311] analyzing module Dividers_xbip_pipe_v3_0_6_viv__parameterized7_166
INFO: [VRFC 10-311] analyzing module Dividers_xbip_pipe_v3_0_6_viv__parameterized7_169
INFO: [VRFC 10-311] analyzing module Dividers_xbip_pipe_v3_0_6_viv__parameterized7_171
INFO: [VRFC 10-311] analyzing module Dividers_xbip_pipe_v3_0_6_viv__parameterized7_174
INFO: [VRFC 10-311] analyzing module Dividers_xbip_pipe_v3_0_6_viv__parameterized7_176
INFO: [VRFC 10-311] analyzing module Dividers_xbip_pipe_v3_0_6_viv__parameterized7_179
INFO: [VRFC 10-311] analyzing module Dividers_xbip_pipe_v3_0_6_viv__parameterized7_181
INFO: [VRFC 10-311] analyzing module Dividers_xbip_pipe_v3_0_6_viv__parameterized7_184
INFO: [VRFC 10-311] analyzing module Dividers_xbip_pipe_v3_0_6_viv__parameterized7_186
INFO: [VRFC 10-311] analyzing module Dividers_xbip_pipe_v3_0_6_viv__parameterized7_189
INFO: [VRFC 10-311] analyzing module Dividers_xbip_pipe_v3_0_6_viv__parameterized7_191
INFO: [VRFC 10-311] analyzing module Dividers_xbip_pipe_v3_0_6_viv__parameterized7_194
INFO: [VRFC 10-311] analyzing module Dividers_xbip_pipe_v3_0_6_viv__parameterized7_196
INFO: [VRFC 10-311] analyzing module Dividers_xbip_pipe_v3_0_6_viv__parameterized7_199
INFO: [VRFC 10-311] analyzing module Dividers_xbip_pipe_v3_0_6_viv__parameterized7_201
INFO: [VRFC 10-311] analyzing module Dividers_xbip_pipe_v3_0_6_viv__parameterized7_45
INFO: [VRFC 10-311] analyzing module Dividers_xbip_pipe_v3_0_6_viv__parameterized7_46
INFO: [VRFC 10-311] analyzing module Dividers_xbip_pipe_v3_0_6_viv__parameterized7_47
INFO: [VRFC 10-311] analyzing module Dividers_xbip_pipe_v3_0_6_viv__parameterized7_48
INFO: [VRFC 10-311] analyzing module Dividers_xbip_pipe_v3_0_6_viv__parameterized7_49
INFO: [VRFC 10-311] analyzing module Dividers_xbip_pipe_v3_0_6_viv__parameterized7_51
INFO: [VRFC 10-311] analyzing module Dividers_xbip_pipe_v3_0_6_viv__parameterized7_54
INFO: [VRFC 10-311] analyzing module Dividers_xbip_pipe_v3_0_6_viv__parameterized7_56
INFO: [VRFC 10-311] analyzing module Dividers_xbip_pipe_v3_0_6_viv__parameterized7_59
INFO: [VRFC 10-311] analyzing module Dividers_xbip_pipe_v3_0_6_viv__parameterized7_61
INFO: [VRFC 10-311] analyzing module Dividers_xbip_pipe_v3_0_6_viv__parameterized7_64
INFO: [VRFC 10-311] analyzing module Dividers_xbip_pipe_v3_0_6_viv__parameterized7_66
INFO: [VRFC 10-311] analyzing module Dividers_xbip_pipe_v3_0_6_viv__parameterized7_69
INFO: [VRFC 10-311] analyzing module Dividers_xbip_pipe_v3_0_6_viv__parameterized7_71
INFO: [VRFC 10-311] analyzing module Dividers_xbip_pipe_v3_0_6_viv__parameterized7_74
INFO: [VRFC 10-311] analyzing module Dividers_xbip_pipe_v3_0_6_viv__parameterized7_76
INFO: [VRFC 10-311] analyzing module Dividers_xbip_pipe_v3_0_6_viv__parameterized7_79
INFO: [VRFC 10-311] analyzing module Dividers_xbip_pipe_v3_0_6_viv__parameterized7_81
INFO: [VRFC 10-311] analyzing module Dividers_xbip_pipe_v3_0_6_viv__parameterized7_84
INFO: [VRFC 10-311] analyzing module Dividers_xbip_pipe_v3_0_6_viv__parameterized7_86
INFO: [VRFC 10-311] analyzing module Dividers_xbip_pipe_v3_0_6_viv__parameterized7_89
INFO: [VRFC 10-311] analyzing module Dividers_xbip_pipe_v3_0_6_viv__parameterized7_91
INFO: [VRFC 10-311] analyzing module Dividers_xbip_pipe_v3_0_6_viv__parameterized7_94
INFO: [VRFC 10-311] analyzing module Dividers_xbip_pipe_v3_0_6_viv__parameterized7_96
INFO: [VRFC 10-311] analyzing module Dividers_xbip_pipe_v3_0_6_viv__parameterized7_99
INFO: [VRFC 10-311] analyzing module Dividers_xbip_pipe_v3_0_6_viv__parameterized83
INFO: [VRFC 10-311] analyzing module Dividers_xbip_pipe_v3_0_6_viv__parameterized85
INFO: [VRFC 10-311] analyzing module Dividers_xbip_pipe_v3_0_6_viv__parameterized9
INFO: [VRFC 10-311] analyzing module Dividers_xbip_pipe_v3_0_6_viv__parameterized95
INFO: [VRFC 10-311] analyzing module Dividers_xbip_pipe_v3_0_6_viv__parameterized97
INFO: [VRFC 10-311] analyzing module Dividers_xbip_pipe_v3_0_6_viv__parameterized9_100
INFO: [VRFC 10-311] analyzing module Dividers_xbip_pipe_v3_0_6_viv__parameterized9_105
INFO: [VRFC 10-311] analyzing module Dividers_xbip_pipe_v3_0_6_viv__parameterized9_110
INFO: [VRFC 10-311] analyzing module Dividers_xbip_pipe_v3_0_6_viv__parameterized9_115
INFO: [VRFC 10-311] analyzing module Dividers_xbip_pipe_v3_0_6_viv__parameterized9_120
INFO: [VRFC 10-311] analyzing module Dividers_xbip_pipe_v3_0_6_viv__parameterized9_125
INFO: [VRFC 10-311] analyzing module Dividers_xbip_pipe_v3_0_6_viv__parameterized9_130
INFO: [VRFC 10-311] analyzing module Dividers_xbip_pipe_v3_0_6_viv__parameterized9_135
INFO: [VRFC 10-311] analyzing module Dividers_xbip_pipe_v3_0_6_viv__parameterized9_140
INFO: [VRFC 10-311] analyzing module Dividers_xbip_pipe_v3_0_6_viv__parameterized9_145
INFO: [VRFC 10-311] analyzing module Dividers_xbip_pipe_v3_0_6_viv__parameterized9_150
INFO: [VRFC 10-311] analyzing module Dividers_xbip_pipe_v3_0_6_viv__parameterized9_155
INFO: [VRFC 10-311] analyzing module Dividers_xbip_pipe_v3_0_6_viv__parameterized9_160
INFO: [VRFC 10-311] analyzing module Dividers_xbip_pipe_v3_0_6_viv__parameterized9_165
INFO: [VRFC 10-311] analyzing module Dividers_xbip_pipe_v3_0_6_viv__parameterized9_170
INFO: [VRFC 10-311] analyzing module Dividers_xbip_pipe_v3_0_6_viv__parameterized9_175
INFO: [VRFC 10-311] analyzing module Dividers_xbip_pipe_v3_0_6_viv__parameterized9_180
INFO: [VRFC 10-311] analyzing module Dividers_xbip_pipe_v3_0_6_viv__parameterized9_185
INFO: [VRFC 10-311] analyzing module Dividers_xbip_pipe_v3_0_6_viv__parameterized9_190
INFO: [VRFC 10-311] analyzing module Dividers_xbip_pipe_v3_0_6_viv__parameterized9_195
INFO: [VRFC 10-311] analyzing module Dividers_xbip_pipe_v3_0_6_viv__parameterized9_200
INFO: [VRFC 10-311] analyzing module Dividers_xbip_pipe_v3_0_6_viv__parameterized9_50
INFO: [VRFC 10-311] analyzing module Dividers_xbip_pipe_v3_0_6_viv__parameterized9_55
INFO: [VRFC 10-311] analyzing module Dividers_xbip_pipe_v3_0_6_viv__parameterized9_60
INFO: [VRFC 10-311] analyzing module Dividers_xbip_pipe_v3_0_6_viv__parameterized9_65
INFO: [VRFC 10-311] analyzing module Dividers_xbip_pipe_v3_0_6_viv__parameterized9_70
INFO: [VRFC 10-311] analyzing module Dividers_xbip_pipe_v3_0_6_viv__parameterized9_75
INFO: [VRFC 10-311] analyzing module Dividers_xbip_pipe_v3_0_6_viv__parameterized9_80
INFO: [VRFC 10-311] analyzing module Dividers_xbip_pipe_v3_0_6_viv__parameterized9_85
INFO: [VRFC 10-311] analyzing module Dividers_xbip_pipe_v3_0_6_viv__parameterized9_90
INFO: [VRFC 10-311] analyzing module Dividers_xbip_pipe_v3_0_6_viv__parameterized9_95
INFO: [VRFC 10-2263] Analyzing Verilog file "C:/Users/mithi/RISV/RISV.gen/sources_1/ip/signed_unsigned_mulh/signed_unsigned_mulh_sim_netlist.v" into library xil_defaultlib
INFO: [VRFC 10-311] analyzing module signed_unsigned_mulh
INFO: [VRFC 10-311] analyzing module signed_unsigned_mulh_mult_gen_v12_0_16
INFO: [VRFC 10-311] analyzing module signed_unsigned_mulh_delay_line__parameterized1
INFO: [VRFC 10-311] analyzing module signed_unsigned_mulh_delay_line__parameterized2
INFO: [VRFC 10-311] analyzing module signed_unsigned_mulh_delay_line__parameterized6
INFO: [VRFC 10-311] analyzing module signed_unsigned_mulh_dsp
INFO: [VRFC 10-311] analyzing module signed_unsigned_mulh_mult_gen_v12_0_16_viv
INFO: [VRFC 10-2263] Analyzing Verilog file "C:/Users/mithi/RISV/RISV.gen/sources_1/ip/unsigned_mulh/unsigned_mulh_sim_netlist.v" into library xil_defaultlib
INFO: [VRFC 10-311] analyzing module unsigned_mulh
INFO: [VRFC 10-311] analyzing module unsigned_mulh_mult_gen_v12_0_16
INFO: [VRFC 10-311] analyzing module unsigned_mulh_delay_line__parameterized1
INFO: [VRFC 10-311] analyzing module unsigned_mulh_delay_line__parameterized2
INFO: [VRFC 10-311] analyzing module unsigned_mulh_delay_line__parameterized6
INFO: [VRFC 10-311] analyzing module unsigned_mulh_dsp
INFO: [VRFC 10-311] analyzing module unsigned_mulh_mult_gen_v12_0_16_viv
INFO: [VRFC 10-2263] Analyzing Verilog file "C:/Users/mithi/RISV/RISV.gen/sources_1/ip/signed_mulh/signed_mulh_sim_netlist.v" into library xil_defaultlib
INFO: [VRFC 10-311] analyzing module signed_mulh
INFO: [VRFC 10-311] analyzing module signed_mulh_mult_gen_v12_0_16
INFO: [VRFC 10-311] analyzing module signed_mulh_delay_line__parameterized1
INFO: [VRFC 10-311] analyzing module signed_mulh_delay_line__parameterized2
INFO: [VRFC 10-311] analyzing module signed_mulh_delay_line__parameterized6
INFO: [VRFC 10-311] analyzing module signed_mulh_dsp
INFO: [VRFC 10-311] analyzing module signed_mulh_mult_gen_v12_0_16_viv
INFO: [VRFC 10-2263] Analyzing Verilog file "C:/Users/mithi/RISV/RISV.gen/sources_1/ip/signed_mul/signed_mul_sim_netlist.v" into library xil_defaultlib
INFO: [VRFC 10-311] analyzing module signed_mul
INFO: [VRFC 10-311] analyzing module signed_mul_mult_gen_v12_0_16
INFO: [VRFC 10-311] analyzing module signed_mul_delay_line__parameterized1
INFO: [VRFC 10-311] analyzing module signed_mul_delay_line__parameterized4
INFO: [VRFC 10-311] analyzing module signed_mul_delay_line__parameterized6
INFO: [VRFC 10-311] analyzing module signed_mul_dsp
INFO: [VRFC 10-311] analyzing module signed_mul_mult_gen_v12_0_16_viv
INFO: [VRFC 10-2263] Analyzing Verilog file "C:/Users/mithi/RISV/RISV.srcs/sources_1/new/IO.v" into library xil_defaultlib
INFO: [VRFC 10-311] analyzing module seg_7
INFO: [VRFC 10-311] analyzing module led_24
INFO: [VRFC 10-311] analyzing module Input_sw
INFO: [VRFC 10-311] analyzing module BPP
INFO: [VRFC 10-311] analyzing module IPCP
INFO: [VRFC 10-311] analyzing module uart_tx
INFO: [VRFC 10-311] analyzing module UART
INFO: [VRFC 10-2263] Analyzing Verilog file "C:/Users/mithi/RISV/RISV.srcs/sources_1/new/RISCV.v" into library xil_defaultlib
INFO: [VRFC 10-311] analyzing module RISCV
INFO: [VRFC 10-2263] Analyzing Verilog file "C:/Users/mithi/RISV/RISV.srcs/sources_1/new/mem.v" into library xil_defaultlib
INFO: [VRFC 10-311] analyzing module IMEM
INFO: [VRFC 10-311] analyzing module DROM
INFO: [VRFC 10-311] analyzing module DMEM
INFO: [VRFC 10-2263] Analyzing Verilog file "C:/Users/mithi/RISV/RISV.srcs/sources_1/new/util.v" into library xil_defaultlib
INFO: [VRFC 10-311] analyzing module REG_FILE
INFO: [VRFC 10-311] analyzing module SRA_SHF
INFO: [VRFC 10-311] analyzing module ALU
INFO: [VRFC 10-311] analyzing module DIV
INFO: [VRFC 10-311] analyzing module MUL
INFO: [VRFC 10-311] analyzing module CMP
INFO: [VRFC 10-2263] Analyzing Verilog file "C:/Users/mithi/RISV/RISV.srcs/sim_1/new/tb_mul.v" into library xil_defaultlib
INFO: [VRFC 10-311] analyzing module top
